<?xml version="1.0" encoding="UTF-8"?>
<robot generator="Robot 2.8.1 (Jython 2.5.3 on java1.7.0_51)" generated="20140213 12:35:59.044">
<suite source="C:\Test-automation\ContentStudio\Tests" id="s1" name="Tests">
<suite source="C:\Test-automation\ContentStudio\Tests\1.Login.txt" id="s1-s1" name="1.Login">
<test id="s1-s1-t1" name="Start content studio and log in">
<kw type="kw" name="ContentStudio.Start Content Studio">
<doc></doc>
<arguments>
</arguments>
<msg timestamp="20140213 12:36:00.991" level="TRACE">Arguments: [  ]</msg>
<msg timestamp="20140213 12:37:11.539" level="INFO">http://10.211.20.88:8080/studio/Studio.jnlp
Log in successful</msg>
<msg timestamp="20140213 12:37:11.542" level="TRACE">Return: None</msg>
<status status="PASS" endtime="20140213 12:37:11.541" starttime="20140213 12:36:00.990"></status>
</kw>
<kw type="kw" name="ContentStudio.Close Allopen Tabs">
<doc></doc>
<arguments>
</arguments>
<msg timestamp="20140213 12:37:11.556" level="TRACE">Arguments: [  ]</msg>
<msg timestamp="20140213 12:37:19.634" level="INFO">[log] App.focus Escenic Content Studio 5.6.4.148892(0) #0
[log] Alt+TYPE " "
[log] TYPE "x"
[log] CLICK on (1021,55)</msg>
<msg timestamp="20140213 12:37:19.636" level="TRACE">Return: None</msg>
<status status="PASS" endtime="20140213 12:37:19.635" starttime="20140213 12:37:11.543"></status>
</kw>
<doc></doc>
<tags>
</tags>
<status status="PASS" critical="yes" endtime="20140213 12:37:19.638" starttime="20140213 12:36:00.984"></status>
</test>
<doc>A test case for Start and Logging into ContentStudio</doc>
<metadata>
</metadata>
<status status="PASS" endtime="20140213 12:37:19.644" starttime="20140213 12:35:59.379"></status>
</suite>
<suite source="C:\Test-automation\ContentStudio\Tests\2.1.AddRemoveContent.txt" id="s1-s2" name="2.1.AddRemoveContent">
<test id="s1-s2-t1" name="Add a content to different/multiple sections">
<kw type="kw" name="ContentStudio.Create Content In Section">
<doc></doc>
<arguments>
<arg>NewArticles</arg>
</arguments>
<msg timestamp="20140213 12:37:19.804" level="TRACE">Arguments: [ u'NewArticles' ]</msg>
<msg timestamp="20140213 12:38:13.533" level="INFO">Content was successfully created</msg>
<msg timestamp="20140213 12:38:13.535" level="TRACE">Return: None</msg>
<status status="PASS" endtime="20140213 12:38:13.534" starttime="20140213 12:37:19.803"></status>
</kw>
<kw type="kw" name="ContentStudio.Create Content In Section">
<doc></doc>
<arguments>
<arg>Home</arg>
</arguments>
<msg timestamp="20140213 12:38:13.537" level="TRACE">Arguments: [ u'Home' ]</msg>
<msg timestamp="20140213 12:39:09.707" level="INFO">Content was successfully created</msg>
<msg timestamp="20140213 12:39:09.709" level="TRACE">Return: None</msg>
<status status="PASS" endtime="20140213 12:39:09.708" starttime="20140213 12:38:13.536"></status>
</kw>
<kw type="kw" name="ContentStudio.Add Content To Section">
<doc></doc>
<arguments>
<arg>NewArticles</arg>
<arg>Home</arg>
</arguments>
<msg timestamp="20140213 12:39:09.710" level="TRACE">Arguments: [ u'NewArticles' | u'Home' ]</msg>
<msg timestamp="20140213 12:39:53.383" level="INFO">Do nothing</msg>
<msg timestamp="20140213 12:39:53.384" level="TRACE">Return: None</msg>
<status status="PASS" endtime="20140213 12:39:53.383" starttime="20140213 12:39:09.709"></status>
</kw>
<kw type="kw" name="ContentStudio.Preview Content">
<doc></doc>
<arguments>
<arg>Simple</arg>
</arguments>
<msg timestamp="20140213 12:39:53.386" level="TRACE">Arguments: [ u'Simple' ]</msg>
<msg timestamp="20140213 12:40:02.605" level="INFO">[log] CLICK on (1538,842)
[log] TYPE "
"</msg>
<msg timestamp="20140213 12:40:02.606" level="TRACE">Return: None</msg>
<status status="PASS" endtime="20140213 12:40:02.606" starttime="20140213 12:39:53.385"></status>
</kw>
<kw type="kw" name="ContentStudio.Add Content To Section">
<doc></doc>
<arguments>
<arg>Home</arg>
<arg>NewArticles</arg>
</arguments>
<msg timestamp="20140213 12:40:02.608" level="TRACE">Arguments: [ u'Home' | u'NewArticles' ]</msg>
<msg timestamp="20140213 12:40:53.975" level="INFO">Do nothing</msg>
<msg timestamp="20140213 12:40:53.977" level="TRACE">Return: None</msg>
<status status="PASS" endtime="20140213 12:40:53.976" starttime="20140213 12:40:02.607"></status>
</kw>
<kw type="kw" name="ContentStudio.Preview Content">
<doc></doc>
<arguments>
<arg>Simple</arg>
</arguments>
<msg timestamp="20140213 12:40:54.014" level="TRACE">Arguments: [ u'Simple' ]</msg>
<msg timestamp="20140213 12:41:03.356" level="INFO">[log] CLICK on (1538,842)
[log] TYPE "
"</msg>
<msg timestamp="20140213 12:41:03.359" level="TRACE">Return: None</msg>
<status status="PASS" endtime="20140213 12:41:03.359" starttime="20140213 12:40:53.979"></status>
</kw>
<doc></doc>
<tags>
</tags>
<status status="PASS" critical="yes" endtime="20140213 12:41:03.362" starttime="20140213 12:37:19.799"></status>
</test>
<test id="s1-s2-t2" name="Remove content from a section">
<kw type="kw" name="ContentStudio.Remove Content From Section">
<doc></doc>
<arguments>
<arg>NewArticles</arg>
</arguments>
<msg timestamp="20140213 12:41:03.369" level="TRACE">Arguments: [ u'NewArticles' ]</msg>
<msg timestamp="20140213 12:41:39.430" level="INFO">Do nothing</msg>
<msg timestamp="20140213 12:41:39.432" level="TRACE">Return: None</msg>
<status status="PASS" endtime="20140213 12:41:39.431" starttime="20140213 12:41:03.368"></status>
</kw>
<kw type="kw" name="ContentStudio.Remove Content From Section">
<doc></doc>
<arguments>
<arg>Home</arg>
</arguments>
<msg timestamp="20140213 12:41:39.435" level="TRACE">Arguments: [ u'Home' ]</msg>
<msg timestamp="20140213 12:42:10.982" level="INFO">Do nothing</msg>
<msg timestamp="20140213 12:42:10.983" level="TRACE">Return: None</msg>
<status status="PASS" endtime="20140213 12:42:10.983" starttime="20140213 12:41:39.433"></status>
</kw>
<kw type="kw" name="ContentStudio.Close Allopen Tabs">
<doc></doc>
<arguments>
</arguments>
<msg timestamp="20140213 12:42:10.985" level="TRACE">Arguments: [  ]</msg>
<msg timestamp="20140213 12:42:31.380" level="INFO">[log] App.focus Escenic Content Studio 5.6.4.148892(0) #0
[log] Alt+TYPE " "
[log] TYPE "x"
[log] CLICK on (1184,55)
[log] CLICK on (1021,55)
[log] CLICK on (1021,55)</msg>
<msg timestamp="20140213 12:42:31.382" level="TRACE">Return: None</msg>
<status status="PASS" endtime="20140213 12:42:31.382" starttime="20140213 12:42:10.985"></status>
</kw>
<kw type="kw" name="ContentStudio.Close Browser">
<doc></doc>
<arguments>
</arguments>
<msg timestamp="20140213 12:42:31.385" level="TRACE">Arguments: [  ]</msg>
<msg timestamp="20140213 12:42:39.862" level="INFO">[log] App.focus Mozilla Firefox(0) #0</msg>
<msg timestamp="20140213 12:42:39.865" level="TRACE">Return: None</msg>
<status status="PASS" endtime="20140213 12:42:39.864" starttime="20140213 12:42:31.384"></status>
</kw>
<doc></doc>
<tags>
</tags>
<status status="PASS" critical="yes" endtime="20140213 12:42:39.866" starttime="20140213 12:41:03.364"></status>
</test>
<doc>A test case for Adding a content to different/multiple sections</doc>
<metadata>
</metadata>
<status status="PASS" endtime="20140213 12:42:39.884" starttime="20140213 12:37:19.661"></status>
</suite>
<suite source="C:\Test-automation\ContentStudio\Tests\2.2.SelectUnselectInbox.txt" id="s1-s3" name="2.2.SelectUnselectInbox">
<test id="s1-s3-t1" name="Select / Unselect the content's inbox">
<kw type="kw" name="ContentStudio.Clean Up Inbox">
<doc></doc>
<arguments>
<arg>NewArticles</arg>
</arguments>
<msg timestamp="20140213 12:42:39.950" level="TRACE">Arguments: [ u'NewArticles' ]</msg>
<msg timestamp="20140213 12:43:14.143" level="INFO">[log] App.focus Escenic Content Studio 5.6.4.148892(0) #0
[log] Alt+TYPE " "
[log] TYPE "x"
[log] CLICK on (79,162)
[log] CLICK on (59,50)
[log] CLICK on (113,66)
[log] CLICK on (66,226)
[log] App.focus Escenic Content Studio 5.6.4.148892(0) #0
[log] Alt+TYPE " "
[log] TYPE "x"
[log] CLICK on (51,317)
[log] TYPE ""
[log] TYPE ""
[log] TYPE ""
[log] TYPE ""
[log] TYPE ""
[log] TYPE ""
[log] TYPE ""
[log] TYPE ""
[log] TYPE ""
[log] TYPE ""
[log] TYPE ""
[log] TYPE ""
[log] TYPE ""</msg>
<msg timestamp="20140213 12:43:14.148" level="TRACE">Return: None</msg>
<status status="PASS" endtime="20140213 12:43:14.148" starttime="20140213 12:42:39.949"></status>
</kw>
<kw type="kw" name="ContentStudio.Close Allopen Tabs">
<doc></doc>
<arguments>
</arguments>
<msg timestamp="20140213 12:43:14.153" level="TRACE">Arguments: [  ]</msg>
<msg timestamp="20140213 12:43:17.800" level="INFO">[log] App.focus Escenic Content Studio 5.6.4.148892(0) #0
[log] Alt+TYPE " "
[log] TYPE "x"</msg>
<msg timestamp="20140213 12:43:17.801" level="TRACE">Return: None</msg>
<status status="PASS" endtime="20140213 12:43:17.801" starttime="20140213 12:43:14.150"></status>
</kw>
<kw type="kw" name="ContentStudio.Create Content In Section">
<doc></doc>
<arguments>
<arg>NewArticles</arg>
</arguments>
<msg timestamp="20140213 12:43:17.804" level="TRACE">Arguments: [ u'NewArticles' ]</msg>
<msg timestamp="20140213 12:44:11.240" level="INFO">Content was successfully created</msg>
<msg timestamp="20140213 12:44:11.247" level="TRACE">Return: None</msg>
<status status="PASS" endtime="20140213 12:44:11.241" starttime="20140213 12:43:17.803"></status>
</kw>
<kw type="kw" name="ContentStudio.Deselect Contents Inbox">
<doc></doc>
<arguments>
</arguments>
<msg timestamp="20140213 12:44:11.251" level="TRACE">Arguments: [  ]</msg>
<msg timestamp="20140213 12:44:38.290" level="INFO">[log] App.focus Escenic Content Studio 5.6.4.148892(0) #0
[log] Alt+TYPE " "
[log] TYPE "x"
[log] CLICK on (66,226)
[log] CLICK on (1795,164)
[log] CLICK on (1770,205)
[log] TYPE ""
[log] CLICK on (1502,842)</msg>
<msg timestamp="20140213 12:44:38.300" level="FAIL">FindFailed: can not find Pattern("FirstContentOfInbox.png").similar(0.8) on the screen.</msg>
<msg timestamp="20140213 12:44:38.300" level="DEBUG">FindFailed: 
Line ?, in File ?
	at org.sikuli.script.Region.handleFindFailed(Region.java:420)
	at org.sikuli.script.Region.wait(Region.java:511)
	at sikuli.Region$py.wait$5(C:\Program Files\Sikuli X\sikuli-script.jar\Lib\sikuli\Region.py:102)
	at sikuli.Region$py.call_function(C:\Program Files\Sikuli X\sikuli-script.jar\Lib\sikuli\Region.py)
	at org.sikuli.script.Region.find(Region.java:381)
	at org.sikuli.script.Region.getLocationFromPSRML(Region.java:1129)
	at org.sikuli.script.Region.click(Region.java:606)
	at org.sikuli.script.Region.click(Region.java:593)
	at ContentStudio$py.deselect_contents_inbox$17(C:\Test-automation\ContentStudio\content-studio.sikuli\ContentStudio.py:487)
	at ContentStudio$py.call_function(C:\Test-automation\ContentStudio\content-studio.sikuli\ContentStudio.py)
	at robot.model.testcase$py.visit$7(C:\workspace\robotframework\tmp-jar-dir\Lib\robot\model\testcase.py:65)
	at robot.model.testcase$py.call_function(C:\workspace\robotframework\tmp-jar-dir\Lib\robot\model\testcase.py)
	at robot.model.itemlist$py.visit$9(C:\workspace\robotframework\tmp-jar-dir\Lib\robot\model\itemlist.py:54)
	at robot.model.itemlist$py.call_function(C:\workspace\robotframework\tmp-jar-dir\Lib\robot\model\itemlist.py)
	at robot.model.visitor$py.visit_suite$2(C:\workspace\robotframework\tmp-jar-dir\Lib\robot\model\visitor.py:22)
	at robot.model.visitor$py.call_function(C:\workspace\robotframework\tmp-jar-dir\Lib\robot\model\visitor.py)
	at robot.model.testsuite$py.visit$19(C:\workspace\robotframework\tmp-jar-dir\Lib\robot\model\testsuite.py:152)
	at robot.model.testsuite$py.call_function(C:\workspace\robotframework\tmp-jar-dir\Lib\robot\model\testsuite.py)
	at robot.model.itemlist$py.visit$9(C:\workspace\robotframework\tmp-jar-dir\Lib\robot\model\itemlist.py:54)
	at robot.model.itemlist$py.call_function(C:\workspace\robotframework\tmp-jar-dir\Lib\robot\model\itemlist.py)
	at robot.model.visitor$py.visit_suite$2(C:\workspace\robotframework\tmp-jar-dir\Lib\robot\model\visitor.py:22)
	at robot.model.visitor$py.call_function(C:\workspace\robotframework\tmp-jar-dir\Lib\robot\model\visitor.py)
	at robot.model.testsuite$py.visit$19(C:\workspace\robotframework\tmp-jar-dir\Lib\robot\model\testsuite.py:152)
	at robot.model.testsuite$py.call_function(C:\workspace\robotframework\tmp-jar-dir\Lib\robot\model\testsuite.py)
	at robot.run$py.main$3(C:\workspace\robotframework\tmp-jar-dir\Lib\robot\run.py:391)
	at robot.run$py.call_function(C:\workspace\robotframework\tmp-jar-dir\Lib\robot\run.py)
	at robot.utils.application$py._execute$10(C:\workspace\robotframework\tmp-jar-dir\Lib\robot\utils\application.py:88)
	at robot.utils.application$py.call_function(C:\workspace\robotframework\tmp-jar-dir\Lib\robot\utils\application.py)
	at robot.utils.application$py.execute_cli$5(C:\workspace\robotframework\tmp-jar-dir\Lib\robot\utils\application.py:45)
	at robot.utils.application$py.call_function(C:\workspace\robotframework\tmp-jar-dir\Lib\robot\utils\application.py)
	at robot.run$py.run_cli$7(C:\workspace\robotframework\tmp-jar-dir\Lib\robot\run.py:415)
	at robot.run$py.call_function(C:\workspace\robotframework\tmp-jar-dir\Lib\robot\run.py)
	at robot.jarrunner$py._run$3(C:\workspace\robotframework\tmp-jar-dir\Lib\robot\jarrunner.py:60)
	at robot.jarrunner$py.call_function(C:\workspace\robotframework\tmp-jar-dir\Lib\robot\jarrunner.py)
	at robot.jarrunner$py.run$2(C:\workspace\robotframework\tmp-jar-dir\Lib\robot\jarrunner.py:53)
	at robot.jarrunner$py.call_function(C:\workspace\robotframework\tmp-jar-dir\Lib\robot\jarrunner.py)
	at org.robotframework.RobotFramework.run(RobotFramework.java:62)
	at org.robotframework.RobotFramework.main(RobotFramework.java:37)</msg>
<status status="FAIL" endtime="20140213 12:44:38.308" starttime="20140213 12:44:11.250"></status>
</kw>
<doc></doc>
<tags>
</tags>
<status status="FAIL" critical="yes" endtime="20140213 12:44:38.310" starttime="20140213 12:42:39.945">FindFailed: can not find Pattern("FirstContentOfInbox.png").similar(0.8) on the screen.</status>
</test>
<doc>A test case for Selecting/Unselecting Content's inbox</doc>
<metadata>
</metadata>
<status status="FAIL" endtime="20140213 12:44:38.316" starttime="20140213 12:42:39.895"></status>
</suite>
<suite source="C:\Test-automation\ContentStudio\Tests\2.3.SelectUnselectList.txt" id="s1-s4" name="2.3.SelectUnselectList">
<test id="s1-s4-t1" name="Select / Unselect the content's List">
<kw type="kw" name="ContentStudio.Delete List">
<doc></doc>
<arguments>
<arg>NewArticles</arg>
<arg>NewsList</arg>
</arguments>
<msg timestamp="20140213 12:44:38.466" level="TRACE">Arguments: [ u'NewArticles' | u'NewsList' ]</msg>
<msg timestamp="20140213 12:44:56.436" level="INFO">Do nothing</msg>
<msg timestamp="20140213 12:44:56.437" level="TRACE">Return: None</msg>
<status status="PASS" endtime="20140213 12:44:56.436" starttime="20140213 12:44:38.465"></status>
</kw>
<kw type="kw" name="ContentStudio.Create New List">
<doc></doc>
<arguments>
<arg>NewArticles</arg>
<arg>NewsList</arg>
</arguments>
<msg timestamp="20140213 12:44:56.439" level="TRACE">Arguments: [ u'NewArticles' | u'NewsList' ]</msg>
<msg timestamp="20140213 12:45:35.978" level="INFO">Do nothing
Do nothing</msg>
<msg timestamp="20140213 12:45:36.031" level="FAIL">Create List with a diffrent name. List with the same name already exists. Screenshot: 335.February-13-12-45-35.png</msg>
<msg timestamp="20140213 12:45:36.032" level="DEBUG">Traceback (most recent call last):
  File "C:\Test-automation\ContentStudio\content-studio.sikuli\ContentStudio.py", line 564, in create_new_list
    raise AssertionError("Create List with a diffrent name. List with the same name already exists. Screenshot: "+ImageName)</msg>
<status status="FAIL" endtime="20140213 12:45:36.034" starttime="20140213 12:44:56.438"></status>
</kw>
<doc></doc>
<tags>
</tags>
<status status="FAIL" critical="yes" endtime="20140213 12:45:36.039" starttime="20140213 12:44:38.461">Create List with a diffrent name. List with the same name already exists. Screenshot: 335.February-13-12-45-35.png</status>
</test>
<doc>A test case for Selecting/Unselecting Content's List</doc>
<metadata>
</metadata>
<status status="FAIL" endtime="20140213 12:45:36.051" starttime="20140213 12:44:38.412"></status>
</suite>
<suite source="C:\Test-automation\ContentStudio\Tests\2.4.PreviewContent.txt" id="s1-s5" name="2.4.PreviewContent">
<test id="s1-s5-t1" name="Preview all types of contents">
<kw type="kw" name="ContentStudio.Create Content In Section">
<doc></doc>
<arguments>
<arg>NewArticles</arg>
</arguments>
<msg timestamp="20140213 12:45:36.158" level="TRACE">Arguments: [ u'NewArticles' ]</msg>
<msg timestamp="20140213 12:46:34.059" level="INFO">Do nothing
Content was successfully created</msg>
<msg timestamp="20140213 12:46:34.062" level="TRACE">Return: None</msg>
<status status="PASS" endtime="20140213 12:46:34.061" starttime="20140213 12:45:36.156"></status>
</kw>
<kw type="kw" name="ContentStudio.Preview Content">
<doc></doc>
<arguments>
<arg>simple</arg>
</arguments>
<msg timestamp="20140213 12:46:34.064" level="TRACE">Arguments: [ u'simple' ]</msg>
<msg timestamp="20140213 12:46:51.252" level="INFO">[log] TYPE "
"</msg>
<msg timestamp="20140213 12:46:51.253" level="TRACE">Return: None</msg>
<status status="PASS" endtime="20140213 12:46:51.253" starttime="20140213 12:46:34.063"></status>
</kw>
<kw type="kw" name="ContentStudio.Create Image In Section">
<doc></doc>
<arguments>
<arg>NewArticles</arg>
</arguments>
<msg timestamp="20140213 12:46:51.255" level="TRACE">Arguments: [ u'NewArticles' ]</msg>
<msg timestamp="20140213 12:48:06.906" level="INFO">Do nothing</msg>
<msg timestamp="20140213 12:48:06.918" level="FAIL">FindFailed: can not find ShowSideBar.png on the screen.</msg>
<msg timestamp="20140213 12:48:06.919" level="DEBUG">FindFailed: 
Line ?, in File ?
	at org.sikuli.script.Region.handleFindFailed(Region.java:420)
	at org.sikuli.script.Region.wait(Region.java:511)
	at sikuli.Region$py.wait$5(C:\Program Files\Sikuli X\sikuli-script.jar\Lib\sikuli\Region.py:102)
	at sikuli.Region$py.call_function(C:\Program Files\Sikuli X\sikuli-script.jar\Lib\sikuli\Region.py)
	at org.sikuli.script.Region.find(Region.java:381)
	at org.sikuli.script.Region.getLocationFromPSRML(Region.java:1129)
	at org.sikuli.script.Region.click(Region.java:606)
	at org.sikuli.script.Region.click(Region.java:593)
	at ContentStudio$py.create_image_in_section$13(C:\Test-automation\ContentStudio\content-studio.sikuli\ContentStudio.py:352)
	at ContentStudio$py.call_function(C:\Test-automation\ContentStudio\content-studio.sikuli\ContentStudio.py)
	at robot.model.testcase$py.visit$7(C:\workspace\robotframework\tmp-jar-dir\Lib\robot\model\testcase.py:65)
	at robot.model.testcase$py.call_function(C:\workspace\robotframework\tmp-jar-dir\Lib\robot\model\testcase.py)
	at robot.model.itemlist$py.visit$9(C:\workspace\robotframework\tmp-jar-dir\Lib\robot\model\itemlist.py:54)
	at robot.model.itemlist$py.call_function(C:\workspace\robotframework\tmp-jar-dir\Lib\robot\model\itemlist.py)
	at robot.model.visitor$py.visit_suite$2(C:\workspace\robotframework\tmp-jar-dir\Lib\robot\model\visitor.py:22)
	at robot.model.visitor$py.call_function(C:\workspace\robotframework\tmp-jar-dir\Lib\robot\model\visitor.py)
	at robot.model.testsuite$py.visit$19(C:\workspace\robotframework\tmp-jar-dir\Lib\robot\model\testsuite.py:152)
	at robot.model.testsuite$py.call_function(C:\workspace\robotframework\tmp-jar-dir\Lib\robot\model\testsuite.py)
	at robot.model.itemlist$py.visit$9(C:\workspace\robotframework\tmp-jar-dir\Lib\robot\model\itemlist.py:54)
	at robot.model.itemlist$py.call_function(C:\workspace\robotframework\tmp-jar-dir\Lib\robot\model\itemlist.py)
	at robot.model.visitor$py.visit_suite$2(C:\workspace\robotframework\tmp-jar-dir\Lib\robot\model\visitor.py:22)
	at robot.model.visitor$py.call_function(C:\workspace\robotframework\tmp-jar-dir\Lib\robot\model\visitor.py)
	at robot.model.testsuite$py.visit$19(C:\workspace\robotframework\tmp-jar-dir\Lib\robot\model\testsuite.py:152)
	at robot.model.testsuite$py.call_function(C:\workspace\robotframework\tmp-jar-dir\Lib\robot\model\testsuite.py)
	at robot.run$py.main$3(C:\workspace\robotframework\tmp-jar-dir\Lib\robot\run.py:391)
	at robot.run$py.call_function(C:\workspace\robotframework\tmp-jar-dir\Lib\robot\run.py)
	at robot.utils.application$py._execute$10(C:\workspace\robotframework\tmp-jar-dir\Lib\robot\utils\application.py:88)
	at robot.utils.application$py.call_function(C:\workspace\robotframework\tmp-jar-dir\Lib\robot\utils\application.py)
	at robot.utils.application$py.execute_cli$5(C:\workspace\robotframework\tmp-jar-dir\Lib\robot\utils\application.py:45)
	at robot.utils.application$py.call_function(C:\workspace\robotframework\tmp-jar-dir\Lib\robot\utils\application.py)
	at robot.run$py.run_cli$7(C:\workspace\robotframework\tmp-jar-dir\Lib\robot\run.py:415)
	at robot.run$py.call_function(C:\workspace\robotframework\tmp-jar-dir\Lib\robot\run.py)
	at robot.jarrunner$py._run$3(C:\workspace\robotframework\tmp-jar-dir\Lib\robot\jarrunner.py:60)
	at robot.jarrunner$py.call_function(C:\workspace\robotframework\tmp-jar-dir\Lib\robot\jarrunner.py)
	at robot.jarrunner$py.run$2(C:\workspace\robotframework\tmp-jar-dir\Lib\robot\jarrunner.py:53)
	at robot.jarrunner$py.call_function(C:\workspace\robotframework\tmp-jar-dir\Lib\robot\jarrunner.py)
	at org.robotframework.RobotFramework.run(RobotFramework.java:62)
	at org.robotframework.RobotFramework.main(RobotFramework.java:37)</msg>
<status status="FAIL" endtime="20140213 12:48:06.934" starttime="20140213 12:46:51.254"></status>
</kw>
<doc></doc>
<tags>
</tags>
<status status="FAIL" critical="yes" endtime="20140213 12:48:06.937" starttime="20140213 12:45:36.147">FindFailed: can not find ShowSideBar.png on the screen.</status>
</test>
<doc>A test case for Previewing all types of contents</doc>
<metadata>
</metadata>
<status status="FAIL" endtime="20140213 12:48:06.945" starttime="20140213 12:45:36.067"></status>
</suite>
<suite source="C:\Test-automation\ContentStudio\Tests\2.5.PreviewAllContent.txt" id="s1-s6" name="2.5.PreviewAllContent">
<test id="s1-s6-t1" name="'Preview All' all types of contents">
<kw type="kw" name="ContentStudio.Create Content In Section">
<doc></doc>
<arguments>
<arg>NewArticles</arg>
</arguments>
<msg timestamp="20140213 12:48:07.007" level="TRACE">Arguments: [ u'NewArticles' ]</msg>
<msg timestamp="20140213 12:49:15.928" level="INFO">Do nothing
Content was successfully created</msg>
<msg timestamp="20140213 12:49:15.929" level="TRACE">Return: None</msg>
<status status="PASS" endtime="20140213 12:49:15.929" starttime="20140213 12:48:07.006"></status>
</kw>
<kw type="kw" name="ContentStudio.Preview Content">
<doc></doc>
<arguments>
<arg>All</arg>
</arguments>
<msg timestamp="20140213 12:49:15.931" level="TRACE">Arguments: [ u'All' ]</msg>
<msg timestamp="20140213 12:49:30.666" level="INFO">[log] TYPE ""
[log] TYPE "
"</msg>
<msg timestamp="20140213 12:49:30.668" level="TRACE">Return: None</msg>
<status status="PASS" endtime="20140213 12:49:30.667" starttime="20140213 12:49:15.930"></status>
</kw>
<kw type="kw" name="ContentStudio.Create Image In Section">
<doc></doc>
<arguments>
<arg>NewArticles</arg>
</arguments>
<msg timestamp="20140213 12:49:30.670" level="TRACE">Arguments: [ u'NewArticles' ]</msg>
<msg timestamp="20140213 12:50:52.361" level="INFO">Do nothing
Content was successfully created</msg>
<msg timestamp="20140213 12:50:52.363" level="TRACE">Return: None</msg>
<status status="PASS" endtime="20140213 12:50:52.362" starttime="20140213 12:49:30.669"></status>
</kw>
<kw type="kw" name="ContentStudio.Preview Content">
<doc></doc>
<arguments>
<arg>All</arg>
</arguments>
<msg timestamp="20140213 12:50:52.365" level="TRACE">Arguments: [ u'All' ]</msg>
<msg timestamp="20140213 12:51:02.995" level="INFO">[log] CLICK on (1655,842)
[log] TYPE ""
[log] TYPE "
"</msg>
<msg timestamp="20140213 12:51:02.997" level="TRACE">Return: None</msg>
<status status="PASS" endtime="20140213 12:51:02.996" starttime="20140213 12:50:52.363"></status>
</kw>
<doc></doc>
<tags>
</tags>
<status status="PASS" critical="yes" endtime="20140213 12:51:02.998" starttime="20140213 12:48:07.001"></status>
</test>
<doc>A test case for Preview All</doc>
<metadata>
</metadata>
<status status="PASS" endtime="20140213 12:51:03.005" starttime="20140213 12:48:06.956"></status>
</suite>
<suite source="C:\Test-automation\ContentStudio\Tests\3.ResearchPanels.txt" id="s1-s7" name="3.ResearchPanels">
<test id="s1-s7-t1" name="Configure and review RSS Feed panel">
<kw type="kw" name="ContentStudio.Remove Research Panel">
<doc></doc>
<arguments>
</arguments>
<msg timestamp="20140213 12:51:03.065" level="TRACE">Arguments: [  ]</msg>
<msg timestamp="20140213 12:51:11.827" level="INFO">[log] Ctrl+TYPE "8"</msg>
<msg timestamp="20140213 12:51:11.837" level="FAIL">FindFailed: can not find Pattern("OK_button.png").similar(0.6) on the screen.</msg>
<msg timestamp="20140213 12:51:11.838" level="DEBUG">FindFailed: 
Line ?, in File ?
	at org.sikuli.script.Region.handleFindFailed(Region.java:420)
	at org.sikuli.script.Region.wait(Region.java:511)
	at sikuli.Region$py.wait$5(C:\Program Files\Sikuli X\sikuli-script.jar\Lib\sikuli\Region.py:102)
	at sikuli.Region$py.call_function(C:\Program Files\Sikuli X\sikuli-script.jar\Lib\sikuli\Region.py)
	at org.sikuli.script.Region.find(Region.java:381)
	at org.sikuli.script.Region.getLocationFromPSRML(Region.java:1129)
	at org.sikuli.script.Region.click(Region.java:606)
	at org.sikuli.script.Region.click(Region.java:593)
	at ContentStudio$py.remove_research_panel$7(C:\Test-automation\ContentStudio\content-studio.sikuli\ContentStudio.py:162)
	at ContentStudio$py.call_function(C:\Test-automation\ContentStudio\content-studio.sikuli\ContentStudio.py)
	at robot.model.testcase$py.visit$7(C:\workspace\robotframework\tmp-jar-dir\Lib\robot\model\testcase.py:65)
	at robot.model.testcase$py.call_function(C:\workspace\robotframework\tmp-jar-dir\Lib\robot\model\testcase.py)
	at robot.model.itemlist$py.visit$9(C:\workspace\robotframework\tmp-jar-dir\Lib\robot\model\itemlist.py:54)
	at robot.model.itemlist$py.call_function(C:\workspace\robotframework\tmp-jar-dir\Lib\robot\model\itemlist.py)
	at robot.model.visitor$py.visit_suite$2(C:\workspace\robotframework\tmp-jar-dir\Lib\robot\model\visitor.py:22)
	at robot.model.visitor$py.call_function(C:\workspace\robotframework\tmp-jar-dir\Lib\robot\model\visitor.py)
	at robot.model.testsuite$py.visit$19(C:\workspace\robotframework\tmp-jar-dir\Lib\robot\model\testsuite.py:152)
	at robot.model.testsuite$py.call_function(C:\workspace\robotframework\tmp-jar-dir\Lib\robot\model\testsuite.py)
	at robot.model.itemlist$py.visit$9(C:\workspace\robotframework\tmp-jar-dir\Lib\robot\model\itemlist.py:54)
	at robot.model.itemlist$py.call_function(C:\workspace\robotframework\tmp-jar-dir\Lib\robot\model\itemlist.py)
	at robot.model.visitor$py.visit_suite$2(C:\workspace\robotframework\tmp-jar-dir\Lib\robot\model\visitor.py:22)
	at robot.model.visitor$py.call_function(C:\workspace\robotframework\tmp-jar-dir\Lib\robot\model\visitor.py)
	at robot.model.testsuite$py.visit$19(C:\workspace\robotframework\tmp-jar-dir\Lib\robot\model\testsuite.py:152)
	at robot.model.testsuite$py.call_function(C:\workspace\robotframework\tmp-jar-dir\Lib\robot\model\testsuite.py)
	at robot.run$py.main$3(C:\workspace\robotframework\tmp-jar-dir\Lib\robot\run.py:391)
	at robot.run$py.call_function(C:\workspace\robotframework\tmp-jar-dir\Lib\robot\run.py)
	at robot.utils.application$py._execute$10(C:\workspace\robotframework\tmp-jar-dir\Lib\robot\utils\application.py:88)
	at robot.utils.application$py.call_function(C:\workspace\robotframework\tmp-jar-dir\Lib\robot\utils\application.py)
	at robot.utils.application$py.execute_cli$5(C:\workspace\robotframework\tmp-jar-dir\Lib\robot\utils\application.py:45)
	at robot.utils.application$py.call_function(C:\workspace\robotframework\tmp-jar-dir\Lib\robot\utils\application.py)
	at robot.run$py.run_cli$7(C:\workspace\robotframework\tmp-jar-dir\Lib\robot\run.py:415)
	at robot.run$py.call_function(C:\workspace\robotframework\tmp-jar-dir\Lib\robot\run.py)
	at robot.jarrunner$py._run$3(C:\workspace\robotframework\tmp-jar-dir\Lib\robot\jarrunner.py:60)
	at robot.jarrunner$py.call_function(C:\workspace\robotframework\tmp-jar-dir\Lib\robot\jarrunner.py)
	at robot.jarrunner$py.run$2(C:\workspace\robotframework\tmp-jar-dir\Lib\robot\jarrunner.py:53)
	at robot.jarrunner$py.call_function(C:\workspace\robotframework\tmp-jar-dir\Lib\robot\jarrunner.py)
	at org.robotframework.RobotFramework.run(RobotFramework.java:62)
	at org.robotframework.RobotFramework.main(RobotFramework.java:37)</msg>
<status status="FAIL" endtime="20140213 12:51:11.846" starttime="20140213 12:51:03.065"></status>
</kw>
<doc></doc>
<tags>
</tags>
<status status="FAIL" critical="yes" endtime="20140213 12:51:11.849" starttime="20140213 12:51:03.060">FindFailed: can not find Pattern("OK_button.png").similar(0.6) on the screen.</status>
</test>
<test id="s1-s7-t2" name="Configure and review Search Panel">
<kw type="kw" name="ContentStudio.Create Search Panel">
<doc></doc>
<arguments>
</arguments>
<msg timestamp="20140213 12:51:11.858" level="TRACE">Arguments: [  ]</msg>
<msg timestamp="20140213 12:51:52.281" level="INFO">[log] App.focus Escenic Content Studio 5.6.4.148892(0) #0
[log] Alt+TYPE " "
[log] TYPE "x"
[log] Ctrl+TYPE "8"
[log] CLICK on (675,243)
[log] CLICK on (949,275)
[log] TYPE ""
[log] TYPE "
"
[log] CLICK on (1027,524)
[log] Ctrl+TYPE "4"
[log] Ctrl+TYPE "4"</msg>
<msg timestamp="20140213 12:51:52.283" level="TRACE">Return: None</msg>
<status status="PASS" endtime="20140213 12:51:52.282" starttime="20140213 12:51:11.857"></status>
</kw>
<kw type="kw" name="ContentStudio.Verify Research Panel">
<doc></doc>
<arguments>
<arg>SEARCH</arg>
</arguments>
<msg timestamp="20140213 12:51:52.285" level="TRACE">Arguments: [ u'SEARCH' ]</msg>
<msg timestamp="20140213 12:52:07.370" level="INFO">PASS: Escenic Search Panel reviewed</msg>
<msg timestamp="20140213 12:52:07.372" level="TRACE">Return: None</msg>
<status status="PASS" endtime="20140213 12:52:07.371" starttime="20140213 12:51:52.284"></status>
</kw>
<kw type="kw" name="ContentStudio.Remove Research Panel">
<doc></doc>
<arguments>
</arguments>
<msg timestamp="20140213 12:52:07.374" level="TRACE">Arguments: [  ]</msg>
<msg timestamp="20140213 12:52:15.861" level="INFO">[log] Ctrl+TYPE "8"
[log] CLICK on (1202,353)
[log] CLICK on (1027,758)</msg>
<msg timestamp="20140213 12:52:15.865" level="TRACE">Return: None</msg>
<status status="PASS" endtime="20140213 12:52:15.864" starttime="20140213 12:52:07.373"></status>
</kw>
<doc></doc>
<tags>
</tags>
<status status="PASS" critical="yes" endtime="20140213 12:52:15.866" starttime="20140213 12:51:11.853"></status>
</test>
<doc>A test case for Configuring and reviewing Research Panels</doc>
<metadata>
</metadata>
<status status="FAIL" endtime="20140213 12:52:15.878" starttime="20140213 12:51:03.017"></status>
</suite>
<suite source="C:\Test-automation\ContentStudio\Tests\4.Clipboard.txt" id="s1-s8" name="4.Clipboard">
<test id="s1-s8-t1" name="Create A content and check if it's available on clipboard">
<kw type="kw" name="ContentStudio.Close Allopen Tabs">
<doc></doc>
<arguments>
</arguments>
<msg timestamp="20140213 12:52:15.961" level="TRACE">Arguments: [  ]</msg>
<msg timestamp="20140213 12:52:24.004" level="INFO">[log] App.focus Escenic Content Studio 5.6.4.148892(0) #0
[log] Alt+TYPE " "
[log] TYPE "x"
[log] CLICK on (1021,55)</msg>
<msg timestamp="20140213 12:52:24.005" level="TRACE">Return: None</msg>
<status status="PASS" endtime="20140213 12:52:24.005" starttime="20140213 12:52:15.960"></status>
</kw>
<kw type="kw" name="ContentStudioClipboard.Clean Up Clipboard">
<doc></doc>
<arguments>
</arguments>
<msg timestamp="20140213 12:52:24.007" level="TRACE">Arguments: [  ]</msg>
<msg timestamp="20140213 12:52:56.828" level="INFO">[log] App.focus Escenic Content Studio 5.6.4.148892(0) #0
[log] App.focus Escenic Content Studio 5.6.4.148892(0) #0
[log] CLICK on (15,189)
[log] CLICK on (16,285)
[log] CLICK on (41,260)
[log] TYPE ""
[log] CLICK on (41,260)
[log] TYPE ""
[log] CLICK on (41,260)
[log] TYPE ""
[log] CLICK on (41,260)
[log] TYPE ""
[log] CLICK on (41,260)
[log] TYPE ""
[log] CLICK on (41,260)
[log] TYPE ""
[log] CLICK on (41,260)
[log] TYPE ""
[log] CLICK on (41,260)
[log] TYPE ""
[log] CLICK on (41,260)</msg>
<msg timestamp="20140213 12:52:56.831" level="TRACE">Return: None</msg>
<status status="PASS" endtime="20140213 12:52:56.830" starttime="20140213 12:52:24.006"></status>
</kw>
<kw type="kw" name="ContentStudio.Create Content In Section">
<doc></doc>
<arguments>
<arg>Home</arg>
</arguments>
<msg timestamp="20140213 12:52:56.833" level="TRACE">Arguments: [ u'Home' ]</msg>
<msg timestamp="20140213 12:53:56.581" level="INFO">Do nothing
Content was successfully created</msg>
<msg timestamp="20140213 12:53:56.582" level="TRACE">Return: None</msg>
<status status="PASS" endtime="20140213 12:53:56.582" starttime="20140213 12:52:56.832"></status>
</kw>
<kw type="kw" name="ContentStudioClipboard.Check Clipboard">
<doc></doc>
<arguments>
</arguments>
<msg timestamp="20140213 12:53:56.584" level="TRACE">Arguments: [  ]</msg>
<msg timestamp="20140213 12:54:09.881" level="INFO">At least one content available in clipboard</msg>
<msg timestamp="20140213 12:54:11.304" level="INFO">[log] App.focus Escenic Content Studio 5.6.4.148892(0) #0
[log] App.focus Escenic Content Studio 5.6.4.148892(0) #0
[log] CLICK on (15,189)
[log] CLICK on (16,285)
[log] DOUBLE CLICK on (44,119)</msg>
<msg timestamp="20140213 12:54:11.309" level="TRACE">Return: None</msg>
<status status="PASS" endtime="20140213 12:54:11.305" starttime="20140213 12:53:56.583"></status>
</kw>
<doc></doc>
<tags>
</tags>
<status status="PASS" critical="yes" endtime="20140213 12:54:11.310" starttime="20140213 12:52:15.955"></status>
</test>
<test id="s1-s8-t2" name="Drag a story/picture to the list from Clipboard">
<kw type="kw" name="ContentStudio.Create New List">
<doc></doc>
<arguments>
<arg>NewArticles</arg>
<arg>NewsList</arg>
</arguments>
<msg timestamp="20140213 12:54:11.323" level="TRACE">Arguments: [ u'NewArticles' | u'NewsList' ]</msg>
<msg timestamp="20140213 12:54:57.639" level="INFO">Do nothing
Do nothing</msg>
<msg timestamp="20140213 12:54:57.641" level="FAIL">Create List with a diffrent name. List with the same name already exists. Screenshot: 335.February-13-12-54-56.png</msg>
<msg timestamp="20140213 12:54:57.641" level="DEBUG">Traceback (most recent call last):
  File "C:\Test-automation\ContentStudio\content-studio.sikuli\ContentStudio.py", line 564, in create_new_list
    raise AssertionError("Create List with a diffrent name. List with the same name already exists. Screenshot: "+ImageName)</msg>
<status status="FAIL" endtime="20140213 12:54:57.642" starttime="20140213 12:54:11.318"></status>
</kw>
<doc></doc>
<tags>
</tags>
<status status="FAIL" critical="yes" endtime="20140213 12:54:57.644" starttime="20140213 12:54:11.313">Create List with a diffrent name. List with the same name already exists. Screenshot: 335.February-13-12-54-56.png</status>
</test>
<test id="s1-s8-t3" name="Drag a story/picture from the list to the Clipboard.">
<kw type="kw" name="ContentStudio.Close Allopen Tabs">
<doc></doc>
<arguments>
</arguments>
<msg timestamp="20140213 12:54:57.652" level="TRACE">Arguments: [  ]</msg>
<msg timestamp="20140213 12:55:00.909" level="INFO">[log] App.focus Escenic Content Studio 5.6.4.148892(0) #0
[log] Alt+TYPE " "
[log] TYPE "x"</msg>
<msg timestamp="20140213 12:55:00.911" level="TRACE">Return: None</msg>
<status status="PASS" endtime="20140213 12:55:00.910" starttime="20140213 12:54:57.651"></status>
</kw>
<kw type="kw" name="ContentStudio.Create Content In Section">
<doc></doc>
<arguments>
<arg>NewArticles</arg>
</arguments>
<msg timestamp="20140213 12:55:00.913" level="TRACE">Arguments: [ u'NewArticles' ]</msg>
<msg timestamp="20140213 12:55:56.467" level="INFO">Do nothing</msg>
<msg timestamp="20140213 12:55:56.485" level="FAIL">FindFailed: can not find Pattern("ContentStatesList.png").similar(0.7).targetOffset(65,0) on the screen.</msg>
<msg timestamp="20140213 12:55:56.486" level="DEBUG">FindFailed: 
Line ?, in File ?
	at org.sikuli.script.Region.handleFindFailed(Region.java:420)
	at org.sikuli.script.Region.wait(Region.java:511)
	at sikuli.Region$py.wait$5(C:\Program Files\Sikuli X\sikuli-script.jar\Lib\sikuli\Region.py:102)
	at sikuli.Region$py.call_function(C:\Program Files\Sikuli X\sikuli-script.jar\Lib\sikuli\Region.py)
	at org.sikuli.script.Region.find(Region.java:381)
	at org.sikuli.script.Region.getLocationFromPSRML(Region.java:1129)
	at org.sikuli.script.Region.click(Region.java:606)
	at org.sikuli.script.Region.click(Region.java:593)
	at ContentStudio$py.create_content_in_section$12(C:\Test-automation\ContentStudio\content-studio.sikuli\ContentStudio.py:285)
	at ContentStudio$py.call_function(C:\Test-automation\ContentStudio\content-studio.sikuli\ContentStudio.py)
	at robot.model.testcase$py.visit$7(C:\workspace\robotframework\tmp-jar-dir\Lib\robot\model\testcase.py:65)
	at robot.model.testcase$py.call_function(C:\workspace\robotframework\tmp-jar-dir\Lib\robot\model\testcase.py)
	at robot.model.itemlist$py.visit$9(C:\workspace\robotframework\tmp-jar-dir\Lib\robot\model\itemlist.py:54)
	at robot.model.itemlist$py.call_function(C:\workspace\robotframework\tmp-jar-dir\Lib\robot\model\itemlist.py)
	at robot.model.visitor$py.visit_suite$2(C:\workspace\robotframework\tmp-jar-dir\Lib\robot\model\visitor.py:22)
	at robot.model.visitor$py.call_function(C:\workspace\robotframework\tmp-jar-dir\Lib\robot\model\visitor.py)
	at robot.model.testsuite$py.visit$19(C:\workspace\robotframework\tmp-jar-dir\Lib\robot\model\testsuite.py:152)
	at robot.model.testsuite$py.call_function(C:\workspace\robotframework\tmp-jar-dir\Lib\robot\model\testsuite.py)
	at robot.model.itemlist$py.visit$9(C:\workspace\robotframework\tmp-jar-dir\Lib\robot\model\itemlist.py:54)
	at robot.model.itemlist$py.call_function(C:\workspace\robotframework\tmp-jar-dir\Lib\robot\model\itemlist.py)
	at robot.model.visitor$py.visit_suite$2(C:\workspace\robotframework\tmp-jar-dir\Lib\robot\model\visitor.py:22)
	at robot.model.visitor$py.call_function(C:\workspace\robotframework\tmp-jar-dir\Lib\robot\model\visitor.py)
	at robot.model.testsuite$py.visit$19(C:\workspace\robotframework\tmp-jar-dir\Lib\robot\model\testsuite.py:152)
	at robot.model.testsuite$py.call_function(C:\workspace\robotframework\tmp-jar-dir\Lib\robot\model\testsuite.py)
	at robot.run$py.main$3(C:\workspace\robotframework\tmp-jar-dir\Lib\robot\run.py:391)
	at robot.run$py.call_function(C:\workspace\robotframework\tmp-jar-dir\Lib\robot\run.py)
	at robot.utils.application$py._execute$10(C:\workspace\robotframework\tmp-jar-dir\Lib\robot\utils\application.py:88)
	at robot.utils.application$py.call_function(C:\workspace\robotframework\tmp-jar-dir\Lib\robot\utils\application.py)
	at robot.utils.application$py.execute_cli$5(C:\workspace\robotframework\tmp-jar-dir\Lib\robot\utils\application.py:45)
	at robot.utils.application$py.call_function(C:\workspace\robotframework\tmp-jar-dir\Lib\robot\utils\application.py)
	at robot.run$py.run_cli$7(C:\workspace\robotframework\tmp-jar-dir\Lib\robot\run.py:415)
	at robot.run$py.call_function(C:\workspace\robotframework\tmp-jar-dir\Lib\robot\run.py)
	at robot.jarrunner$py._run$3(C:\workspace\robotframework\tmp-jar-dir\Lib\robot\jarrunner.py:60)
	at robot.jarrunner$py.call_function(C:\workspace\robotframework\tmp-jar-dir\Lib\robot\jarrunner.py)
	at robot.jarrunner$py.run$2(C:\workspace\robotframework\tmp-jar-dir\Lib\robot\jarrunner.py:53)
	at robot.jarrunner$py.call_function(C:\workspace\robotframework\tmp-jar-dir\Lib\robot\jarrunner.py)
	at org.robotframework.RobotFramework.run(RobotFramework.java:62)
	at org.robotframework.RobotFramework.main(RobotFramework.java:37)</msg>
<status status="FAIL" endtime="20140213 12:55:56.495" starttime="20140213 12:55:00.912"></status>
</kw>
<doc></doc>
<tags>
</tags>
<status status="FAIL" critical="yes" endtime="20140213 12:55:56.497" starttime="20140213 12:54:57.648">FindFailed: can not find Pattern("ContentStatesList.png").similar(0.7).targetOffset(65,0) on the screen.</status>
</test>
<test id="s1-s8-t4" name="Double click on a content of the clipboard">
<kw type="kw" name="ContentStudio.Close Allopen Tabs">
<doc></doc>
<arguments>
</arguments>
<msg timestamp="20140213 12:55:56.506" level="TRACE">Arguments: [  ]</msg>
<msg timestamp="20140213 12:56:05.026" level="INFO">[log] App.focus Escenic Content Studio 5.6.4.148892(0) #0
[log] Alt+TYPE " "
[log] TYPE "x"
[log] CLICK on (1021,55)</msg>
<msg timestamp="20140213 12:56:05.028" level="TRACE">Return: None</msg>
<status status="PASS" endtime="20140213 12:56:05.028" starttime="20140213 12:55:56.505"></status>
</kw>
<kw type="kw" name="ContentStudioClipboard.Clean Up Clipboard">
<doc></doc>
<arguments>
</arguments>
<msg timestamp="20140213 12:56:05.031" level="TRACE">Arguments: [  ]</msg>
<msg timestamp="20140213 12:56:26.485" level="INFO">[log] App.focus Escenic Content Studio 5.6.4.148892(0) #0
[log] App.focus Escenic Content Studio 5.6.4.148892(0) #0
[log] CLICK on (15,189)
[log] CLICK on (16,285)
[log] CLICK on (41,260)
[log] TYPE ""
[log] CLICK on (41,260)
[log] TYPE ""
[log] CLICK on (41,260)</msg>
<msg timestamp="20140213 12:56:26.487" level="TRACE">Return: None</msg>
<status status="PASS" endtime="20140213 12:56:26.486" starttime="20140213 12:56:05.030"></status>
</kw>
<kw type="kw" name="ContentStudio.Create Content In Section">
<doc></doc>
<arguments>
<arg>Home</arg>
</arguments>
<msg timestamp="20140213 12:56:26.489" level="TRACE">Arguments: [ u'Home' ]</msg>
<msg timestamp="20140213 12:57:27.005" level="INFO">Do nothing
Content was successfully created</msg>
<msg timestamp="20140213 12:57:27.006" level="TRACE">Return: None</msg>
<status status="PASS" endtime="20140213 12:57:27.006" starttime="20140213 12:56:26.488"></status>
</kw>
<kw type="kw" name="ContentStudioClipboard.Check Clipboard">
<doc></doc>
<arguments>
</arguments>
<msg timestamp="20140213 12:57:27.008" level="TRACE">Arguments: [  ]</msg>
<msg timestamp="20140213 12:57:40.055" level="INFO">At least one content available in clipboard</msg>
<msg timestamp="20140213 12:57:41.997" level="INFO">[log] App.focus Escenic Content Studio 5.6.4.148892(0) #0
[log] App.focus Escenic Content Studio 5.6.4.148892(0) #0
[log] CLICK on (15,189)
[log] CLICK on (16,285)
[log] DOUBLE CLICK on (44,119)</msg>
<msg timestamp="20140213 12:57:41.998" level="TRACE">Return: None</msg>
<status status="PASS" endtime="20140213 12:57:41.997" starttime="20140213 12:57:27.007"></status>
</kw>
<kw type="kw" name="ContentStudioClipboard.Check If Exists">
<doc></doc>
<arguments>
<arg>PublishedContent</arg>
</arguments>
<msg timestamp="20140213 12:57:42.002" level="TRACE">Arguments: [ u'PublishedContent' ]</msg>
<msg timestamp="20140213 12:57:48.019" level="INFO">Exists</msg>
<msg timestamp="20140213 12:57:48.020" level="TRACE">Return: None</msg>
<status status="PASS" endtime="20140213 12:57:48.020" starttime="20140213 12:57:42.001"></status>
</kw>
<doc></doc>
<tags>
</tags>
<status status="PASS" critical="yes" endtime="20140213 12:57:48.021" starttime="20140213 12:55:56.501"></status>
</test>
<test id="s1-s8-t5" name="Remove content from the clipboard">
<kw type="kw" name="ContentStudio.Create Content In Section">
<doc></doc>
<arguments>
<arg>NewArticles</arg>
</arguments>
<msg timestamp="20140213 12:57:48.027" level="TRACE">Arguments: [ u'NewArticles' ]</msg>
<msg timestamp="20140213 12:58:53.759" level="INFO">Do nothing
Content was successfully created</msg>
<msg timestamp="20140213 12:58:53.760" level="TRACE">Return: None</msg>
<status status="PASS" endtime="20140213 12:58:53.760" starttime="20140213 12:57:48.026"></status>
</kw>
<kw type="kw" name="ContentStudioClipboard.Clean Up Clipboard">
<doc></doc>
<arguments>
</arguments>
<msg timestamp="20140213 12:58:53.762" level="TRACE">Arguments: [  ]</msg>
<msg timestamp="20140213 12:59:13.944" level="INFO">[log] App.focus Escenic Content Studio 5.6.4.148892(0) #0
[log] App.focus Escenic Content Studio 5.6.4.148892(0) #0
[log] CLICK on (15,189)
[log] CLICK on (16,285)
[log] CLICK on (41,260)
[log] TYPE ""
[log] CLICK on (41,260)
[log] TYPE ""
[log] CLICK on (41,260)</msg>
<msg timestamp="20140213 12:59:13.945" level="TRACE">Return: None</msg>
<status status="PASS" endtime="20140213 12:59:13.945" starttime="20140213 12:58:53.762"></status>
</kw>
<kw type="kw" name="ContentStudioClipboard.Check If Not Exists">
<doc></doc>
<arguments>
<arg>InboxItemSelected</arg>
</arguments>
<msg timestamp="20140213 12:59:13.948" level="TRACE">Arguments: [ u'InboxItemSelected' ]</msg>
<msg timestamp="20140213 12:59:23.550" level="INFO">Exists</msg>
<msg timestamp="20140213 12:59:23.551" level="TRACE">Return: None</msg>
<status status="PASS" endtime="20140213 12:59:23.550" starttime="20140213 12:59:13.947"></status>
</kw>
<doc></doc>
<tags>
</tags>
<status status="PASS" critical="yes" endtime="20140213 12:59:23.553" starttime="20140213 12:57:48.023"></status>
</test>
<doc>Content Studio Clipboard Test cases</doc>
<metadata>
</metadata>
<status status="FAIL" endtime="20140213 12:59:23.567" starttime="20140213 12:52:15.902"></status>
</suite>
<suite source="C:\Test-automation\ContentStudio\Tests\5.SearchContent.txt" id="s1-s9" name="5.SearchContent">
<test id="s1-s9-t1" name="Search for all content">
<kw type="kw" name="ContentStudio.Switch To Content Studio">
<doc></doc>
<arguments>
</arguments>
<msg timestamp="20140213 12:59:23.646" level="TRACE">Arguments: [  ]</msg>
<msg timestamp="20140213 12:59:23.648" level="INFO">[log] App.focus Escenic Content Studio 5.6.4.148892(0) #0</msg>
<msg timestamp="20140213 12:59:23.649" level="TRACE">Return: None</msg>
<status status="PASS" endtime="20140213 12:59:23.648" starttime="20140213 12:59:23.646"></status>
</kw>
<kw type="kw" name="ContentStudio.Create Content In Section">
<doc></doc>
<arguments>
<arg>Home</arg>
</arguments>
<msg timestamp="20140213 12:59:23.651" level="TRACE">Arguments: [ u'Home' ]</msg>
<msg timestamp="20140213 13:00:25.035" level="INFO">Do nothing
Content was successfully created</msg>
<msg timestamp="20140213 13:00:25.036" level="TRACE">Return: None</msg>
<status status="PASS" endtime="20140213 13:00:25.036" starttime="20140213 12:59:23.650"></status>
</kw>
<kw type="kw" name="ContentStudio.Close Allopen Tabs">
<doc></doc>
<arguments>
</arguments>
<msg timestamp="20140213 13:00:25.038" level="TRACE">Arguments: [  ]</msg>
<msg timestamp="20140213 13:00:32.701" level="INFO">[log] App.focus Escenic Content Studio 5.6.4.148892(0) #0
[log] Alt+TYPE " "
[log] TYPE "x"
[log] CLICK on (1021,55)</msg>
<msg timestamp="20140213 13:00:32.702" level="TRACE">Return: None</msg>
<status status="PASS" endtime="20140213 13:00:32.702" starttime="20140213 13:00:25.038"></status>
</kw>
<kw type="kw" name="SearchContent.Search">
<doc></doc>
<arguments>
<arg>simple</arg>
</arguments>
<msg timestamp="20140213 13:00:32.704" level="TRACE">Arguments: [ u'simple' ]</msg>
<msg timestamp="20140213 13:01:06.825" level="INFO">[log] App.focus Escenic Content Studio 5.6.4.148892(0) #0
[log] CLICK on (15,89)
[log] CLICK on (143,54)
[log] CLICK on (143,54)</msg>
<msg timestamp="20140213 13:01:06.827" level="TRACE">Return: None</msg>
<status status="PASS" endtime="20140213 13:01:06.826" starttime="20140213 13:00:32.703"></status>
</kw>
<kw type="kw" name="SearchContent.Search">
<doc></doc>
<arguments>
<arg>Advanced</arg>
</arguments>
<msg timestamp="20140213 13:01:06.828" level="TRACE">Arguments: [ u'Advanced' ]</msg>
<msg timestamp="20140213 13:01:14.691" level="INFO">[log] App.focus Escenic Content Studio 5.6.4.148892(0) #0
[log] CLICK on (782,112)</msg>
<msg timestamp="20140213 13:01:14.699" level="FAIL">FindFailed: can not find Pattern("PublishedContent.png").similar(0.9) on the screen.</msg>
<msg timestamp="20140213 13:01:14.699" level="DEBUG">FindFailed: 
Line ?, in File ?
	at org.sikuli.script.Region.handleFindFailed(Region.java:420)
	at org.sikuli.script.Region.wait(Region.java:511)
	at sikuli.Region$py.wait$5(C:\Program Files\Sikuli X\sikuli-script.jar\Lib\sikuli\Region.py:102)
	at sikuli.Region$py.call_function(C:\Program Files\Sikuli X\sikuli-script.jar\Lib\sikuli\Region.py)
	at org.sikuli.script.Region.find(Region.java:381)
	at org.sikuli.script.Region.getLocationFromPSRML(Region.java:1129)
	at org.sikuli.script.Region.click(Region.java:606)
	at org.sikuli.script.Region.click(Region.java:593)
	at SearchContent$py.search$2(C:\Test-automation\ContentStudio\content-studio.sikuli\SearchContent.py:39)
	at SearchContent$py.call_function(C:\Test-automation\ContentStudio\content-studio.sikuli\SearchContent.py)
	at robot.model.testcase$py.visit$7(C:\workspace\robotframework\tmp-jar-dir\Lib\robot\model\testcase.py:65)
	at robot.model.testcase$py.call_function(C:\workspace\robotframework\tmp-jar-dir\Lib\robot\model\testcase.py)
	at robot.model.itemlist$py.visit$9(C:\workspace\robotframework\tmp-jar-dir\Lib\robot\model\itemlist.py:54)
	at robot.model.itemlist$py.call_function(C:\workspace\robotframework\tmp-jar-dir\Lib\robot\model\itemlist.py)
	at robot.model.visitor$py.visit_suite$2(C:\workspace\robotframework\tmp-jar-dir\Lib\robot\model\visitor.py:22)
	at robot.model.visitor$py.call_function(C:\workspace\robotframework\tmp-jar-dir\Lib\robot\model\visitor.py)
	at robot.model.testsuite$py.visit$19(C:\workspace\robotframework\tmp-jar-dir\Lib\robot\model\testsuite.py:152)
	at robot.model.testsuite$py.call_function(C:\workspace\robotframework\tmp-jar-dir\Lib\robot\model\testsuite.py)
	at robot.model.itemlist$py.visit$9(C:\workspace\robotframework\tmp-jar-dir\Lib\robot\model\itemlist.py:54)
	at robot.model.itemlist$py.call_function(C:\workspace\robotframework\tmp-jar-dir\Lib\robot\model\itemlist.py)
	at robot.model.visitor$py.visit_suite$2(C:\workspace\robotframework\tmp-jar-dir\Lib\robot\model\visitor.py:22)
	at robot.model.visitor$py.call_function(C:\workspace\robotframework\tmp-jar-dir\Lib\robot\model\visitor.py)
	at robot.model.testsuite$py.visit$19(C:\workspace\robotframework\tmp-jar-dir\Lib\robot\model\testsuite.py:152)
	at robot.model.testsuite$py.call_function(C:\workspace\robotframework\tmp-jar-dir\Lib\robot\model\testsuite.py)
	at robot.run$py.main$3(C:\workspace\robotframework\tmp-jar-dir\Lib\robot\run.py:391)
	at robot.run$py.call_function(C:\workspace\robotframework\tmp-jar-dir\Lib\robot\run.py)
	at robot.utils.application$py._execute$10(C:\workspace\robotframework\tmp-jar-dir\Lib\robot\utils\application.py:88)
	at robot.utils.application$py.call_function(C:\workspace\robotframework\tmp-jar-dir\Lib\robot\utils\application.py)
	at robot.utils.application$py.execute_cli$5(C:\workspace\robotframework\tmp-jar-dir\Lib\robot\utils\application.py:45)
	at robot.utils.application$py.call_function(C:\workspace\robotframework\tmp-jar-dir\Lib\robot\utils\application.py)
	at robot.run$py.run_cli$7(C:\workspace\robotframework\tmp-jar-dir\Lib\robot\run.py:415)
	at robot.run$py.call_function(C:\workspace\robotframework\tmp-jar-dir\Lib\robot\run.py)
	at robot.jarrunner$py._run$3(C:\workspace\robotframework\tmp-jar-dir\Lib\robot\jarrunner.py:60)
	at robot.jarrunner$py.call_function(C:\workspace\robotframework\tmp-jar-dir\Lib\robot\jarrunner.py)
	at robot.jarrunner$py.run$2(C:\workspace\robotframework\tmp-jar-dir\Lib\robot\jarrunner.py:53)
	at robot.jarrunner$py.call_function(C:\workspace\robotframework\tmp-jar-dir\Lib\robot\jarrunner.py)
	at org.robotframework.RobotFramework.run(RobotFramework.java:62)
	at org.robotframework.RobotFramework.main(RobotFramework.java:37)</msg>
<status status="FAIL" endtime="20140213 13:01:14.707" starttime="20140213 13:01:06.828"></status>
</kw>
<doc></doc>
<tags>
</tags>
<status status="FAIL" critical="yes" endtime="20140213 13:01:14.708" starttime="20140213 12:59:23.642">FindFailed: can not find Pattern("PublishedContent.png").similar(0.9) on the screen.</status>
</test>
<doc>Search for all content</doc>
<metadata>
</metadata>
<status status="FAIL" endtime="20140213 13:01:14.713" starttime="20140213 12:59:23.589"></status>
</suite>
<suite source="C:\Test-automation\ContentStudio\Tests\6.UpdateContent.txt" id="s1-s10" name="6.UpdateContent">
<test id="s1-s10-t1" name="Update Article Content">
<kw type="kw" name="ContentStudio.Create Content In Section">
<doc></doc>
<arguments>
<arg>NewArticles</arg>
</arguments>
<msg timestamp="20140213 13:01:14.760" level="TRACE">Arguments: [ u'NewArticles' ]</msg>
<msg timestamp="20140213 13:02:13.097" level="INFO">Do nothing
Content was successfully created</msg>
<msg timestamp="20140213 13:02:13.097" level="TRACE">Return: None</msg>
<status status="PASS" endtime="20140213 13:02:13.097" starttime="20140213 13:01:14.759"></status>
</kw>
<kw type="kw" name="ContentStudio.Update Content">
<doc></doc>
<arguments>
<arg>article</arg>
</arguments>
<msg timestamp="20140213 13:02:13.099" level="TRACE">Arguments: [ u'article' ]</msg>
<msg timestamp="20140213 13:02:29.656" level="INFO">[log] App.focus Escenic Content Studio 5.6.4.148892(0) #0
[log] Shift+TYPE "	"
[log] Shift+TYPE "	"
[log] Ctrl+TYPE "a"
[log] TYPE "Updated Content Title"
[log] CLICK on (1742,842)
[log] CLICK on (1671,631)
[log] App.focus Escenic Content Studio 5.6.4.148892(0) #0</msg>
<msg timestamp="20140213 13:02:29.658" level="TRACE">Return: None</msg>
<status status="PASS" endtime="20140213 13:02:29.658" starttime="20140213 13:02:13.099"></status>
</kw>
<kw type="kw" name="ContentStudio.Preview Content">
<doc></doc>
<arguments>
<arg>Simple</arg>
</arguments>
<msg timestamp="20140213 13:02:29.663" level="TRACE">Arguments: [ u'Simple' ]</msg>
<msg timestamp="20140213 13:02:38.529" level="INFO">[log] CLICK on (1662,842)
[log] TYPE "
"</msg>
<msg timestamp="20140213 13:02:38.530" level="TRACE">Return: None</msg>
<status status="PASS" endtime="20140213 13:02:38.530" starttime="20140213 13:02:29.659"></status>
</kw>
<doc></doc>
<tags>
</tags>
<status status="PASS" critical="yes" endtime="20140213 13:02:38.531" starttime="20140213 13:01:14.756"></status>
</test>
<test id="s1-s10-t2" name="Update Image Content">
<kw type="kw" name="ContentStudio.Create Image In Section">
<doc></doc>
<arguments>
<arg>Home</arg>
</arguments>
<msg timestamp="20140213 13:02:38.537" level="TRACE">Arguments: [ u'Home' ]</msg>
<msg timestamp="20140213 13:03:58.052" level="INFO">Do nothing
Content was successfully created</msg>
<msg timestamp="20140213 13:03:58.054" level="TRACE">Return: None</msg>
<status status="PASS" endtime="20140213 13:03:58.053" starttime="20140213 13:02:38.536"></status>
</kw>
<kw type="kw" name="ContentStudio.Update Content">
<doc></doc>
<arguments>
<arg>image</arg>
</arguments>
<msg timestamp="20140213 13:03:58.057" level="TRACE">Arguments: [ u'image' ]</msg>
<msg timestamp="20140213 13:04:12.751" level="INFO">[log] App.focus Escenic Content Studio 5.6.4.148892(0) #0
[log] Ctrl+TYPE "a"
[log] TYPE "Updated Content Title"
[log] CLICK on (1742,842)
[log] CLICK on (1664,658)</msg>
<msg timestamp="20140213 13:04:12.754" level="TRACE">Return: None</msg>
<status status="PASS" endtime="20140213 13:04:12.754" starttime="20140213 13:03:58.055"></status>
</kw>
<kw type="kw" name="ContentStudio.Preview Content">
<doc></doc>
<arguments>
<arg>All</arg>
</arguments>
<msg timestamp="20140213 13:04:12.759" level="TRACE">Arguments: [ u'All' ]</msg>
<msg timestamp="20140213 13:04:24.159" level="INFO">[log] CLICK on (1655,842)
[log] TYPE ""
[log] TYPE "
"</msg>
<msg timestamp="20140213 13:04:24.161" level="TRACE">Return: None</msg>
<status status="PASS" endtime="20140213 13:04:24.161" starttime="20140213 13:04:12.756"></status>
</kw>
<doc></doc>
<tags>
</tags>
<status status="PASS" critical="yes" endtime="20140213 13:04:24.162" starttime="20140213 13:02:38.533"></status>
</test>
<doc>Update all types of contents</doc>
<metadata>
</metadata>
<status status="PASS" endtime="20140213 13:04:24.167" starttime="20140213 13:01:14.720"></status>
</suite>
<suite source="C:\Test-automation\ContentStudio\Tests\7.DeleteContent.txt" id="s1-s11" name="7.DeleteContent">
<test id="s1-s11-t1" name="Delete Article Contents">
<kw type="kw" name="ContentStudio.Create Content In Section">
<doc></doc>
<arguments>
<arg>NewArticles</arg>
</arguments>
<msg timestamp="20140213 13:04:24.215" level="TRACE">Arguments: [ u'NewArticles' ]</msg>
<msg timestamp="20140213 13:05:31.607" level="INFO">Do nothing
Content was successfully created</msg>
<msg timestamp="20140213 13:05:31.609" level="TRACE">Return: None</msg>
<status status="PASS" endtime="20140213 13:05:31.608" starttime="20140213 13:04:24.214"></status>
</kw>
<kw type="kw" name="ContentStudio.Delete Content">
<doc></doc>
<arguments>
</arguments>
<msg timestamp="20140213 13:05:31.610" level="TRACE">Arguments: [  ]</msg>
<msg timestamp="20140213 13:05:40.600" level="INFO">[log] App.focus Escenic Content Studio 5.6.4.148892(0) #0
[log] CLICK on (1895,847)
[log] CLICK on (1851,925)
[log] TYPE "
"</msg>
<msg timestamp="20140213 13:05:40.601" level="TRACE">Return: None</msg>
<status status="PASS" endtime="20140213 13:05:40.601" starttime="20140213 13:05:31.610"></status>
</kw>
<kw type="kw" name="ContentStudioClipboard.Check If Exists">
<doc></doc>
<arguments>
<arg>DeletedButton</arg>
</arguments>
<msg timestamp="20140213 13:05:40.604" level="TRACE">Arguments: [ u'DeletedButton' ]</msg>
<msg timestamp="20140213 13:05:54.011" level="INFO">[log] App.focus Java Console - Content Studio(0) #0
[log] Alt+TYPE " "
[log] TYPE "x"
[log] App.focus Escenic Content Studio 5.6.4.148892(0) #0</msg>
<msg timestamp="20140213 13:05:54.014" level="FAIL">DeletedButton does not exist. Screenshot: 335.February-13-13-05-50.png</msg>
<msg timestamp="20140213 13:05:54.015" level="DEBUG">Traceback (most recent call last):
  File "C:\Test-automation\ContentStudio\content-studio.sikuli\ContentStudioClipboard.py", line 108, in check_if_exists
    raise AssertionError(uiElement+' does not exist. Screenshot: ' + ImageName)</msg>
<status status="FAIL" endtime="20140213 13:05:54.016" starttime="20140213 13:05:40.602"></status>
</kw>
<doc></doc>
<tags>
</tags>
<status status="FAIL" critical="yes" endtime="20140213 13:05:54.019" starttime="20140213 13:04:24.211">DeletedButton does not exist. Screenshot: 335.February-13-13-05-50.png</status>
</test>
<test id="s1-s11-t2" name="Delete Image Content">
<kw type="kw" name="ContentStudio.Create Image In Section">
<doc></doc>
<arguments>
<arg>NewArticles</arg>
</arguments>
<msg timestamp="20140213 13:05:54.027" level="TRACE">Arguments: [ u'NewArticles' ]</msg>
<msg timestamp="20140213 13:07:42.996" level="INFO">Do nothing
Content was successfully created</msg>
<msg timestamp="20140213 13:07:43.007" level="TRACE">Return: None</msg>
<status status="PASS" endtime="20140213 13:07:43.006" starttime="20140213 13:05:54.026"></status>
</kw>
<kw type="kw" name="ContentStudio.Delete Content">
<doc></doc>
<arguments>
</arguments>
<msg timestamp="20140213 13:07:43.010" level="TRACE">Arguments: [  ]</msg>
<msg timestamp="20140213 13:07:56.389" level="INFO">[log] App.focus Escenic Content Studio 5.6.4.148892(0) #0
[log] CLICK on (1895,847)
[log] CLICK on (1851,925)
[log] TYPE "
"</msg>
<msg timestamp="20140213 13:07:56.400" level="TRACE">Return: None</msg>
<status status="PASS" endtime="20140213 13:07:56.394" starttime="20140213 13:07:43.009"></status>
</kw>
<kw type="kw" name="ContentStudioClipboard.Check If Exists">
<doc></doc>
<arguments>
<arg>DeletedButton</arg>
</arguments>
<msg timestamp="20140213 13:07:56.410" level="TRACE">Arguments: [ u'DeletedButton' ]</msg>
<msg timestamp="20140213 13:08:06.315" level="INFO">Exists</msg>
<msg timestamp="20140213 13:08:06.318" level="TRACE">Return: None</msg>
<status status="PASS" endtime="20140213 13:08:06.316" starttime="20140213 13:07:56.403"></status>
</kw>
<kw type="kw" name="ContentStudioClipboard.Check If Not Exists">
<doc></doc>
<arguments>
<arg>PublishButton</arg>
</arguments>
<msg timestamp="20140213 13:08:06.321" level="TRACE">Arguments: [ u'PublishButton' ]</msg>
<msg timestamp="20140213 13:08:20.084" level="INFO">Exists</msg>
<msg timestamp="20140213 13:08:20.086" level="TRACE">Return: None</msg>
<status status="PASS" endtime="20140213 13:08:20.085" starttime="20140213 13:08:06.319"></status>
</kw>
<doc></doc>
<tags>
</tags>
<status status="PASS" critical="yes" endtime="20140213 13:08:20.088" starttime="20140213 13:05:54.022"></status>
</test>
<doc>Delete all types of contents</doc>
<metadata>
</metadata>
<status status="FAIL" endtime="20140213 13:08:20.098" starttime="20140213 13:04:24.176"></status>
</suite>
<suite source="C:\Test-automation\ContentStudio\Tests\8.MoreClipboard.txt" id="s1-s12" name="8.MoreClipboard">
<test id="s1-s12-t1" name="Drag article into clipboard">
<kw type="kw" name="ContentStudio.Create Content In Section">
<doc></doc>
<arguments>
<arg>NewArticles</arg>
</arguments>
<msg timestamp="20140213 13:08:20.338" level="TRACE">Arguments: [ u'NewArticles' ]</msg>
<msg timestamp="20140213 13:10:06.337" level="INFO">Do nothing
Content was successfully created</msg>
<msg timestamp="20140213 13:10:06.340" level="TRACE">Return: None</msg>
<status status="PASS" endtime="20140213 13:10:06.338" starttime="20140213 13:08:20.337"></status>
</kw>
<kw type="kw" name="ContentStudioClipboard.Clean Up Clipboard">
<doc></doc>
<arguments>
</arguments>
<msg timestamp="20140213 13:10:06.347" level="TRACE">Arguments: [  ]</msg>
<msg timestamp="20140213 13:10:50.376" level="INFO">[log] App.focus Escenic Content Studio 5.6.4.148892(0) #0
[log] App.focus Escenic Content Studio 5.6.4.148892(0) #0
[log] CLICK on (15,189)
[log] CLICK on (16,285)
[log] CLICK on (41,260)
[log] TYPE ""
[log] CLICK on (41,260)
[log] TYPE ""
[log] CLICK on (41,260)</msg>
<msg timestamp="20140213 13:10:50.382" level="TRACE">Return: None</msg>
<status status="PASS" endtime="20140213 13:10:50.378" starttime="20140213 13:10:06.344"></status>
</kw>
<kw type="kw" name="Drag">
<doc></doc>
<arguments>
<arg>CurrentTab</arg>
<arg>EmptyClipboard</arg>
</arguments>
<msg timestamp="20140213 13:10:50.404" level="FAIL">Multiple keywords with name 'Drag' found.
Give the full name of the keyword you want to use.
Found: 'ContentStudioClipboard.Drag' and 'SikuliCS.Drag'</msg>
<status status="FAIL" endtime="20140213 13:10:50.411" starttime="20140213 13:10:50.402"></status>
</kw>
<doc></doc>
<tags>
</tags>
<status status="FAIL" critical="yes" endtime="20140213 13:10:50.413" starttime="20140213 13:08:20.331">Multiple keywords with name 'Drag' found.
Give the full name of the keyword you want to use.
Found: 'ContentStudioClipboard.Drag' and 'SikuliCS.Drag'</status>
</test>
<test id="s1-s12-t2" name="Use Open Selected">
<kw type="kw" name="ContentStudioClipboard.Clean Up Clipboard">
<doc></doc>
<arguments>
</arguments>
<msg timestamp="20140213 13:10:50.442" level="TRACE">Arguments: [  ]</msg>
<msg timestamp="20140213 13:11:41.683" level="INFO">[log] App.focus Escenic Content Studio 5.6.4.148892(0) #0
[log] App.focus Escenic Content Studio 5.6.4.148892(0) #0
[log] CLICK on (15,189)
[log] CLICK on (16,285)
[log] CLICK on (41,103)
[log] TYPE ""
[log] CLICK on (41,260)
[log] TYPE ""
[log] CLICK on (41,260)
[log] TYPE ""
[log] CLICK on (41,260)
[log] TYPE ""
[log] CLICK on (41,260)</msg>
<msg timestamp="20140213 13:11:41.685" level="TRACE">Return: None</msg>
<status status="PASS" endtime="20140213 13:11:41.685" starttime="20140213 13:10:50.440"></status>
</kw>
<kw type="kw" name="ContentStudio.Create Content In Section">
<doc></doc>
<arguments>
<arg>NewArticles</arg>
</arguments>
<msg timestamp="20140213 13:11:41.689" level="TRACE">Arguments: [ u'NewArticles' ]</msg>
<msg timestamp="20140213 13:14:59.469" level="INFO">Do nothing
Content was successfully created</msg>
<msg timestamp="20140213 13:14:59.470" level="TRACE">Return: None</msg>
<status status="PASS" endtime="20140213 13:14:59.470" starttime="20140213 13:11:41.687"></status>
</kw>
<kw type="kw" name="ContentStudioClipboard.Go To Clipboard">
<doc></doc>
<arguments>
</arguments>
<msg timestamp="20140213 13:14:59.472" level="TRACE">Arguments: [  ]</msg>
<msg timestamp="20140213 13:15:17.344" level="INFO">[log] App.focus Escenic Content Studio 5.6.4.148892(0) #0
[log] CLICK on (15,189)
[log] CLICK on (16,285)</msg>
<msg timestamp="20140213 13:15:17.348" level="TRACE">Return: None</msg>
<status status="PASS" endtime="20140213 13:15:17.347" starttime="20140213 13:14:59.471"></status>
</kw>
<kw type="kw" name="ContentStudio.Close Allopen Tabs">
<doc></doc>
<arguments>
</arguments>
<msg timestamp="20140213 13:15:17.357" level="TRACE">Arguments: [  ]</msg>
<msg timestamp="20140213 13:15:29.193" level="INFO">[log] App.focus Escenic Content Studio 5.6.4.148892(0) #0
[log] Alt+TYPE " "
[log] TYPE "x"
[log] CLICK on (1021,55)</msg>
<msg timestamp="20140213 13:15:29.196" level="TRACE">Return: None</msg>
<status status="PASS" endtime="20140213 13:15:29.195" starttime="20140213 13:15:17.353"></status>
</kw>
<kw type="kw" name="ContentStudioClipboard.Select Item From Clipboard">
<doc></doc>
<arguments>
</arguments>
<msg timestamp="20140213 13:15:29.199" level="TRACE">Arguments: [  ]</msg>
<msg timestamp="20140213 13:15:49.314" level="INFO">[log] App.focus Escenic Content Studio 5.6.4.148892(0) #0
[log] CLICK on (15,189)
[log] CLICK on (16,285)
[log] CLICK on (41,260)</msg>
<msg timestamp="20140213 13:15:49.320" level="TRACE">Return: None</msg>
<status status="PASS" endtime="20140213 13:15:49.317" starttime="20140213 13:15:29.198"></status>
</kw>
<kw type="kw" name="ContentStudioClipboard.Open Selected">
<doc></doc>
<arguments>
</arguments>
<msg timestamp="20140213 13:15:49.324" level="TRACE">Arguments: [  ]</msg>
<msg timestamp="20140213 13:15:52.808" level="INFO">[log] RIGHT CLICK on (44,119)
[log] TYPE ""
[log] TYPE "
"</msg>
<msg timestamp="20140213 13:15:52.810" level="TRACE">Return: None</msg>
<status status="PASS" endtime="20140213 13:15:52.809" starttime="20140213 13:15:49.323"></status>
</kw>
<kw type="kw" name="ContentStudioClipboard.Check If Exists">
<doc></doc>
<arguments>
<arg>PublishedContent</arg>
</arguments>
<msg timestamp="20140213 13:15:52.813" level="TRACE">Arguments: [ u'PublishedContent' ]</msg>
<msg timestamp="20140213 13:16:08.962" level="INFO">[log] App.focus Java Console - Content Studio(0) #0
[log] Alt+TYPE " "
[log] TYPE "x"
[log] App.focus Escenic Content Studio 5.6.4.148892(0) #0</msg>
<msg timestamp="20140213 13:16:08.967" level="FAIL">PublishedContent does not exist. Screenshot: 335.February-13-13-16-03.png</msg>
<msg timestamp="20140213 13:16:08.968" level="DEBUG">Traceback (most recent call last):
  File "C:\Test-automation\ContentStudio\content-studio.sikuli\ContentStudioClipboard.py", line 108, in check_if_exists
    raise AssertionError(uiElement+' does not exist. Screenshot: ' + ImageName)</msg>
<status status="FAIL" endtime="20140213 13:16:08.976" starttime="20140213 13:15:52.811"></status>
</kw>
<doc></doc>
<tags>
</tags>
<status status="FAIL" critical="yes" endtime="20140213 13:16:08.982" starttime="20140213 13:10:50.419">PublishedContent does not exist. Screenshot: 335.February-13-13-16-03.png</status>
</test>
<test id="s1-s12-t3" name="Undo and Redo">
<kw type="kw" name="ContentStudioClipboard.Clean Up Clipboard">
<doc></doc>
<arguments>
</arguments>
<msg timestamp="20140213 13:16:09.005" level="TRACE">Arguments: [  ]</msg>
<msg timestamp="20140213 13:16:39.977" level="INFO">[log] App.focus Escenic Content Studio 5.6.4.148892(0) #0
[log] App.focus Escenic Content Studio 5.6.4.148892(0) #0
[log] CLICK on (15,189)
[log] CLICK on (16,285)
[log] CLICK on (41,260)
[log] TYPE ""
[log] CLICK on (41,260)</msg>
<msg timestamp="20140213 13:16:39.980" level="TRACE">Return: None</msg>
<status status="PASS" endtime="20140213 13:16:39.980" starttime="20140213 13:16:09.003"></status>
</kw>
<kw type="kw" name="ContentStudio.Create Content In Section">
<doc></doc>
<arguments>
<arg>NewArticles</arg>
</arguments>
<msg timestamp="20140213 13:16:39.985" level="TRACE">Arguments: [ u'NewArticles' ]</msg>
<msg timestamp="20140213 13:21:06.096" level="INFO">Do nothing
Content was successfully created</msg>
<msg timestamp="20140213 13:21:06.098" level="TRACE">Return: None</msg>
<status status="PASS" endtime="20140213 13:21:06.097" starttime="20140213 13:16:39.983"></status>
</kw>
<kw type="kw" name="ContentStudioClipboard.Go To Clipboard">
<doc></doc>
<arguments>
</arguments>
<msg timestamp="20140213 13:21:06.100" level="TRACE">Arguments: [  ]</msg>
<msg timestamp="20140213 13:21:27.204" level="INFO">[log] App.focus Escenic Content Studio 5.6.4.148892(0) #0
[log] CLICK on (15,189)
[log] CLICK on (16,285)</msg>
<msg timestamp="20140213 13:21:27.207" level="TRACE">Return: None</msg>
<status status="PASS" endtime="20140213 13:21:27.206" starttime="20140213 13:21:06.099"></status>
</kw>
<kw type="kw" name="ContentStudioClipboard.Select Item From Clipboard">
<doc></doc>
<arguments>
</arguments>
<msg timestamp="20140213 13:21:27.210" level="TRACE">Arguments: [  ]</msg>
<msg timestamp="20140213 13:21:43.854" level="INFO">[log] App.focus Escenic Content Studio 5.6.4.148892(0) #0
[log] CLICK on (15,189)
[log] CLICK on (16,285)
[log] CLICK on (41,260)</msg>
<msg timestamp="20140213 13:21:43.856" level="TRACE">Return: None</msg>
<status status="PASS" endtime="20140213 13:21:43.856" starttime="20140213 13:21:27.209"></status>
</kw>
<kw type="kw" name="ContentStudioClipboard.Clean Up Clipboard">
<doc></doc>
<arguments>
</arguments>
<msg timestamp="20140213 13:21:43.859" level="TRACE">Arguments: [  ]</msg>
<msg timestamp="20140213 13:22:04.158" level="INFO">[log] App.focus Escenic Content Studio 5.6.4.148892(0) #0
[log] App.focus Escenic Content Studio 5.6.4.148892(0) #0
[log] CLICK on (15,189)
[log] CLICK on (16,285)
[log] CLICK on (41,260)
[log] TYPE ""
[log] CLICK on (41,260)</msg>
<msg timestamp="20140213 13:22:04.161" level="TRACE">Return: None</msg>
<status status="PASS" endtime="20140213 13:22:04.160" starttime="20140213 13:21:43.858"></status>
</kw>
<kw type="kw" name="ContentStudio.Undo From Menu">
<doc></doc>
<arguments>
</arguments>
<msg timestamp="20140213 13:22:04.164" level="TRACE">Arguments: [  ]</msg>
<msg timestamp="20140213 13:22:04.503" level="INFO">[log] TYPE "
"</msg>
<msg timestamp="20140213 13:22:04.504" level="TRACE">Return: None</msg>
<status status="PASS" endtime="20140213 13:22:04.504" starttime="20140213 13:22:04.163"></status>
</kw>
<kw type="kw" name="ContentStudioClipboard.Select Item From Clipboard">
<doc></doc>
<arguments>
</arguments>
<msg timestamp="20140213 13:22:04.509" level="TRACE">Arguments: [  ]</msg>
<msg timestamp="20140213 13:22:17.115" level="INFO">[log] App.focus Escenic Content Studio 5.6.4.148892(0) #0
[log] CLICK on (15,189)
[log] CLICK on (16,285)
[log] CLICK on (41,260)</msg>
<msg timestamp="20140213 13:22:17.118" level="TRACE">Return: None</msg>
<status status="PASS" endtime="20140213 13:22:17.117" starttime="20140213 13:22:04.508"></status>
</kw>
<kw type="kw" name="ContentStudioClipboard.Check If Exists">
<doc></doc>
<arguments>
<arg>InboxItemSelected</arg>
</arguments>
<msg timestamp="20140213 13:22:17.121" level="TRACE">Arguments: [ u'InboxItemSelected' ]</msg>
<msg timestamp="20140213 13:22:24.140" level="INFO">Exists</msg>
<msg timestamp="20140213 13:22:24.143" level="TRACE">Return: None</msg>
<status status="PASS" endtime="20140213 13:22:24.142" starttime="20140213 13:22:17.120"></status>
</kw>
<kw type="kw" name="ContentStudio.Redo From Menu">
<doc></doc>
<arguments>
</arguments>
<msg timestamp="20140213 13:22:24.145" level="TRACE">Arguments: [  ]</msg>
<msg timestamp="20140213 13:22:24.475" level="INFO">[log] TYPE "
"</msg>
<msg timestamp="20140213 13:22:24.476" level="TRACE">Return: None</msg>
<status status="PASS" endtime="20140213 13:22:24.476" starttime="20140213 13:22:24.144"></status>
</kw>
<kw type="kw" name="ContentStudioClipboard.Check If Exists">
<doc></doc>
<arguments>
<arg>EmptyClipboard</arg>
</arguments>
<msg timestamp="20140213 13:22:24.479" level="TRACE">Arguments: [ u'EmptyClipboard' ]</msg>
<msg timestamp="20140213 13:22:33.230" level="INFO">Exists</msg>
<msg timestamp="20140213 13:22:33.235" level="TRACE">Return: None</msg>
<status status="PASS" endtime="20140213 13:22:33.233" starttime="20140213 13:22:24.478"></status>
</kw>
<doc></doc>
<tags>
</tags>
<status status="PASS" critical="yes" endtime="20140213 13:22:33.238" starttime="20140213 13:16:08.996"></status>
</test>
<test id="s1-s12-t4" name="Copy, Paste, Cut">
<kw type="kw" name="ContentStudioClipboard.Clean Up Clipboard">
<doc></doc>
<arguments>
</arguments>
<msg timestamp="20140213 13:22:33.258" level="TRACE">Arguments: [  ]</msg>
<msg timestamp="20140213 13:22:56.217" level="INFO">[log] App.focus Escenic Content Studio 5.6.4.148892(0) #0
[log] App.focus Escenic Content Studio 5.6.4.148892(0) #0
[log] CLICK on (15,189)
[log] CLICK on (16,285)
[log] CLICK on (41,260)</msg>
<msg timestamp="20140213 13:22:56.220" level="TRACE">Return: None</msg>
<status status="PASS" endtime="20140213 13:22:56.219" starttime="20140213 13:22:33.255"></status>
</kw>
<kw type="kw" name="ContentStudio.Create Content In Section">
<doc></doc>
<arguments>
<arg>NewArticles</arg>
</arguments>
<msg timestamp="20140213 13:22:56.225" level="TRACE">Arguments: [ u'NewArticles' ]</msg>
<msg timestamp="20140213 13:24:27.579" level="INFO">Do nothing
Content was successfully created</msg>
<msg timestamp="20140213 13:24:27.582" level="TRACE">Return: None</msg>
<status status="PASS" endtime="20140213 13:24:27.581" starttime="20140213 13:22:56.222"></status>
</kw>
<kw type="kw" name="ContentStudioClipboard.Go To Clipboard">
<doc></doc>
<arguments>
</arguments>
<msg timestamp="20140213 13:24:27.586" level="TRACE">Arguments: [  ]</msg>
<msg timestamp="20140213 13:24:44.593" level="INFO">[log] App.focus Escenic Content Studio 5.6.4.148892(0) #0
[log] CLICK on (15,189)
[log] CLICK on (16,285)</msg>
<msg timestamp="20140213 13:24:44.596" level="TRACE">Return: None</msg>
<status status="PASS" endtime="20140213 13:24:44.595" starttime="20140213 13:24:27.585"></status>
</kw>
<kw type="kw" name="ContentStudioClipboard.Select Item From Clipboard">
<doc></doc>
<arguments>
</arguments>
<msg timestamp="20140213 13:24:44.597" level="TRACE">Arguments: [  ]</msg>
<msg timestamp="20140213 13:25:01.591" level="INFO">[log] App.focus Escenic Content Studio 5.6.4.148892(0) #0
[log] CLICK on (15,189)
[log] CLICK on (16,285)
[log] CLICK on (41,260)</msg>
<msg timestamp="20140213 13:25:01.596" level="TRACE">Return: None</msg>
<status status="PASS" endtime="20140213 13:25:01.593" starttime="20140213 13:24:44.597"></status>
</kw>
<kw type="kw" name="ContentStudio.Copy From Menu">
<doc></doc>
<arguments>
</arguments>
<msg timestamp="20140213 13:25:01.600" level="TRACE">Arguments: [  ]</msg>
<msg timestamp="20140213 13:25:02.009" level="INFO">[log] TYPE "
"</msg>
<msg timestamp="20140213 13:25:02.014" level="TRACE">Return: None</msg>
<status status="PASS" endtime="20140213 13:25:02.012" starttime="20140213 13:25:01.598"></status>
</kw>
<kw type="kw" name="ContentStudioClipboard.Clean Up Clipboard">
<doc></doc>
<arguments>
</arguments>
<msg timestamp="20140213 13:25:02.019" level="TRACE">Arguments: [  ]</msg>
<msg timestamp="20140214 07:36:07.394" level="INFO">[log] App.focus Escenic Content Studio 5.6.4.148892(0) #0
[log] App.focus Escenic Content Studio 5.6.4.148892(0) #0
[log] CLICK on (15,189)
[log] CLICK on (16,285)
[log] CLICK on (41,260)
[log] TYPE ""
[log] CLICK on (41,260)
[log] TYPE ""
[log] CLICK on (41,260)</msg>
<msg timestamp="20140214 07:36:07.398" level="TRACE">Return: None</msg>
<status status="PASS" endtime="20140214 07:36:07.397" starttime="20140213 13:25:02.018"></status>
</kw>
<kw type="kw" name="ContentStudio.Paste From Menu">
<doc></doc>
<arguments>
</arguments>
<msg timestamp="20140214 07:36:07.404" level="TRACE">Arguments: [  ]</msg>
<msg timestamp="20140214 07:36:08.006" level="INFO">[log] TYPE "
"</msg>
<msg timestamp="20140214 07:36:08.009" level="TRACE">Return: None</msg>
<status status="PASS" endtime="20140214 07:36:08.008" starttime="20140214 07:36:07.401"></status>
</kw>
<kw type="kw" name="ContentStudioClipboard.Check If Exists">
<doc></doc>
<arguments>
<arg>InboxItemSelected</arg>
</arguments>
<msg timestamp="20140214 07:36:08.016" level="TRACE">Arguments: [ u'InboxItemSelected' ]</msg>
<msg timestamp="20140214 07:36:21.232" level="INFO">[log] App.focus Java Console - Content Studio(0) #0
[log] Alt+TYPE " "
[log] TYPE "x"
[log] App.focus Escenic Content Studio 5.6.4.148892(0) #0</msg>
<msg timestamp="20140214 07:36:21.238" level="FAIL">InboxItemSelected does not exist. Screenshot: 335.February-14-07-36-19.png</msg>
<msg timestamp="20140214 07:36:21.242" level="DEBUG">Traceback (most recent call last):
  File "C:\Test-automation\ContentStudio\content-studio.sikuli\ContentStudioClipboard.py", line 108, in check_if_exists
    raise AssertionError(uiElement+' does not exist. Screenshot: ' + ImageName)</msg>
<status status="FAIL" endtime="20140214 07:36:21.245" starttime="20140214 07:36:08.013"></status>
</kw>
<doc></doc>
<tags>
</tags>
<status status="FAIL" critical="yes" endtime="20140214 07:36:21.250" starttime="20140213 13:22:33.244">InboxItemSelected does not exist. Screenshot: 335.February-14-07-36-19.png</status>
</test>
<doc>More Clipboard TC from ET</doc>
<metadata>
</metadata>
<status status="FAIL" endtime="20140214 07:36:21.277" starttime="20140213 13:08:20.113"></status>
</suite>
<suite source="C:\Test-automation\ContentStudio\Tests\9.Locking.txt" id="s1-s13" name="9.Locking">
<test id="s1-s13-t1" name="Locking">
<kw type="kw" name="ContentStudio.Close Allopen Tabs">
<doc></doc>
<arguments>
</arguments>
<msg timestamp="20140214 07:36:21.473" level="TRACE">Arguments: [  ]</msg>
<msg timestamp="20140214 07:36:36.299" level="INFO">[log] App.focus Escenic Content Studio 5.6.4.148892(0) #0
[log] Alt+TYPE " "
[log] TYPE "x"
[log] CLICK on (1021,55)</msg>
<msg timestamp="20140214 07:36:36.306" level="TRACE">Return: None</msg>
<status status="PASS" endtime="20140214 07:36:36.303" starttime="20140214 07:36:21.471"></status>
</kw>
<kw type="kw" name="ContentStudioClipboard.Clean Up Clipboard">
<doc></doc>
<arguments>
</arguments>
<msg timestamp="20140214 07:36:36.314" level="TRACE">Arguments: [  ]</msg>
<msg timestamp="20140214 07:37:02.123" level="INFO">[log] App.focus Escenic Content Studio 5.6.4.148892(0) #0
[log] App.focus Escenic Content Studio 5.6.4.148892(0) #0
[log] CLICK on (15,189)
[log] CLICK on (16,285)
[log] CLICK on (41,260)</msg>
<msg timestamp="20140214 07:37:02.127" level="TRACE">Return: None</msg>
<status status="PASS" endtime="20140214 07:37:02.126" starttime="20140214 07:36:36.310"></status>
</kw>
<kw type="kw" name="ContentStudio.Create Content In Section">
<doc></doc>
<arguments>
<arg>NewArticles</arg>
</arguments>
<msg timestamp="20140214 07:37:02.133" level="TRACE">Arguments: [ u'NewArticles' ]</msg>
<msg timestamp="20140214 07:38:38.866" level="INFO">Do nothing
Content was successfully created</msg>
<msg timestamp="20140214 07:38:38.869" level="TRACE">Return: None</msg>
<status status="PASS" endtime="20140214 07:38:38.868" starttime="20140214 07:37:02.130"></status>
</kw>
<kw type="kw" name="ContentStudio.Achieve Lock">
<doc></doc>
<arguments>
</arguments>
<msg timestamp="20140214 07:38:38.874" level="TRACE">Arguments: [  ]</msg>
<msg timestamp="20140214 07:38:43.701" level="INFO">[log] App.focus Escenic Content Studio 5.6.4.148892(0) #0
[info] Text Recognizer inited.
[log] CLICK on (978,178)
[log] TYPE " "</msg>
<msg timestamp="20140214 07:38:43.710" level="TRACE">Return: None</msg>
<status status="PASS" endtime="20140214 07:38:43.706" starttime="20140214 07:38:38.872"></status>
</kw>
<kw type="kw" name="ContentStudio.Close Browser">
<doc></doc>
<arguments>
</arguments>
<msg timestamp="20140214 07:38:43.717" level="TRACE">Arguments: [  ]</msg>
<msg timestamp="20140214 07:38:52.025" level="INFO">[log] App.focus Mozilla Firefox(0) #0</msg>
<msg timestamp="20140214 07:38:52.028" level="TRACE">Return: None</msg>
<status status="PASS" endtime="20140214 07:38:52.027" starttime="20140214 07:38:43.715"></status>
</kw>
<kw type="kw" name="ContentStudio.Start Content Studio">
<doc></doc>
<arguments>
<arg>joe</arg>
<arg>joe</arg>
</arguments>
<msg timestamp="20140214 07:38:52.036" level="TRACE">Arguments: [ u'joe' | u'joe' ]</msg>
<msg timestamp="20140214 07:41:33.173" level="INFO">http://10.211.20.88:8080/studio/Studio.jnlp
Log in successful</msg>
<msg timestamp="20140214 07:41:33.176" level="TRACE">Return: None</msg>
<status status="PASS" endtime="20140214 07:41:33.175" starttime="20140214 07:38:52.032"></status>
</kw>
<kw type="kw" name="SearchContent.Check Search">
<doc></doc>
<arguments>
</arguments>
<msg timestamp="20140214 07:41:33.181" level="TRACE">Arguments: [  ]</msg>
<msg timestamp="20140214 07:43:04.530" level="INFO">[log] App.focus Escenic Content Studio 5.6.4.148892(0) #0
[log] App.focus Escenic Content Studio 5.6.4.148892(0) #0
[log] CLICK on (15,89)
[log] CLICK on (143,54)
[log] CLICK on (143,54)
[log] CLICK on (143,54)
[log] CLICK on (143,54)
[log] CLICK on (143,54)
[log] App.focus Java Console - Content Studio(0) #0
[log] Alt+TYPE " "
[log] TYPE "x"
[log] App.focus Escenic Content Studio 5.6.4.148892(0) #0</msg>
<msg timestamp="20140214 07:43:04.572" level="FAIL">Problem with search. Screenshot: 335.February-14-07-43-01.png</msg>
<msg timestamp="20140214 07:43:04.579" level="DEBUG">Traceback (most recent call last):
  File "C:\Test-automation\ContentStudio\content-studio.sikuli\SearchContent.py", line 45, in check_search
    SearchContent.search(self, 'simple')
  File "C:\Test-automation\ContentStudio\content-studio.sikuli\SearchContent.py", line 31, in search
    raise AssertionError("Problem with search. Screenshot: "+ImageName)</msg>
<status status="FAIL" endtime="20140214 07:43:04.584" starttime="20140214 07:41:33.179"></status>
</kw>
<doc></doc>
<tags>
</tags>
<status status="FAIL" critical="yes" endtime="20140214 07:43:04.589" starttime="20140214 07:36:21.465">Problem with search. Screenshot: 335.February-14-07-43-01.png</status>
</test>
<doc>Check locking mechanism where two users try to edit the same content.</doc>
<metadata>
</metadata>
<status status="FAIL" endtime="20140214 07:43:04.604" starttime="20140214 07:36:21.320"></status>
</suite>
<suite source="C:\Test-automation\ContentStudio\Tests\demo.txt" id="s1-s14" name="Demo">
<test id="s1-s14-t1" name="demo">
<kw type="kw" name="SearchContent.Clear Search">
<doc></doc>
<arguments>
</arguments>
<msg timestamp="20140214 07:43:04.815" level="TRACE">Arguments: [  ]</msg>
<msg timestamp="20140214 07:43:06.897" level="INFO">[log] TYPE ""</msg>
<msg timestamp="20140214 07:43:06.900" level="TRACE">Return: None</msg>
<status status="PASS" endtime="20140214 07:43:06.899" starttime="20140214 07:43:04.813"></status>
</kw>
<doc></doc>
<tags>
</tags>
<status status="PASS" critical="yes" endtime="20140214 07:43:06.903" starttime="20140214 07:43:04.805"></status>
</test>
<doc>A test case for Adding a content to different/multiple sections</doc>
<metadata>
</metadata>
<status status="PASS" endtime="20140214 07:43:06.913" starttime="20140214 07:43:04.633"></status>
</suite>
<suite source="C:\Test-automation\ContentStudio\Tests\WF.txt" id="s1-s15" name="WF">
<test id="s1-s15-t1" name="Widget Framework">
<kw type="kw" name="ContentStudio.Right Click Section">
<doc></doc>
<arguments>
<arg>config</arg>
</arguments>
<msg timestamp="20140214 07:43:07.093" level="TRACE">Arguments: [ u'config' ]</msg>
<msg timestamp="20140214 07:43:48.918" level="INFO">[log] App.focus Escenic Content Studio 5.6.4.148892(0) #0
[log] Alt+TYPE " "
[log] TYPE "x"
[log] CLICK on (15,189)
[log] CLICK on (41,50)
[log] CLICK on (59,50)
[log] App.focus Escenic Content Studio 5.6.4.148892(0) #0
[log] Alt+TYPE " "
[log] TYPE "x"
[log] RIGHT CLICK on (97,147)</msg>
<msg timestamp="20140214 07:43:48.925" level="TRACE">Return: None</msg>
<status status="PASS" endtime="20140214 07:43:48.923" starttime="20140214 07:43:07.091"></status>
</kw>
<kw type="kw" name="eceSikuli.Click Element">
<doc></doc>
<arguments>
<arg>NewContent</arg>
<arg>100</arg>
<arg>0</arg>
</arguments>
<msg timestamp="20140214 07:43:48.932" level="TRACE">Arguments: [ u'NewContent' | u'100' | u'0' ]</msg>
<msg timestamp="20140214 07:44:00.804" level="INFO">[log] CLICK on (308,160)</msg>
<msg timestamp="20140214 07:44:00.808" level="TRACE">Return: None</msg>
<status status="PASS" endtime="20140214 07:44:00.806" starttime="20140214 07:43:48.928"></status>
</kw>
<kw type="kw" name="eceSikuli.Click Element">
<doc></doc>
<arguments>
<arg>OthersContent</arg>
</arguments>
<msg timestamp="20140214 07:44:00.815" level="TRACE">Arguments: [ u'OthersContent' ]</msg>
<msg timestamp="20140214 07:44:10.134" level="INFO">[log] App.focus Java Console - Content Studio(0) #0
[log] Alt+TYPE " "
[log] TYPE "x"
[log] App.focus Escenic Content Studio 5.6.4.148892(0) #0</msg>
<msg timestamp="20140214 07:44:10.156" level="FAIL">OthersContent does not exist. Screenshot: 335.February-14-07-44-08.png</msg>
<msg timestamp="20140214 07:44:10.158" level="DEBUG">Traceback (most recent call last):
  File "C:\Test-automation\ContentStudio\content-studio.sikuli\eceSikuli.py", line 34, in click_element
    raise AssertionError(uiElement+' does not exist. Screenshot: '+ScreenShot)</msg>
<status status="FAIL" endtime="20140214 07:44:10.159" starttime="20140214 07:44:00.812"></status>
</kw>
<doc></doc>
<tags>
</tags>
<status status="FAIL" critical="yes" endtime="20140214 07:44:10.162" starttime="20140214 07:43:07.083">OthersContent does not exist. Screenshot: 335.February-14-07-44-08.png</status>
</test>
<doc>Create a Data source</doc>
<metadata>
</metadata>
<status status="FAIL" endtime="20140214 07:44:10.174" starttime="20140214 07:43:06.934"></status>
</suite>
<doc></doc>
<metadata>
</metadata>
<status status="FAIL" endtime="20140214 07:44:10.332" starttime="20140213 12:35:59.047"></status>
</suite>
<statistics>
<total>
<stat pass="13" fail="13">Critical Tests</stat>
<stat pass="13" fail="13">All Tests</stat>
</total>
<tag>
</tag>
<suite>
<stat pass="13" id="s1" fail="13" name="Tests">Tests</stat>
<stat pass="1" id="s1-s1" fail="0" name="1.Login">Tests.1.Login</stat>
<stat pass="2" id="s1-s2" fail="0" name="2.1.AddRemoveContent">Tests.2.1.AddRemoveContent</stat>
<stat pass="0" id="s1-s3" fail="1" name="2.2.SelectUnselectInbox">Tests.2.2.SelectUnselectInbox</stat>
<stat pass="0" id="s1-s4" fail="1" name="2.3.SelectUnselectList">Tests.2.3.SelectUnselectList</stat>
<stat pass="0" id="s1-s5" fail="1" name="2.4.PreviewContent">Tests.2.4.PreviewContent</stat>
<stat pass="1" id="s1-s6" fail="0" name="2.5.PreviewAllContent">Tests.2.5.PreviewAllContent</stat>
<stat pass="1" id="s1-s7" fail="1" name="3.ResearchPanels">Tests.3.ResearchPanels</stat>
<stat pass="3" id="s1-s8" fail="2" name="4.Clipboard">Tests.4.Clipboard</stat>
<stat pass="0" id="s1-s9" fail="1" name="5.SearchContent">Tests.5.SearchContent</stat>
<stat pass="2" id="s1-s10" fail="0" name="6.UpdateContent">Tests.6.UpdateContent</stat>
<stat pass="1" id="s1-s11" fail="1" name="7.DeleteContent">Tests.7.DeleteContent</stat>
<stat pass="1" id="s1-s12" fail="3" name="8.MoreClipboard">Tests.8.MoreClipboard</stat>
<stat pass="0" id="s1-s13" fail="1" name="9.Locking">Tests.9.Locking</stat>
<stat pass="1" id="s1-s14" fail="0" name="Demo">Tests.Demo</stat>
<stat pass="0" id="s1-s15" fail="1" name="WF">Tests.WF</stat>
</suite>
</statistics>
<errors>
</errors>
</robot>
