<?xml version="1.0" encoding="UTF-8"?>
<robot generator="Robot 2.8.1 (Jython 2.5.3 on java1.7.0_55)" generated="20140424 09:51:53.850">
<suite source="C:\Test-automation\ContentStudio\Tests\WidgetFramework\2.3.TeaserWidgetDSBySection.txt" id="s1" name="2.3.TeaserWidgetDSBySection">
<test id="s1-t1" name="Create a Teaser Widget with Data source query by section">
<kw type="kw" name="ContentStudio.Switch To Content Studio">
<doc></doc>
<arguments>
</arguments>
<msg timestamp="20140424 09:51:55.448" level="TRACE">Arguments: [  ]</msg>
<msg timestamp="20140424 09:51:55.453" level="INFO">[log] App.focus Escenic Content Studio 5.7.0.149872(0) #0</msg>
<msg timestamp="20140424 09:51:55.454" level="TRACE">Return: None</msg>
<status status="PASS" endtime="20140424 09:51:55.454" starttime="20140424 09:51:55.444"></status>
</kw>
<kw type="kw" name="ContentStudio.Close Allopen Tabs">
<doc></doc>
<arguments>
</arguments>
<msg timestamp="20140424 09:51:55.458" level="TRACE">Arguments: [  ]</msg>
<msg timestamp="20140424 09:52:03.716" level="INFO">[log] App.focus Escenic Content Studio 5.7.0.149872(0) #0
[log] Alt+TYPE " "
[log] TYPE "x"
[log] CLICK on (618,55)</msg>
<msg timestamp="20140424 09:52:03.720" level="TRACE">Return: None</msg>
<status status="PASS" endtime="20140424 09:52:03.718" starttime="20140424 09:51:55.457"></status>
</kw>
<kw type="kw" name="2.1.1.WFKeywordResource.Create Widget Content Type">
<doc></doc>
<arguments>
<arg>TeaserWidgetContent</arg>
</arguments>
<msg timestamp="20140424 09:52:03.726" level="TRACE">Arguments: [ ${ContentType}=u'TeaserWidgetContent' ]</msg>
<kw type="kw" name="ContentStudio.Right Click Section">
<doc></doc>
<arguments>
<arg>Config</arg>
</arguments>
<msg timestamp="20140424 09:52:03.730" level="TRACE">Arguments: [ u'Config' ]</msg>
<msg timestamp="20140424 09:52:13.580" level="INFO">[log] App.focus Escenic Content Studio 5.7.0.149872(0) #0
[log] Alt+TYPE " "
[log] TYPE "x"
[log] CLICK on (115,450)
[log] CLICK on (57,50)
[log] RIGHT CLICK on (96,194)</msg>
<msg timestamp="20140424 09:52:13.582" level="TRACE">Return: None</msg>
<status status="PASS" endtime="20140424 09:52:13.581" starttime="20140424 09:52:03.728"></status>
</kw>
<kw type="kw" name="eceSikuli.Click Element">
<doc></doc>
<arguments>
<arg>NewContent</arg>
<arg>100</arg>
<arg>0</arg>
</arguments>
<msg timestamp="20140424 09:52:13.584" level="TRACE">Arguments: [ u'NewContent' | u'100' | u'0' ]</msg>
<msg timestamp="20140424 09:52:25.044" level="INFO">[log] CLICK on (307,207)</msg>
<msg timestamp="20140424 09:52:25.046" level="TRACE">Return: None</msg>
<status status="PASS" endtime="20140424 09:52:25.046" starttime="20140424 09:52:13.583"></status>
</kw>
<kw type="kw" name="eceSikuli.Click Element">
<doc></doc>
<arguments>
<arg>WidgetsContent</arg>
<arg>60</arg>
<arg>0</arg>
</arguments>
<msg timestamp="20140424 09:52:25.050" level="TRACE">Arguments: [ u'WidgetsContent' | u'60' | u'0' ]</msg>
<msg timestamp="20140424 09:52:33.716" level="INFO">[log] CLICK on (423,437)</msg>
<msg timestamp="20140424 09:52:33.722" level="TRACE">Return: None</msg>
<status status="PASS" endtime="20140424 09:52:33.717" starttime="20140424 09:52:25.048"></status>
</kw>
<kw type="kw" name="eceSikuli.Mouse Over">
<doc></doc>
<arguments>
<arg>WidgetsContent</arg>
<arg>100</arg>
<arg>0</arg>
</arguments>
<msg timestamp="20140424 09:52:33.728" level="TRACE">Arguments: [ u'WidgetsContent' | u'100' | u'0' ]</msg>
<msg timestamp="20140424 09:52:42.537" level="TRACE">Return: None</msg>
<status status="PASS" endtime="20140424 09:52:42.536" starttime="20140424 09:52:33.725"></status>
</kw>
<kw type="kw" name="eceSikuli.Click Element">
<doc></doc>
<arguments>
<arg>${ContentType}</arg>
</arguments>
<msg timestamp="20140424 09:52:42.540" level="TRACE">Arguments: [ u'TeaserWidgetContent' ]</msg>
<msg timestamp="20140424 09:52:51.466" level="INFO">[log] CLICK on (505,679)</msg>
<msg timestamp="20140424 09:52:51.468" level="TRACE">Return: None</msg>
<status status="PASS" endtime="20140424 09:52:51.467" starttime="20140424 09:52:42.538"></status>
</kw>
<kw type="kw" name="SikuliCS.Wait For">
<doc></doc>
<arguments>
<arg>2</arg>
</arguments>
<msg timestamp="20140424 09:52:51.469" level="TRACE">Arguments: [ u'2' ]</msg>
<msg timestamp="20140424 09:52:53.470" level="TRACE">Return: None</msg>
<status status="PASS" endtime="20140424 09:52:53.470" starttime="20140424 09:52:51.468"></status>
</kw>
<msg timestamp="20140424 09:52:53.473" level="TRACE">Return: None</msg>
<status status="PASS" endtime="20140424 09:52:53.472" starttime="20140424 09:52:03.722"></status>
</kw>
<kw type="kw" name="eceSikuli.Type Text">
<doc></doc>
<arguments>
<arg>TestAutomation Widget (TeaserWidget_DS_by_Section)</arg>
</arguments>
<msg timestamp="20140424 09:52:53.475" level="TRACE">Arguments: [ u'TestAutomation Widget (TeaserWidget_DS_by_Section)' ]</msg>
<msg timestamp="20140424 09:52:56.164" level="INFO">[log] TYPE "TestAutomation Widget (TeaserWidget_DS_by_Section)"</msg>
<msg timestamp="20140424 09:52:56.168" level="TRACE">Return: None</msg>
<status status="PASS" endtime="20140424 09:52:56.168" starttime="20140424 09:52:53.474"></status>
</kw>
<kw type="kw" name="eceSikuli.Click Element">
<doc></doc>
<arguments>
<arg>DataSourceTab</arg>
</arguments>
<msg timestamp="20140424 09:52:56.170" level="TRACE">Arguments: [ u'DataSourceTab' ]</msg>
<msg timestamp="20140424 09:53:04.940" level="INFO">[log] CLICK on (522,116)</msg>
<msg timestamp="20140424 09:53:04.941" level="TRACE">Return: None</msg>
<status status="PASS" endtime="20140424 09:53:04.940" starttime="20140424 09:52:56.169"></status>
</kw>
<kw type="kw" name="eceSikuli.Click Element">
<doc></doc>
<arguments>
<arg>Add</arg>
</arguments>
<msg timestamp="20140424 09:53:04.943" level="TRACE">Arguments: [ u'Add' ]</msg>
<msg timestamp="20140424 09:53:13.832" level="INFO">[log] CLICK on (562,435)</msg>
<msg timestamp="20140424 09:53:13.832" level="TRACE">Return: None</msg>
<status status="PASS" endtime="20140424 09:53:13.832" starttime="20140424 09:53:04.942"></status>
</kw>
<kw type="kw" name="SikuliCS.Wait For">
<doc></doc>
<arguments>
<arg>2</arg>
</arguments>
<msg timestamp="20140424 09:53:13.834" level="TRACE">Arguments: [ u'2' ]</msg>
<msg timestamp="20140424 09:53:15.836" level="TRACE">Return: None</msg>
<status status="PASS" endtime="20140424 09:53:15.836" starttime="20140424 09:53:13.833"></status>
</kw>
<kw type="kw" name="eceSikuli.Click Element">
<doc></doc>
<arguments>
<arg>DataSourceBySection</arg>
<arg>-70</arg>
<arg>0</arg>
</arguments>
<msg timestamp="20140424 09:53:15.839" level="TRACE">Arguments: [ u'DataSourceBySection' | u'-70' | u'0' ]</msg>
<msg timestamp="20140424 09:53:23.429" level="INFO">[log] App.focus Java Console - Content Studio(0) #0
[log] Alt+TYPE " "
[log] TYPE "x"
[log] App.focus Escenic Content Studio 5.7.0.149872(0) #0</msg>
<msg timestamp="20140424 09:53:23.434" level="FAIL">DataSourceBySection does not exist. Screenshot: 192.April-24-09-53-22.png</msg>
<msg timestamp="20140424 09:53:23.435" level="DEBUG">Traceback (most recent call last):
  File "C:\Test-automation\ContentStudio\content-studio.sikuli\eceSikuli.py", line 34, in click_element
    raise AssertionError(uiElement+' does not exist. Screenshot: '+ScreenShot)</msg>
<status status="FAIL" endtime="20140424 09:53:23.435" starttime="20140424 09:53:15.837"></status>
</kw>
<doc></doc>
<tags>
</tags>
<status status="FAIL" critical="yes" endtime="20140424 09:53:23.445" starttime="20140424 09:51:55.434">DataSourceBySection does not exist. Screenshot: 192.April-24-09-53-22.png</status>
</test>
<test id="s1-t2" name="Remove teaser widget">
<kw type="kw" name="BuiltIn.Set Tags">
<doc>Adds given `tags` for the current test or all tests in a suite.</doc>
<arguments>
<arg>non-critical</arg>
</arguments>
<msg timestamp="20140424 09:53:23.466" level="TRACE">Arguments: [ u'non-critical' ]</msg>
<msg timestamp="20140424 09:53:23.468" level="INFO">Set tag 'non-critical'.</msg>
<msg timestamp="20140424 09:53:23.468" level="TRACE">Return: None</msg>
<status status="PASS" endtime="20140424 09:53:23.468" starttime="20140424 09:53:23.463"></status>
</kw>
<kw type="kw" name="2.1.1.WFKeywordResource.Open Section In Content Studio">
<doc></doc>
<arguments>
<arg>FrontPageTemplate</arg>
</arguments>
<msg timestamp="20140424 09:53:23.473" level="TRACE">Arguments: [ ${SectionName}=u'FrontPageTemplate' ]</msg>
<kw type="kw" name="eceSikuli.Click Element If Exists">
<doc></doc>
<arguments>
<arg>SectionsTab</arg>
<arg>SectionsTab</arg>
</arguments>
<msg timestamp="20140424 09:53:23.474" level="TRACE">Arguments: [ u'SectionsTab' | u'SectionsTab' ]</msg>
<msg timestamp="20140424 09:53:29.185" level="TRACE">Return: None</msg>
<status status="PASS" endtime="20140424 09:53:29.184" starttime="20140424 09:53:23.474"></status>
</kw>
<kw type="kw" name="eceSikuli.Click Element">
<doc></doc>
<arguments>
<arg>HomeSection</arg>
</arguments>
<msg timestamp="20140424 09:53:29.187" level="TRACE">Arguments: [ u'HomeSection' ]</msg>
<msg timestamp="20140424 09:53:38.369" level="INFO">[log] CLICK on (57,50)</msg>
<msg timestamp="20140424 09:53:38.371" level="TRACE">Return: None</msg>
<status status="PASS" endtime="20140424 09:53:38.370" starttime="20140424 09:53:29.187"></status>
</kw>
<kw type="kw" name="eceSikuli.Click Element If Exists">
<doc></doc>
<arguments>
<arg>ExpansionIcon</arg>
<arg>ExpansionIcon</arg>
</arguments>
<msg timestamp="20140424 09:53:38.377" level="TRACE">Arguments: [ u'ExpansionIcon' | u'ExpansionIcon' ]</msg>
<msg timestamp="20140424 09:53:50.012" level="INFO">[log] CLICK on (77,546)</msg>
<msg timestamp="20140424 09:53:50.017" level="TRACE">Return: None</msg>
<status status="PASS" endtime="20140424 09:53:50.017" starttime="20140424 09:53:38.375"></status>
</kw>
<kw type="kw" name="eceSikuli.Click Element If Exists">
<doc></doc>
<arguments>
<arg>ExpansionIcon</arg>
<arg>ExpansionIcon</arg>
</arguments>
<msg timestamp="20140424 09:53:50.022" level="TRACE">Arguments: [ u'ExpansionIcon' | u'ExpansionIcon' ]</msg>
<msg timestamp="20140424 09:54:01.756" level="INFO">[log] CLICK on (96,562)</msg>
<msg timestamp="20140424 09:54:01.759" level="TRACE">Return: None</msg>
<status status="PASS" endtime="20140424 09:54:01.757" starttime="20140424 09:53:50.020"></status>
</kw>
<kw type="kw" name="eceSikuli.Click Element If Exists">
<doc></doc>
<arguments>
<arg>ExpansionIcon</arg>
<arg>ExpansionIcon</arg>
</arguments>
<msg timestamp="20140424 09:54:01.765" level="TRACE">Arguments: [ u'ExpansionIcon' | u'ExpansionIcon' ]</msg>
<msg timestamp="20140424 09:54:13.352" level="INFO">[log] CLICK on (77,594)</msg>
<msg timestamp="20140424 09:54:13.354" level="TRACE">Return: None</msg>
<status status="PASS" endtime="20140424 09:54:13.353" starttime="20140424 09:54:01.764"></status>
</kw>
<kw type="kw" name="eceSikuli.Click Element If Exists">
<doc></doc>
<arguments>
<arg>ExpansionIcon</arg>
<arg>ExpansionIcon</arg>
</arguments>
<msg timestamp="20140424 09:54:13.360" level="TRACE">Arguments: [ u'ExpansionIcon' | u'ExpansionIcon' ]</msg>
<msg timestamp="20140424 09:54:25.084" level="INFO">[log] CLICK on (96,610)</msg>
<msg timestamp="20140424 09:54:25.087" level="TRACE">Return: None</msg>
<status status="PASS" endtime="20140424 09:54:25.087" starttime="20140424 09:54:13.358"></status>
</kw>
<kw type="kw" name="ContentStudio.Right Click Section">
<doc></doc>
<arguments>
<arg>${SectionName}</arg>
</arguments>
<msg timestamp="20140424 09:54:25.094" level="TRACE">Arguments: [ u'FrontPageTemplate' ]</msg>
<msg timestamp="20140424 09:54:34.234" level="INFO">[log] App.focus Escenic Content Studio 5.7.0.149872(0) #0
[log] Alt+TYPE " "
[log] TYPE "x"
[log] CLICK on (96,658)
[log] CLICK on (57,50)
[log] RIGHT CLICK on (185,242)</msg>
<msg timestamp="20140424 09:54:34.238" level="TRACE">Return: None</msg>
<status status="PASS" endtime="20140424 09:54:34.237" starttime="20140424 09:54:25.092"></status>
</kw>
<kw type="kw" name="eceSikuli.Type Key">
<doc></doc>
<arguments>
<arg>ENTER</arg>
</arguments>
<msg timestamp="20140424 09:54:34.240" level="TRACE">Arguments: [ u'ENTER' ]</msg>
<msg timestamp="20140424 09:54:34.770" level="INFO">[log] TYPE "
"</msg>
<msg timestamp="20140424 09:54:34.771" level="TRACE">Return: None</msg>
<status status="PASS" endtime="20140424 09:54:34.771" starttime="20140424 09:54:34.239"></status>
</kw>
<kw type="kw" name="SikuliCS.Wait For">
<doc></doc>
<arguments>
<arg>5</arg>
</arguments>
<msg timestamp="20140424 09:54:34.774" level="TRACE">Arguments: [ u'5' ]</msg>
<msg timestamp="20140424 09:54:39.775" level="TRACE">Return: None</msg>
<status status="PASS" endtime="20140424 09:54:39.775" starttime="20140424 09:54:34.773"></status>
</kw>
<msg timestamp="20140424 09:54:39.776" level="TRACE">Return: None</msg>
<status status="PASS" endtime="20140424 09:54:39.776" starttime="20140424 09:53:23.470"></status>
</kw>
<kw type="kw" name="SikuliCS.Wait For">
<doc></doc>
<arguments>
<arg>5</arg>
</arguments>
<msg timestamp="20140424 09:54:39.778" level="TRACE">Arguments: [ u'5' ]</msg>
<msg timestamp="20140424 09:54:44.779" level="TRACE">Return: None</msg>
<status status="PASS" endtime="20140424 09:54:44.779" starttime="20140424 09:54:39.777"></status>
</kw>
<kw type="kw" name="eceSikuli.Click Element If Exists">
<doc></doc>
<arguments>
<arg>WidgetListView</arg>
<arg>WidgetListView</arg>
</arguments>
<msg timestamp="20140424 09:54:44.782" level="TRACE">Arguments: [ u'WidgetListView' | u'WidgetListView' ]</msg>
<msg timestamp="20140424 09:54:50.626" level="TRACE">Return: None</msg>
<status status="PASS" endtime="20140424 09:54:50.626" starttime="20140424 09:54:44.781"></status>
</kw>
<kw type="kw" name="eceSikuli.Type Key">
<doc></doc>
<arguments>
<arg>DELETE</arg>
</arguments>
<msg timestamp="20140424 09:54:50.628" level="TRACE">Arguments: [ u'DELETE' ]</msg>
<msg timestamp="20140424 09:54:50.671" level="INFO">[log] TYPE ""</msg>
<msg timestamp="20140424 09:54:50.671" level="TRACE">Return: None</msg>
<status status="PASS" endtime="20140424 09:54:50.671" starttime="20140424 09:54:50.628"></status>
</kw>
<kw type="kw" name="eceSikuli.Click Element">
<doc></doc>
<arguments>
<arg>PublishButtonSimple</arg>
</arguments>
<msg timestamp="20140424 09:54:50.673" level="TRACE">Arguments: [ u'PublishButtonSimple' ]</msg>
<msg timestamp="20140424 09:54:59.534" level="INFO">[log] CLICK on (1652,843)</msg>
<msg timestamp="20140424 09:54:59.536" level="TRACE">Return: None</msg>
<status status="PASS" endtime="20140424 09:54:59.535" starttime="20140424 09:54:50.673"></status>
</kw>
<doc></doc>
<tags>
<tag>non-critical</tag>
</tags>
<status status="PASS" critical="no" endtime="20140424 09:54:59.537" starttime="20140424 09:53:23.458"></status>
</test>
<doc>Create a Teaser Widget with Data source query by section</doc>
<metadata>
</metadata>
<status status="FAIL" endtime="20140424 09:54:59.544" starttime="20140424 09:51:53.857"></status>
</suite>
<statistics>
<total>
<stat pass="0" fail="1">Critical Tests</stat>
<stat pass="1" fail="1">All Tests</stat>
</total>
<tag>
<stat pass="1" info="non-critical" doc="" combined="" fail="0" links="">non-critical</stat>
</tag>
<suite>
<stat pass="1" id="s1" fail="1" name="2.3.TeaserWidgetDSBySection">2.3.TeaserWidgetDSBySection</stat>
</suite>
</statistics>
<errors>
</errors>
</robot>
