<?xml version="1.0" encoding="UTF-8"?>
<robot generator="Robot 2.8.1 (Jython 2.5.3 on java1.6.0_65)" generated="20151210 19:43:30.246">
<suite source="/Users/ImranChowdhury/Github/TestAutomation-5.7/TestAutomation/ContentStudio/Tests/ContentEngine" id="s1" name="ContentEngine">
<suite source="/Users/ImranChowdhury/Github/TestAutomation-5.7/TestAutomation/ContentStudio/Tests/ContentEngine/1.1.Login.txt" id="s1-s1" name="1.1.Login">
<test id="s1-s1-t1" name="Start content studio and log in">
<kw type="kw" name="Start Content Studio">
<doc></doc>
<arguments>
</arguments>
<msg timestamp="20151210 19:43:30.775" level="FAIL">No keyword with name 'Start Content Studio' found.</msg>
<status status="FAIL" endtime="20151210 19:43:30.775" starttime="20151210 19:43:30.774"></status>
</kw>
<doc></doc>
<tags>
</tags>
<status status="FAIL" critical="yes" endtime="20151210 19:43:30.777" starttime="20151210 19:43:30.770">No keyword with name 'Start Content Studio' found.</status>
</test>
<doc>A test case for Start and Logging into ContentStudio</doc>
<metadata>
</metadata>
<status status="FAIL" endtime="20151210 19:43:30.781" starttime="20151210 19:43:30.603"></status>
</suite>
<suite source="/Users/ImranChowdhury/Github/TestAutomation-5.7/TestAutomation/ContentStudio/Tests/ContentEngine/1.2.1.AddRemoveContent.txt" id="s1-s2" name="1.2.1.AddRemoveContent">
<test id="s1-s2-t1" name="Add a content to different/multiple sections">
<kw type="kw" name="Create Content In Section">
<doc></doc>
<arguments>
<arg>NewArticles</arg>
</arguments>
<msg timestamp="20151210 19:43:30.935" level="FAIL">No keyword with name 'Create Content In Section' found.</msg>
<status status="FAIL" endtime="20151210 19:43:30.935" starttime="20151210 19:43:30.934"></status>
</kw>
<doc></doc>
<tags>
</tags>
<status status="FAIL" critical="yes" endtime="20151210 19:43:30.937" starttime="20151210 19:43:30.930">No keyword with name 'Create Content In Section' found.</status>
</test>
<test id="s1-s2-t2" name="Remove content from a section">
<kw type="kw" name="Remove Content From Section">
<doc></doc>
<arguments>
<arg>NewArticles</arg>
</arguments>
<msg timestamp="20151210 19:43:30.950" level="FAIL">No keyword with name 'Remove Content From Section' found.</msg>
<status status="FAIL" endtime="20151210 19:43:30.951" starttime="20151210 19:43:30.948"></status>
</kw>
<doc></doc>
<tags>
</tags>
<status status="FAIL" critical="yes" endtime="20151210 19:43:30.953" starttime="20151210 19:43:30.943">No keyword with name 'Remove Content From Section' found.</status>
</test>
<doc>A test case for Adding a content to different/multiple sections</doc>
<metadata>
</metadata>
<status status="FAIL" endtime="20151210 19:43:30.968" starttime="20151210 19:43:30.786"></status>
</suite>
<suite source="/Users/ImranChowdhury/Github/TestAutomation-5.7/TestAutomation/ContentStudio/Tests/ContentEngine/1.2.2.SelectUnselectInbox.txt" id="s1-s3" name="1.2.2.SelectUnselectInbox">
<test id="s1-s3-t1" name="Select / Unselect the content's inbox">
<kw type="kw" name="Clean Up Inbox">
<doc></doc>
<arguments>
<arg>NewArticles</arg>
</arguments>
<msg timestamp="20151210 19:43:31.097" level="FAIL">No keyword with name 'Clean Up Inbox' found.</msg>
<status status="FAIL" endtime="20151210 19:43:31.097" starttime="20151210 19:43:31.096"></status>
</kw>
<doc></doc>
<tags>
</tags>
<status status="FAIL" critical="yes" endtime="20151210 19:43:31.099" starttime="20151210 19:43:31.088">No keyword with name 'Clean Up Inbox' found.</status>
</test>
<doc>A test case for Selecting/Unselecting Content's inbox</doc>
<metadata>
</metadata>
<status status="FAIL" endtime="20151210 19:43:31.101" starttime="20151210 19:43:30.976"></status>
</suite>
<suite source="/Users/ImranChowdhury/Github/TestAutomation-5.7/TestAutomation/ContentStudio/Tests/ContentEngine/1.2.3.SelectUnselectList.txt" id="s1-s4" name="1.2.3.SelectUnselectList">
<test id="s1-s4-t1" name="Select / Unselect the content's List">
<kw type="kw" name="Close All Open Tabs">
<doc></doc>
<arguments>
</arguments>
<msg timestamp="20151210 19:43:31.241" level="FAIL">No keyword with name 'Close All Open Tabs' found.</msg>
<status status="FAIL" endtime="20151210 19:43:31.242" starttime="20151210 19:43:31.240"></status>
</kw>
<doc></doc>
<tags>
</tags>
<status status="FAIL" critical="yes" endtime="20151210 19:43:31.244" starttime="20151210 19:43:31.234">No keyword with name 'Close All Open Tabs' found.</status>
</test>
<doc>A test case for Selecting/Unselecting Content's List</doc>
<metadata>
</metadata>
<status status="FAIL" endtime="20151210 19:43:31.247" starttime="20151210 19:43:31.108"></status>
</suite>
<suite source="/Users/ImranChowdhury/Github/TestAutomation-5.7/TestAutomation/ContentStudio/Tests/ContentEngine/1.2.4.PreviewContent.txt" id="s1-s5" name="1.2.4.PreviewContent">
<test id="s1-s5-t1" name="Preview all types of contents">
<kw type="kw" name="Close All Open Tabs">
<doc></doc>
<arguments>
</arguments>
<msg timestamp="20151210 19:43:31.348" level="FAIL">No keyword with name 'Close All Open Tabs' found.</msg>
<status status="FAIL" endtime="20151210 19:43:31.350" starttime="20151210 19:43:31.347"></status>
</kw>
<doc></doc>
<tags>
</tags>
<status status="FAIL" critical="yes" endtime="20151210 19:43:31.354" starttime="20151210 19:43:31.335">No keyword with name 'Close All Open Tabs' found.</status>
</test>
<doc>A test case for Previewing all types of contents</doc>
<metadata>
</metadata>
<status status="FAIL" endtime="20151210 19:43:31.363" starttime="20151210 19:43:31.252"></status>
</suite>
<suite source="/Users/ImranChowdhury/Github/TestAutomation-5.7/TestAutomation/ContentStudio/Tests/ContentEngine/1.2.5.PreviewAllContent.txt" id="s1-s6" name="1.2.5.PreviewAllContent">
<test id="s1-s6-t1" name="'Preview All' all types of contents">
<kw type="kw" name="Close All Open Tabs">
<doc></doc>
<arguments>
</arguments>
<msg timestamp="20151210 19:43:31.470" level="FAIL">No keyword with name 'Close All Open Tabs' found.</msg>
<status status="FAIL" endtime="20151210 19:43:31.470" starttime="20151210 19:43:31.469"></status>
</kw>
<doc></doc>
<tags>
</tags>
<status status="FAIL" critical="yes" endtime="20151210 19:43:31.471" starttime="20151210 19:43:31.466">No keyword with name 'Close All Open Tabs' found.</status>
</test>
<doc>A test case for Preview All</doc>
<metadata>
</metadata>
<status status="FAIL" endtime="20151210 19:43:31.474" starttime="20151210 19:43:31.396"></status>
</suite>
<suite source="/Users/ImranChowdhury/Github/TestAutomation-5.7/TestAutomation/ContentStudio/Tests/ContentEngine/1.3.ResearchPanels.txt" id="s1-s7" name="1.3.ResearchPanels">
<test id="s1-s7-t1" name="Configure and review RSS Feed panel">
<kw type="kw" name="Remove Research Panel">
<doc></doc>
<arguments>
</arguments>
<msg timestamp="20151210 19:43:31.547" level="FAIL">No keyword with name 'Remove Research Panel' found.</msg>
<status status="FAIL" endtime="20151210 19:43:31.548" starttime="20151210 19:43:31.544"></status>
</kw>
<doc></doc>
<tags>
</tags>
<status status="FAIL" critical="yes" endtime="20151210 19:43:31.549" starttime="20151210 19:43:31.541">No keyword with name 'Remove Research Panel' found.</status>
</test>
<test id="s1-s7-t2" name="Configure and review Search Panel">
<kw type="kw" name="Create Search Panel">
<doc></doc>
<arguments>
</arguments>
<msg timestamp="20151210 19:43:31.554" level="FAIL">No keyword with name 'Create Search Panel' found.</msg>
<status status="FAIL" endtime="20151210 19:43:31.554" starttime="20151210 19:43:31.553"></status>
</kw>
<doc></doc>
<tags>
</tags>
<status status="FAIL" critical="yes" endtime="20151210 19:43:31.555" starttime="20151210 19:43:31.551">No keyword with name 'Create Search Panel' found.</status>
</test>
<doc>A test case for Configuring and reviewing Research Panels</doc>
<metadata>
</metadata>
<status status="FAIL" endtime="20151210 19:43:31.560" starttime="20151210 19:43:31.479"></status>
</suite>
<suite source="/Users/ImranChowdhury/Github/TestAutomation-5.7/TestAutomation/ContentStudio/Tests/ContentEngine/1.4.Clipboard.txt" id="s1-s8" name="1.4.Clipboard">
<test id="s1-s8-t1" name="Create A content and check if it's available on clipboard">
<kw type="kw" name="Close All Open Tabs">
<doc></doc>
<arguments>
</arguments>
<msg timestamp="20151210 19:43:31.659" level="FAIL">No keyword with name 'Close All Open Tabs' found.</msg>
<status status="FAIL" endtime="20151210 19:43:31.660" starttime="20151210 19:43:31.656"></status>
</kw>
<doc></doc>
<tags>
</tags>
<status status="FAIL" critical="yes" endtime="20151210 19:43:31.661" starttime="20151210 19:43:31.650">No keyword with name 'Close All Open Tabs' found.</status>
</test>
<test id="s1-s8-t2" name="Drag a story/picture to the list from Clipboard">
<kw type="kw" name="Delete List">
<doc></doc>
<arguments>
<arg>NewArticles</arg>
<arg>NewsList</arg>
</arguments>
<msg timestamp="20151210 19:43:31.670" level="FAIL">No keyword with name 'Delete List' found.</msg>
<status status="FAIL" endtime="20151210 19:43:31.670" starttime="20151210 19:43:31.667"></status>
</kw>
<doc></doc>
<tags>
</tags>
<status status="FAIL" critical="yes" endtime="20151210 19:43:31.672" starttime="20151210 19:43:31.663">No keyword with name 'Delete List' found.</status>
</test>
<test id="s1-s8-t3" name="Drag a story/picture from the list to the Clipboard.">
<kw type="kw" name="Close All Open Tabs">
<doc></doc>
<arguments>
</arguments>
<msg timestamp="20151210 19:43:31.679" level="FAIL">No keyword with name 'Close All Open Tabs' found.</msg>
<status status="FAIL" endtime="20151210 19:43:31.679" starttime="20151210 19:43:31.678"></status>
</kw>
<doc></doc>
<tags>
</tags>
<status status="FAIL" critical="yes" endtime="20151210 19:43:31.680" starttime="20151210 19:43:31.674">No keyword with name 'Close All Open Tabs' found.</status>
</test>
<test id="s1-s8-t4" name="Double click on a content of the clipboard">
<kw type="kw" name="Close All Open Tabs">
<doc></doc>
<arguments>
</arguments>
<msg timestamp="20151210 19:43:31.707" level="FAIL">No keyword with name 'Close All Open Tabs' found.</msg>
<status status="FAIL" endtime="20151210 19:43:31.708" starttime="20151210 19:43:31.703"></status>
</kw>
<doc></doc>
<tags>
</tags>
<status status="FAIL" critical="yes" endtime="20151210 19:43:31.710" starttime="20151210 19:43:31.682">No keyword with name 'Close All Open Tabs' found.</status>
</test>
<test id="s1-s8-t5" name="Remove content from the clipboard">
<kw type="kw" name="Create Content In Section">
<doc></doc>
<arguments>
<arg>NewArticles</arg>
</arguments>
<msg timestamp="20151210 19:43:31.720" level="FAIL">No keyword with name 'Create Content In Section' found.</msg>
<status status="FAIL" endtime="20151210 19:43:31.721" starttime="20151210 19:43:31.719"></status>
</kw>
<doc></doc>
<tags>
</tags>
<status status="FAIL" critical="yes" endtime="20151210 19:43:31.722" starttime="20151210 19:43:31.712">No keyword with name 'Create Content In Section' found.</status>
</test>
<test id="s1-s8-t6" name="Delete List">
<kw type="kw" name="Delete List">
<doc></doc>
<arguments>
<arg>NewArticles</arg>
<arg>NewsList</arg>
</arguments>
<msg timestamp="20151210 19:43:31.735" level="FAIL">No keyword with name 'Delete List' found.</msg>
<status status="FAIL" endtime="20151210 19:43:31.735" starttime="20151210 19:43:31.734"></status>
</kw>
<doc></doc>
<tags>
</tags>
<status status="FAIL" critical="yes" endtime="20151210 19:43:31.736" starttime="20151210 19:43:31.731">No keyword with name 'Delete List' found.</status>
</test>
<doc>Content Studio Clipboard Test cases</doc>
<metadata>
</metadata>
<status status="FAIL" endtime="20151210 19:43:31.750" starttime="20151210 19:43:31.565"></status>
</suite>
<suite source="/Users/ImranChowdhury/Github/TestAutomation-5.7/TestAutomation/ContentStudio/Tests/ContentEngine/1.5.SearchContent.txt" id="s1-s9" name="1.5.SearchContent">
<test id="s1-s9-t1" name="Search for all content">
<kw type="kw" name="Switch To Content Studio">
<doc></doc>
<arguments>
</arguments>
<msg timestamp="20151210 19:43:31.887" level="FAIL">No keyword with name 'Switch To Content Studio' found.</msg>
<status status="FAIL" endtime="20151210 19:43:31.888" starttime="20151210 19:43:31.886"></status>
</kw>
<doc></doc>
<tags>
</tags>
<status status="FAIL" critical="yes" endtime="20151210 19:43:31.890" starttime="20151210 19:43:31.883">No keyword with name 'Switch To Content Studio' found.</status>
</test>
<doc>Search for all content</doc>
<metadata>
</metadata>
<status status="FAIL" endtime="20151210 19:43:31.897" starttime="20151210 19:43:31.771"></status>
</suite>
<suite source="/Users/ImranChowdhury/Github/TestAutomation-5.7/TestAutomation/ContentStudio/Tests/ContentEngine/1.6.UpdateContent.txt" id="s1-s10" name="1.6.UpdateContent">
<test id="s1-s10-t1" name="Update Article Content">
<kw type="kw" name="Create Content In Section">
<doc></doc>
<arguments>
<arg>NewArticles</arg>
</arguments>
<msg timestamp="20151210 19:43:32.054" level="FAIL">No keyword with name 'Create Content In Section' found.</msg>
<status status="FAIL" endtime="20151210 19:43:32.054" starttime="20151210 19:43:32.053"></status>
</kw>
<doc></doc>
<tags>
</tags>
<status status="FAIL" critical="yes" endtime="20151210 19:43:32.057" starttime="20151210 19:43:32.049">No keyword with name 'Create Content In Section' found.</status>
</test>
<test id="s1-s10-t2" name="Update Image Content">
<kw type="kw" name="Create Image In Section">
<doc></doc>
<arguments>
<arg>Home</arg>
</arguments>
<msg timestamp="20151210 19:43:32.064" level="FAIL">No keyword with name 'Create Image In Section' found.</msg>
<status status="FAIL" endtime="20151210 19:43:32.065" starttime="20151210 19:43:32.063"></status>
</kw>
<doc></doc>
<tags>
</tags>
<status status="FAIL" critical="yes" endtime="20151210 19:43:32.066" starttime="20151210 19:43:32.059">No keyword with name 'Create Image In Section' found.</status>
</test>
<doc>Update all types of contents</doc>
<metadata>
</metadata>
<status status="FAIL" endtime="20151210 19:43:32.069" starttime="20151210 19:43:31.905"></status>
</suite>
<suite source="/Users/ImranChowdhury/Github/TestAutomation-5.7/TestAutomation/ContentStudio/Tests/ContentEngine/1.7.DeleteContent.txt" id="s1-s11" name="1.7.DeleteContent">
<test id="s1-s11-t1" name="Delete Article Contents">
<kw type="kw" name="Create Content In Section">
<doc></doc>
<arguments>
<arg>NewArticles</arg>
</arguments>
<msg timestamp="20151210 19:43:32.192" level="FAIL">No keyword with name 'Create Content In Section' found.</msg>
<status status="FAIL" endtime="20151210 19:43:32.192" starttime="20151210 19:43:32.191"></status>
</kw>
<doc></doc>
<tags>
</tags>
<status status="FAIL" critical="yes" endtime="20151210 19:43:32.193" starttime="20151210 19:43:32.187">No keyword with name 'Create Content In Section' found.</status>
</test>
<test id="s1-s11-t2" name="Delete Image Content">
<kw type="kw" name="Create Image In Section">
<doc></doc>
<arguments>
<arg>NewArticles</arg>
</arguments>
<msg timestamp="20151210 19:43:32.199" level="FAIL">No keyword with name 'Create Image In Section' found.</msg>
<status status="FAIL" endtime="20151210 19:43:32.199" starttime="20151210 19:43:32.198"></status>
</kw>
<doc></doc>
<tags>
</tags>
<status status="FAIL" critical="yes" endtime="20151210 19:43:32.200" starttime="20151210 19:43:32.195">No keyword with name 'Create Image In Section' found.</status>
</test>
<doc>Delete all types of contents</doc>
<metadata>
</metadata>
<status status="FAIL" endtime="20151210 19:43:32.203" starttime="20151210 19:43:32.074"></status>
</suite>
<suite source="/Users/ImranChowdhury/Github/TestAutomation-5.7/TestAutomation/ContentStudio/Tests/ContentEngine/1.8.MoreClipboard.txt" id="s1-s12" name="1.8.MoreClipboard">
<test id="s1-s12-t1" name="Drag article into clipboard">
<kw type="kw" name="Close All Open Tabs">
<doc></doc>
<arguments>
</arguments>
<msg timestamp="20151210 19:43:32.301" level="FAIL">No keyword with name 'Close All Open Tabs' found.</msg>
<status status="FAIL" endtime="20151210 19:43:32.302" starttime="20151210 19:43:32.301"></status>
</kw>
<doc></doc>
<tags>
</tags>
<status status="FAIL" critical="yes" endtime="20151210 19:43:32.306" starttime="20151210 19:43:32.298">No keyword with name 'Close All Open Tabs' found.</status>
</test>
<test id="s1-s12-t2" name="Use Open Selected">
<kw type="kw" name="Clean Up Clipboard">
<doc></doc>
<arguments>
</arguments>
<msg timestamp="20151210 19:43:32.312" level="FAIL">No keyword with name 'Clean Up Clipboard' found.</msg>
<status status="FAIL" endtime="20151210 19:43:32.313" starttime="20151210 19:43:32.312"></status>
</kw>
<doc></doc>
<tags>
</tags>
<status status="FAIL" critical="yes" endtime="20151210 19:43:32.314" starttime="20151210 19:43:32.309">No keyword with name 'Clean Up Clipboard' found.</status>
</test>
<test id="s1-s12-t3" name="Undo and Redo">
<kw type="kw" name="Clean Up Clipboard">
<doc></doc>
<arguments>
</arguments>
<msg timestamp="20151210 19:43:32.318" level="FAIL">No keyword with name 'Clean Up Clipboard' found.</msg>
<status status="FAIL" endtime="20151210 19:43:32.319" starttime="20151210 19:43:32.318"></status>
</kw>
<doc></doc>
<tags>
</tags>
<status status="FAIL" critical="yes" endtime="20151210 19:43:32.319" starttime="20151210 19:43:32.315">No keyword with name 'Clean Up Clipboard' found.</status>
</test>
<test id="s1-s12-t4" name="Copy, Paste, Cut">
<kw type="kw" name="Clean Up Clipboard">
<doc></doc>
<arguments>
</arguments>
<msg timestamp="20151210 19:43:32.325" level="FAIL">No keyword with name 'Clean Up Clipboard' found.</msg>
<status status="FAIL" endtime="20151210 19:43:32.326" starttime="20151210 19:43:32.324"></status>
</kw>
<doc></doc>
<tags>
</tags>
<status status="FAIL" critical="yes" endtime="20151210 19:43:32.328" starttime="20151210 19:43:32.321">No keyword with name 'Clean Up Clipboard' found.</status>
</test>
<doc>More Clipboard TC from ET</doc>
<metadata>
</metadata>
<status status="FAIL" endtime="20151210 19:43:32.330" starttime="20151210 19:43:32.207"></status>
</suite>
<suite source="/Users/ImranChowdhury/Github/TestAutomation-5.7/TestAutomation/ContentStudio/Tests/ContentEngine/1.9.1.0.VF-5864-OpenSearch.txt" id="s1-s13" name="1.9.1.0.VF-5864-OpenSearch">
<test id="s1-s13-t1" name="Testcase for custom search link provided by opensearch">
<kw type="kw" name="Switch To Content Studio">
<doc></doc>
<arguments>
</arguments>
<msg timestamp="20151210 19:43:32.764" level="FAIL">No keyword with name 'Switch To Content Studio' found.</msg>
<status status="FAIL" endtime="20151210 19:43:32.764" starttime="20151210 19:43:32.763"></status>
</kw>
<doc></doc>
<tags>
</tags>
<status status="FAIL" critical="yes" endtime="20151210 19:43:32.765" starttime="20151210 19:43:32.755">No keyword with name 'Switch To Content Studio' found.</status>
</test>
<doc>Testcase for custom search link provided by opensearch</doc>
<metadata>
</metadata>
<status status="FAIL" endtime="20151210 19:43:32.768" starttime="20151210 19:43:32.337"></status>
</suite>
<suite source="/Users/ImranChowdhury/Github/TestAutomation-5.7/TestAutomation/ContentStudio/Tests/ContentEngine/1.9.1.1.Locking.txt" id="s1-s14" name="1.9.1.1.Locking">
<test id="s1-s14-t1" name="Locking">
<kw type="kw" name="Close All Open Tabs">
<doc></doc>
<arguments>
</arguments>
<msg timestamp="20151210 19:43:32.912" level="FAIL">No keyword with name 'Close All Open Tabs' found.</msg>
<status status="FAIL" endtime="20151210 19:43:32.912" starttime="20151210 19:43:32.911"></status>
</kw>
<doc></doc>
<tags>
</tags>
<status status="FAIL" critical="yes" endtime="20151210 19:43:32.915" starttime="20151210 19:43:32.907">No keyword with name 'Close All Open Tabs' found.</status>
</test>
<doc>Check locking mechanism where two users try to edit the same content.</doc>
<metadata>
</metadata>
<status status="FAIL" endtime="20151210 19:43:32.917" starttime="20151210 19:43:32.771"></status>
</suite>
<suite source="/Users/ImranChowdhury/Github/TestAutomation-5.7/TestAutomation/ContentStudio/Tests/ContentEngine/1.9.2.NewUser.txt" id="s1-s15" name="1.9.2.NewUser">
<test id="s1-s15-t1" name="Create a content with a new user">
<kw type="kw" name="Create Content In Section">
<doc></doc>
<arguments>
<arg>NewArticles</arg>
</arguments>
<msg timestamp="20151210 19:43:33.030" level="FAIL">No keyword with name 'Create Content In Section' found.</msg>
<status status="FAIL" endtime="20151210 19:43:33.037" starttime="20151210 19:43:33.029"></status>
</kw>
<doc></doc>
<tags>
</tags>
<status status="FAIL" critical="yes" endtime="20151210 19:43:33.038" starttime="20151210 19:43:33.025">No keyword with name 'Create Content In Section' found.</status>
</test>
<doc>This test suite checks content studio events with a newly created user</doc>
<metadata>
</metadata>
<status status="FAIL" endtime="20151210 19:43:33.043" starttime="20151210 19:43:32.928"></status>
</suite>
<suite source="/Users/ImranChowdhury/Github/TestAutomation-5.7/TestAutomation/ContentStudio/Tests/ContentEngine/1.9.3.UTF-8.txt" id="s1-s16" name="1.9.3.UTF-8">
<test id="s1-s16-t1" name="Create a content with UTF-8 characters">
<kw type="kw" name="Switch To Content Studio">
<doc></doc>
<arguments>
</arguments>
<msg timestamp="20151210 19:43:33.363" level="FAIL">No keyword with name 'Switch To Content Studio' found.</msg>
<status status="FAIL" endtime="20151210 19:43:33.364" starttime="20151210 19:43:33.361"></status>
</kw>
<doc></doc>
<tags>
</tags>
<status status="FAIL" critical="yes" endtime="20151210 19:43:33.366" starttime="20151210 19:43:33.351">No keyword with name 'Switch To Content Studio' found.</status>
</test>
<test id="s1-s16-t2" name="Change input keyboard">
<kw type="kw" name="BuiltIn.Set Tags">
<doc>Adds given `tags` for the current test or all tests in a suite.</doc>
<arguments>
<arg>non-critical</arg>
</arguments>
<msg timestamp="20151210 19:43:33.372" level="TRACE">Arguments: [ u'non-critical' ]</msg>
<msg timestamp="20151210 19:43:33.374" level="INFO">Set tag 'non-critical'.</msg>
<msg timestamp="20151210 19:43:33.375" level="TRACE">Return: None</msg>
<status status="PASS" endtime="20151210 19:43:33.375" starttime="20151210 19:43:33.371"></status>
</kw>
<kw type="kw" name="Change Input Language">
<doc></doc>
<arguments>
</arguments>
<msg timestamp="20151210 19:43:33.377" level="FAIL">No keyword with name 'Change Input Language' found.</msg>
<status status="FAIL" endtime="20151210 19:43:33.377" starttime="20151210 19:43:33.376"></status>
</kw>
<doc></doc>
<tags>
<tag>non-critical</tag>
</tags>
<status status="FAIL" critical="no" endtime="20151210 19:43:33.379" starttime="20151210 19:43:33.368">No keyword with name 'Change Input Language' found.</status>
</test>
<doc>Create a content with UTF-8 characters</doc>
<metadata>
</metadata>
<status status="FAIL" endtime="20151210 19:43:33.382" starttime="20151210 19:43:33.048"></status>
</suite>
<suite source="/Users/ImranChowdhury/Github/TestAutomation-5.7/TestAutomation/ContentStudio/Tests/ContentEngine/1.9.4.LanguageNO.txt" id="s1-s17" name="1.9.4.LanguageNO">
<test id="s1-s17-t1" name="Open a content studio with Norwegian language">
<kw type="kw" name="Open Browser To Studio">
<doc></doc>
<arguments>
<arg>user.country=NO&amp;user.language=nb</arg>
</arguments>
<msg timestamp="20151210 19:43:33.764" level="FAIL">No keyword with name 'Open Browser To Studio' found.</msg>
<status status="FAIL" endtime="20151210 19:43:33.764" starttime="20151210 19:43:33.756"></status>
</kw>
<doc></doc>
<tags>
</tags>
<status status="FAIL" critical="yes" endtime="20151210 19:43:33.766" starttime="20151210 19:43:33.743">No keyword with name 'Open Browser To Studio' found.</status>
</test>
<doc>Open a content studio with Norwegian language</doc>
<metadata>
</metadata>
<status status="FAIL" endtime="20151210 19:43:33.771" starttime="20151210 19:43:33.392"></status>
</suite>
<suite source="/Users/ImranChowdhury/Github/TestAutomation-5.7/TestAutomation/ContentStudio/Tests/ContentEngine/1.9.5.VF-5854.txt" id="s1-s18" name="1.9.5.VF-5854">
<test id="s1-s18-t1" name="Checks field value of one memcached item">
<kw type="kw" name="Switch To Content Studio">
<doc></doc>
<arguments>
</arguments>
<msg timestamp="20151210 19:43:34.078" level="FAIL">No keyword with name 'Switch To Content Studio' found.</msg>
<status status="FAIL" endtime="20151210 19:43:34.078" starttime="20151210 19:43:34.077"></status>
</kw>
<doc></doc>
<tags>
</tags>
<status status="FAIL" critical="yes" endtime="20151210 19:43:34.079" starttime="20151210 19:43:34.071">No keyword with name 'Switch To Content Studio' found.</status>
</test>
<doc>Checks field value of one memcached item</doc>
<metadata>
</metadata>
<status status="FAIL" endtime="20151210 19:43:34.081" starttime="20151210 19:43:33.775"></status>
</suite>
<suite source="/Users/ImranChowdhury/Github/TestAutomation-5.7/TestAutomation/ContentStudio/Tests/ContentEngine/1.9.8.CreateTag.txt" id="s1-s19" name="1.9.8.CreateTag">
<test id="s1-s19-t1" name="Create a Tag and check if that can be used">
<kw type="kw" name="Switch To Content Studio">
<doc></doc>
<arguments>
</arguments>
<msg timestamp="20151210 19:43:34.370" level="FAIL">No keyword with name 'Switch To Content Studio' found.</msg>
<status status="FAIL" endtime="20151210 19:43:34.371" starttime="20151210 19:43:34.370"></status>
</kw>
<doc></doc>
<tags>
</tags>
<status status="FAIL" critical="yes" endtime="20151210 19:43:34.372" starttime="20151210 19:43:34.367">No keyword with name 'Switch To Content Studio' found.</status>
</test>
<doc>Create a Tag and check if that can be used.</doc>
<metadata>
</metadata>
<status status="FAIL" endtime="20151210 19:43:34.375" starttime="20151210 19:43:34.088"></status>
</suite>
<suite source="/Users/ImranChowdhury/Github/TestAutomation-5.7/TestAutomation/ContentStudio/Tests/ContentEngine/1.9.9.1.CreateSectionCS.txt" id="s1-s20" name="1.9.9.1.CreateSectionCS">
<test id="s1-s20-t1" name="Create a new section in CS">
<kw type="kw" name="Switch To Content Studio">
<doc></doc>
<arguments>
</arguments>
<msg timestamp="20151210 19:43:34.658" level="FAIL">No keyword with name 'Switch To Content Studio' found.</msg>
<status status="FAIL" endtime="20151210 19:43:34.658" starttime="20151210 19:43:34.657"></status>
</kw>
<doc></doc>
<tags>
</tags>
<status status="FAIL" critical="yes" endtime="20151210 19:43:34.660" starttime="20151210 19:43:34.654">No keyword with name 'Switch To Content Studio' found.</status>
</test>
<test id="s1-s20-t2" name="Modify an existing section in CS">
<kw type="kw" name="Switch To Content Studio">
<doc></doc>
<arguments>
</arguments>
<msg timestamp="20151210 19:43:34.667" level="FAIL">No keyword with name 'Switch To Content Studio' found.</msg>
<status status="FAIL" endtime="20151210 19:43:34.668" starttime="20151210 19:43:34.666"></status>
</kw>
<doc></doc>
<tags>
</tags>
<status status="FAIL" critical="yes" endtime="20151210 19:43:34.669" starttime="20151210 19:43:34.662">No keyword with name 'Switch To Content Studio' found.</status>
</test>
<test id="s1-s20-t3" name="Move a section in CS">
<kw type="kw" name="Close All Open Tabs">
<doc></doc>
<arguments>
</arguments>
<msg timestamp="20151210 19:43:34.678" level="FAIL">No keyword with name 'Close All Open Tabs' found.</msg>
<status status="FAIL" endtime="20151210 19:43:34.678" starttime="20151210 19:43:34.677"></status>
</kw>
<doc></doc>
<tags>
</tags>
<status status="FAIL" critical="yes" endtime="20151210 19:43:34.679" starttime="20151210 19:43:34.671">No keyword with name 'Close All Open Tabs' found.</status>
</test>
<test id="s1-s20-t4" name="Delete a section in CS">
<kw type="kw" name="Close All Open Tabs">
<doc></doc>
<arguments>
</arguments>
<msg timestamp="20151210 19:43:34.684" level="FAIL">No keyword with name 'Close All Open Tabs' found.</msg>
<status status="FAIL" endtime="20151210 19:43:34.685" starttime="20151210 19:43:34.684"></status>
</kw>
<doc></doc>
<tags>
</tags>
<status status="FAIL" critical="yes" endtime="20151210 19:43:34.685" starttime="20151210 19:43:34.681">No keyword with name 'Close All Open Tabs' found.</status>
</test>
<doc>Create/Modify/Move/Delete a Section</doc>
<metadata>
</metadata>
<status status="FAIL" endtime="20151210 19:43:34.688" starttime="20151210 19:43:34.379"></status>
</suite>
<suite source="/Users/ImranChowdhury/Github/TestAutomation-5.7/TestAutomation/ContentStudio/Tests/ContentEngine/1.9.9.SectionPages.txt" id="s1-s21" name="1.9.9.SectionPages">
<test id="s1-s21-t1" name="Create/Delete new section pages">
<kw type="kw" name="Switch To Content Studio">
<doc></doc>
<arguments>
</arguments>
<msg timestamp="20151210 19:43:34.988" level="FAIL">No keyword with name 'Switch To Content Studio' found.</msg>
<status status="FAIL" endtime="20151210 19:43:34.988" starttime="20151210 19:43:34.987"></status>
</kw>
<doc></doc>
<tags>
</tags>
<status status="FAIL" critical="yes" endtime="20151210 19:43:34.990" starttime="20151210 19:43:34.980">No keyword with name 'Switch To Content Studio' found.</status>
</test>
<doc>Create/Delete new section pages. Regression VF-6023</doc>
<metadata>
</metadata>
<status status="FAIL" endtime="20151210 19:43:34.994" starttime="20151210 19:43:34.695"></status>
</suite>
<suite source="/Users/ImranChowdhury/Github/TestAutomation-5.7/TestAutomation/ContentStudio/Tests/ContentEngine/2.1.0.CreateArticle.txt" id="s1-s22" name="2.1.0.CreateArticle">
<test id="s1-s22-t1" name="Creates 1000 articles in parallel threads">
<kw type="kw" name="BuiltIn.Set Tags">
<doc>Adds given `tags` for the current test or all tests in a suite.</doc>
<arguments>
<arg>non-critical</arg>
</arguments>
<msg timestamp="20151210 19:43:35.320" level="TRACE">Arguments: [ u'non-critical' ]</msg>
<msg timestamp="20151210 19:43:35.321" level="INFO">Set tag 'non-critical'.</msg>
<msg timestamp="20151210 19:43:35.321" level="TRACE">Return: None</msg>
<status status="PASS" endtime="20151210 19:43:35.321" starttime="20151210 19:43:35.319"></status>
</kw>
<kw type="kw" name="Open Browser To Publication">
<doc></doc>
<arguments>
<arg>template/qa/createArticle.jsp</arg>
</arguments>
<msg timestamp="20151210 19:43:35.323" level="FAIL">No keyword with name 'Open Browser To Publication' found.</msg>
<status status="FAIL" endtime="20151210 19:43:35.325" starttime="20151210 19:43:35.322"></status>
</kw>
<doc></doc>
<tags>
<tag>non-critical</tag>
</tags>
<status status="FAIL" critical="no" endtime="20151210 19:43:35.329" starttime="20151210 19:43:35.317">No keyword with name 'Open Browser To Publication' found.</status>
</test>
<doc>Creates 1000 articles in parallel threads</doc>
<metadata>
</metadata>
<status status="PASS" endtime="20151210 19:43:35.332" starttime="20151210 19:43:35.001"></status>
</suite>
<suite source="/Users/ImranChowdhury/Github/TestAutomation-5.7/TestAutomation/ContentStudio/Tests/ContentEngine/2.3.TeaserWidgetDSBySection.txt" id="s1-s23" name="2.3.TeaserWidgetDSBySection">
<test id="s1-s23-t1" name="Create a Teaser Widget with Data source query by section">
<kw type="kw" name="Switch To Content Studio">
<doc></doc>
<arguments>
</arguments>
<msg timestamp="20151210 19:43:35.633" level="FAIL">No keyword with name 'Switch To Content Studio' found.</msg>
<status status="FAIL" endtime="20151210 19:43:35.634" starttime="20151210 19:43:35.633"></status>
</kw>
<doc></doc>
<tags>
</tags>
<status status="FAIL" critical="yes" endtime="20151210 19:43:35.635" starttime="20151210 19:43:35.629">No keyword with name 'Switch To Content Studio' found.</status>
</test>
<test id="s1-s23-t2" name="Remove teaser widget">
<kw type="kw" name="BuiltIn.Set Tags">
<doc>Adds given `tags` for the current test or all tests in a suite.</doc>
<arguments>
<arg>non-critical</arg>
</arguments>
<msg timestamp="20151210 19:43:35.640" level="TRACE">Arguments: [ u'non-critical' ]</msg>
<msg timestamp="20151210 19:43:35.642" level="INFO">Set tag 'non-critical'.</msg>
<msg timestamp="20151210 19:43:35.643" level="TRACE">Return: None</msg>
<status status="PASS" endtime="20151210 19:43:35.643" starttime="20151210 19:43:35.639"></status>
</kw>
<kw type="kw" name="Close All Open Tabs">
<doc></doc>
<arguments>
</arguments>
<msg timestamp="20151210 19:43:35.646" level="FAIL">No keyword with name 'Close All Open Tabs' found.</msg>
<status status="FAIL" endtime="20151210 19:43:35.646" starttime="20151210 19:43:35.645"></status>
</kw>
<doc></doc>
<tags>
<tag>non-critical</tag>
</tags>
<status status="FAIL" critical="no" endtime="20151210 19:43:35.648" starttime="20151210 19:43:35.636">No keyword with name 'Close All Open Tabs' found.</status>
</test>
<doc>Create a Teaser Widget with Data source query by section</doc>
<metadata>
</metadata>
<status status="FAIL" endtime="20151210 19:43:35.650" starttime="20151210 19:43:35.336"></status>
</suite>
<suite source="/Users/ImranChowdhury/Github/TestAutomation-5.7/TestAutomation/ContentStudio/Tests/ContentEngine/2.4.UrlRedirection.txt" id="s1-s24" name="2.4.UrlRedirection">
<test id="s1-s24-t1" name="Check if section url redirection works properly">
<kw type="kw" name="Open Browser To Publication">
<doc></doc>
<arguments>
<arg>sports</arg>
</arguments>
<msg timestamp="20151210 19:43:35.962" level="FAIL">No keyword with name 'Open Browser To Publication' found.</msg>
<status status="FAIL" endtime="20151210 19:43:35.963" starttime="20151210 19:43:35.960"></status>
</kw>
<doc></doc>
<tags>
</tags>
<status status="FAIL" critical="yes" endtime="20151210 19:43:35.965" starttime="20151210 19:43:35.953">No keyword with name 'Open Browser To Publication' found.</status>
</test>
<test id="s1-s24-t2" name="Check if redirection works with special character in pretty url">
<kw type="kw" name="Switch To Content Studio">
<doc></doc>
<arguments>
</arguments>
<msg timestamp="20151210 19:43:35.972" level="FAIL">No keyword with name 'Switch To Content Studio' found.</msg>
<status status="FAIL" endtime="20151210 19:43:35.972" starttime="20151210 19:43:35.971"></status>
</kw>
<doc></doc>
<tags>
</tags>
<status status="FAIL" critical="yes" endtime="20151210 19:43:35.974" starttime="20151210 19:43:35.968">No keyword with name 'Switch To Content Studio' found.</status>
</test>
<doc>Check if url redirection works properly</doc>
<metadata>
</metadata>
<status status="FAIL" endtime="20151210 19:43:35.976" starttime="20151210 19:43:35.658"></status>
</suite>
<doc></doc>
<metadata>
</metadata>
<status status="FAIL" endtime="20151210 19:43:35.990" starttime="20151210 19:43:30.252"></status>
</suite>
<statistics>
<total>
<stat pass="0" fail="39">Critical Tests</stat>
<stat pass="0" fail="42">All Tests</stat>
</total>
<tag>
<stat pass="0" info="non-critical" doc="" combined="" fail="3" links="">non-critical</stat>
</tag>
<suite>
<stat pass="0" id="s1" fail="42" name="ContentEngine">ContentEngine</stat>
<stat pass="0" id="s1-s1" fail="1" name="1.1.Login">ContentEngine.1.1.Login</stat>
<stat pass="0" id="s1-s2" fail="2" name="1.2.1.AddRemoveContent">ContentEngine.1.2.1.AddRemoveContent</stat>
<stat pass="0" id="s1-s3" fail="1" name="1.2.2.SelectUnselectInbox">ContentEngine.1.2.2.SelectUnselectInbox</stat>
<stat pass="0" id="s1-s4" fail="1" name="1.2.3.SelectUnselectList">ContentEngine.1.2.3.SelectUnselectList</stat>
<stat pass="0" id="s1-s5" fail="1" name="1.2.4.PreviewContent">ContentEngine.1.2.4.PreviewContent</stat>
<stat pass="0" id="s1-s6" fail="1" name="1.2.5.PreviewAllContent">ContentEngine.1.2.5.PreviewAllContent</stat>
<stat pass="0" id="s1-s7" fail="2" name="1.3.ResearchPanels">ContentEngine.1.3.ResearchPanels</stat>
<stat pass="0" id="s1-s8" fail="6" name="1.4.Clipboard">ContentEngine.1.4.Clipboard</stat>
<stat pass="0" id="s1-s9" fail="1" name="1.5.SearchContent">ContentEngine.1.5.SearchContent</stat>
<stat pass="0" id="s1-s10" fail="2" name="1.6.UpdateContent">ContentEngine.1.6.UpdateContent</stat>
<stat pass="0" id="s1-s11" fail="2" name="1.7.DeleteContent">ContentEngine.1.7.DeleteContent</stat>
<stat pass="0" id="s1-s12" fail="4" name="1.8.MoreClipboard">ContentEngine.1.8.MoreClipboard</stat>
<stat pass="0" id="s1-s13" fail="1" name="1.9.1.0.VF-5864-OpenSearch">ContentEngine.1.9.1.0.VF-5864-OpenSearch</stat>
<stat pass="0" id="s1-s14" fail="1" name="1.9.1.1.Locking">ContentEngine.1.9.1.1.Locking</stat>
<stat pass="0" id="s1-s15" fail="1" name="1.9.2.NewUser">ContentEngine.1.9.2.NewUser</stat>
<stat pass="0" id="s1-s16" fail="2" name="1.9.3.UTF-8">ContentEngine.1.9.3.UTF-8</stat>
<stat pass="0" id="s1-s17" fail="1" name="1.9.4.LanguageNO">ContentEngine.1.9.4.LanguageNO</stat>
<stat pass="0" id="s1-s18" fail="1" name="1.9.5.VF-5854">ContentEngine.1.9.5.VF-5854</stat>
<stat pass="0" id="s1-s19" fail="1" name="1.9.8.CreateTag">ContentEngine.1.9.8.CreateTag</stat>
<stat pass="0" id="s1-s20" fail="4" name="1.9.9.1.CreateSectionCS">ContentEngine.1.9.9.1.CreateSectionCS</stat>
<stat pass="0" id="s1-s21" fail="1" name="1.9.9.SectionPages">ContentEngine.1.9.9.SectionPages</stat>
<stat pass="0" id="s1-s22" fail="1" name="2.1.0.CreateArticle">ContentEngine.2.1.0.CreateArticle</stat>
<stat pass="0" id="s1-s23" fail="2" name="2.3.TeaserWidgetDSBySection">ContentEngine.2.3.TeaserWidgetDSBySection</stat>
<stat pass="0" id="s1-s24" fail="2" name="2.4.UrlRedirection">ContentEngine.2.4.UrlRedirection</stat>
</suite>
</statistics>
<errors>
<msg timestamp="20151210 19:43:30.700" level="ERROR">Error in file '/Users/ImranChowdhury/Github/TestAutomation-5.7/TestAutomation/ContentStudio/Tests/ContentEngine/1.1.Login.txt': Importing test library 'ContentStudio.ContentStudio' failed: ImportError: No module named sikuli
Traceback (most recent call last):
  File "/Users/ImranChowdhury/Github/TestAutomation-5.7/TestAutomation/ContentStudio/content-studio.sikuli/ContentStudio.py", line 1, in &lt;module&gt;
    from sikuli.Sikuli import *
PYTHONPATH:
  /Users/ImranChowdhury/Github/TestAutomation-5.7/TestAutomation/ContentStudio/content-studio.sikuli
  /Library/Java/Extensions/robotframework-2.8.1.jar/Lib/robot/libraries
  /Library/Java/Extensions/robotframework-2.8.1.jar/Lib
  robotframework-2.8.1.jar\Lib
  sikuli-script.jar\Lib
  /Library/Java/Extensions/Lib
  __classpath__
  __pyclasspath__/
  .
  /Users/ImranChowdhury/Github/TestAutomation-5.7/TestAutomation/ContentStudio
CLASSPATH:
  sikuli-script.jar</msg>
<msg timestamp="20151210 19:43:30.759" level="ERROR">Error in file '/Users/ImranChowdhury/Github/TestAutomation-5.7/TestAutomation/ContentStudio/Tests/ContentEngine/1.1.Login.txt': Importing test library 'SikuliCS' failed: ImportError: No module named sikuli
Traceback (most recent call last):
  File "/Users/ImranChowdhury/Github/TestAutomation-5.7/TestAutomation/ContentStudio/content-studio.sikuli/SikuliCS.py", line 1, in &lt;module&gt;
    from sikuli.Sikuli import *
PYTHONPATH:
  /Users/ImranChowdhury/Github/TestAutomation-5.7/TestAutomation/ContentStudio/content-studio.sikuli
  /Library/Java/Extensions/robotframework-2.8.1.jar/Lib/robot/libraries
  /Library/Java/Extensions/robotframework-2.8.1.jar/Lib
  robotframework-2.8.1.jar\Lib
  sikuli-script.jar\Lib
  /Library/Java/Extensions/Lib
  __classpath__
  __pyclasspath__/
  .
  /Users/ImranChowdhury/Github/TestAutomation-5.7/TestAutomation/ContentStudio
CLASSPATH:
  sikuli-script.jar</msg>
<msg timestamp="20151210 19:43:30.864" level="ERROR">Error in file '/Users/ImranChowdhury/Github/TestAutomation-5.7/TestAutomation/ContentStudio/Tests/ContentEngine/1.2.1.AddRemoveContent.txt': Importing test library 'ContentStudioClipboard.ContentStudioClipboard' failed: ImportError: No module named sikuli
Traceback (most recent call last):
  File "/Users/ImranChowdhury/Github/TestAutomation-5.7/TestAutomation/ContentStudio/content-studio.sikuli/ContentStudioClipboard.py", line 1, in &lt;module&gt;
    from sikuli.Sikuli import *
PYTHONPATH:
  /Users/ImranChowdhury/Github/TestAutomation-5.7/TestAutomation/ContentStudio/content-studio.sikuli
  /Library/Java/Extensions/robotframework-2.8.1.jar/Lib/robot/libraries
  /Library/Java/Extensions/robotframework-2.8.1.jar/Lib
  robotframework-2.8.1.jar\Lib
  sikuli-script.jar\Lib
  /Library/Java/Extensions/Lib
  __classpath__
  __pyclasspath__/
  .
  /Users/ImranChowdhury/Github/TestAutomation-5.7/TestAutomation/ContentStudio
CLASSPATH:
  sikuli-script.jar</msg>
<msg timestamp="20151210 19:43:30.923" level="ERROR">Error in file '/Users/ImranChowdhury/Github/TestAutomation-5.7/TestAutomation/ContentStudio/Tests/ContentEngine/1.2.1.AddRemoveContent.txt': Importing test library 'ContentStudio.ContentStudio' failed: ImportError: No module named sikuli
Traceback (most recent call last):
  File "/Users/ImranChowdhury/Github/TestAutomation-5.7/TestAutomation/ContentStudio/content-studio.sikuli/ContentStudio.py", line 1, in &lt;module&gt;
    from sikuli.Sikuli import *
PYTHONPATH:
  /Users/ImranChowdhury/Github/TestAutomation-5.7/TestAutomation/ContentStudio/content-studio.sikuli
  /Library/Java/Extensions/robotframework-2.8.1.jar/Lib/robot/libraries
  /Library/Java/Extensions/robotframework-2.8.1.jar/Lib
  robotframework-2.8.1.jar\Lib
  sikuli-script.jar\Lib
  /Library/Java/Extensions/Lib
  __classpath__
  __pyclasspath__/
  .
  /Users/ImranChowdhury/Github/TestAutomation-5.7/TestAutomation/ContentStudio
CLASSPATH:
  sikuli-script.jar</msg>
<msg timestamp="20151210 19:43:31.027" level="ERROR">Error in file '/Users/ImranChowdhury/Github/TestAutomation-5.7/TestAutomation/ContentStudio/Tests/ContentEngine/1.2.2.SelectUnselectInbox.txt': Importing test library 'ContentStudioClipboard.ContentStudioClipboard' failed: ImportError: No module named sikuli
Traceback (most recent call last):
  File "/Users/ImranChowdhury/Github/TestAutomation-5.7/TestAutomation/ContentStudio/content-studio.sikuli/ContentStudioClipboard.py", line 1, in &lt;module&gt;
    from sikuli.Sikuli import *
PYTHONPATH:
  /Users/ImranChowdhury/Github/TestAutomation-5.7/TestAutomation/ContentStudio/content-studio.sikuli
  /Library/Java/Extensions/robotframework-2.8.1.jar/Lib/robot/libraries
  /Library/Java/Extensions/robotframework-2.8.1.jar/Lib
  robotframework-2.8.1.jar\Lib
  sikuli-script.jar\Lib
  /Library/Java/Extensions/Lib
  __classpath__
  __pyclasspath__/
  .
  /Users/ImranChowdhury/Github/TestAutomation-5.7/TestAutomation/ContentStudio
CLASSPATH:
  sikuli-script.jar</msg>
<msg timestamp="20151210 19:43:31.078" level="ERROR">Error in file '/Users/ImranChowdhury/Github/TestAutomation-5.7/TestAutomation/ContentStudio/Tests/ContentEngine/1.2.2.SelectUnselectInbox.txt': Importing test library 'ContentStudio.ContentStudio' failed: ImportError: No module named sikuli
Traceback (most recent call last):
  File "/Users/ImranChowdhury/Github/TestAutomation-5.7/TestAutomation/ContentStudio/content-studio.sikuli/ContentStudio.py", line 1, in &lt;module&gt;
    from sikuli.Sikuli import *
PYTHONPATH:
  /Users/ImranChowdhury/Github/TestAutomation-5.7/TestAutomation/ContentStudio/content-studio.sikuli
  /Library/Java/Extensions/robotframework-2.8.1.jar/Lib/robot/libraries
  /Library/Java/Extensions/robotframework-2.8.1.jar/Lib
  robotframework-2.8.1.jar\Lib
  sikuli-script.jar\Lib
  /Library/Java/Extensions/Lib
  __classpath__
  __pyclasspath__/
  .
  /Users/ImranChowdhury/Github/TestAutomation-5.7/TestAutomation/ContentStudio
CLASSPATH:
  sikuli-script.jar</msg>
<msg timestamp="20151210 19:43:31.177" level="ERROR">Error in file '/Users/ImranChowdhury/Github/TestAutomation-5.7/TestAutomation/ContentStudio/Tests/ContentEngine/1.2.3.SelectUnselectList.txt': Importing test library 'ContentStudioClipboard.ContentStudioClipboard' failed: ImportError: No module named sikuli
Traceback (most recent call last):
  File "/Users/ImranChowdhury/Github/TestAutomation-5.7/TestAutomation/ContentStudio/content-studio.sikuli/ContentStudioClipboard.py", line 1, in &lt;module&gt;
    from sikuli.Sikuli import *
PYTHONPATH:
  /Users/ImranChowdhury/Github/TestAutomation-5.7/TestAutomation/ContentStudio/content-studio.sikuli
  /Library/Java/Extensions/robotframework-2.8.1.jar/Lib/robot/libraries
  /Library/Java/Extensions/robotframework-2.8.1.jar/Lib
  robotframework-2.8.1.jar\Lib
  sikuli-script.jar\Lib
  /Library/Java/Extensions/Lib
  __classpath__
  __pyclasspath__/
  .
  /Users/ImranChowdhury/Github/TestAutomation-5.7/TestAutomation/ContentStudio
CLASSPATH:
  sikuli-script.jar</msg>
<msg timestamp="20151210 19:43:31.226" level="ERROR">Error in file '/Users/ImranChowdhury/Github/TestAutomation-5.7/TestAutomation/ContentStudio/Tests/ContentEngine/1.2.3.SelectUnselectList.txt': Importing test library 'ContentStudio.ContentStudio' failed: ImportError: No module named sikuli
Traceback (most recent call last):
  File "/Users/ImranChowdhury/Github/TestAutomation-5.7/TestAutomation/ContentStudio/content-studio.sikuli/ContentStudio.py", line 1, in &lt;module&gt;
    from sikuli.Sikuli import *
PYTHONPATH:
  /Users/ImranChowdhury/Github/TestAutomation-5.7/TestAutomation/ContentStudio/content-studio.sikuli
  /Library/Java/Extensions/robotframework-2.8.1.jar/Lib/robot/libraries
  /Library/Java/Extensions/robotframework-2.8.1.jar/Lib
  robotframework-2.8.1.jar\Lib
  sikuli-script.jar\Lib
  /Library/Java/Extensions/Lib
  __classpath__
  __pyclasspath__/
  .
  /Users/ImranChowdhury/Github/TestAutomation-5.7/TestAutomation/ContentStudio
CLASSPATH:
  sikuli-script.jar</msg>
<msg timestamp="20151210 19:43:31.295" level="ERROR">Error in file '/Users/ImranChowdhury/Github/TestAutomation-5.7/TestAutomation/ContentStudio/Tests/ContentEngine/1.2.4.PreviewContent.txt': Importing test library 'ContentStudioClipboard.ContentStudioClipboard' failed: ImportError: No module named sikuli
Traceback (most recent call last):
  File "/Users/ImranChowdhury/Github/TestAutomation-5.7/TestAutomation/ContentStudio/content-studio.sikuli/ContentStudioClipboard.py", line 1, in &lt;module&gt;
    from sikuli.Sikuli import *
PYTHONPATH:
  /Users/ImranChowdhury/Github/TestAutomation-5.7/TestAutomation/ContentStudio/content-studio.sikuli
  /Library/Java/Extensions/robotframework-2.8.1.jar/Lib/robot/libraries
  /Library/Java/Extensions/robotframework-2.8.1.jar/Lib
  robotframework-2.8.1.jar\Lib
  sikuli-script.jar\Lib
  /Library/Java/Extensions/Lib
  __classpath__
  __pyclasspath__/
  .
  /Users/ImranChowdhury/Github/TestAutomation-5.7/TestAutomation/ContentStudio
CLASSPATH:
  sikuli-script.jar</msg>
<msg timestamp="20151210 19:43:31.328" level="ERROR">Error in file '/Users/ImranChowdhury/Github/TestAutomation-5.7/TestAutomation/ContentStudio/Tests/ContentEngine/1.2.4.PreviewContent.txt': Importing test library 'ContentStudio.ContentStudio' failed: ImportError: No module named sikuli
Traceback (most recent call last):
  File "/Users/ImranChowdhury/Github/TestAutomation-5.7/TestAutomation/ContentStudio/content-studio.sikuli/ContentStudio.py", line 1, in &lt;module&gt;
    from sikuli.Sikuli import *
PYTHONPATH:
  /Users/ImranChowdhury/Github/TestAutomation-5.7/TestAutomation/ContentStudio/content-studio.sikuli
  /Library/Java/Extensions/robotframework-2.8.1.jar/Lib/robot/libraries
  /Library/Java/Extensions/robotframework-2.8.1.jar/Lib
  robotframework-2.8.1.jar\Lib
  sikuli-script.jar\Lib
  /Library/Java/Extensions/Lib
  __classpath__
  __pyclasspath__/
  .
  /Users/ImranChowdhury/Github/TestAutomation-5.7/TestAutomation/ContentStudio
CLASSPATH:
  sikuli-script.jar</msg>
<msg timestamp="20151210 19:43:31.461" level="ERROR">Error in file '/Users/ImranChowdhury/Github/TestAutomation-5.7/TestAutomation/ContentStudio/Tests/ContentEngine/1.2.5.PreviewAllContent.txt': Importing test library 'ContentStudio.ContentStudio' failed: ImportError: No module named sikuli
Traceback (most recent call last):
  File "/Users/ImranChowdhury/Github/TestAutomation-5.7/TestAutomation/ContentStudio/content-studio.sikuli/ContentStudio.py", line 1, in &lt;module&gt;
    from sikuli.Sikuli import *
PYTHONPATH:
  /Users/ImranChowdhury/Github/TestAutomation-5.7/TestAutomation/ContentStudio/content-studio.sikuli
  /Library/Java/Extensions/robotframework-2.8.1.jar/Lib/robot/libraries
  /Library/Java/Extensions/robotframework-2.8.1.jar/Lib
  robotframework-2.8.1.jar\Lib
  sikuli-script.jar\Lib
  /Library/Java/Extensions/Lib
  __classpath__
  __pyclasspath__/
  .
  /Users/ImranChowdhury/Github/TestAutomation-5.7/TestAutomation/ContentStudio
CLASSPATH:
  sikuli-script.jar</msg>
<msg timestamp="20151210 19:43:31.535" level="ERROR">Error in file '/Users/ImranChowdhury/Github/TestAutomation-5.7/TestAutomation/ContentStudio/Tests/ContentEngine/1.3.ResearchPanels.txt': Importing test library 'ContentStudio.ContentStudio' failed: ImportError: No module named sikuli
Traceback (most recent call last):
  File "/Users/ImranChowdhury/Github/TestAutomation-5.7/TestAutomation/ContentStudio/content-studio.sikuli/ContentStudio.py", line 1, in &lt;module&gt;
    from sikuli.Sikuli import *
PYTHONPATH:
  /Users/ImranChowdhury/Github/TestAutomation-5.7/TestAutomation/ContentStudio/content-studio.sikuli
  /Library/Java/Extensions/robotframework-2.8.1.jar/Lib/robot/libraries
  /Library/Java/Extensions/robotframework-2.8.1.jar/Lib
  robotframework-2.8.1.jar\Lib
  sikuli-script.jar\Lib
  /Library/Java/Extensions/Lib
  __classpath__
  __pyclasspath__/
  .
  /Users/ImranChowdhury/Github/TestAutomation-5.7/TestAutomation/ContentStudio
CLASSPATH:
  sikuli-script.jar</msg>
<msg timestamp="20151210 19:43:31.612" level="ERROR">Error in file '/Users/ImranChowdhury/Github/TestAutomation-5.7/TestAutomation/ContentStudio/Tests/ContentEngine/1.4.Clipboard.txt': Importing test library 'ContentStudioClipboard.ContentStudioClipboard' failed: ImportError: No module named sikuli
Traceback (most recent call last):
  File "/Users/ImranChowdhury/Github/TestAutomation-5.7/TestAutomation/ContentStudio/content-studio.sikuli/ContentStudioClipboard.py", line 1, in &lt;module&gt;
    from sikuli.Sikuli import *
PYTHONPATH:
  /Users/ImranChowdhury/Github/TestAutomation-5.7/TestAutomation/ContentStudio/content-studio.sikuli
  /Library/Java/Extensions/robotframework-2.8.1.jar/Lib/robot/libraries
  /Library/Java/Extensions/robotframework-2.8.1.jar/Lib
  robotframework-2.8.1.jar\Lib
  sikuli-script.jar\Lib
  /Library/Java/Extensions/Lib
  __classpath__
  __pyclasspath__/
  .
  /Users/ImranChowdhury/Github/TestAutomation-5.7/TestAutomation/ContentStudio
CLASSPATH:
  sikuli-script.jar</msg>
<msg timestamp="20151210 19:43:31.645" level="ERROR">Error in file '/Users/ImranChowdhury/Github/TestAutomation-5.7/TestAutomation/ContentStudio/Tests/ContentEngine/1.4.Clipboard.txt': Importing test library 'ContentStudio.ContentStudio' failed: ImportError: No module named sikuli
Traceback (most recent call last):
  File "/Users/ImranChowdhury/Github/TestAutomation-5.7/TestAutomation/ContentStudio/content-studio.sikuli/ContentStudio.py", line 1, in &lt;module&gt;
    from sikuli.Sikuli import *
PYTHONPATH:
  /Users/ImranChowdhury/Github/TestAutomation-5.7/TestAutomation/ContentStudio/content-studio.sikuli
  /Library/Java/Extensions/robotframework-2.8.1.jar/Lib/robot/libraries
  /Library/Java/Extensions/robotframework-2.8.1.jar/Lib
  robotframework-2.8.1.jar\Lib
  sikuli-script.jar\Lib
  /Library/Java/Extensions/Lib
  __classpath__
  __pyclasspath__/
  .
  /Users/ImranChowdhury/Github/TestAutomation-5.7/TestAutomation/ContentStudio
CLASSPATH:
  sikuli-script.jar</msg>
<msg timestamp="20151210 19:43:31.859" level="ERROR">Error in file '/Users/ImranChowdhury/Github/TestAutomation-5.7/TestAutomation/ContentStudio/Tests/ContentEngine/1.5.SearchContent.txt': Importing test library 'ContentStudio.ContentStudio' failed: ImportError: No module named sikuli
Traceback (most recent call last):
  File "/Users/ImranChowdhury/Github/TestAutomation-5.7/TestAutomation/ContentStudio/content-studio.sikuli/ContentStudio.py", line 1, in &lt;module&gt;
    from sikuli.Sikuli import *
PYTHONPATH:
  /Users/ImranChowdhury/Github/TestAutomation-5.7/TestAutomation/ContentStudio/content-studio.sikuli
  /Library/Java/Extensions/robotframework-2.8.1.jar/Lib/robot/libraries
  /Library/Java/Extensions/robotframework-2.8.1.jar/Lib
  robotframework-2.8.1.jar\Lib
  sikuli-script.jar\Lib
  /Library/Java/Extensions/Lib
  __classpath__
  __pyclasspath__/
  .
  /Users/ImranChowdhury/Github/TestAutomation-5.7/TestAutomation/ContentStudio
CLASSPATH:
  sikuli-script.jar</msg>
<msg timestamp="20151210 19:43:31.879" level="ERROR">Error in file '/Users/ImranChowdhury/Github/TestAutomation-5.7/TestAutomation/ContentStudio/Tests/ContentEngine/1.5.SearchContent.txt': Importing test library 'SearchContent.SearchContent' failed: ImportError: No module named sikuli
Traceback (most recent call last):
  File "/Users/ImranChowdhury/Github/TestAutomation-5.7/TestAutomation/ContentStudio/content-studio.sikuli/SearchContent.py", line 1, in &lt;module&gt;
    from sikuli.Sikuli import *
PYTHONPATH:
  /Users/ImranChowdhury/Github/TestAutomation-5.7/TestAutomation/ContentStudio/content-studio.sikuli
  /Library/Java/Extensions/robotframework-2.8.1.jar/Lib/robot/libraries
  /Library/Java/Extensions/robotframework-2.8.1.jar/Lib
  robotframework-2.8.1.jar\Lib
  sikuli-script.jar\Lib
  /Library/Java/Extensions/Lib
  __classpath__
  __pyclasspath__/
  .
  /Users/ImranChowdhury/Github/TestAutomation-5.7/TestAutomation/ContentStudio
CLASSPATH:
  sikuli-script.jar</msg>
<msg timestamp="20151210 19:43:31.975" level="ERROR">Error in file '/Users/ImranChowdhury/Github/TestAutomation-5.7/TestAutomation/ContentStudio/Tests/ContentEngine/1.6.UpdateContent.txt': Importing test library 'ContentStudioClipboard.ContentStudioClipboard' failed: ImportError: No module named sikuli
Traceback (most recent call last):
  File "/Users/ImranChowdhury/Github/TestAutomation-5.7/TestAutomation/ContentStudio/content-studio.sikuli/ContentStudioClipboard.py", line 1, in &lt;module&gt;
    from sikuli.Sikuli import *
PYTHONPATH:
  /Users/ImranChowdhury/Github/TestAutomation-5.7/TestAutomation/ContentStudio/content-studio.sikuli
  /Library/Java/Extensions/robotframework-2.8.1.jar/Lib/robot/libraries
  /Library/Java/Extensions/robotframework-2.8.1.jar/Lib
  robotframework-2.8.1.jar\Lib
  sikuli-script.jar\Lib
  /Library/Java/Extensions/Lib
  __classpath__
  __pyclasspath__/
  .
  /Users/ImranChowdhury/Github/TestAutomation-5.7/TestAutomation/ContentStudio
CLASSPATH:
  sikuli-script.jar</msg>
<msg timestamp="20151210 19:43:32.043" level="ERROR">Error in file '/Users/ImranChowdhury/Github/TestAutomation-5.7/TestAutomation/ContentStudio/Tests/ContentEngine/1.6.UpdateContent.txt': Importing test library 'ContentStudio.ContentStudio' failed: ImportError: No module named sikuli
Traceback (most recent call last):
  File "/Users/ImranChowdhury/Github/TestAutomation-5.7/TestAutomation/ContentStudio/content-studio.sikuli/ContentStudio.py", line 1, in &lt;module&gt;
    from sikuli.Sikuli import *
PYTHONPATH:
  /Users/ImranChowdhury/Github/TestAutomation-5.7/TestAutomation/ContentStudio/content-studio.sikuli
  /Library/Java/Extensions/robotframework-2.8.1.jar/Lib/robot/libraries
  /Library/Java/Extensions/robotframework-2.8.1.jar/Lib
  robotframework-2.8.1.jar\Lib
  sikuli-script.jar\Lib
  /Library/Java/Extensions/Lib
  __classpath__
  __pyclasspath__/
  .
  /Users/ImranChowdhury/Github/TestAutomation-5.7/TestAutomation/ContentStudio
CLASSPATH:
  sikuli-script.jar</msg>
<msg timestamp="20151210 19:43:32.128" level="ERROR">Error in file '/Users/ImranChowdhury/Github/TestAutomation-5.7/TestAutomation/ContentStudio/Tests/ContentEngine/1.7.DeleteContent.txt': Importing test library 'ContentStudioClipboard.ContentStudioClipboard' failed: ImportError: No module named sikuli
Traceback (most recent call last):
  File "/Users/ImranChowdhury/Github/TestAutomation-5.7/TestAutomation/ContentStudio/content-studio.sikuli/ContentStudioClipboard.py", line 1, in &lt;module&gt;
    from sikuli.Sikuli import *
PYTHONPATH:
  /Users/ImranChowdhury/Github/TestAutomation-5.7/TestAutomation/ContentStudio/content-studio.sikuli
  /Library/Java/Extensions/robotframework-2.8.1.jar/Lib/robot/libraries
  /Library/Java/Extensions/robotframework-2.8.1.jar/Lib
  robotframework-2.8.1.jar\Lib
  sikuli-script.jar\Lib
  /Library/Java/Extensions/Lib
  __classpath__
  __pyclasspath__/
  .
  /Users/ImranChowdhury/Github/TestAutomation-5.7/TestAutomation/ContentStudio
CLASSPATH:
  sikuli-script.jar</msg>
<msg timestamp="20151210 19:43:32.179" level="ERROR">Error in file '/Users/ImranChowdhury/Github/TestAutomation-5.7/TestAutomation/ContentStudio/Tests/ContentEngine/1.7.DeleteContent.txt': Importing test library 'ContentStudio.ContentStudio' failed: ImportError: No module named sikuli
Traceback (most recent call last):
  File "/Users/ImranChowdhury/Github/TestAutomation-5.7/TestAutomation/ContentStudio/content-studio.sikuli/ContentStudio.py", line 1, in &lt;module&gt;
    from sikuli.Sikuli import *
PYTHONPATH:
  /Users/ImranChowdhury/Github/TestAutomation-5.7/TestAutomation/ContentStudio/content-studio.sikuli
  /Library/Java/Extensions/robotframework-2.8.1.jar/Lib/robot/libraries
  /Library/Java/Extensions/robotframework-2.8.1.jar/Lib
  robotframework-2.8.1.jar\Lib
  sikuli-script.jar\Lib
  /Library/Java/Extensions/Lib
  __classpath__
  __pyclasspath__/
  .
  /Users/ImranChowdhury/Github/TestAutomation-5.7/TestAutomation/ContentStudio
CLASSPATH:
  sikuli-script.jar</msg>
<msg timestamp="20151210 19:43:32.253" level="ERROR">Error in file '/Users/ImranChowdhury/Github/TestAutomation-5.7/TestAutomation/ContentStudio/Tests/ContentEngine/1.8.MoreClipboard.txt': Importing test library 'ContentStudioClipboard.ContentStudioClipboard' failed: ImportError: No module named sikuli
Traceback (most recent call last):
  File "/Users/ImranChowdhury/Github/TestAutomation-5.7/TestAutomation/ContentStudio/content-studio.sikuli/ContentStudioClipboard.py", line 1, in &lt;module&gt;
    from sikuli.Sikuli import *
PYTHONPATH:
  /Users/ImranChowdhury/Github/TestAutomation-5.7/TestAutomation/ContentStudio/content-studio.sikuli
  /Library/Java/Extensions/robotframework-2.8.1.jar/Lib/robot/libraries
  /Library/Java/Extensions/robotframework-2.8.1.jar/Lib
  robotframework-2.8.1.jar\Lib
  sikuli-script.jar\Lib
  /Library/Java/Extensions/Lib
  __classpath__
  __pyclasspath__/
  .
  /Users/ImranChowdhury/Github/TestAutomation-5.7/TestAutomation/ContentStudio
CLASSPATH:
  sikuli-script.jar</msg>
<msg timestamp="20151210 19:43:32.283" level="ERROR">Error in file '/Users/ImranChowdhury/Github/TestAutomation-5.7/TestAutomation/ContentStudio/Tests/ContentEngine/1.8.MoreClipboard.txt': Importing test library 'ContentStudio.ContentStudio' failed: ImportError: No module named sikuli
Traceback (most recent call last):
  File "/Users/ImranChowdhury/Github/TestAutomation-5.7/TestAutomation/ContentStudio/content-studio.sikuli/ContentStudio.py", line 1, in &lt;module&gt;
    from sikuli.Sikuli import *
PYTHONPATH:
  /Users/ImranChowdhury/Github/TestAutomation-5.7/TestAutomation/ContentStudio/content-studio.sikuli
  /Library/Java/Extensions/robotframework-2.8.1.jar/Lib/robot/libraries
  /Library/Java/Extensions/robotframework-2.8.1.jar/Lib
  robotframework-2.8.1.jar\Lib
  sikuli-script.jar\Lib
  /Library/Java/Extensions/Lib
  __classpath__
  __pyclasspath__/
  .
  /Users/ImranChowdhury/Github/TestAutomation-5.7/TestAutomation/ContentStudio
CLASSPATH:
  sikuli-script.jar</msg>
<msg timestamp="20151210 19:43:32.381" level="ERROR">Error in file '/Users/ImranChowdhury/Github/TestAutomation-5.7/TestAutomation/ContentStudio/Tests/ContentEngine/1.9.1.0.VF-5864-OpenSearch.txt': Importing test library 'ContentStudioClipboard.ContentStudioClipboard' failed: ImportError: No module named sikuli
Traceback (most recent call last):
  File "/Users/ImranChowdhury/Github/TestAutomation-5.7/TestAutomation/ContentStudio/content-studio.sikuli/ContentStudioClipboard.py", line 1, in &lt;module&gt;
    from sikuli.Sikuli import *
PYTHONPATH:
  /Users/ImranChowdhury/Github/TestAutomation-5.7/TestAutomation/ContentStudio/content-studio.sikuli
  /Library/Java/Extensions/robotframework-2.8.1.jar/Lib/robot/libraries
  /Library/Java/Extensions/robotframework-2.8.1.jar/Lib
  robotframework-2.8.1.jar\Lib
  sikuli-script.jar\Lib
  /Library/Java/Extensions/Lib
  __classpath__
  __pyclasspath__/
  .
  /Users/ImranChowdhury/Github/TestAutomation-5.7/TestAutomation/ContentStudio
CLASSPATH:
  sikuli-script.jar</msg>
<msg timestamp="20151210 19:43:32.419" level="ERROR">Error in file '/Users/ImranChowdhury/Github/TestAutomation-5.7/TestAutomation/ContentStudio/Tests/ContentEngine/1.9.1.0.VF-5864-OpenSearch.txt': Importing test library 'ContentStudio.ContentStudio' failed: ImportError: No module named sikuli
Traceback (most recent call last):
  File "/Users/ImranChowdhury/Github/TestAutomation-5.7/TestAutomation/ContentStudio/content-studio.sikuli/ContentStudio.py", line 1, in &lt;module&gt;
    from sikuli.Sikuli import *
PYTHONPATH:
  /Users/ImranChowdhury/Github/TestAutomation-5.7/TestAutomation/ContentStudio/content-studio.sikuli
  /Library/Java/Extensions/robotframework-2.8.1.jar/Lib/robot/libraries
  /Library/Java/Extensions/robotframework-2.8.1.jar/Lib
  robotframework-2.8.1.jar\Lib
  sikuli-script.jar\Lib
  /Library/Java/Extensions/Lib
  __classpath__
  __pyclasspath__/
  .
  /Users/ImranChowdhury/Github/TestAutomation-5.7/TestAutomation/ContentStudio
CLASSPATH:
  sikuli-script.jar</msg>
<msg timestamp="20151210 19:43:32.451" level="ERROR">Error in file '/Users/ImranChowdhury/Github/TestAutomation-5.7/TestAutomation/ContentStudio/Tests/ContentEngine/1.9.1.0.VF-5864-OpenSearch.txt': Importing test library 'SearchContent.SearchContent' failed: ImportError: No module named sikuli
Traceback (most recent call last):
  File "/Users/ImranChowdhury/Github/TestAutomation-5.7/TestAutomation/ContentStudio/content-studio.sikuli/SearchContent.py", line 1, in &lt;module&gt;
    from sikuli.Sikuli import *
PYTHONPATH:
  /Users/ImranChowdhury/Github/TestAutomation-5.7/TestAutomation/ContentStudio/content-studio.sikuli
  /Library/Java/Extensions/robotframework-2.8.1.jar/Lib/robot/libraries
  /Library/Java/Extensions/robotframework-2.8.1.jar/Lib
  robotframework-2.8.1.jar\Lib
  sikuli-script.jar\Lib
  /Library/Java/Extensions/Lib
  __classpath__
  __pyclasspath__/
  .
  /Users/ImranChowdhury/Github/TestAutomation-5.7/TestAutomation/ContentStudio
CLASSPATH:
  sikuli-script.jar</msg>
<msg timestamp="20151210 19:43:32.466" level="ERROR">Error in file '/Users/ImranChowdhury/Github/TestAutomation-5.7/TestAutomation/ContentStudio/Tests/ContentEngine/1.9.1.0.VF-5864-OpenSearch.txt': Importing test library 'SikuliCS' failed: ImportError: No module named sikuli
Traceback (most recent call last):
  File "/Users/ImranChowdhury/Github/TestAutomation-5.7/TestAutomation/ContentStudio/content-studio.sikuli/SikuliCS.py", line 1, in &lt;module&gt;
    from sikuli.Sikuli import *
PYTHONPATH:
  /Users/ImranChowdhury/Github/TestAutomation-5.7/TestAutomation/ContentStudio/content-studio.sikuli
  /Library/Java/Extensions/robotframework-2.8.1.jar/Lib/robot/libraries
  /Library/Java/Extensions/robotframework-2.8.1.jar/Lib
  robotframework-2.8.1.jar\Lib
  sikuli-script.jar\Lib
  /Library/Java/Extensions/Lib
  __classpath__
  __pyclasspath__/
  .
  /Users/ImranChowdhury/Github/TestAutomation-5.7/TestAutomation/ContentStudio
CLASSPATH:
  sikuli-script.jar</msg>
<msg timestamp="20151210 19:43:32.497" level="ERROR">Error in file '/Users/ImranChowdhury/Github/TestAutomation-5.7/TestAutomation/ContentStudio/Tests/ContentEngine/1.9.1.0.VF-5864-OpenSearch.txt': Importing test library 'eceSikuli.eceSikuli' failed: ImportError: No module named sikuli
Traceback (most recent call last):
  File "/Users/ImranChowdhury/Github/TestAutomation-5.7/TestAutomation/ContentStudio/content-studio.sikuli/eceSikuli.py", line 1, in &lt;module&gt;
    from sikuli.Sikuli import *
PYTHONPATH:
  /Users/ImranChowdhury/Github/TestAutomation-5.7/TestAutomation/ContentStudio/content-studio.sikuli
  /Library/Java/Extensions/robotframework-2.8.1.jar/Lib/robot/libraries
  /Library/Java/Extensions/robotframework-2.8.1.jar/Lib
  robotframework-2.8.1.jar\Lib
  sikuli-script.jar\Lib
  /Library/Java/Extensions/Lib
  __classpath__
  __pyclasspath__/
  .
  /Users/ImranChowdhury/Github/TestAutomation-5.7/TestAutomation/ContentStudio
CLASSPATH:
  sikuli-script.jar</msg>
<msg timestamp="20151210 19:43:32.597" level="ERROR">Error in file '/Users/ImranChowdhury/Github/TestAutomation-5.7/TestAutomation/ContentStudio/Tests/ContentEngine/2.1.1.WFKeywordResource.txt': Importing test library 'ContentStudioClipboard.ContentStudioClipboard' failed: ImportError: No module named sikuli
Traceback (most recent call last):
  File "/Users/ImranChowdhury/Github/TestAutomation-5.7/TestAutomation/ContentStudio/content-studio.sikuli/ContentStudioClipboard.py", line 1, in &lt;module&gt;
    from sikuli.Sikuli import *
PYTHONPATH:
  /Users/ImranChowdhury/Github/TestAutomation-5.7/TestAutomation/ContentStudio/content-studio.sikuli
  /Library/Java/Extensions/robotframework-2.8.1.jar/Lib/robot/libraries
  /Library/Java/Extensions/robotframework-2.8.1.jar/Lib
  robotframework-2.8.1.jar\Lib
  sikuli-script.jar\Lib
  /Library/Java/Extensions/Lib
  __classpath__
  __pyclasspath__/
  .
  /Users/ImranChowdhury/Github/TestAutomation-5.7/TestAutomation/ContentStudio
CLASSPATH:
  sikuli-script.jar</msg>
<msg timestamp="20151210 19:43:32.636" level="ERROR">Error in file '/Users/ImranChowdhury/Github/TestAutomation-5.7/TestAutomation/ContentStudio/Tests/ContentEngine/2.1.1.WFKeywordResource.txt': Importing test library 'ContentStudio.ContentStudio' failed: ImportError: No module named sikuli
Traceback (most recent call last):
  File "/Users/ImranChowdhury/Github/TestAutomation-5.7/TestAutomation/ContentStudio/content-studio.sikuli/ContentStudio.py", line 1, in &lt;module&gt;
    from sikuli.Sikuli import *
PYTHONPATH:
  /Users/ImranChowdhury/Github/TestAutomation-5.7/TestAutomation/ContentStudio/content-studio.sikuli
  /Library/Java/Extensions/robotframework-2.8.1.jar/Lib/robot/libraries
  /Library/Java/Extensions/robotframework-2.8.1.jar/Lib
  robotframework-2.8.1.jar\Lib
  sikuli-script.jar\Lib
  /Library/Java/Extensions/Lib
  __classpath__
  __pyclasspath__/
  .
  /Users/ImranChowdhury/Github/TestAutomation-5.7/TestAutomation/ContentStudio
CLASSPATH:
  sikuli-script.jar</msg>
<msg timestamp="20151210 19:43:32.671" level="ERROR">Error in file '/Users/ImranChowdhury/Github/TestAutomation-5.7/TestAutomation/ContentStudio/Tests/ContentEngine/2.1.1.WFKeywordResource.txt': Importing test library 'SearchContent.SearchContent' failed: ImportError: No module named sikuli
Traceback (most recent call last):
  File "/Users/ImranChowdhury/Github/TestAutomation-5.7/TestAutomation/ContentStudio/content-studio.sikuli/SearchContent.py", line 1, in &lt;module&gt;
    from sikuli.Sikuli import *
PYTHONPATH:
  /Users/ImranChowdhury/Github/TestAutomation-5.7/TestAutomation/ContentStudio/content-studio.sikuli
  /Library/Java/Extensions/robotframework-2.8.1.jar/Lib/robot/libraries
  /Library/Java/Extensions/robotframework-2.8.1.jar/Lib
  robotframework-2.8.1.jar\Lib
  sikuli-script.jar\Lib
  /Library/Java/Extensions/Lib
  __classpath__
  __pyclasspath__/
  .
  /Users/ImranChowdhury/Github/TestAutomation-5.7/TestAutomation/ContentStudio
CLASSPATH:
  sikuli-script.jar</msg>
<msg timestamp="20151210 19:43:32.703" level="ERROR">Error in file '/Users/ImranChowdhury/Github/TestAutomation-5.7/TestAutomation/ContentStudio/Tests/ContentEngine/2.1.1.WFKeywordResource.txt': Importing test library 'SikuliCS' failed: ImportError: No module named sikuli
Traceback (most recent call last):
  File "/Users/ImranChowdhury/Github/TestAutomation-5.7/TestAutomation/ContentStudio/content-studio.sikuli/SikuliCS.py", line 1, in &lt;module&gt;
    from sikuli.Sikuli import *
PYTHONPATH:
  /Users/ImranChowdhury/Github/TestAutomation-5.7/TestAutomation/ContentStudio/content-studio.sikuli
  /Library/Java/Extensions/robotframework-2.8.1.jar/Lib/robot/libraries
  /Library/Java/Extensions/robotframework-2.8.1.jar/Lib
  robotframework-2.8.1.jar\Lib
  sikuli-script.jar\Lib
  /Library/Java/Extensions/Lib
  __classpath__
  __pyclasspath__/
  .
  /Users/ImranChowdhury/Github/TestAutomation-5.7/TestAutomation/ContentStudio
CLASSPATH:
  sikuli-script.jar</msg>
<msg timestamp="20151210 19:43:32.742" level="ERROR">Error in file '/Users/ImranChowdhury/Github/TestAutomation-5.7/TestAutomation/ContentStudio/Tests/ContentEngine/2.1.1.WFKeywordResource.txt': Importing test library 'eceSikuli.eceSikuli' failed: ImportError: No module named sikuli
Traceback (most recent call last):
  File "/Users/ImranChowdhury/Github/TestAutomation-5.7/TestAutomation/ContentStudio/content-studio.sikuli/eceSikuli.py", line 1, in &lt;module&gt;
    from sikuli.Sikuli import *
PYTHONPATH:
  /Users/ImranChowdhury/Github/TestAutomation-5.7/TestAutomation/ContentStudio/content-studio.sikuli
  /Library/Java/Extensions/robotframework-2.8.1.jar/Lib/robot/libraries
  /Library/Java/Extensions/robotframework-2.8.1.jar/Lib
  robotframework-2.8.1.jar\Lib
  sikuli-script.jar\Lib
  /Library/Java/Extensions/Lib
  __classpath__
  __pyclasspath__/
  .
  /Users/ImranChowdhury/Github/TestAutomation-5.7/TestAutomation/ContentStudio
CLASSPATH:
  sikuli-script.jar</msg>
<msg timestamp="20151210 19:43:32.818" level="ERROR">Error in file '/Users/ImranChowdhury/Github/TestAutomation-5.7/TestAutomation/ContentStudio/Tests/ContentEngine/1.9.1.1.Locking.txt': Importing test library 'ContentStudio.ContentStudio' failed: ImportError: No module named sikuli
Traceback (most recent call last):
  File "/Users/ImranChowdhury/Github/TestAutomation-5.7/TestAutomation/ContentStudio/content-studio.sikuli/ContentStudio.py", line 1, in &lt;module&gt;
    from sikuli.Sikuli import *
PYTHONPATH:
  /Users/ImranChowdhury/Github/TestAutomation-5.7/TestAutomation/ContentStudio/content-studio.sikuli
  /Library/Java/Extensions/robotframework-2.8.1.jar/Lib/robot/libraries
  /Library/Java/Extensions/robotframework-2.8.1.jar/Lib
  robotframework-2.8.1.jar\Lib
  sikuli-script.jar\Lib
  /Library/Java/Extensions/Lib
  __classpath__
  __pyclasspath__/
  .
  /Users/ImranChowdhury/Github/TestAutomation-5.7/TestAutomation/ContentStudio
CLASSPATH:
  sikuli-script.jar</msg>
<msg timestamp="20151210 19:43:32.836" level="ERROR">Error in file '/Users/ImranChowdhury/Github/TestAutomation-5.7/TestAutomation/ContentStudio/Tests/ContentEngine/1.9.1.1.Locking.txt': Importing test library 'ContentStudioClipboard.ContentStudioClipboard' failed: ImportError: No module named sikuli
Traceback (most recent call last):
  File "/Users/ImranChowdhury/Github/TestAutomation-5.7/TestAutomation/ContentStudio/content-studio.sikuli/ContentStudioClipboard.py", line 1, in &lt;module&gt;
    from sikuli.Sikuli import *
PYTHONPATH:
  /Users/ImranChowdhury/Github/TestAutomation-5.7/TestAutomation/ContentStudio/content-studio.sikuli
  /Library/Java/Extensions/robotframework-2.8.1.jar/Lib/robot/libraries
  /Library/Java/Extensions/robotframework-2.8.1.jar/Lib
  robotframework-2.8.1.jar\Lib
  sikuli-script.jar\Lib
  /Library/Java/Extensions/Lib
  __classpath__
  __pyclasspath__/
  .
  /Users/ImranChowdhury/Github/TestAutomation-5.7/TestAutomation/ContentStudio
CLASSPATH:
  sikuli-script.jar</msg>
<msg timestamp="20151210 19:43:32.870" level="ERROR">Error in file '/Users/ImranChowdhury/Github/TestAutomation-5.7/TestAutomation/ContentStudio/Tests/ContentEngine/1.9.1.1.Locking.txt': Importing test library 'SearchContent.SearchContent' failed: ImportError: No module named sikuli
Traceback (most recent call last):
  File "/Users/ImranChowdhury/Github/TestAutomation-5.7/TestAutomation/ContentStudio/content-studio.sikuli/SearchContent.py", line 1, in &lt;module&gt;
    from sikuli.Sikuli import *
PYTHONPATH:
  /Users/ImranChowdhury/Github/TestAutomation-5.7/TestAutomation/ContentStudio/content-studio.sikuli
  /Library/Java/Extensions/robotframework-2.8.1.jar/Lib/robot/libraries
  /Library/Java/Extensions/robotframework-2.8.1.jar/Lib
  robotframework-2.8.1.jar\Lib
  sikuli-script.jar\Lib
  /Library/Java/Extensions/Lib
  __classpath__
  __pyclasspath__/
  .
  /Users/ImranChowdhury/Github/TestAutomation-5.7/TestAutomation/ContentStudio
CLASSPATH:
  sikuli-script.jar</msg>
<msg timestamp="20151210 19:43:32.898" level="ERROR">Error in file '/Users/ImranChowdhury/Github/TestAutomation-5.7/TestAutomation/ContentStudio/Tests/ContentEngine/1.9.1.1.Locking.txt': Importing test library 'SikuliCS' failed: ImportError: No module named sikuli
Traceback (most recent call last):
  File "/Users/ImranChowdhury/Github/TestAutomation-5.7/TestAutomation/ContentStudio/content-studio.sikuli/SikuliCS.py", line 1, in &lt;module&gt;
    from sikuli.Sikuli import *
PYTHONPATH:
  /Users/ImranChowdhury/Github/TestAutomation-5.7/TestAutomation/ContentStudio/content-studio.sikuli
  /Library/Java/Extensions/robotframework-2.8.1.jar/Lib/robot/libraries
  /Library/Java/Extensions/robotframework-2.8.1.jar/Lib
  robotframework-2.8.1.jar\Lib
  sikuli-script.jar\Lib
  /Library/Java/Extensions/Lib
  __classpath__
  __pyclasspath__/
  .
  /Users/ImranChowdhury/Github/TestAutomation-5.7/TestAutomation/ContentStudio
CLASSPATH:
  sikuli-script.jar</msg>
<msg timestamp="20151210 19:43:32.982" level="ERROR">Error in file '/Users/ImranChowdhury/Github/TestAutomation-5.7/TestAutomation/ContentStudio/Tests/ContentEngine/1.9.2.NewUser.txt': Importing test library 'ContentStudio.ContentStudio' failed: ImportError: No module named sikuli
Traceback (most recent call last):
  File "/Users/ImranChowdhury/Github/TestAutomation-5.7/TestAutomation/ContentStudio/content-studio.sikuli/ContentStudio.py", line 1, in &lt;module&gt;
    from sikuli.Sikuli import *
PYTHONPATH:
  /Users/ImranChowdhury/Github/TestAutomation-5.7/TestAutomation/ContentStudio/content-studio.sikuli
  /Library/Java/Extensions/robotframework-2.8.1.jar/Lib/robot/libraries
  /Library/Java/Extensions/robotframework-2.8.1.jar/Lib
  robotframework-2.8.1.jar\Lib
  sikuli-script.jar\Lib
  /Library/Java/Extensions/Lib
  __classpath__
  __pyclasspath__/
  .
  /Users/ImranChowdhury/Github/TestAutomation-5.7/TestAutomation/ContentStudio
CLASSPATH:
  sikuli-script.jar</msg>
<msg timestamp="20151210 19:43:33.001" level="ERROR">Error in file '/Users/ImranChowdhury/Github/TestAutomation-5.7/TestAutomation/ContentStudio/Tests/ContentEngine/1.9.2.NewUser.txt': Importing test library 'ContentStudioClipboard.ContentStudioClipboard' failed: ImportError: No module named sikuli
Traceback (most recent call last):
  File "/Users/ImranChowdhury/Github/TestAutomation-5.7/TestAutomation/ContentStudio/content-studio.sikuli/ContentStudioClipboard.py", line 1, in &lt;module&gt;
    from sikuli.Sikuli import *
PYTHONPATH:
  /Users/ImranChowdhury/Github/TestAutomation-5.7/TestAutomation/ContentStudio/content-studio.sikuli
  /Library/Java/Extensions/robotframework-2.8.1.jar/Lib/robot/libraries
  /Library/Java/Extensions/robotframework-2.8.1.jar/Lib
  robotframework-2.8.1.jar\Lib
  sikuli-script.jar\Lib
  /Library/Java/Extensions/Lib
  __classpath__
  __pyclasspath__/
  .
  /Users/ImranChowdhury/Github/TestAutomation-5.7/TestAutomation/ContentStudio
CLASSPATH:
  sikuli-script.jar</msg>
<msg timestamp="20151210 19:43:33.021" level="ERROR">Error in file '/Users/ImranChowdhury/Github/TestAutomation-5.7/TestAutomation/ContentStudio/Tests/ContentEngine/1.9.2.NewUser.txt': Importing test library 'SearchContent.SearchContent' failed: ImportError: No module named sikuli
Traceback (most recent call last):
  File "/Users/ImranChowdhury/Github/TestAutomation-5.7/TestAutomation/ContentStudio/content-studio.sikuli/SearchContent.py", line 1, in &lt;module&gt;
    from sikuli.Sikuli import *
PYTHONPATH:
  /Users/ImranChowdhury/Github/TestAutomation-5.7/TestAutomation/ContentStudio/content-studio.sikuli
  /Library/Java/Extensions/robotframework-2.8.1.jar/Lib/robot/libraries
  /Library/Java/Extensions/robotframework-2.8.1.jar/Lib
  robotframework-2.8.1.jar\Lib
  sikuli-script.jar\Lib
  /Library/Java/Extensions/Lib
  __classpath__
  __pyclasspath__/
  .
  /Users/ImranChowdhury/Github/TestAutomation-5.7/TestAutomation/ContentStudio
CLASSPATH:
  sikuli-script.jar</msg>
<msg timestamp="20151210 19:43:33.080" level="ERROR">Error in file '/Users/ImranChowdhury/Github/TestAutomation-5.7/TestAutomation/ContentStudio/Tests/ContentEngine/1.9.3.UTF-8.txt': Importing test library 'ContentStudioClipboard.ContentStudioClipboard' failed: ImportError: No module named sikuli
Traceback (most recent call last):
  File "/Users/ImranChowdhury/Github/TestAutomation-5.7/TestAutomation/ContentStudio/content-studio.sikuli/ContentStudioClipboard.py", line 1, in &lt;module&gt;
    from sikuli.Sikuli import *
PYTHONPATH:
  /Users/ImranChowdhury/Github/TestAutomation-5.7/TestAutomation/ContentStudio/content-studio.sikuli
  /Library/Java/Extensions/robotframework-2.8.1.jar/Lib/robot/libraries
  /Library/Java/Extensions/robotframework-2.8.1.jar/Lib
  robotframework-2.8.1.jar\Lib
  sikuli-script.jar\Lib
  /Library/Java/Extensions/Lib
  __classpath__
  __pyclasspath__/
  .
  /Users/ImranChowdhury/Github/TestAutomation-5.7/TestAutomation/ContentStudio
CLASSPATH:
  sikuli-script.jar</msg>
<msg timestamp="20151210 19:43:33.113" level="ERROR">Error in file '/Users/ImranChowdhury/Github/TestAutomation-5.7/TestAutomation/ContentStudio/Tests/ContentEngine/1.9.3.UTF-8.txt': Importing test library 'ContentStudio.ContentStudio' failed: ImportError: No module named sikuli
Traceback (most recent call last):
  File "/Users/ImranChowdhury/Github/TestAutomation-5.7/TestAutomation/ContentStudio/content-studio.sikuli/ContentStudio.py", line 1, in &lt;module&gt;
    from sikuli.Sikuli import *
PYTHONPATH:
  /Users/ImranChowdhury/Github/TestAutomation-5.7/TestAutomation/ContentStudio/content-studio.sikuli
  /Library/Java/Extensions/robotframework-2.8.1.jar/Lib/robot/libraries
  /Library/Java/Extensions/robotframework-2.8.1.jar/Lib
  robotframework-2.8.1.jar\Lib
  sikuli-script.jar\Lib
  /Library/Java/Extensions/Lib
  __classpath__
  __pyclasspath__/
  .
  /Users/ImranChowdhury/Github/TestAutomation-5.7/TestAutomation/ContentStudio
CLASSPATH:
  sikuli-script.jar</msg>
<msg timestamp="20151210 19:43:33.144" level="ERROR">Error in file '/Users/ImranChowdhury/Github/TestAutomation-5.7/TestAutomation/ContentStudio/Tests/ContentEngine/1.9.3.UTF-8.txt': Importing test library 'SearchContent.SearchContent' failed: ImportError: No module named sikuli
Traceback (most recent call last):
  File "/Users/ImranChowdhury/Github/TestAutomation-5.7/TestAutomation/ContentStudio/content-studio.sikuli/SearchContent.py", line 1, in &lt;module&gt;
    from sikuli.Sikuli import *
PYTHONPATH:
  /Users/ImranChowdhury/Github/TestAutomation-5.7/TestAutomation/ContentStudio/content-studio.sikuli
  /Library/Java/Extensions/robotframework-2.8.1.jar/Lib/robot/libraries
  /Library/Java/Extensions/robotframework-2.8.1.jar/Lib
  robotframework-2.8.1.jar\Lib
  sikuli-script.jar\Lib
  /Library/Java/Extensions/Lib
  __classpath__
  __pyclasspath__/
  .
  /Users/ImranChowdhury/Github/TestAutomation-5.7/TestAutomation/ContentStudio
CLASSPATH:
  sikuli-script.jar</msg>
<msg timestamp="20151210 19:43:33.162" level="ERROR">Error in file '/Users/ImranChowdhury/Github/TestAutomation-5.7/TestAutomation/ContentStudio/Tests/ContentEngine/1.9.3.UTF-8.txt': Importing test library 'SikuliCS' failed: ImportError: No module named sikuli
Traceback (most recent call last):
  File "/Users/ImranChowdhury/Github/TestAutomation-5.7/TestAutomation/ContentStudio/content-studio.sikuli/SikuliCS.py", line 1, in &lt;module&gt;
    from sikuli.Sikuli import *
PYTHONPATH:
  /Users/ImranChowdhury/Github/TestAutomation-5.7/TestAutomation/ContentStudio/content-studio.sikuli
  /Library/Java/Extensions/robotframework-2.8.1.jar/Lib/robot/libraries
  /Library/Java/Extensions/robotframework-2.8.1.jar/Lib
  robotframework-2.8.1.jar\Lib
  sikuli-script.jar\Lib
  /Library/Java/Extensions/Lib
  __classpath__
  __pyclasspath__/
  .
  /Users/ImranChowdhury/Github/TestAutomation-5.7/TestAutomation/ContentStudio
CLASSPATH:
  sikuli-script.jar</msg>
<msg timestamp="20151210 19:43:33.189" level="ERROR">Error in file '/Users/ImranChowdhury/Github/TestAutomation-5.7/TestAutomation/ContentStudio/Tests/ContentEngine/1.9.3.UTF-8.txt': Importing test library 'eceSikuli.eceSikuli' failed: ImportError: No module named sikuli
Traceback (most recent call last):
  File "/Users/ImranChowdhury/Github/TestAutomation-5.7/TestAutomation/ContentStudio/content-studio.sikuli/eceSikuli.py", line 1, in &lt;module&gt;
    from sikuli.Sikuli import *
PYTHONPATH:
  /Users/ImranChowdhury/Github/TestAutomation-5.7/TestAutomation/ContentStudio/content-studio.sikuli
  /Library/Java/Extensions/robotframework-2.8.1.jar/Lib/robot/libraries
  /Library/Java/Extensions/robotframework-2.8.1.jar/Lib
  robotframework-2.8.1.jar\Lib
  sikuli-script.jar\Lib
  /Library/Java/Extensions/Lib
  __classpath__
  __pyclasspath__/
  .
  /Users/ImranChowdhury/Github/TestAutomation-5.7/TestAutomation/ContentStudio
CLASSPATH:
  sikuli-script.jar</msg>
<msg timestamp="20151210 19:43:33.222" level="ERROR">Error in file '/Users/ImranChowdhury/Github/TestAutomation-5.7/TestAutomation/ContentStudio/Tests/ContentEngine/2.1.1.WFKeywordResource.txt': Importing test library 'ContentStudioClipboard.ContentStudioClipboard' failed: ImportError: No module named sikuli
Traceback (most recent call last):
  File "/Users/ImranChowdhury/Github/TestAutomation-5.7/TestAutomation/ContentStudio/content-studio.sikuli/ContentStudioClipboard.py", line 1, in &lt;module&gt;
    from sikuli.Sikuli import *
PYTHONPATH:
  /Users/ImranChowdhury/Github/TestAutomation-5.7/TestAutomation/ContentStudio/content-studio.sikuli
  /Library/Java/Extensions/robotframework-2.8.1.jar/Lib/robot/libraries
  /Library/Java/Extensions/robotframework-2.8.1.jar/Lib
  robotframework-2.8.1.jar\Lib
  sikuli-script.jar\Lib
  /Library/Java/Extensions/Lib
  __classpath__
  __pyclasspath__/
  .
  /Users/ImranChowdhury/Github/TestAutomation-5.7/TestAutomation/ContentStudio
CLASSPATH:
  sikuli-script.jar</msg>
<msg timestamp="20151210 19:43:33.260" level="ERROR">Error in file '/Users/ImranChowdhury/Github/TestAutomation-5.7/TestAutomation/ContentStudio/Tests/ContentEngine/2.1.1.WFKeywordResource.txt': Importing test library 'ContentStudio.ContentStudio' failed: ImportError: No module named sikuli
Traceback (most recent call last):
  File "/Users/ImranChowdhury/Github/TestAutomation-5.7/TestAutomation/ContentStudio/content-studio.sikuli/ContentStudio.py", line 1, in &lt;module&gt;
    from sikuli.Sikuli import *
PYTHONPATH:
  /Users/ImranChowdhury/Github/TestAutomation-5.7/TestAutomation/ContentStudio/content-studio.sikuli
  /Library/Java/Extensions/robotframework-2.8.1.jar/Lib/robot/libraries
  /Library/Java/Extensions/robotframework-2.8.1.jar/Lib
  robotframework-2.8.1.jar\Lib
  sikuli-script.jar\Lib
  /Library/Java/Extensions/Lib
  __classpath__
  __pyclasspath__/
  .
  /Users/ImranChowdhury/Github/TestAutomation-5.7/TestAutomation/ContentStudio
CLASSPATH:
  sikuli-script.jar</msg>
<msg timestamp="20151210 19:43:33.287" level="ERROR">Error in file '/Users/ImranChowdhury/Github/TestAutomation-5.7/TestAutomation/ContentStudio/Tests/ContentEngine/2.1.1.WFKeywordResource.txt': Importing test library 'SearchContent.SearchContent' failed: ImportError: No module named sikuli
Traceback (most recent call last):
  File "/Users/ImranChowdhury/Github/TestAutomation-5.7/TestAutomation/ContentStudio/content-studio.sikuli/SearchContent.py", line 1, in &lt;module&gt;
    from sikuli.Sikuli import *
PYTHONPATH:
  /Users/ImranChowdhury/Github/TestAutomation-5.7/TestAutomation/ContentStudio/content-studio.sikuli
  /Library/Java/Extensions/robotframework-2.8.1.jar/Lib/robot/libraries
  /Library/Java/Extensions/robotframework-2.8.1.jar/Lib
  robotframework-2.8.1.jar\Lib
  sikuli-script.jar\Lib
  /Library/Java/Extensions/Lib
  __classpath__
  __pyclasspath__/
  .
  /Users/ImranChowdhury/Github/TestAutomation-5.7/TestAutomation/ContentStudio
CLASSPATH:
  sikuli-script.jar</msg>
<msg timestamp="20151210 19:43:33.303" level="ERROR">Error in file '/Users/ImranChowdhury/Github/TestAutomation-5.7/TestAutomation/ContentStudio/Tests/ContentEngine/2.1.1.WFKeywordResource.txt': Importing test library 'SikuliCS' failed: ImportError: No module named sikuli
Traceback (most recent call last):
  File "/Users/ImranChowdhury/Github/TestAutomation-5.7/TestAutomation/ContentStudio/content-studio.sikuli/SikuliCS.py", line 1, in &lt;module&gt;
    from sikuli.Sikuli import *
PYTHONPATH:
  /Users/ImranChowdhury/Github/TestAutomation-5.7/TestAutomation/ContentStudio/content-studio.sikuli
  /Library/Java/Extensions/robotframework-2.8.1.jar/Lib/robot/libraries
  /Library/Java/Extensions/robotframework-2.8.1.jar/Lib
  robotframework-2.8.1.jar\Lib
  sikuli-script.jar\Lib
  /Library/Java/Extensions/Lib
  __classpath__
  __pyclasspath__/
  .
  /Users/ImranChowdhury/Github/TestAutomation-5.7/TestAutomation/ContentStudio
CLASSPATH:
  sikuli-script.jar</msg>
<msg timestamp="20151210 19:43:33.339" level="ERROR">Error in file '/Users/ImranChowdhury/Github/TestAutomation-5.7/TestAutomation/ContentStudio/Tests/ContentEngine/2.1.1.WFKeywordResource.txt': Importing test library 'eceSikuli.eceSikuli' failed: ImportError: No module named sikuli
Traceback (most recent call last):
  File "/Users/ImranChowdhury/Github/TestAutomation-5.7/TestAutomation/ContentStudio/content-studio.sikuli/eceSikuli.py", line 1, in &lt;module&gt;
    from sikuli.Sikuli import *
PYTHONPATH:
  /Users/ImranChowdhury/Github/TestAutomation-5.7/TestAutomation/ContentStudio/content-studio.sikuli
  /Library/Java/Extensions/robotframework-2.8.1.jar/Lib/robot/libraries
  /Library/Java/Extensions/robotframework-2.8.1.jar/Lib
  robotframework-2.8.1.jar\Lib
  sikuli-script.jar\Lib
  /Library/Java/Extensions/Lib
  __classpath__
  __pyclasspath__/
  .
  /Users/ImranChowdhury/Github/TestAutomation-5.7/TestAutomation/ContentStudio
CLASSPATH:
  sikuli-script.jar</msg>
<msg timestamp="20151210 19:43:33.445" level="ERROR">Error in file '/Users/ImranChowdhury/Github/TestAutomation-5.7/TestAutomation/ContentStudio/Tests/ContentEngine/1.9.4.LanguageNO.txt': Importing test library 'ContentStudioClipboard.ContentStudioClipboard' failed: ImportError: No module named sikuli
Traceback (most recent call last):
  File "/Users/ImranChowdhury/Github/TestAutomation-5.7/TestAutomation/ContentStudio/content-studio.sikuli/ContentStudioClipboard.py", line 1, in &lt;module&gt;
    from sikuli.Sikuli import *
PYTHONPATH:
  /Users/ImranChowdhury/Github/TestAutomation-5.7/TestAutomation/ContentStudio/content-studio.sikuli
  /Library/Java/Extensions/robotframework-2.8.1.jar/Lib/robot/libraries
  /Library/Java/Extensions/robotframework-2.8.1.jar/Lib
  robotframework-2.8.1.jar\Lib
  sikuli-script.jar\Lib
  /Library/Java/Extensions/Lib
  __classpath__
  __pyclasspath__/
  .
  /Users/ImranChowdhury/Github/TestAutomation-5.7/TestAutomation/ContentStudio
CLASSPATH:
  sikuli-script.jar</msg>
<msg timestamp="20151210 19:43:33.484" level="ERROR">Error in file '/Users/ImranChowdhury/Github/TestAutomation-5.7/TestAutomation/ContentStudio/Tests/ContentEngine/1.9.4.LanguageNO.txt': Importing test library 'ContentStudio.ContentStudio' failed: ImportError: No module named sikuli
Traceback (most recent call last):
  File "/Users/ImranChowdhury/Github/TestAutomation-5.7/TestAutomation/ContentStudio/content-studio.sikuli/ContentStudio.py", line 1, in &lt;module&gt;
    from sikuli.Sikuli import *
PYTHONPATH:
  /Users/ImranChowdhury/Github/TestAutomation-5.7/TestAutomation/ContentStudio/content-studio.sikuli
  /Library/Java/Extensions/robotframework-2.8.1.jar/Lib/robot/libraries
  /Library/Java/Extensions/robotframework-2.8.1.jar/Lib
  robotframework-2.8.1.jar\Lib
  sikuli-script.jar\Lib
  /Library/Java/Extensions/Lib
  __classpath__
  __pyclasspath__/
  .
  /Users/ImranChowdhury/Github/TestAutomation-5.7/TestAutomation/ContentStudio
CLASSPATH:
  sikuli-script.jar</msg>
<msg timestamp="20151210 19:43:33.509" level="ERROR">Error in file '/Users/ImranChowdhury/Github/TestAutomation-5.7/TestAutomation/ContentStudio/Tests/ContentEngine/1.9.4.LanguageNO.txt': Importing test library 'SearchContent.SearchContent' failed: ImportError: No module named sikuli
Traceback (most recent call last):
  File "/Users/ImranChowdhury/Github/TestAutomation-5.7/TestAutomation/ContentStudio/content-studio.sikuli/SearchContent.py", line 1, in &lt;module&gt;
    from sikuli.Sikuli import *
PYTHONPATH:
  /Users/ImranChowdhury/Github/TestAutomation-5.7/TestAutomation/ContentStudio/content-studio.sikuli
  /Library/Java/Extensions/robotframework-2.8.1.jar/Lib/robot/libraries
  /Library/Java/Extensions/robotframework-2.8.1.jar/Lib
  robotframework-2.8.1.jar\Lib
  sikuli-script.jar\Lib
  /Library/Java/Extensions/Lib
  __classpath__
  __pyclasspath__/
  .
  /Users/ImranChowdhury/Github/TestAutomation-5.7/TestAutomation/ContentStudio
CLASSPATH:
  sikuli-script.jar</msg>
<msg timestamp="20151210 19:43:33.522" level="ERROR">Error in file '/Users/ImranChowdhury/Github/TestAutomation-5.7/TestAutomation/ContentStudio/Tests/ContentEngine/1.9.4.LanguageNO.txt': Importing test library 'SikuliCS' failed: ImportError: No module named sikuli
Traceback (most recent call last):
  File "/Users/ImranChowdhury/Github/TestAutomation-5.7/TestAutomation/ContentStudio/content-studio.sikuli/SikuliCS.py", line 1, in &lt;module&gt;
    from sikuli.Sikuli import *
PYTHONPATH:
  /Users/ImranChowdhury/Github/TestAutomation-5.7/TestAutomation/ContentStudio/content-studio.sikuli
  /Library/Java/Extensions/robotframework-2.8.1.jar/Lib/robot/libraries
  /Library/Java/Extensions/robotframework-2.8.1.jar/Lib
  robotframework-2.8.1.jar\Lib
  sikuli-script.jar\Lib
  /Library/Java/Extensions/Lib
  __classpath__
  __pyclasspath__/
  .
  /Users/ImranChowdhury/Github/TestAutomation-5.7/TestAutomation/ContentStudio
CLASSPATH:
  sikuli-script.jar</msg>
<msg timestamp="20151210 19:43:33.551" level="ERROR">Error in file '/Users/ImranChowdhury/Github/TestAutomation-5.7/TestAutomation/ContentStudio/Tests/ContentEngine/1.9.4.LanguageNO.txt': Importing test library 'eceSikuli.eceSikuli' failed: ImportError: No module named sikuli
Traceback (most recent call last):
  File "/Users/ImranChowdhury/Github/TestAutomation-5.7/TestAutomation/ContentStudio/content-studio.sikuli/eceSikuli.py", line 1, in &lt;module&gt;
    from sikuli.Sikuli import *
PYTHONPATH:
  /Users/ImranChowdhury/Github/TestAutomation-5.7/TestAutomation/ContentStudio/content-studio.sikuli
  /Library/Java/Extensions/robotframework-2.8.1.jar/Lib/robot/libraries
  /Library/Java/Extensions/robotframework-2.8.1.jar/Lib
  robotframework-2.8.1.jar\Lib
  sikuli-script.jar\Lib
  /Library/Java/Extensions/Lib
  __classpath__
  __pyclasspath__/
  .
  /Users/ImranChowdhury/Github/TestAutomation-5.7/TestAutomation/ContentStudio
CLASSPATH:
  sikuli-script.jar</msg>
<msg timestamp="20151210 19:43:33.617" level="ERROR">Error in file '/Users/ImranChowdhury/Github/TestAutomation-5.7/TestAutomation/ContentStudio/Tests/ContentEngine/2.1.1.WFKeywordResource.txt': Importing test library 'ContentStudioClipboard.ContentStudioClipboard' failed: ImportError: No module named sikuli
Traceback (most recent call last):
  File "/Users/ImranChowdhury/Github/TestAutomation-5.7/TestAutomation/ContentStudio/content-studio.sikuli/ContentStudioClipboard.py", line 1, in &lt;module&gt;
    from sikuli.Sikuli import *
PYTHONPATH:
  /Users/ImranChowdhury/Github/TestAutomation-5.7/TestAutomation/ContentStudio/content-studio.sikuli
  /Library/Java/Extensions/robotframework-2.8.1.jar/Lib/robot/libraries
  /Library/Java/Extensions/robotframework-2.8.1.jar/Lib
  robotframework-2.8.1.jar\Lib
  sikuli-script.jar\Lib
  /Library/Java/Extensions/Lib
  __classpath__
  __pyclasspath__/
  .
  /Users/ImranChowdhury/Github/TestAutomation-5.7/TestAutomation/ContentStudio
CLASSPATH:
  sikuli-script.jar</msg>
<msg timestamp="20151210 19:43:33.667" level="ERROR">Error in file '/Users/ImranChowdhury/Github/TestAutomation-5.7/TestAutomation/ContentStudio/Tests/ContentEngine/2.1.1.WFKeywordResource.txt': Importing test library 'ContentStudio.ContentStudio' failed: ImportError: No module named sikuli
Traceback (most recent call last):
  File "/Users/ImranChowdhury/Github/TestAutomation-5.7/TestAutomation/ContentStudio/content-studio.sikuli/ContentStudio.py", line 1, in &lt;module&gt;
    from sikuli.Sikuli import *
PYTHONPATH:
  /Users/ImranChowdhury/Github/TestAutomation-5.7/TestAutomation/ContentStudio/content-studio.sikuli
  /Library/Java/Extensions/robotframework-2.8.1.jar/Lib/robot/libraries
  /Library/Java/Extensions/robotframework-2.8.1.jar/Lib
  robotframework-2.8.1.jar\Lib
  sikuli-script.jar\Lib
  /Library/Java/Extensions/Lib
  __classpath__
  __pyclasspath__/
  .
  /Users/ImranChowdhury/Github/TestAutomation-5.7/TestAutomation/ContentStudio
CLASSPATH:
  sikuli-script.jar</msg>
<msg timestamp="20151210 19:43:33.693" level="ERROR">Error in file '/Users/ImranChowdhury/Github/TestAutomation-5.7/TestAutomation/ContentStudio/Tests/ContentEngine/2.1.1.WFKeywordResource.txt': Importing test library 'SearchContent.SearchContent' failed: ImportError: No module named sikuli
Traceback (most recent call last):
  File "/Users/ImranChowdhury/Github/TestAutomation-5.7/TestAutomation/ContentStudio/content-studio.sikuli/SearchContent.py", line 1, in &lt;module&gt;
    from sikuli.Sikuli import *
PYTHONPATH:
  /Users/ImranChowdhury/Github/TestAutomation-5.7/TestAutomation/ContentStudio/content-studio.sikuli
  /Library/Java/Extensions/robotframework-2.8.1.jar/Lib/robot/libraries
  /Library/Java/Extensions/robotframework-2.8.1.jar/Lib
  robotframework-2.8.1.jar\Lib
  sikuli-script.jar\Lib
  /Library/Java/Extensions/Lib
  __classpath__
  __pyclasspath__/
  .
  /Users/ImranChowdhury/Github/TestAutomation-5.7/TestAutomation/ContentStudio
CLASSPATH:
  sikuli-script.jar</msg>
<msg timestamp="20151210 19:43:33.711" level="ERROR">Error in file '/Users/ImranChowdhury/Github/TestAutomation-5.7/TestAutomation/ContentStudio/Tests/ContentEngine/2.1.1.WFKeywordResource.txt': Importing test library 'SikuliCS' failed: ImportError: No module named sikuli
Traceback (most recent call last):
  File "/Users/ImranChowdhury/Github/TestAutomation-5.7/TestAutomation/ContentStudio/content-studio.sikuli/SikuliCS.py", line 1, in &lt;module&gt;
    from sikuli.Sikuli import *
PYTHONPATH:
  /Users/ImranChowdhury/Github/TestAutomation-5.7/TestAutomation/ContentStudio/content-studio.sikuli
  /Library/Java/Extensions/robotframework-2.8.1.jar/Lib/robot/libraries
  /Library/Java/Extensions/robotframework-2.8.1.jar/Lib
  robotframework-2.8.1.jar\Lib
  sikuli-script.jar\Lib
  /Library/Java/Extensions/Lib
  __classpath__
  __pyclasspath__/
  .
  /Users/ImranChowdhury/Github/TestAutomation-5.7/TestAutomation/ContentStudio
CLASSPATH:
  sikuli-script.jar</msg>
<msg timestamp="20151210 19:43:33.738" level="ERROR">Error in file '/Users/ImranChowdhury/Github/TestAutomation-5.7/TestAutomation/ContentStudio/Tests/ContentEngine/2.1.1.WFKeywordResource.txt': Importing test library 'eceSikuli.eceSikuli' failed: ImportError: No module named sikuli
Traceback (most recent call last):
  File "/Users/ImranChowdhury/Github/TestAutomation-5.7/TestAutomation/ContentStudio/content-studio.sikuli/eceSikuli.py", line 1, in &lt;module&gt;
    from sikuli.Sikuli import *
PYTHONPATH:
  /Users/ImranChowdhury/Github/TestAutomation-5.7/TestAutomation/ContentStudio/content-studio.sikuli
  /Library/Java/Extensions/robotframework-2.8.1.jar/Lib/robot/libraries
  /Library/Java/Extensions/robotframework-2.8.1.jar/Lib
  robotframework-2.8.1.jar\Lib
  sikuli-script.jar\Lib
  /Library/Java/Extensions/Lib
  __classpath__
  __pyclasspath__/
  .
  /Users/ImranChowdhury/Github/TestAutomation-5.7/TestAutomation/ContentStudio
CLASSPATH:
  sikuli-script.jar</msg>
<msg timestamp="20151210 19:43:33.817" level="ERROR">Error in file '/Users/ImranChowdhury/Github/TestAutomation-5.7/TestAutomation/ContentStudio/Tests/ContentEngine/1.9.5.VF-5854.txt': Importing test library 'ContentStudioClipboard.ContentStudioClipboard' failed: ImportError: No module named sikuli
Traceback (most recent call last):
  File "/Users/ImranChowdhury/Github/TestAutomation-5.7/TestAutomation/ContentStudio/content-studio.sikuli/ContentStudioClipboard.py", line 1, in &lt;module&gt;
    from sikuli.Sikuli import *
PYTHONPATH:
  /Users/ImranChowdhury/Github/TestAutomation-5.7/TestAutomation/ContentStudio/content-studio.sikuli
  /Library/Java/Extensions/robotframework-2.8.1.jar/Lib/robot/libraries
  /Library/Java/Extensions/robotframework-2.8.1.jar/Lib
  robotframework-2.8.1.jar\Lib
  sikuli-script.jar\Lib
  /Library/Java/Extensions/Lib
  __classpath__
  __pyclasspath__/
  .
  /Users/ImranChowdhury/Github/TestAutomation-5.7/TestAutomation/ContentStudio
CLASSPATH:
  sikuli-script.jar</msg>
<msg timestamp="20151210 19:43:33.849" level="ERROR">Error in file '/Users/ImranChowdhury/Github/TestAutomation-5.7/TestAutomation/ContentStudio/Tests/ContentEngine/1.9.5.VF-5854.txt': Importing test library 'ContentStudio.ContentStudio' failed: ImportError: No module named sikuli
Traceback (most recent call last):
  File "/Users/ImranChowdhury/Github/TestAutomation-5.7/TestAutomation/ContentStudio/content-studio.sikuli/ContentStudio.py", line 1, in &lt;module&gt;
    from sikuli.Sikuli import *
PYTHONPATH:
  /Users/ImranChowdhury/Github/TestAutomation-5.7/TestAutomation/ContentStudio/content-studio.sikuli
  /Library/Java/Extensions/robotframework-2.8.1.jar/Lib/robot/libraries
  /Library/Java/Extensions/robotframework-2.8.1.jar/Lib
  robotframework-2.8.1.jar\Lib
  sikuli-script.jar\Lib
  /Library/Java/Extensions/Lib
  __classpath__
  __pyclasspath__/
  .
  /Users/ImranChowdhury/Github/TestAutomation-5.7/TestAutomation/ContentStudio
CLASSPATH:
  sikuli-script.jar</msg>
<msg timestamp="20151210 19:43:33.871" level="ERROR">Error in file '/Users/ImranChowdhury/Github/TestAutomation-5.7/TestAutomation/ContentStudio/Tests/ContentEngine/1.9.5.VF-5854.txt': Importing test library 'SearchContent.SearchContent' failed: ImportError: No module named sikuli
Traceback (most recent call last):
  File "/Users/ImranChowdhury/Github/TestAutomation-5.7/TestAutomation/ContentStudio/content-studio.sikuli/SearchContent.py", line 1, in &lt;module&gt;
    from sikuli.Sikuli import *
PYTHONPATH:
  /Users/ImranChowdhury/Github/TestAutomation-5.7/TestAutomation/ContentStudio/content-studio.sikuli
  /Library/Java/Extensions/robotframework-2.8.1.jar/Lib/robot/libraries
  /Library/Java/Extensions/robotframework-2.8.1.jar/Lib
  robotframework-2.8.1.jar\Lib
  sikuli-script.jar\Lib
  /Library/Java/Extensions/Lib
  __classpath__
  __pyclasspath__/
  .
  /Users/ImranChowdhury/Github/TestAutomation-5.7/TestAutomation/ContentStudio
CLASSPATH:
  sikuli-script.jar</msg>
<msg timestamp="20151210 19:43:33.883" level="ERROR">Error in file '/Users/ImranChowdhury/Github/TestAutomation-5.7/TestAutomation/ContentStudio/Tests/ContentEngine/1.9.5.VF-5854.txt': Importing test library 'SikuliCS' failed: ImportError: No module named sikuli
Traceback (most recent call last):
  File "/Users/ImranChowdhury/Github/TestAutomation-5.7/TestAutomation/ContentStudio/content-studio.sikuli/SikuliCS.py", line 1, in &lt;module&gt;
    from sikuli.Sikuli import *
PYTHONPATH:
  /Users/ImranChowdhury/Github/TestAutomation-5.7/TestAutomation/ContentStudio/content-studio.sikuli
  /Library/Java/Extensions/robotframework-2.8.1.jar/Lib/robot/libraries
  /Library/Java/Extensions/robotframework-2.8.1.jar/Lib
  robotframework-2.8.1.jar\Lib
  sikuli-script.jar\Lib
  /Library/Java/Extensions/Lib
  __classpath__
  __pyclasspath__/
  .
  /Users/ImranChowdhury/Github/TestAutomation-5.7/TestAutomation/ContentStudio
CLASSPATH:
  sikuli-script.jar</msg>
<msg timestamp="20151210 19:43:33.906" level="ERROR">Error in file '/Users/ImranChowdhury/Github/TestAutomation-5.7/TestAutomation/ContentStudio/Tests/ContentEngine/1.9.5.VF-5854.txt': Importing test library 'eceSikuli.eceSikuli' failed: ImportError: No module named sikuli
Traceback (most recent call last):
  File "/Users/ImranChowdhury/Github/TestAutomation-5.7/TestAutomation/ContentStudio/content-studio.sikuli/eceSikuli.py", line 1, in &lt;module&gt;
    from sikuli.Sikuli import *
PYTHONPATH:
  /Users/ImranChowdhury/Github/TestAutomation-5.7/TestAutomation/ContentStudio/content-studio.sikuli
  /Library/Java/Extensions/robotframework-2.8.1.jar/Lib/robot/libraries
  /Library/Java/Extensions/robotframework-2.8.1.jar/Lib
  robotframework-2.8.1.jar\Lib
  sikuli-script.jar\Lib
  /Library/Java/Extensions/Lib
  __classpath__
  __pyclasspath__/
  .
  /Users/ImranChowdhury/Github/TestAutomation-5.7/TestAutomation/ContentStudio
CLASSPATH:
  sikuli-script.jar</msg>
<msg timestamp="20151210 19:43:33.971" level="ERROR">Error in file '/Users/ImranChowdhury/Github/TestAutomation-5.7/TestAutomation/ContentStudio/Tests/ContentEngine/2.1.1.WFKeywordResource.txt': Importing test library 'ContentStudioClipboard.ContentStudioClipboard' failed: ImportError: No module named sikuli
Traceback (most recent call last):
  File "/Users/ImranChowdhury/Github/TestAutomation-5.7/TestAutomation/ContentStudio/content-studio.sikuli/ContentStudioClipboard.py", line 1, in &lt;module&gt;
    from sikuli.Sikuli import *
PYTHONPATH:
  /Users/ImranChowdhury/Github/TestAutomation-5.7/TestAutomation/ContentStudio/content-studio.sikuli
  /Library/Java/Extensions/robotframework-2.8.1.jar/Lib/robot/libraries
  /Library/Java/Extensions/robotframework-2.8.1.jar/Lib
  robotframework-2.8.1.jar\Lib
  sikuli-script.jar\Lib
  /Library/Java/Extensions/Lib
  __classpath__
  __pyclasspath__/
  .
  /Users/ImranChowdhury/Github/TestAutomation-5.7/TestAutomation/ContentStudio
CLASSPATH:
  sikuli-script.jar</msg>
<msg timestamp="20151210 19:43:34.001" level="ERROR">Error in file '/Users/ImranChowdhury/Github/TestAutomation-5.7/TestAutomation/ContentStudio/Tests/ContentEngine/2.1.1.WFKeywordResource.txt': Importing test library 'ContentStudio.ContentStudio' failed: ImportError: No module named sikuli
Traceback (most recent call last):
  File "/Users/ImranChowdhury/Github/TestAutomation-5.7/TestAutomation/ContentStudio/content-studio.sikuli/ContentStudio.py", line 1, in &lt;module&gt;
    from sikuli.Sikuli import *
PYTHONPATH:
  /Users/ImranChowdhury/Github/TestAutomation-5.7/TestAutomation/ContentStudio/content-studio.sikuli
  /Library/Java/Extensions/robotframework-2.8.1.jar/Lib/robot/libraries
  /Library/Java/Extensions/robotframework-2.8.1.jar/Lib
  robotframework-2.8.1.jar\Lib
  sikuli-script.jar\Lib
  /Library/Java/Extensions/Lib
  __classpath__
  __pyclasspath__/
  .
  /Users/ImranChowdhury/Github/TestAutomation-5.7/TestAutomation/ContentStudio
CLASSPATH:
  sikuli-script.jar</msg>
<msg timestamp="20151210 19:43:34.028" level="ERROR">Error in file '/Users/ImranChowdhury/Github/TestAutomation-5.7/TestAutomation/ContentStudio/Tests/ContentEngine/2.1.1.WFKeywordResource.txt': Importing test library 'SearchContent.SearchContent' failed: ImportError: No module named sikuli
Traceback (most recent call last):
  File "/Users/ImranChowdhury/Github/TestAutomation-5.7/TestAutomation/ContentStudio/content-studio.sikuli/SearchContent.py", line 1, in &lt;module&gt;
    from sikuli.Sikuli import *
PYTHONPATH:
  /Users/ImranChowdhury/Github/TestAutomation-5.7/TestAutomation/ContentStudio/content-studio.sikuli
  /Library/Java/Extensions/robotframework-2.8.1.jar/Lib/robot/libraries
  /Library/Java/Extensions/robotframework-2.8.1.jar/Lib
  robotframework-2.8.1.jar\Lib
  sikuli-script.jar\Lib
  /Library/Java/Extensions/Lib
  __classpath__
  __pyclasspath__/
  .
  /Users/ImranChowdhury/Github/TestAutomation-5.7/TestAutomation/ContentStudio
CLASSPATH:
  sikuli-script.jar</msg>
<msg timestamp="20151210 19:43:34.041" level="ERROR">Error in file '/Users/ImranChowdhury/Github/TestAutomation-5.7/TestAutomation/ContentStudio/Tests/ContentEngine/2.1.1.WFKeywordResource.txt': Importing test library 'SikuliCS' failed: ImportError: No module named sikuli
Traceback (most recent call last):
  File "/Users/ImranChowdhury/Github/TestAutomation-5.7/TestAutomation/ContentStudio/content-studio.sikuli/SikuliCS.py", line 1, in &lt;module&gt;
    from sikuli.Sikuli import *
PYTHONPATH:
  /Users/ImranChowdhury/Github/TestAutomation-5.7/TestAutomation/ContentStudio/content-studio.sikuli
  /Library/Java/Extensions/robotframework-2.8.1.jar/Lib/robot/libraries
  /Library/Java/Extensions/robotframework-2.8.1.jar/Lib
  robotframework-2.8.1.jar\Lib
  sikuli-script.jar\Lib
  /Library/Java/Extensions/Lib
  __classpath__
  __pyclasspath__/
  .
  /Users/ImranChowdhury/Github/TestAutomation-5.7/TestAutomation/ContentStudio
CLASSPATH:
  sikuli-script.jar</msg>
<msg timestamp="20151210 19:43:34.065" level="ERROR">Error in file '/Users/ImranChowdhury/Github/TestAutomation-5.7/TestAutomation/ContentStudio/Tests/ContentEngine/2.1.1.WFKeywordResource.txt': Importing test library 'eceSikuli.eceSikuli' failed: ImportError: No module named sikuli
Traceback (most recent call last):
  File "/Users/ImranChowdhury/Github/TestAutomation-5.7/TestAutomation/ContentStudio/content-studio.sikuli/eceSikuli.py", line 1, in &lt;module&gt;
    from sikuli.Sikuli import *
PYTHONPATH:
  /Users/ImranChowdhury/Github/TestAutomation-5.7/TestAutomation/ContentStudio/content-studio.sikuli
  /Library/Java/Extensions/robotframework-2.8.1.jar/Lib/robot/libraries
  /Library/Java/Extensions/robotframework-2.8.1.jar/Lib
  robotframework-2.8.1.jar\Lib
  sikuli-script.jar\Lib
  /Library/Java/Extensions/Lib
  __classpath__
  __pyclasspath__/
  .
  /Users/ImranChowdhury/Github/TestAutomation-5.7/TestAutomation/ContentStudio
CLASSPATH:
  sikuli-script.jar</msg>
<msg timestamp="20151210 19:43:34.121" level="ERROR">Error in file '/Users/ImranChowdhury/Github/TestAutomation-5.7/TestAutomation/ContentStudio/Tests/ContentEngine/1.9.8.CreateTag.txt': Importing test library 'ContentStudioClipboard.ContentStudioClipboard' failed: ImportError: No module named sikuli
Traceback (most recent call last):
  File "/Users/ImranChowdhury/Github/TestAutomation-5.7/TestAutomation/ContentStudio/content-studio.sikuli/ContentStudioClipboard.py", line 1, in &lt;module&gt;
    from sikuli.Sikuli import *
PYTHONPATH:
  /Users/ImranChowdhury/Github/TestAutomation-5.7/TestAutomation/ContentStudio/content-studio.sikuli
  /Library/Java/Extensions/robotframework-2.8.1.jar/Lib/robot/libraries
  /Library/Java/Extensions/robotframework-2.8.1.jar/Lib
  robotframework-2.8.1.jar\Lib
  sikuli-script.jar\Lib
  /Library/Java/Extensions/Lib
  __classpath__
  __pyclasspath__/
  .
  /Users/ImranChowdhury/Github/TestAutomation-5.7/TestAutomation/ContentStudio
CLASSPATH:
  sikuli-script.jar</msg>
<msg timestamp="20151210 19:43:34.155" level="ERROR">Error in file '/Users/ImranChowdhury/Github/TestAutomation-5.7/TestAutomation/ContentStudio/Tests/ContentEngine/1.9.8.CreateTag.txt': Importing test library 'ContentStudio.ContentStudio' failed: ImportError: No module named sikuli
Traceback (most recent call last):
  File "/Users/ImranChowdhury/Github/TestAutomation-5.7/TestAutomation/ContentStudio/content-studio.sikuli/ContentStudio.py", line 1, in &lt;module&gt;
    from sikuli.Sikuli import *
PYTHONPATH:
  /Users/ImranChowdhury/Github/TestAutomation-5.7/TestAutomation/ContentStudio/content-studio.sikuli
  /Library/Java/Extensions/robotframework-2.8.1.jar/Lib/robot/libraries
  /Library/Java/Extensions/robotframework-2.8.1.jar/Lib
  robotframework-2.8.1.jar\Lib
  sikuli-script.jar\Lib
  /Library/Java/Extensions/Lib
  __classpath__
  __pyclasspath__/
  .
  /Users/ImranChowdhury/Github/TestAutomation-5.7/TestAutomation/ContentStudio
CLASSPATH:
  sikuli-script.jar</msg>
<msg timestamp="20151210 19:43:34.182" level="ERROR">Error in file '/Users/ImranChowdhury/Github/TestAutomation-5.7/TestAutomation/ContentStudio/Tests/ContentEngine/1.9.8.CreateTag.txt': Importing test library 'SearchContent.SearchContent' failed: ImportError: No module named sikuli
Traceback (most recent call last):
  File "/Users/ImranChowdhury/Github/TestAutomation-5.7/TestAutomation/ContentStudio/content-studio.sikuli/SearchContent.py", line 1, in &lt;module&gt;
    from sikuli.Sikuli import *
PYTHONPATH:
  /Users/ImranChowdhury/Github/TestAutomation-5.7/TestAutomation/ContentStudio/content-studio.sikuli
  /Library/Java/Extensions/robotframework-2.8.1.jar/Lib/robot/libraries
  /Library/Java/Extensions/robotframework-2.8.1.jar/Lib
  robotframework-2.8.1.jar\Lib
  sikuli-script.jar\Lib
  /Library/Java/Extensions/Lib
  __classpath__
  __pyclasspath__/
  .
  /Users/ImranChowdhury/Github/TestAutomation-5.7/TestAutomation/ContentStudio
CLASSPATH:
  sikuli-script.jar</msg>
<msg timestamp="20151210 19:43:34.194" level="ERROR">Error in file '/Users/ImranChowdhury/Github/TestAutomation-5.7/TestAutomation/ContentStudio/Tests/ContentEngine/1.9.8.CreateTag.txt': Importing test library 'SikuliCS' failed: ImportError: No module named sikuli
Traceback (most recent call last):
  File "/Users/ImranChowdhury/Github/TestAutomation-5.7/TestAutomation/ContentStudio/content-studio.sikuli/SikuliCS.py", line 1, in &lt;module&gt;
    from sikuli.Sikuli import *
PYTHONPATH:
  /Users/ImranChowdhury/Github/TestAutomation-5.7/TestAutomation/ContentStudio/content-studio.sikuli
  /Library/Java/Extensions/robotframework-2.8.1.jar/Lib/robot/libraries
  /Library/Java/Extensions/robotframework-2.8.1.jar/Lib
  robotframework-2.8.1.jar\Lib
  sikuli-script.jar\Lib
  /Library/Java/Extensions/Lib
  __classpath__
  __pyclasspath__/
  .
  /Users/ImranChowdhury/Github/TestAutomation-5.7/TestAutomation/ContentStudio
CLASSPATH:
  sikuli-script.jar</msg>
<msg timestamp="20151210 19:43:34.226" level="ERROR">Error in file '/Users/ImranChowdhury/Github/TestAutomation-5.7/TestAutomation/ContentStudio/Tests/ContentEngine/1.9.8.CreateTag.txt': Importing test library 'eceSikuli.eceSikuli' failed: ImportError: No module named sikuli
Traceback (most recent call last):
  File "/Users/ImranChowdhury/Github/TestAutomation-5.7/TestAutomation/ContentStudio/content-studio.sikuli/eceSikuli.py", line 1, in &lt;module&gt;
    from sikuli.Sikuli import *
PYTHONPATH:
  /Users/ImranChowdhury/Github/TestAutomation-5.7/TestAutomation/ContentStudio/content-studio.sikuli
  /Library/Java/Extensions/robotframework-2.8.1.jar/Lib/robot/libraries
  /Library/Java/Extensions/robotframework-2.8.1.jar/Lib
  robotframework-2.8.1.jar\Lib
  sikuli-script.jar\Lib
  /Library/Java/Extensions/Lib
  __classpath__
  __pyclasspath__/
  .
  /Users/ImranChowdhury/Github/TestAutomation-5.7/TestAutomation/ContentStudio
CLASSPATH:
  sikuli-script.jar</msg>
<msg timestamp="20151210 19:43:34.260" level="ERROR">Error in file '/Users/ImranChowdhury/Github/TestAutomation-5.7/TestAutomation/ContentStudio/Tests/ContentEngine/2.1.1.WFKeywordResource.txt': Importing test library 'ContentStudioClipboard.ContentStudioClipboard' failed: ImportError: No module named sikuli
Traceback (most recent call last):
  File "/Users/ImranChowdhury/Github/TestAutomation-5.7/TestAutomation/ContentStudio/content-studio.sikuli/ContentStudioClipboard.py", line 1, in &lt;module&gt;
    from sikuli.Sikuli import *
PYTHONPATH:
  /Users/ImranChowdhury/Github/TestAutomation-5.7/TestAutomation/ContentStudio/content-studio.sikuli
  /Library/Java/Extensions/robotframework-2.8.1.jar/Lib/robot/libraries
  /Library/Java/Extensions/robotframework-2.8.1.jar/Lib
  robotframework-2.8.1.jar\Lib
  sikuli-script.jar\Lib
  /Library/Java/Extensions/Lib
  __classpath__
  __pyclasspath__/
  .
  /Users/ImranChowdhury/Github/TestAutomation-5.7/TestAutomation/ContentStudio
CLASSPATH:
  sikuli-script.jar</msg>
<msg timestamp="20151210 19:43:34.297" level="ERROR">Error in file '/Users/ImranChowdhury/Github/TestAutomation-5.7/TestAutomation/ContentStudio/Tests/ContentEngine/2.1.1.WFKeywordResource.txt': Importing test library 'ContentStudio.ContentStudio' failed: ImportError: No module named sikuli
Traceback (most recent call last):
  File "/Users/ImranChowdhury/Github/TestAutomation-5.7/TestAutomation/ContentStudio/content-studio.sikuli/ContentStudio.py", line 1, in &lt;module&gt;
    from sikuli.Sikuli import *
PYTHONPATH:
  /Users/ImranChowdhury/Github/TestAutomation-5.7/TestAutomation/ContentStudio/content-studio.sikuli
  /Library/Java/Extensions/robotframework-2.8.1.jar/Lib/robot/libraries
  /Library/Java/Extensions/robotframework-2.8.1.jar/Lib
  robotframework-2.8.1.jar\Lib
  sikuli-script.jar\Lib
  /Library/Java/Extensions/Lib
  __classpath__
  __pyclasspath__/
  .
  /Users/ImranChowdhury/Github/TestAutomation-5.7/TestAutomation/ContentStudio
CLASSPATH:
  sikuli-script.jar</msg>
<msg timestamp="20151210 19:43:34.313" level="ERROR">Error in file '/Users/ImranChowdhury/Github/TestAutomation-5.7/TestAutomation/ContentStudio/Tests/ContentEngine/2.1.1.WFKeywordResource.txt': Importing test library 'SearchContent.SearchContent' failed: ImportError: No module named sikuli
Traceback (most recent call last):
  File "/Users/ImranChowdhury/Github/TestAutomation-5.7/TestAutomation/ContentStudio/content-studio.sikuli/SearchContent.py", line 1, in &lt;module&gt;
    from sikuli.Sikuli import *
PYTHONPATH:
  /Users/ImranChowdhury/Github/TestAutomation-5.7/TestAutomation/ContentStudio/content-studio.sikuli
  /Library/Java/Extensions/robotframework-2.8.1.jar/Lib/robot/libraries
  /Library/Java/Extensions/robotframework-2.8.1.jar/Lib
  robotframework-2.8.1.jar\Lib
  sikuli-script.jar\Lib
  /Library/Java/Extensions/Lib
  __classpath__
  __pyclasspath__/
  .
  /Users/ImranChowdhury/Github/TestAutomation-5.7/TestAutomation/ContentStudio
CLASSPATH:
  sikuli-script.jar</msg>
<msg timestamp="20151210 19:43:34.330" level="ERROR">Error in file '/Users/ImranChowdhury/Github/TestAutomation-5.7/TestAutomation/ContentStudio/Tests/ContentEngine/2.1.1.WFKeywordResource.txt': Importing test library 'SikuliCS' failed: ImportError: No module named sikuli
Traceback (most recent call last):
  File "/Users/ImranChowdhury/Github/TestAutomation-5.7/TestAutomation/ContentStudio/content-studio.sikuli/SikuliCS.py", line 1, in &lt;module&gt;
    from sikuli.Sikuli import *
PYTHONPATH:
  /Users/ImranChowdhury/Github/TestAutomation-5.7/TestAutomation/ContentStudio/content-studio.sikuli
  /Library/Java/Extensions/robotframework-2.8.1.jar/Lib/robot/libraries
  /Library/Java/Extensions/robotframework-2.8.1.jar/Lib
  robotframework-2.8.1.jar\Lib
  sikuli-script.jar\Lib
  /Library/Java/Extensions/Lib
  __classpath__
  __pyclasspath__/
  .
  /Users/ImranChowdhury/Github/TestAutomation-5.7/TestAutomation/ContentStudio
CLASSPATH:
  sikuli-script.jar</msg>
<msg timestamp="20151210 19:43:34.362" level="ERROR">Error in file '/Users/ImranChowdhury/Github/TestAutomation-5.7/TestAutomation/ContentStudio/Tests/ContentEngine/2.1.1.WFKeywordResource.txt': Importing test library 'eceSikuli.eceSikuli' failed: ImportError: No module named sikuli
Traceback (most recent call last):
  File "/Users/ImranChowdhury/Github/TestAutomation-5.7/TestAutomation/ContentStudio/content-studio.sikuli/eceSikuli.py", line 1, in &lt;module&gt;
    from sikuli.Sikuli import *
PYTHONPATH:
  /Users/ImranChowdhury/Github/TestAutomation-5.7/TestAutomation/ContentStudio/content-studio.sikuli
  /Library/Java/Extensions/robotframework-2.8.1.jar/Lib/robot/libraries
  /Library/Java/Extensions/robotframework-2.8.1.jar/Lib
  robotframework-2.8.1.jar\Lib
  sikuli-script.jar\Lib
  /Library/Java/Extensions/Lib
  __classpath__
  __pyclasspath__/
  .
  /Users/ImranChowdhury/Github/TestAutomation-5.7/TestAutomation/ContentStudio
CLASSPATH:
  sikuli-script.jar</msg>
<msg timestamp="20151210 19:43:34.417" level="ERROR">Error in file '/Users/ImranChowdhury/Github/TestAutomation-5.7/TestAutomation/ContentStudio/Tests/ContentEngine/1.9.9.1.CreateSectionCS.txt': Importing test library 'ContentStudioClipboard.ContentStudioClipboard' failed: ImportError: No module named sikuli
Traceback (most recent call last):
  File "/Users/ImranChowdhury/Github/TestAutomation-5.7/TestAutomation/ContentStudio/content-studio.sikuli/ContentStudioClipboard.py", line 1, in &lt;module&gt;
    from sikuli.Sikuli import *
PYTHONPATH:
  /Users/ImranChowdhury/Github/TestAutomation-5.7/TestAutomation/ContentStudio/content-studio.sikuli
  /Library/Java/Extensions/robotframework-2.8.1.jar/Lib/robot/libraries
  /Library/Java/Extensions/robotframework-2.8.1.jar/Lib
  robotframework-2.8.1.jar\Lib
  sikuli-script.jar\Lib
  /Library/Java/Extensions/Lib
  __classpath__
  __pyclasspath__/
  .
  /Users/ImranChowdhury/Github/TestAutomation-5.7/TestAutomation/ContentStudio
CLASSPATH:
  sikuli-script.jar</msg>
<msg timestamp="20151210 19:43:34.451" level="ERROR">Error in file '/Users/ImranChowdhury/Github/TestAutomation-5.7/TestAutomation/ContentStudio/Tests/ContentEngine/1.9.9.1.CreateSectionCS.txt': Importing test library 'ContentStudio.ContentStudio' failed: ImportError: No module named sikuli
Traceback (most recent call last):
  File "/Users/ImranChowdhury/Github/TestAutomation-5.7/TestAutomation/ContentStudio/content-studio.sikuli/ContentStudio.py", line 1, in &lt;module&gt;
    from sikuli.Sikuli import *
PYTHONPATH:
  /Users/ImranChowdhury/Github/TestAutomation-5.7/TestAutomation/ContentStudio/content-studio.sikuli
  /Library/Java/Extensions/robotframework-2.8.1.jar/Lib/robot/libraries
  /Library/Java/Extensions/robotframework-2.8.1.jar/Lib
  robotframework-2.8.1.jar\Lib
  sikuli-script.jar\Lib
  /Library/Java/Extensions/Lib
  __classpath__
  __pyclasspath__/
  .
  /Users/ImranChowdhury/Github/TestAutomation-5.7/TestAutomation/ContentStudio
CLASSPATH:
  sikuli-script.jar</msg>
<msg timestamp="20151210 19:43:34.476" level="ERROR">Error in file '/Users/ImranChowdhury/Github/TestAutomation-5.7/TestAutomation/ContentStudio/Tests/ContentEngine/1.9.9.1.CreateSectionCS.txt': Importing test library 'SearchContent.SearchContent' failed: ImportError: No module named sikuli
Traceback (most recent call last):
  File "/Users/ImranChowdhury/Github/TestAutomation-5.7/TestAutomation/ContentStudio/content-studio.sikuli/SearchContent.py", line 1, in &lt;module&gt;
    from sikuli.Sikuli import *
PYTHONPATH:
  /Users/ImranChowdhury/Github/TestAutomation-5.7/TestAutomation/ContentStudio/content-studio.sikuli
  /Library/Java/Extensions/robotframework-2.8.1.jar/Lib/robot/libraries
  /Library/Java/Extensions/robotframework-2.8.1.jar/Lib
  robotframework-2.8.1.jar\Lib
  sikuli-script.jar\Lib
  /Library/Java/Extensions/Lib
  __classpath__
  __pyclasspath__/
  .
  /Users/ImranChowdhury/Github/TestAutomation-5.7/TestAutomation/ContentStudio
CLASSPATH:
  sikuli-script.jar</msg>
<msg timestamp="20151210 19:43:34.487" level="ERROR">Error in file '/Users/ImranChowdhury/Github/TestAutomation-5.7/TestAutomation/ContentStudio/Tests/ContentEngine/1.9.9.1.CreateSectionCS.txt': Importing test library 'SikuliCS' failed: ImportError: No module named sikuli
Traceback (most recent call last):
  File "/Users/ImranChowdhury/Github/TestAutomation-5.7/TestAutomation/ContentStudio/content-studio.sikuli/SikuliCS.py", line 1, in &lt;module&gt;
    from sikuli.Sikuli import *
PYTHONPATH:
  /Users/ImranChowdhury/Github/TestAutomation-5.7/TestAutomation/ContentStudio/content-studio.sikuli
  /Library/Java/Extensions/robotframework-2.8.1.jar/Lib/robot/libraries
  /Library/Java/Extensions/robotframework-2.8.1.jar/Lib
  robotframework-2.8.1.jar\Lib
  sikuli-script.jar\Lib
  /Library/Java/Extensions/Lib
  __classpath__
  __pyclasspath__/
  .
  /Users/ImranChowdhury/Github/TestAutomation-5.7/TestAutomation/ContentStudio
CLASSPATH:
  sikuli-script.jar</msg>
<msg timestamp="20151210 19:43:34.510" level="ERROR">Error in file '/Users/ImranChowdhury/Github/TestAutomation-5.7/TestAutomation/ContentStudio/Tests/ContentEngine/1.9.9.1.CreateSectionCS.txt': Importing test library 'eceSikuli.eceSikuli' failed: ImportError: No module named sikuli
Traceback (most recent call last):
  File "/Users/ImranChowdhury/Github/TestAutomation-5.7/TestAutomation/ContentStudio/content-studio.sikuli/eceSikuli.py", line 1, in &lt;module&gt;
    from sikuli.Sikuli import *
PYTHONPATH:
  /Users/ImranChowdhury/Github/TestAutomation-5.7/TestAutomation/ContentStudio/content-studio.sikuli
  /Library/Java/Extensions/robotframework-2.8.1.jar/Lib/robot/libraries
  /Library/Java/Extensions/robotframework-2.8.1.jar/Lib
  robotframework-2.8.1.jar\Lib
  sikuli-script.jar\Lib
  /Library/Java/Extensions/Lib
  __classpath__
  __pyclasspath__/
  .
  /Users/ImranChowdhury/Github/TestAutomation-5.7/TestAutomation/ContentStudio
CLASSPATH:
  sikuli-script.jar</msg>
<msg timestamp="20151210 19:43:34.545" level="ERROR">Error in file '/Users/ImranChowdhury/Github/TestAutomation-5.7/TestAutomation/ContentStudio/Tests/ContentEngine/2.1.1.WFKeywordResource.txt': Importing test library 'ContentStudioClipboard.ContentStudioClipboard' failed: ImportError: No module named sikuli
Traceback (most recent call last):
  File "/Users/ImranChowdhury/Github/TestAutomation-5.7/TestAutomation/ContentStudio/content-studio.sikuli/ContentStudioClipboard.py", line 1, in &lt;module&gt;
    from sikuli.Sikuli import *
PYTHONPATH:
  /Users/ImranChowdhury/Github/TestAutomation-5.7/TestAutomation/ContentStudio/content-studio.sikuli
  /Library/Java/Extensions/robotframework-2.8.1.jar/Lib/robot/libraries
  /Library/Java/Extensions/robotframework-2.8.1.jar/Lib
  robotframework-2.8.1.jar\Lib
  sikuli-script.jar\Lib
  /Library/Java/Extensions/Lib
  __classpath__
  __pyclasspath__/
  .
  /Users/ImranChowdhury/Github/TestAutomation-5.7/TestAutomation/ContentStudio
CLASSPATH:
  sikuli-script.jar</msg>
<msg timestamp="20151210 19:43:34.582" level="ERROR">Error in file '/Users/ImranChowdhury/Github/TestAutomation-5.7/TestAutomation/ContentStudio/Tests/ContentEngine/2.1.1.WFKeywordResource.txt': Importing test library 'ContentStudio.ContentStudio' failed: ImportError: No module named sikuli
Traceback (most recent call last):
  File "/Users/ImranChowdhury/Github/TestAutomation-5.7/TestAutomation/ContentStudio/content-studio.sikuli/ContentStudio.py", line 1, in &lt;module&gt;
    from sikuli.Sikuli import *
PYTHONPATH:
  /Users/ImranChowdhury/Github/TestAutomation-5.7/TestAutomation/ContentStudio/content-studio.sikuli
  /Library/Java/Extensions/robotframework-2.8.1.jar/Lib/robot/libraries
  /Library/Java/Extensions/robotframework-2.8.1.jar/Lib
  robotframework-2.8.1.jar\Lib
  sikuli-script.jar\Lib
  /Library/Java/Extensions/Lib
  __classpath__
  __pyclasspath__/
  .
  /Users/ImranChowdhury/Github/TestAutomation-5.7/TestAutomation/ContentStudio
CLASSPATH:
  sikuli-script.jar</msg>
<msg timestamp="20151210 19:43:34.604" level="ERROR">Error in file '/Users/ImranChowdhury/Github/TestAutomation-5.7/TestAutomation/ContentStudio/Tests/ContentEngine/2.1.1.WFKeywordResource.txt': Importing test library 'SearchContent.SearchContent' failed: ImportError: No module named sikuli
Traceback (most recent call last):
  File "/Users/ImranChowdhury/Github/TestAutomation-5.7/TestAutomation/ContentStudio/content-studio.sikuli/SearchContent.py", line 1, in &lt;module&gt;
    from sikuli.Sikuli import *
PYTHONPATH:
  /Users/ImranChowdhury/Github/TestAutomation-5.7/TestAutomation/ContentStudio/content-studio.sikuli
  /Library/Java/Extensions/robotframework-2.8.1.jar/Lib/robot/libraries
  /Library/Java/Extensions/robotframework-2.8.1.jar/Lib
  robotframework-2.8.1.jar\Lib
  sikuli-script.jar\Lib
  /Library/Java/Extensions/Lib
  __classpath__
  __pyclasspath__/
  .
  /Users/ImranChowdhury/Github/TestAutomation-5.7/TestAutomation/ContentStudio
CLASSPATH:
  sikuli-script.jar</msg>
<msg timestamp="20151210 19:43:34.620" level="ERROR">Error in file '/Users/ImranChowdhury/Github/TestAutomation-5.7/TestAutomation/ContentStudio/Tests/ContentEngine/2.1.1.WFKeywordResource.txt': Importing test library 'SikuliCS' failed: ImportError: No module named sikuli
Traceback (most recent call last):
  File "/Users/ImranChowdhury/Github/TestAutomation-5.7/TestAutomation/ContentStudio/content-studio.sikuli/SikuliCS.py", line 1, in &lt;module&gt;
    from sikuli.Sikuli import *
PYTHONPATH:
  /Users/ImranChowdhury/Github/TestAutomation-5.7/TestAutomation/ContentStudio/content-studio.sikuli
  /Library/Java/Extensions/robotframework-2.8.1.jar/Lib/robot/libraries
  /Library/Java/Extensions/robotframework-2.8.1.jar/Lib
  robotframework-2.8.1.jar\Lib
  sikuli-script.jar\Lib
  /Library/Java/Extensions/Lib
  __classpath__
  __pyclasspath__/
  .
  /Users/ImranChowdhury/Github/TestAutomation-5.7/TestAutomation/ContentStudio
CLASSPATH:
  sikuli-script.jar</msg>
<msg timestamp="20151210 19:43:34.649" level="ERROR">Error in file '/Users/ImranChowdhury/Github/TestAutomation-5.7/TestAutomation/ContentStudio/Tests/ContentEngine/2.1.1.WFKeywordResource.txt': Importing test library 'eceSikuli.eceSikuli' failed: ImportError: No module named sikuli
Traceback (most recent call last):
  File "/Users/ImranChowdhury/Github/TestAutomation-5.7/TestAutomation/ContentStudio/content-studio.sikuli/eceSikuli.py", line 1, in &lt;module&gt;
    from sikuli.Sikuli import *
PYTHONPATH:
  /Users/ImranChowdhury/Github/TestAutomation-5.7/TestAutomation/ContentStudio/content-studio.sikuli
  /Library/Java/Extensions/robotframework-2.8.1.jar/Lib/robot/libraries
  /Library/Java/Extensions/robotframework-2.8.1.jar/Lib
  robotframework-2.8.1.jar\Lib
  sikuli-script.jar\Lib
  /Library/Java/Extensions/Lib
  __classpath__
  __pyclasspath__/
  .
  /Users/ImranChowdhury/Github/TestAutomation-5.7/TestAutomation/ContentStudio
CLASSPATH:
  sikuli-script.jar</msg>
<msg timestamp="20151210 19:43:34.739" level="ERROR">Error in file '/Users/ImranChowdhury/Github/TestAutomation-5.7/TestAutomation/ContentStudio/Tests/ContentEngine/1.9.9.SectionPages.txt': Importing test library 'ContentStudioClipboard.ContentStudioClipboard' failed: ImportError: No module named sikuli
Traceback (most recent call last):
  File "/Users/ImranChowdhury/Github/TestAutomation-5.7/TestAutomation/ContentStudio/content-studio.sikuli/ContentStudioClipboard.py", line 1, in &lt;module&gt;
    from sikuli.Sikuli import *
PYTHONPATH:
  /Users/ImranChowdhury/Github/TestAutomation-5.7/TestAutomation/ContentStudio/content-studio.sikuli
  /Library/Java/Extensions/robotframework-2.8.1.jar/Lib/robot/libraries
  /Library/Java/Extensions/robotframework-2.8.1.jar/Lib
  robotframework-2.8.1.jar\Lib
  sikuli-script.jar\Lib
  /Library/Java/Extensions/Lib
  __classpath__
  __pyclasspath__/
  .
  /Users/ImranChowdhury/Github/TestAutomation-5.7/TestAutomation/ContentStudio
CLASSPATH:
  sikuli-script.jar</msg>
<msg timestamp="20151210 19:43:34.772" level="ERROR">Error in file '/Users/ImranChowdhury/Github/TestAutomation-5.7/TestAutomation/ContentStudio/Tests/ContentEngine/1.9.9.SectionPages.txt': Importing test library 'ContentStudio.ContentStudio' failed: ImportError: No module named sikuli
Traceback (most recent call last):
  File "/Users/ImranChowdhury/Github/TestAutomation-5.7/TestAutomation/ContentStudio/content-studio.sikuli/ContentStudio.py", line 1, in &lt;module&gt;
    from sikuli.Sikuli import *
PYTHONPATH:
  /Users/ImranChowdhury/Github/TestAutomation-5.7/TestAutomation/ContentStudio/content-studio.sikuli
  /Library/Java/Extensions/robotframework-2.8.1.jar/Lib/robot/libraries
  /Library/Java/Extensions/robotframework-2.8.1.jar/Lib
  robotframework-2.8.1.jar\Lib
  sikuli-script.jar\Lib
  /Library/Java/Extensions/Lib
  __classpath__
  __pyclasspath__/
  .
  /Users/ImranChowdhury/Github/TestAutomation-5.7/TestAutomation/ContentStudio
CLASSPATH:
  sikuli-script.jar</msg>
<msg timestamp="20151210 19:43:34.795" level="ERROR">Error in file '/Users/ImranChowdhury/Github/TestAutomation-5.7/TestAutomation/ContentStudio/Tests/ContentEngine/1.9.9.SectionPages.txt': Importing test library 'SearchContent.SearchContent' failed: ImportError: No module named sikuli
Traceback (most recent call last):
  File "/Users/ImranChowdhury/Github/TestAutomation-5.7/TestAutomation/ContentStudio/content-studio.sikuli/SearchContent.py", line 1, in &lt;module&gt;
    from sikuli.Sikuli import *
PYTHONPATH:
  /Users/ImranChowdhury/Github/TestAutomation-5.7/TestAutomation/ContentStudio/content-studio.sikuli
  /Library/Java/Extensions/robotframework-2.8.1.jar/Lib/robot/libraries
  /Library/Java/Extensions/robotframework-2.8.1.jar/Lib
  robotframework-2.8.1.jar\Lib
  sikuli-script.jar\Lib
  /Library/Java/Extensions/Lib
  __classpath__
  __pyclasspath__/
  .
  /Users/ImranChowdhury/Github/TestAutomation-5.7/TestAutomation/ContentStudio
CLASSPATH:
  sikuli-script.jar</msg>
<msg timestamp="20151210 19:43:34.809" level="ERROR">Error in file '/Users/ImranChowdhury/Github/TestAutomation-5.7/TestAutomation/ContentStudio/Tests/ContentEngine/1.9.9.SectionPages.txt': Importing test library 'SikuliCS' failed: ImportError: No module named sikuli
Traceback (most recent call last):
  File "/Users/ImranChowdhury/Github/TestAutomation-5.7/TestAutomation/ContentStudio/content-studio.sikuli/SikuliCS.py", line 1, in &lt;module&gt;
    from sikuli.Sikuli import *
PYTHONPATH:
  /Users/ImranChowdhury/Github/TestAutomation-5.7/TestAutomation/ContentStudio/content-studio.sikuli
  /Library/Java/Extensions/robotframework-2.8.1.jar/Lib/robot/libraries
  /Library/Java/Extensions/robotframework-2.8.1.jar/Lib
  robotframework-2.8.1.jar\Lib
  sikuli-script.jar\Lib
  /Library/Java/Extensions/Lib
  __classpath__
  __pyclasspath__/
  .
  /Users/ImranChowdhury/Github/TestAutomation-5.7/TestAutomation/ContentStudio
CLASSPATH:
  sikuli-script.jar</msg>
<msg timestamp="20151210 19:43:34.832" level="ERROR">Error in file '/Users/ImranChowdhury/Github/TestAutomation-5.7/TestAutomation/ContentStudio/Tests/ContentEngine/1.9.9.SectionPages.txt': Importing test library 'eceSikuli.eceSikuli' failed: ImportError: No module named sikuli
Traceback (most recent call last):
  File "/Users/ImranChowdhury/Github/TestAutomation-5.7/TestAutomation/ContentStudio/content-studio.sikuli/eceSikuli.py", line 1, in &lt;module&gt;
    from sikuli.Sikuli import *
PYTHONPATH:
  /Users/ImranChowdhury/Github/TestAutomation-5.7/TestAutomation/ContentStudio/content-studio.sikuli
  /Library/Java/Extensions/robotframework-2.8.1.jar/Lib/robot/libraries
  /Library/Java/Extensions/robotframework-2.8.1.jar/Lib
  robotframework-2.8.1.jar\Lib
  sikuli-script.jar\Lib
  /Library/Java/Extensions/Lib
  __classpath__
  __pyclasspath__/
  .
  /Users/ImranChowdhury/Github/TestAutomation-5.7/TestAutomation/ContentStudio
CLASSPATH:
  sikuli-script.jar</msg>
<msg timestamp="20151210 19:43:34.869" level="ERROR">Error in file '/Users/ImranChowdhury/Github/TestAutomation-5.7/TestAutomation/ContentStudio/Tests/ContentEngine/2.1.1.WFKeywordResource.txt': Importing test library 'ContentStudioClipboard.ContentStudioClipboard' failed: ImportError: No module named sikuli
Traceback (most recent call last):
  File "/Users/ImranChowdhury/Github/TestAutomation-5.7/TestAutomation/ContentStudio/content-studio.sikuli/ContentStudioClipboard.py", line 1, in &lt;module&gt;
    from sikuli.Sikuli import *
PYTHONPATH:
  /Users/ImranChowdhury/Github/TestAutomation-5.7/TestAutomation/ContentStudio/content-studio.sikuli
  /Library/Java/Extensions/robotframework-2.8.1.jar/Lib/robot/libraries
  /Library/Java/Extensions/robotframework-2.8.1.jar/Lib
  robotframework-2.8.1.jar\Lib
  sikuli-script.jar\Lib
  /Library/Java/Extensions/Lib
  __classpath__
  __pyclasspath__/
  .
  /Users/ImranChowdhury/Github/TestAutomation-5.7/TestAutomation/ContentStudio
CLASSPATH:
  sikuli-script.jar</msg>
<msg timestamp="20151210 19:43:34.904" level="ERROR">Error in file '/Users/ImranChowdhury/Github/TestAutomation-5.7/TestAutomation/ContentStudio/Tests/ContentEngine/2.1.1.WFKeywordResource.txt': Importing test library 'ContentStudio.ContentStudio' failed: ImportError: No module named sikuli
Traceback (most recent call last):
  File "/Users/ImranChowdhury/Github/TestAutomation-5.7/TestAutomation/ContentStudio/content-studio.sikuli/ContentStudio.py", line 1, in &lt;module&gt;
    from sikuli.Sikuli import *
PYTHONPATH:
  /Users/ImranChowdhury/Github/TestAutomation-5.7/TestAutomation/ContentStudio/content-studio.sikuli
  /Library/Java/Extensions/robotframework-2.8.1.jar/Lib/robot/libraries
  /Library/Java/Extensions/robotframework-2.8.1.jar/Lib
  robotframework-2.8.1.jar\Lib
  sikuli-script.jar\Lib
  /Library/Java/Extensions/Lib
  __classpath__
  __pyclasspath__/
  .
  /Users/ImranChowdhury/Github/TestAutomation-5.7/TestAutomation/ContentStudio
CLASSPATH:
  sikuli-script.jar</msg>
<msg timestamp="20151210 19:43:34.924" level="ERROR">Error in file '/Users/ImranChowdhury/Github/TestAutomation-5.7/TestAutomation/ContentStudio/Tests/ContentEngine/2.1.1.WFKeywordResource.txt': Importing test library 'SearchContent.SearchContent' failed: ImportError: No module named sikuli
Traceback (most recent call last):
  File "/Users/ImranChowdhury/Github/TestAutomation-5.7/TestAutomation/ContentStudio/content-studio.sikuli/SearchContent.py", line 1, in &lt;module&gt;
    from sikuli.Sikuli import *
PYTHONPATH:
  /Users/ImranChowdhury/Github/TestAutomation-5.7/TestAutomation/ContentStudio/content-studio.sikuli
  /Library/Java/Extensions/robotframework-2.8.1.jar/Lib/robot/libraries
  /Library/Java/Extensions/robotframework-2.8.1.jar/Lib
  robotframework-2.8.1.jar\Lib
  sikuli-script.jar\Lib
  /Library/Java/Extensions/Lib
  __classpath__
  __pyclasspath__/
  .
  /Users/ImranChowdhury/Github/TestAutomation-5.7/TestAutomation/ContentStudio
CLASSPATH:
  sikuli-script.jar</msg>
<msg timestamp="20151210 19:43:34.939" level="ERROR">Error in file '/Users/ImranChowdhury/Github/TestAutomation-5.7/TestAutomation/ContentStudio/Tests/ContentEngine/2.1.1.WFKeywordResource.txt': Importing test library 'SikuliCS' failed: ImportError: No module named sikuli
Traceback (most recent call last):
  File "/Users/ImranChowdhury/Github/TestAutomation-5.7/TestAutomation/ContentStudio/content-studio.sikuli/SikuliCS.py", line 1, in &lt;module&gt;
    from sikuli.Sikuli import *
PYTHONPATH:
  /Users/ImranChowdhury/Github/TestAutomation-5.7/TestAutomation/ContentStudio/content-studio.sikuli
  /Library/Java/Extensions/robotframework-2.8.1.jar/Lib/robot/libraries
  /Library/Java/Extensions/robotframework-2.8.1.jar/Lib
  robotframework-2.8.1.jar\Lib
  sikuli-script.jar\Lib
  /Library/Java/Extensions/Lib
  __classpath__
  __pyclasspath__/
  .
  /Users/ImranChowdhury/Github/TestAutomation-5.7/TestAutomation/ContentStudio
CLASSPATH:
  sikuli-script.jar</msg>
<msg timestamp="20151210 19:43:34.972" level="ERROR">Error in file '/Users/ImranChowdhury/Github/TestAutomation-5.7/TestAutomation/ContentStudio/Tests/ContentEngine/2.1.1.WFKeywordResource.txt': Importing test library 'eceSikuli.eceSikuli' failed: ImportError: No module named sikuli
Traceback (most recent call last):
  File "/Users/ImranChowdhury/Github/TestAutomation-5.7/TestAutomation/ContentStudio/content-studio.sikuli/eceSikuli.py", line 1, in &lt;module&gt;
    from sikuli.Sikuli import *
PYTHONPATH:
  /Users/ImranChowdhury/Github/TestAutomation-5.7/TestAutomation/ContentStudio/content-studio.sikuli
  /Library/Java/Extensions/robotframework-2.8.1.jar/Lib/robot/libraries
  /Library/Java/Extensions/robotframework-2.8.1.jar/Lib
  robotframework-2.8.1.jar\Lib
  sikuli-script.jar\Lib
  /Library/Java/Extensions/Lib
  __classpath__
  __pyclasspath__/
  .
  /Users/ImranChowdhury/Github/TestAutomation-5.7/TestAutomation/ContentStudio
CLASSPATH:
  sikuli-script.jar</msg>
<msg timestamp="20151210 19:43:35.057" level="ERROR">Error in file '/Users/ImranChowdhury/Github/TestAutomation-5.7/TestAutomation/ContentStudio/Tests/ContentEngine/2.1.0.CreateArticle.txt': Importing test library 'ContentStudioClipboard.ContentStudioClipboard' failed: ImportError: No module named sikuli
Traceback (most recent call last):
  File "/Users/ImranChowdhury/Github/TestAutomation-5.7/TestAutomation/ContentStudio/content-studio.sikuli/ContentStudioClipboard.py", line 1, in &lt;module&gt;
    from sikuli.Sikuli import *
PYTHONPATH:
  /Users/ImranChowdhury/Github/TestAutomation-5.7/TestAutomation/ContentStudio/content-studio.sikuli
  /Library/Java/Extensions/robotframework-2.8.1.jar/Lib/robot/libraries
  /Library/Java/Extensions/robotframework-2.8.1.jar/Lib
  robotframework-2.8.1.jar\Lib
  sikuli-script.jar\Lib
  /Library/Java/Extensions/Lib
  __classpath__
  __pyclasspath__/
  .
  /Users/ImranChowdhury/Github/TestAutomation-5.7/TestAutomation/ContentStudio
CLASSPATH:
  sikuli-script.jar</msg>
<msg timestamp="20151210 19:43:35.085" level="ERROR">Error in file '/Users/ImranChowdhury/Github/TestAutomation-5.7/TestAutomation/ContentStudio/Tests/ContentEngine/2.1.0.CreateArticle.txt': Importing test library 'ContentStudio.ContentStudio' failed: ImportError: No module named sikuli
Traceback (most recent call last):
  File "/Users/ImranChowdhury/Github/TestAutomation-5.7/TestAutomation/ContentStudio/content-studio.sikuli/ContentStudio.py", line 1, in &lt;module&gt;
    from sikuli.Sikuli import *
PYTHONPATH:
  /Users/ImranChowdhury/Github/TestAutomation-5.7/TestAutomation/ContentStudio/content-studio.sikuli
  /Library/Java/Extensions/robotframework-2.8.1.jar/Lib/robot/libraries
  /Library/Java/Extensions/robotframework-2.8.1.jar/Lib
  robotframework-2.8.1.jar\Lib
  sikuli-script.jar\Lib
  /Library/Java/Extensions/Lib
  __classpath__
  __pyclasspath__/
  .
  /Users/ImranChowdhury/Github/TestAutomation-5.7/TestAutomation/ContentStudio
CLASSPATH:
  sikuli-script.jar</msg>
<msg timestamp="20151210 19:43:35.111" level="ERROR">Error in file '/Users/ImranChowdhury/Github/TestAutomation-5.7/TestAutomation/ContentStudio/Tests/ContentEngine/2.1.0.CreateArticle.txt': Importing test library 'SearchContent.SearchContent' failed: ImportError: No module named sikuli
Traceback (most recent call last):
  File "/Users/ImranChowdhury/Github/TestAutomation-5.7/TestAutomation/ContentStudio/content-studio.sikuli/SearchContent.py", line 1, in &lt;module&gt;
    from sikuli.Sikuli import *
PYTHONPATH:
  /Users/ImranChowdhury/Github/TestAutomation-5.7/TestAutomation/ContentStudio/content-studio.sikuli
  /Library/Java/Extensions/robotframework-2.8.1.jar/Lib/robot/libraries
  /Library/Java/Extensions/robotframework-2.8.1.jar/Lib
  robotframework-2.8.1.jar\Lib
  sikuli-script.jar\Lib
  /Library/Java/Extensions/Lib
  __classpath__
  __pyclasspath__/
  .
  /Users/ImranChowdhury/Github/TestAutomation-5.7/TestAutomation/ContentStudio
CLASSPATH:
  sikuli-script.jar</msg>
<msg timestamp="20151210 19:43:35.129" level="ERROR">Error in file '/Users/ImranChowdhury/Github/TestAutomation-5.7/TestAutomation/ContentStudio/Tests/ContentEngine/2.1.0.CreateArticle.txt': Importing test library 'SikuliCS' failed: ImportError: No module named sikuli
Traceback (most recent call last):
  File "/Users/ImranChowdhury/Github/TestAutomation-5.7/TestAutomation/ContentStudio/content-studio.sikuli/SikuliCS.py", line 1, in &lt;module&gt;
    from sikuli.Sikuli import *
PYTHONPATH:
  /Users/ImranChowdhury/Github/TestAutomation-5.7/TestAutomation/ContentStudio/content-studio.sikuli
  /Library/Java/Extensions/robotframework-2.8.1.jar/Lib/robot/libraries
  /Library/Java/Extensions/robotframework-2.8.1.jar/Lib
  robotframework-2.8.1.jar\Lib
  sikuli-script.jar\Lib
  /Library/Java/Extensions/Lib
  __classpath__
  __pyclasspath__/
  .
  /Users/ImranChowdhury/Github/TestAutomation-5.7/TestAutomation/ContentStudio
CLASSPATH:
  sikuli-script.jar</msg>
<msg timestamp="20151210 19:43:35.155" level="ERROR">Error in file '/Users/ImranChowdhury/Github/TestAutomation-5.7/TestAutomation/ContentStudio/Tests/ContentEngine/2.1.0.CreateArticle.txt': Importing test library 'eceSikuli.eceSikuli' failed: ImportError: No module named sikuli
Traceback (most recent call last):
  File "/Users/ImranChowdhury/Github/TestAutomation-5.7/TestAutomation/ContentStudio/content-studio.sikuli/eceSikuli.py", line 1, in &lt;module&gt;
    from sikuli.Sikuli import *
PYTHONPATH:
  /Users/ImranChowdhury/Github/TestAutomation-5.7/TestAutomation/ContentStudio/content-studio.sikuli
  /Library/Java/Extensions/robotframework-2.8.1.jar/Lib/robot/libraries
  /Library/Java/Extensions/robotframework-2.8.1.jar/Lib
  robotframework-2.8.1.jar\Lib
  sikuli-script.jar\Lib
  /Library/Java/Extensions/Lib
  __classpath__
  __pyclasspath__/
  .
  /Users/ImranChowdhury/Github/TestAutomation-5.7/TestAutomation/ContentStudio
CLASSPATH:
  sikuli-script.jar</msg>
<msg timestamp="20151210 19:43:35.195" level="ERROR">Error in file '/Users/ImranChowdhury/Github/TestAutomation-5.7/TestAutomation/ContentStudio/Tests/ContentEngine/2.1.1.WFKeywordResource.txt': Importing test library 'ContentStudioClipboard.ContentStudioClipboard' failed: ImportError: No module named sikuli
Traceback (most recent call last):
  File "/Users/ImranChowdhury/Github/TestAutomation-5.7/TestAutomation/ContentStudio/content-studio.sikuli/ContentStudioClipboard.py", line 1, in &lt;module&gt;
    from sikuli.Sikuli import *
PYTHONPATH:
  /Users/ImranChowdhury/Github/TestAutomation-5.7/TestAutomation/ContentStudio/content-studio.sikuli
  /Library/Java/Extensions/robotframework-2.8.1.jar/Lib/robot/libraries
  /Library/Java/Extensions/robotframework-2.8.1.jar/Lib
  robotframework-2.8.1.jar\Lib
  sikuli-script.jar\Lib
  /Library/Java/Extensions/Lib
  __classpath__
  __pyclasspath__/
  .
  /Users/ImranChowdhury/Github/TestAutomation-5.7/TestAutomation/ContentStudio
CLASSPATH:
  sikuli-script.jar</msg>
<msg timestamp="20151210 19:43:35.231" level="ERROR">Error in file '/Users/ImranChowdhury/Github/TestAutomation-5.7/TestAutomation/ContentStudio/Tests/ContentEngine/2.1.1.WFKeywordResource.txt': Importing test library 'ContentStudio.ContentStudio' failed: ImportError: No module named sikuli
Traceback (most recent call last):
  File "/Users/ImranChowdhury/Github/TestAutomation-5.7/TestAutomation/ContentStudio/content-studio.sikuli/ContentStudio.py", line 1, in &lt;module&gt;
    from sikuli.Sikuli import *
PYTHONPATH:
  /Users/ImranChowdhury/Github/TestAutomation-5.7/TestAutomation/ContentStudio/content-studio.sikuli
  /Library/Java/Extensions/robotframework-2.8.1.jar/Lib/robot/libraries
  /Library/Java/Extensions/robotframework-2.8.1.jar/Lib
  robotframework-2.8.1.jar\Lib
  sikuli-script.jar\Lib
  /Library/Java/Extensions/Lib
  __classpath__
  __pyclasspath__/
  .
  /Users/ImranChowdhury/Github/TestAutomation-5.7/TestAutomation/ContentStudio
CLASSPATH:
  sikuli-script.jar</msg>
<msg timestamp="20151210 19:43:35.257" level="ERROR">Error in file '/Users/ImranChowdhury/Github/TestAutomation-5.7/TestAutomation/ContentStudio/Tests/ContentEngine/2.1.1.WFKeywordResource.txt': Importing test library 'SearchContent.SearchContent' failed: ImportError: No module named sikuli
Traceback (most recent call last):
  File "/Users/ImranChowdhury/Github/TestAutomation-5.7/TestAutomation/ContentStudio/content-studio.sikuli/SearchContent.py", line 1, in &lt;module&gt;
    from sikuli.Sikuli import *
PYTHONPATH:
  /Users/ImranChowdhury/Github/TestAutomation-5.7/TestAutomation/ContentStudio/content-studio.sikuli
  /Library/Java/Extensions/robotframework-2.8.1.jar/Lib/robot/libraries
  /Library/Java/Extensions/robotframework-2.8.1.jar/Lib
  robotframework-2.8.1.jar\Lib
  sikuli-script.jar\Lib
  /Library/Java/Extensions/Lib
  __classpath__
  __pyclasspath__/
  .
  /Users/ImranChowdhury/Github/TestAutomation-5.7/TestAutomation/ContentStudio
CLASSPATH:
  sikuli-script.jar</msg>
<msg timestamp="20151210 19:43:35.274" level="ERROR">Error in file '/Users/ImranChowdhury/Github/TestAutomation-5.7/TestAutomation/ContentStudio/Tests/ContentEngine/2.1.1.WFKeywordResource.txt': Importing test library 'SikuliCS' failed: ImportError: No module named sikuli
Traceback (most recent call last):
  File "/Users/ImranChowdhury/Github/TestAutomation-5.7/TestAutomation/ContentStudio/content-studio.sikuli/SikuliCS.py", line 1, in &lt;module&gt;
    from sikuli.Sikuli import *
PYTHONPATH:
  /Users/ImranChowdhury/Github/TestAutomation-5.7/TestAutomation/ContentStudio/content-studio.sikuli
  /Library/Java/Extensions/robotframework-2.8.1.jar/Lib/robot/libraries
  /Library/Java/Extensions/robotframework-2.8.1.jar/Lib
  robotframework-2.8.1.jar\Lib
  sikuli-script.jar\Lib
  /Library/Java/Extensions/Lib
  __classpath__
  __pyclasspath__/
  .
  /Users/ImranChowdhury/Github/TestAutomation-5.7/TestAutomation/ContentStudio
CLASSPATH:
  sikuli-script.jar</msg>
<msg timestamp="20151210 19:43:35.310" level="ERROR">Error in file '/Users/ImranChowdhury/Github/TestAutomation-5.7/TestAutomation/ContentStudio/Tests/ContentEngine/2.1.1.WFKeywordResource.txt': Importing test library 'eceSikuli.eceSikuli' failed: ImportError: No module named sikuli
Traceback (most recent call last):
  File "/Users/ImranChowdhury/Github/TestAutomation-5.7/TestAutomation/ContentStudio/content-studio.sikuli/eceSikuli.py", line 1, in &lt;module&gt;
    from sikuli.Sikuli import *
PYTHONPATH:
  /Users/ImranChowdhury/Github/TestAutomation-5.7/TestAutomation/ContentStudio/content-studio.sikuli
  /Library/Java/Extensions/robotframework-2.8.1.jar/Lib/robot/libraries
  /Library/Java/Extensions/robotframework-2.8.1.jar/Lib
  robotframework-2.8.1.jar\Lib
  sikuli-script.jar\Lib
  /Library/Java/Extensions/Lib
  __classpath__
  __pyclasspath__/
  .
  /Users/ImranChowdhury/Github/TestAutomation-5.7/TestAutomation/ContentStudio
CLASSPATH:
  sikuli-script.jar</msg>
<msg timestamp="20151210 19:43:35.383" level="ERROR">Error in file '/Users/ImranChowdhury/Github/TestAutomation-5.7/TestAutomation/ContentStudio/Tests/ContentEngine/2.3.TeaserWidgetDSBySection.txt': Importing test library 'ContentStudioClipboard.ContentStudioClipboard' failed: ImportError: No module named sikuli
Traceback (most recent call last):
  File "/Users/ImranChowdhury/Github/TestAutomation-5.7/TestAutomation/ContentStudio/content-studio.sikuli/ContentStudioClipboard.py", line 1, in &lt;module&gt;
    from sikuli.Sikuli import *
PYTHONPATH:
  /Users/ImranChowdhury/Github/TestAutomation-5.7/TestAutomation/ContentStudio/content-studio.sikuli
  /Library/Java/Extensions/robotframework-2.8.1.jar/Lib/robot/libraries
  /Library/Java/Extensions/robotframework-2.8.1.jar/Lib
  robotframework-2.8.1.jar\Lib
  sikuli-script.jar\Lib
  /Library/Java/Extensions/Lib
  __classpath__
  __pyclasspath__/
  .
  /Users/ImranChowdhury/Github/TestAutomation-5.7/TestAutomation/ContentStudio
CLASSPATH:
  sikuli-script.jar</msg>
<msg timestamp="20151210 19:43:35.416" level="ERROR">Error in file '/Users/ImranChowdhury/Github/TestAutomation-5.7/TestAutomation/ContentStudio/Tests/ContentEngine/2.3.TeaserWidgetDSBySection.txt': Importing test library 'ContentStudio.ContentStudio' failed: ImportError: No module named sikuli
Traceback (most recent call last):
  File "/Users/ImranChowdhury/Github/TestAutomation-5.7/TestAutomation/ContentStudio/content-studio.sikuli/ContentStudio.py", line 1, in &lt;module&gt;
    from sikuli.Sikuli import *
PYTHONPATH:
  /Users/ImranChowdhury/Github/TestAutomation-5.7/TestAutomation/ContentStudio/content-studio.sikuli
  /Library/Java/Extensions/robotframework-2.8.1.jar/Lib/robot/libraries
  /Library/Java/Extensions/robotframework-2.8.1.jar/Lib
  robotframework-2.8.1.jar\Lib
  sikuli-script.jar\Lib
  /Library/Java/Extensions/Lib
  __classpath__
  __pyclasspath__/
  .
  /Users/ImranChowdhury/Github/TestAutomation-5.7/TestAutomation/ContentStudio
CLASSPATH:
  sikuli-script.jar</msg>
<msg timestamp="20151210 19:43:35.443" level="ERROR">Error in file '/Users/ImranChowdhury/Github/TestAutomation-5.7/TestAutomation/ContentStudio/Tests/ContentEngine/2.3.TeaserWidgetDSBySection.txt': Importing test library 'SearchContent.SearchContent' failed: ImportError: No module named sikuli
Traceback (most recent call last):
  File "/Users/ImranChowdhury/Github/TestAutomation-5.7/TestAutomation/ContentStudio/content-studio.sikuli/SearchContent.py", line 1, in &lt;module&gt;
    from sikuli.Sikuli import *
PYTHONPATH:
  /Users/ImranChowdhury/Github/TestAutomation-5.7/TestAutomation/ContentStudio/content-studio.sikuli
  /Library/Java/Extensions/robotframework-2.8.1.jar/Lib/robot/libraries
  /Library/Java/Extensions/robotframework-2.8.1.jar/Lib
  robotframework-2.8.1.jar\Lib
  sikuli-script.jar\Lib
  /Library/Java/Extensions/Lib
  __classpath__
  __pyclasspath__/
  .
  /Users/ImranChowdhury/Github/TestAutomation-5.7/TestAutomation/ContentStudio
CLASSPATH:
  sikuli-script.jar</msg>
<msg timestamp="20151210 19:43:35.459" level="ERROR">Error in file '/Users/ImranChowdhury/Github/TestAutomation-5.7/TestAutomation/ContentStudio/Tests/ContentEngine/2.3.TeaserWidgetDSBySection.txt': Importing test library 'SikuliCS' failed: ImportError: No module named sikuli
Traceback (most recent call last):
  File "/Users/ImranChowdhury/Github/TestAutomation-5.7/TestAutomation/ContentStudio/content-studio.sikuli/SikuliCS.py", line 1, in &lt;module&gt;
    from sikuli.Sikuli import *
PYTHONPATH:
  /Users/ImranChowdhury/Github/TestAutomation-5.7/TestAutomation/ContentStudio/content-studio.sikuli
  /Library/Java/Extensions/robotframework-2.8.1.jar/Lib/robot/libraries
  /Library/Java/Extensions/robotframework-2.8.1.jar/Lib
  robotframework-2.8.1.jar\Lib
  sikuli-script.jar\Lib
  /Library/Java/Extensions/Lib
  __classpath__
  __pyclasspath__/
  .
  /Users/ImranChowdhury/Github/TestAutomation-5.7/TestAutomation/ContentStudio
CLASSPATH:
  sikuli-script.jar</msg>
<msg timestamp="20151210 19:43:35.484" level="ERROR">Error in file '/Users/ImranChowdhury/Github/TestAutomation-5.7/TestAutomation/ContentStudio/Tests/ContentEngine/2.3.TeaserWidgetDSBySection.txt': Importing test library 'eceSikuli.eceSikuli' failed: ImportError: No module named sikuli
Traceback (most recent call last):
  File "/Users/ImranChowdhury/Github/TestAutomation-5.7/TestAutomation/ContentStudio/content-studio.sikuli/eceSikuli.py", line 1, in &lt;module&gt;
    from sikuli.Sikuli import *
PYTHONPATH:
  /Users/ImranChowdhury/Github/TestAutomation-5.7/TestAutomation/ContentStudio/content-studio.sikuli
  /Library/Java/Extensions/robotframework-2.8.1.jar/Lib/robot/libraries
  /Library/Java/Extensions/robotframework-2.8.1.jar/Lib
  robotframework-2.8.1.jar\Lib
  sikuli-script.jar\Lib
  /Library/Java/Extensions/Lib
  __classpath__
  __pyclasspath__/
  .
  /Users/ImranChowdhury/Github/TestAutomation-5.7/TestAutomation/ContentStudio
CLASSPATH:
  sikuli-script.jar</msg>
<msg timestamp="20151210 19:43:35.519" level="ERROR">Error in file '/Users/ImranChowdhury/Github/TestAutomation-5.7/TestAutomation/ContentStudio/Tests/ContentEngine/2.1.1.WFKeywordResource.txt': Importing test library 'ContentStudioClipboard.ContentStudioClipboard' failed: ImportError: No module named sikuli
Traceback (most recent call last):
  File "/Users/ImranChowdhury/Github/TestAutomation-5.7/TestAutomation/ContentStudio/content-studio.sikuli/ContentStudioClipboard.py", line 1, in &lt;module&gt;
    from sikuli.Sikuli import *
PYTHONPATH:
  /Users/ImranChowdhury/Github/TestAutomation-5.7/TestAutomation/ContentStudio/content-studio.sikuli
  /Library/Java/Extensions/robotframework-2.8.1.jar/Lib/robot/libraries
  /Library/Java/Extensions/robotframework-2.8.1.jar/Lib
  robotframework-2.8.1.jar\Lib
  sikuli-script.jar\Lib
  /Library/Java/Extensions/Lib
  __classpath__
  __pyclasspath__/
  .
  /Users/ImranChowdhury/Github/TestAutomation-5.7/TestAutomation/ContentStudio
CLASSPATH:
  sikuli-script.jar</msg>
<msg timestamp="20151210 19:43:35.556" level="ERROR">Error in file '/Users/ImranChowdhury/Github/TestAutomation-5.7/TestAutomation/ContentStudio/Tests/ContentEngine/2.1.1.WFKeywordResource.txt': Importing test library 'ContentStudio.ContentStudio' failed: ImportError: No module named sikuli
Traceback (most recent call last):
  File "/Users/ImranChowdhury/Github/TestAutomation-5.7/TestAutomation/ContentStudio/content-studio.sikuli/ContentStudio.py", line 1, in &lt;module&gt;
    from sikuli.Sikuli import *
PYTHONPATH:
  /Users/ImranChowdhury/Github/TestAutomation-5.7/TestAutomation/ContentStudio/content-studio.sikuli
  /Library/Java/Extensions/robotframework-2.8.1.jar/Lib/robot/libraries
  /Library/Java/Extensions/robotframework-2.8.1.jar/Lib
  robotframework-2.8.1.jar\Lib
  sikuli-script.jar\Lib
  /Library/Java/Extensions/Lib
  __classpath__
  __pyclasspath__/
  .
  /Users/ImranChowdhury/Github/TestAutomation-5.7/TestAutomation/ContentStudio
CLASSPATH:
  sikuli-script.jar</msg>
<msg timestamp="20151210 19:43:35.574" level="ERROR">Error in file '/Users/ImranChowdhury/Github/TestAutomation-5.7/TestAutomation/ContentStudio/Tests/ContentEngine/2.1.1.WFKeywordResource.txt': Importing test library 'SearchContent.SearchContent' failed: ImportError: No module named sikuli
Traceback (most recent call last):
  File "/Users/ImranChowdhury/Github/TestAutomation-5.7/TestAutomation/ContentStudio/content-studio.sikuli/SearchContent.py", line 1, in &lt;module&gt;
    from sikuli.Sikuli import *
PYTHONPATH:
  /Users/ImranChowdhury/Github/TestAutomation-5.7/TestAutomation/ContentStudio/content-studio.sikuli
  /Library/Java/Extensions/robotframework-2.8.1.jar/Lib/robot/libraries
  /Library/Java/Extensions/robotframework-2.8.1.jar/Lib
  robotframework-2.8.1.jar\Lib
  sikuli-script.jar\Lib
  /Library/Java/Extensions/Lib
  __classpath__
  __pyclasspath__/
  .
  /Users/ImranChowdhury/Github/TestAutomation-5.7/TestAutomation/ContentStudio
CLASSPATH:
  sikuli-script.jar</msg>
<msg timestamp="20151210 19:43:35.587" level="ERROR">Error in file '/Users/ImranChowdhury/Github/TestAutomation-5.7/TestAutomation/ContentStudio/Tests/ContentEngine/2.1.1.WFKeywordResource.txt': Importing test library 'SikuliCS' failed: ImportError: No module named sikuli
Traceback (most recent call last):
  File "/Users/ImranChowdhury/Github/TestAutomation-5.7/TestAutomation/ContentStudio/content-studio.sikuli/SikuliCS.py", line 1, in &lt;module&gt;
    from sikuli.Sikuli import *
PYTHONPATH:
  /Users/ImranChowdhury/Github/TestAutomation-5.7/TestAutomation/ContentStudio/content-studio.sikuli
  /Library/Java/Extensions/robotframework-2.8.1.jar/Lib/robot/libraries
  /Library/Java/Extensions/robotframework-2.8.1.jar/Lib
  robotframework-2.8.1.jar\Lib
  sikuli-script.jar\Lib
  /Library/Java/Extensions/Lib
  __classpath__
  __pyclasspath__/
  .
  /Users/ImranChowdhury/Github/TestAutomation-5.7/TestAutomation/ContentStudio
CLASSPATH:
  sikuli-script.jar</msg>
<msg timestamp="20151210 19:43:35.624" level="ERROR">Error in file '/Users/ImranChowdhury/Github/TestAutomation-5.7/TestAutomation/ContentStudio/Tests/ContentEngine/2.1.1.WFKeywordResource.txt': Importing test library 'eceSikuli.eceSikuli' failed: ImportError: No module named sikuli
Traceback (most recent call last):
  File "/Users/ImranChowdhury/Github/TestAutomation-5.7/TestAutomation/ContentStudio/content-studio.sikuli/eceSikuli.py", line 1, in &lt;module&gt;
    from sikuli.Sikuli import *
PYTHONPATH:
  /Users/ImranChowdhury/Github/TestAutomation-5.7/TestAutomation/ContentStudio/content-studio.sikuli
  /Library/Java/Extensions/robotframework-2.8.1.jar/Lib/robot/libraries
  /Library/Java/Extensions/robotframework-2.8.1.jar/Lib
  robotframework-2.8.1.jar\Lib
  sikuli-script.jar\Lib
  /Library/Java/Extensions/Lib
  __classpath__
  __pyclasspath__/
  .
  /Users/ImranChowdhury/Github/TestAutomation-5.7/TestAutomation/ContentStudio
CLASSPATH:
  sikuli-script.jar</msg>
<msg timestamp="20151210 19:43:35.700" level="ERROR">Error in file '/Users/ImranChowdhury/Github/TestAutomation-5.7/TestAutomation/ContentStudio/Tests/ContentEngine/2.4.UrlRedirection.txt': Importing test library 'ContentStudioClipboard.ContentStudioClipboard' failed: ImportError: No module named sikuli
Traceback (most recent call last):
  File "/Users/ImranChowdhury/Github/TestAutomation-5.7/TestAutomation/ContentStudio/content-studio.sikuli/ContentStudioClipboard.py", line 1, in &lt;module&gt;
    from sikuli.Sikuli import *
PYTHONPATH:
  /Users/ImranChowdhury/Github/TestAutomation-5.7/TestAutomation/ContentStudio/content-studio.sikuli
  /Library/Java/Extensions/robotframework-2.8.1.jar/Lib/robot/libraries
  /Library/Java/Extensions/robotframework-2.8.1.jar/Lib
  robotframework-2.8.1.jar\Lib
  sikuli-script.jar\Lib
  /Library/Java/Extensions/Lib
  __classpath__
  __pyclasspath__/
  .
  /Users/ImranChowdhury/Github/TestAutomation-5.7/TestAutomation/ContentStudio
CLASSPATH:
  sikuli-script.jar</msg>
<msg timestamp="20151210 19:43:35.731" level="ERROR">Error in file '/Users/ImranChowdhury/Github/TestAutomation-5.7/TestAutomation/ContentStudio/Tests/ContentEngine/2.4.UrlRedirection.txt': Importing test library 'ContentStudio.ContentStudio' failed: ImportError: No module named sikuli
Traceback (most recent call last):
  File "/Users/ImranChowdhury/Github/TestAutomation-5.7/TestAutomation/ContentStudio/content-studio.sikuli/ContentStudio.py", line 1, in &lt;module&gt;
    from sikuli.Sikuli import *
PYTHONPATH:
  /Users/ImranChowdhury/Github/TestAutomation-5.7/TestAutomation/ContentStudio/content-studio.sikuli
  /Library/Java/Extensions/robotframework-2.8.1.jar/Lib/robot/libraries
  /Library/Java/Extensions/robotframework-2.8.1.jar/Lib
  robotframework-2.8.1.jar\Lib
  sikuli-script.jar\Lib
  /Library/Java/Extensions/Lib
  __classpath__
  __pyclasspath__/
  .
  /Users/ImranChowdhury/Github/TestAutomation-5.7/TestAutomation/ContentStudio
CLASSPATH:
  sikuli-script.jar</msg>
<msg timestamp="20151210 19:43:35.764" level="ERROR">Error in file '/Users/ImranChowdhury/Github/TestAutomation-5.7/TestAutomation/ContentStudio/Tests/ContentEngine/2.4.UrlRedirection.txt': Importing test library 'SearchContent.SearchContent' failed: ImportError: No module named sikuli
Traceback (most recent call last):
  File "/Users/ImranChowdhury/Github/TestAutomation-5.7/TestAutomation/ContentStudio/content-studio.sikuli/SearchContent.py", line 1, in &lt;module&gt;
    from sikuli.Sikuli import *
PYTHONPATH:
  /Users/ImranChowdhury/Github/TestAutomation-5.7/TestAutomation/ContentStudio/content-studio.sikuli
  /Library/Java/Extensions/robotframework-2.8.1.jar/Lib/robot/libraries
  /Library/Java/Extensions/robotframework-2.8.1.jar/Lib
  robotframework-2.8.1.jar\Lib
  sikuli-script.jar\Lib
  /Library/Java/Extensions/Lib
  __classpath__
  __pyclasspath__/
  .
  /Users/ImranChowdhury/Github/TestAutomation-5.7/TestAutomation/ContentStudio
CLASSPATH:
  sikuli-script.jar</msg>
<msg timestamp="20151210 19:43:35.778" level="ERROR">Error in file '/Users/ImranChowdhury/Github/TestAutomation-5.7/TestAutomation/ContentStudio/Tests/ContentEngine/2.4.UrlRedirection.txt': Importing test library 'SikuliCS' failed: ImportError: No module named sikuli
Traceback (most recent call last):
  File "/Users/ImranChowdhury/Github/TestAutomation-5.7/TestAutomation/ContentStudio/content-studio.sikuli/SikuliCS.py", line 1, in &lt;module&gt;
    from sikuli.Sikuli import *
PYTHONPATH:
  /Users/ImranChowdhury/Github/TestAutomation-5.7/TestAutomation/ContentStudio/content-studio.sikuli
  /Library/Java/Extensions/robotframework-2.8.1.jar/Lib/robot/libraries
  /Library/Java/Extensions/robotframework-2.8.1.jar/Lib
  robotframework-2.8.1.jar\Lib
  sikuli-script.jar\Lib
  /Library/Java/Extensions/Lib
  __classpath__
  __pyclasspath__/
  .
  /Users/ImranChowdhury/Github/TestAutomation-5.7/TestAutomation/ContentStudio
CLASSPATH:
  sikuli-script.jar</msg>
<msg timestamp="20151210 19:43:35.807" level="ERROR">Error in file '/Users/ImranChowdhury/Github/TestAutomation-5.7/TestAutomation/ContentStudio/Tests/ContentEngine/2.4.UrlRedirection.txt': Importing test library 'eceSikuli.eceSikuli' failed: ImportError: No module named sikuli
Traceback (most recent call last):
  File "/Users/ImranChowdhury/Github/TestAutomation-5.7/TestAutomation/ContentStudio/content-studio.sikuli/eceSikuli.py", line 1, in &lt;module&gt;
    from sikuli.Sikuli import *
PYTHONPATH:
  /Users/ImranChowdhury/Github/TestAutomation-5.7/TestAutomation/ContentStudio/content-studio.sikuli
  /Library/Java/Extensions/robotframework-2.8.1.jar/Lib/robot/libraries
  /Library/Java/Extensions/robotframework-2.8.1.jar/Lib
  robotframework-2.8.1.jar\Lib
  sikuli-script.jar\Lib
  /Library/Java/Extensions/Lib
  __classpath__
  __pyclasspath__/
  .
  /Users/ImranChowdhury/Github/TestAutomation-5.7/TestAutomation/ContentStudio
CLASSPATH:
  sikuli-script.jar</msg>
<msg timestamp="20151210 19:43:35.847" level="ERROR">Error in file '/Users/ImranChowdhury/Github/TestAutomation-5.7/TestAutomation/ContentStudio/Tests/ContentEngine/2.1.1.WFKeywordResource.txt': Importing test library 'ContentStudioClipboard.ContentStudioClipboard' failed: ImportError: No module named sikuli
Traceback (most recent call last):
  File "/Users/ImranChowdhury/Github/TestAutomation-5.7/TestAutomation/ContentStudio/content-studio.sikuli/ContentStudioClipboard.py", line 1, in &lt;module&gt;
    from sikuli.Sikuli import *
PYTHONPATH:
  /Users/ImranChowdhury/Github/TestAutomation-5.7/TestAutomation/ContentStudio/content-studio.sikuli
  /Library/Java/Extensions/robotframework-2.8.1.jar/Lib/robot/libraries
  /Library/Java/Extensions/robotframework-2.8.1.jar/Lib
  robotframework-2.8.1.jar\Lib
  sikuli-script.jar\Lib
  /Library/Java/Extensions/Lib
  __classpath__
  __pyclasspath__/
  .
  /Users/ImranChowdhury/Github/TestAutomation-5.7/TestAutomation/ContentStudio
CLASSPATH:
  sikuli-script.jar</msg>
<msg timestamp="20151210 19:43:35.880" level="ERROR">Error in file '/Users/ImranChowdhury/Github/TestAutomation-5.7/TestAutomation/ContentStudio/Tests/ContentEngine/2.1.1.WFKeywordResource.txt': Importing test library 'ContentStudio.ContentStudio' failed: ImportError: No module named sikuli
Traceback (most recent call last):
  File "/Users/ImranChowdhury/Github/TestAutomation-5.7/TestAutomation/ContentStudio/content-studio.sikuli/ContentStudio.py", line 1, in &lt;module&gt;
    from sikuli.Sikuli import *
PYTHONPATH:
  /Users/ImranChowdhury/Github/TestAutomation-5.7/TestAutomation/ContentStudio/content-studio.sikuli
  /Library/Java/Extensions/robotframework-2.8.1.jar/Lib/robot/libraries
  /Library/Java/Extensions/robotframework-2.8.1.jar/Lib
  robotframework-2.8.1.jar\Lib
  sikuli-script.jar\Lib
  /Library/Java/Extensions/Lib
  __classpath__
  __pyclasspath__/
  .
  /Users/ImranChowdhury/Github/TestAutomation-5.7/TestAutomation/ContentStudio
CLASSPATH:
  sikuli-script.jar</msg>
<msg timestamp="20151210 19:43:35.907" level="ERROR">Error in file '/Users/ImranChowdhury/Github/TestAutomation-5.7/TestAutomation/ContentStudio/Tests/ContentEngine/2.1.1.WFKeywordResource.txt': Importing test library 'SearchContent.SearchContent' failed: ImportError: No module named sikuli
Traceback (most recent call last):
  File "/Users/ImranChowdhury/Github/TestAutomation-5.7/TestAutomation/ContentStudio/content-studio.sikuli/SearchContent.py", line 1, in &lt;module&gt;
    from sikuli.Sikuli import *
PYTHONPATH:
  /Users/ImranChowdhury/Github/TestAutomation-5.7/TestAutomation/ContentStudio/content-studio.sikuli
  /Library/Java/Extensions/robotframework-2.8.1.jar/Lib/robot/libraries
  /Library/Java/Extensions/robotframework-2.8.1.jar/Lib
  robotframework-2.8.1.jar\Lib
  sikuli-script.jar\Lib
  /Library/Java/Extensions/Lib
  __classpath__
  __pyclasspath__/
  .
  /Users/ImranChowdhury/Github/TestAutomation-5.7/TestAutomation/ContentStudio
CLASSPATH:
  sikuli-script.jar</msg>
<msg timestamp="20151210 19:43:35.921" level="ERROR">Error in file '/Users/ImranChowdhury/Github/TestAutomation-5.7/TestAutomation/ContentStudio/Tests/ContentEngine/2.1.1.WFKeywordResource.txt': Importing test library 'SikuliCS' failed: ImportError: No module named sikuli
Traceback (most recent call last):
  File "/Users/ImranChowdhury/Github/TestAutomation-5.7/TestAutomation/ContentStudio/content-studio.sikuli/SikuliCS.py", line 1, in &lt;module&gt;
    from sikuli.Sikuli import *
PYTHONPATH:
  /Users/ImranChowdhury/Github/TestAutomation-5.7/TestAutomation/ContentStudio/content-studio.sikuli
  /Library/Java/Extensions/robotframework-2.8.1.jar/Lib/robot/libraries
  /Library/Java/Extensions/robotframework-2.8.1.jar/Lib
  robotframework-2.8.1.jar\Lib
  sikuli-script.jar\Lib
  /Library/Java/Extensions/Lib
  __classpath__
  __pyclasspath__/
  .
  /Users/ImranChowdhury/Github/TestAutomation-5.7/TestAutomation/ContentStudio
CLASSPATH:
  sikuli-script.jar</msg>
<msg timestamp="20151210 19:43:35.948" level="ERROR">Error in file '/Users/ImranChowdhury/Github/TestAutomation-5.7/TestAutomation/ContentStudio/Tests/ContentEngine/2.1.1.WFKeywordResource.txt': Importing test library 'eceSikuli.eceSikuli' failed: ImportError: No module named sikuli
Traceback (most recent call last):
  File "/Users/ImranChowdhury/Github/TestAutomation-5.7/TestAutomation/ContentStudio/content-studio.sikuli/eceSikuli.py", line 1, in &lt;module&gt;
    from sikuli.Sikuli import *
PYTHONPATH:
  /Users/ImranChowdhury/Github/TestAutomation-5.7/TestAutomation/ContentStudio/content-studio.sikuli
  /Library/Java/Extensions/robotframework-2.8.1.jar/Lib/robot/libraries
  /Library/Java/Extensions/robotframework-2.8.1.jar/Lib
  robotframework-2.8.1.jar\Lib
  sikuli-script.jar\Lib
  /Library/Java/Extensions/Lib
  __classpath__
  __pyclasspath__/
  .
  /Users/ImranChowdhury/Github/TestAutomation-5.7/TestAutomation/ContentStudio
CLASSPATH:
  sikuli-script.jar</msg>
</errors>
</robot>
