<?xml version="1.0" encoding="UTF-8"?>
<robot generator="Robot 2.8.1 (Jython 2.5.3 on java1.6.0_45)" generated="20150917 19:54:34.104">
<suite source="C:\Jenkins\workspace\release-phase-4-3-ContentStudio-test\TestAutomation\ContentStudio\Tests\ContentEngine" id="s1" name="ContentEngine">
<suite source="C:\Jenkins\workspace\release-phase-4-3-ContentStudio-test\TestAutomation\ContentStudio\Tests\ContentEngine\1.1.Login.txt" id="s1-s1" name="1.1.Login">
<test id="s1-s1-t1" name="Start content studio and log in">
<kw type="kw" name="ContentStudio.Start Content Studio">
<doc></doc>
<arguments>
</arguments>
<msg timestamp="20150917 19:54:34.939" level="TRACE">Arguments: [  ]</msg>
<msg timestamp="20150917 20:12:18.367" level="INFO">http://qa-caliban:8080/studio/Studio.jnlp
Found
Log in successful</msg>
<msg timestamp="20150917 20:12:18.372" level="TRACE">Return: None</msg>
<status status="PASS" endtime="20150917 20:12:18.369" starttime="20150917 19:54:34.938"></status>
</kw>
<kw type="kw" name="ContentStudio.Close Allopen Tabs">
<doc></doc>
<arguments>
</arguments>
<msg timestamp="20150917 20:12:18.375" level="TRACE">Arguments: [  ]</msg>
<msg timestamp="20150917 20:12:25.056" level="INFO">[log] App.focus Escenic Content Studio (0) #0
[log] Alt+TYPE " "
[log] TYPE "x"</msg>
<msg timestamp="20150917 20:12:25.057" level="TRACE">Return: None</msg>
<status status="PASS" endtime="20150917 20:12:25.057" starttime="20150917 20:12:18.374"></status>
</kw>
<kw type="kw" name="SikuliCS.Print Version">
<doc></doc>
<arguments>
</arguments>
<msg timestamp="20150917 20:12:25.059" level="TRACE">Arguments: [  ]</msg>
<msg timestamp="20150917 20:12:25.059" level="INFO">Testing Content Studio on : qa-caliban. RC Version: 5.7.57.171630</msg>
<msg timestamp="20150917 20:12:25.060" level="TRACE">Return: None</msg>
<status status="PASS" endtime="20150917 20:12:25.060" starttime="20150917 20:12:25.058"></status>
</kw>
<doc></doc>
<tags>
</tags>
<status status="PASS" critical="yes" endtime="20150917 20:12:25.061" starttime="20150917 19:54:34.936"></status>
</test>
<doc>A test case for Start and Logging into ContentStudio</doc>
<metadata>
</metadata>
<status status="PASS" endtime="20150917 20:12:25.064" starttime="20150917 19:54:34.259"></status>
</suite>
<suite source="C:\Jenkins\workspace\release-phase-4-3-ContentStudio-test\TestAutomation\ContentStudio\Tests\ContentEngine\1.2.1.AddRemoveContent.txt" id="s1-s2" name="1.2.1.AddRemoveContent">
<test id="s1-s2-t1" name="Add a content to different/multiple sections">
<kw type="kw" name="ContentStudio.Create Content In Section">
<doc></doc>
<arguments>
<arg>NewArticles</arg>
</arguments>
<msg timestamp="20150917 20:12:25.118" level="TRACE">Arguments: [ u'NewArticles' ]</msg>
<msg timestamp="20150917 20:13:26.910" level="INFO">Found
Found
Content was successfully created</msg>
<msg timestamp="20150917 20:13:26.912" level="TRACE">Return: None</msg>
<status status="PASS" endtime="20150917 20:13:26.911" starttime="20150917 20:12:25.118"></status>
</kw>
<kw type="kw" name="ContentStudio.Create Content In Section">
<doc></doc>
<arguments>
<arg>Home</arg>
</arguments>
<msg timestamp="20150917 20:13:26.915" level="TRACE">Arguments: [ u'Home' ]</msg>
<msg timestamp="20150917 20:14:25.161" level="INFO">Found
Found
Content was successfully created</msg>
<msg timestamp="20150917 20:14:25.163" level="TRACE">Return: None</msg>
<status status="PASS" endtime="20150917 20:14:25.162" starttime="20150917 20:13:26.914"></status>
</kw>
<kw type="kw" name="ContentStudio.Add Content To Section">
<doc></doc>
<arguments>
<arg>NewArticles</arg>
<arg>Home</arg>
</arguments>
<msg timestamp="20150917 20:14:25.166" level="TRACE">Arguments: [ u'NewArticles' | u'Home' ]</msg>
<msg timestamp="20150917 20:15:07.080" level="INFO">Do nothing</msg>
<msg timestamp="20150917 20:15:07.082" level="TRACE">Return: None</msg>
<status status="PASS" endtime="20150917 20:15:07.081" starttime="20150917 20:14:25.165"></status>
</kw>
<kw type="kw" name="ContentStudio.Preview Content">
<doc></doc>
<arguments>
<arg>Simple</arg>
</arguments>
<msg timestamp="20150917 20:15:07.084" level="TRACE">Arguments: [ u'Simple' ]</msg>
<msg timestamp="20150917 20:15:40.341" level="INFO">Found
Found
Found</msg>
<msg timestamp="20150917 20:15:40.343" level="TRACE">Return: None</msg>
<status status="PASS" endtime="20150917 20:15:40.342" starttime="20150917 20:15:07.083"></status>
</kw>
<kw type="kw" name="ContentStudio.Add Content To Section">
<doc></doc>
<arguments>
<arg>Home</arg>
<arg>NewArticles</arg>
</arguments>
<msg timestamp="20150917 20:15:40.346" level="TRACE">Arguments: [ u'Home' | u'NewArticles' ]</msg>
<msg timestamp="20150917 20:16:22.059" level="INFO">Do nothing</msg>
<msg timestamp="20150917 20:16:22.060" level="TRACE">Return: None</msg>
<status status="PASS" endtime="20150917 20:16:22.060" starttime="20150917 20:15:40.344"></status>
</kw>
<kw type="kw" name="ContentStudio.Preview Content">
<doc></doc>
<arguments>
<arg>Simple</arg>
</arguments>
<msg timestamp="20150917 20:16:22.062" level="TRACE">Arguments: [ u'Simple' ]</msg>
<msg timestamp="20150917 20:16:55.355" level="INFO">Found
Found
Found</msg>
<msg timestamp="20150917 20:16:55.356" level="TRACE">Return: None</msg>
<status status="PASS" endtime="20150917 20:16:55.356" starttime="20150917 20:16:22.061"></status>
</kw>
<doc></doc>
<tags>
</tags>
<status status="PASS" critical="yes" endtime="20150917 20:16:55.357" starttime="20150917 20:12:25.115"></status>
</test>
<test id="s1-s2-t2" name="Remove content from a section">
<kw type="kw" name="ContentStudio.Remove Content From Section">
<doc></doc>
<arguments>
<arg>NewArticles</arg>
</arguments>
<msg timestamp="20150917 20:16:55.361" level="TRACE">Arguments: [ u'NewArticles' ]</msg>
<msg timestamp="20150917 20:17:33.689" level="INFO">[log] App.focus Escenic Content Studio (0) #0
[log] Alt+TYPE " "
[log] TYPE "x"
[log] CLICK on (57,50)
[log] DOUBLE CLICK on (111,82)
[log] TYPE ""
[log] TYPE ""
[log] CLICK on (1412,951)</msg>
<msg timestamp="20150917 20:17:33.690" level="TRACE">Return: None</msg>
<status status="PASS" endtime="20150917 20:17:33.690" starttime="20150917 20:16:55.360"></status>
</kw>
<kw type="kw" name="ContentStudio.Remove Content From Section">
<doc></doc>
<arguments>
<arg>Home</arg>
</arguments>
<msg timestamp="20150917 20:17:33.691" level="TRACE">Arguments: [ u'Home' ]</msg>
<msg timestamp="20150917 20:18:12.815" level="INFO">[log] App.focus Escenic Content Studio (0) #0
[log] Alt+TYPE " "
[log] TYPE "x"
[log] CLICK on (57,50)
[log] DOUBLE CLICK on (57,50)
[log] TYPE ""
[log] TYPE ""
[log] CLICK on (1412,951)</msg>
<msg timestamp="20150917 20:18:12.816" level="TRACE">Return: None</msg>
<status status="PASS" endtime="20150917 20:18:12.816" starttime="20150917 20:17:33.691"></status>
</kw>
<kw type="kw" name="ContentStudio.Close Allopen Tabs">
<doc></doc>
<arguments>
</arguments>
<msg timestamp="20150917 20:18:12.817" level="TRACE">Arguments: [  ]</msg>
<msg timestamp="20150917 20:18:35.597" level="INFO">[log] App.focus Escenic Content Studio (0) #0
[log] Alt+TYPE " "
[log] TYPE "x"
[log] CLICK on (1345,55)
[log] CLICK on (1182,55)
[log] CLICK on (1019,55)
[log] CLICK on (1019,55)</msg>
<msg timestamp="20150917 20:18:35.599" level="TRACE">Return: None</msg>
<status status="PASS" endtime="20150917 20:18:35.598" starttime="20150917 20:18:12.817"></status>
</kw>
<kw type="kw" name="ContentStudio.Close Browser">
<doc></doc>
<arguments>
</arguments>
<msg timestamp="20150917 20:18:35.600" level="TRACE">Arguments: [  ]</msg>
<msg timestamp="20150917 20:18:50.617" level="INFO">[log] App.focus Mozilla Firefox(0) #0
[log] Alt+TYPE ""
[log] App.focus Firefox(0) #0
[log] CLICK on (795,547)</msg>
<msg timestamp="20150917 20:18:50.618" level="TRACE">Return: None</msg>
<status status="PASS" endtime="20150917 20:18:50.618" starttime="20150917 20:18:35.599"></status>
</kw>
<doc></doc>
<tags>
</tags>
<status status="PASS" critical="yes" endtime="20150917 20:18:50.619" starttime="20150917 20:16:55.358"></status>
</test>
<doc>A test case for Adding a content to different/multiple sections</doc>
<metadata>
</metadata>
<status status="PASS" endtime="20150917 20:18:50.623" starttime="20150917 20:12:25.071"></status>
</suite>
<suite source="C:\Jenkins\workspace\release-phase-4-3-ContentStudio-test\TestAutomation\ContentStudio\Tests\ContentEngine\1.2.2.SelectUnselectInbox.txt" id="s1-s3" name="1.2.2.SelectUnselectInbox">
<test id="s1-s3-t1" name="Select / Unselect the content's inbox">
<kw type="kw" name="ContentStudio.Clean Up Inbox">
<doc></doc>
<arguments>
<arg>NewArticles</arg>
</arguments>
<msg timestamp="20150917 20:18:50.661" level="TRACE">Arguments: [ u'NewArticles' ]</msg>
<msg timestamp="20150917 20:19:19.000" level="INFO">[log] App.focus Escenic Content Studio (0) #0
[log] Alt+TYPE " "
[log] TYPE "x"
[log] CLICK on (58,178)
[log] CLICK on (57,50)
[log] CLICK on (57,50)
[log] CLICK on (111,82)
[log] CLICK on (64,226)
[log] App.focus Escenic Content Studio (0) #0
[log] Alt+TYPE " "
[log] TYPE "x"
[log] CLICK on (49,317)</msg>
<msg timestamp="20150917 20:19:19.003" level="TRACE">Return: None</msg>
<status status="PASS" endtime="20150917 20:19:19.002" starttime="20150917 20:18:50.659"></status>
</kw>
<kw type="kw" name="ContentStudio.Close Allopen Tabs">
<doc></doc>
<arguments>
</arguments>
<msg timestamp="20150917 20:19:19.006" level="TRACE">Arguments: [  ]</msg>
<msg timestamp="20150917 20:19:25.743" level="INFO">[log] App.focus Escenic Content Studio (0) #0
[log] Alt+TYPE " "
[log] TYPE "x"</msg>
<msg timestamp="20150917 20:19:25.745" level="TRACE">Return: None</msg>
<status status="PASS" endtime="20150917 20:19:25.744" starttime="20150917 20:19:19.005"></status>
</kw>
<kw type="kw" name="ContentStudio.Create Content In Section">
<doc></doc>
<arguments>
<arg>NewArticles</arg>
</arguments>
<msg timestamp="20150917 20:19:25.747" level="TRACE">Arguments: [ u'NewArticles' ]</msg>
<msg timestamp="20150917 20:20:24.261" level="INFO">Do nothing
Found
Found
Content was successfully created</msg>
<msg timestamp="20150917 20:20:24.263" level="TRACE">Return: None</msg>
<status status="PASS" endtime="20150917 20:20:24.262" starttime="20150917 20:19:25.746"></status>
</kw>
<kw type="kw" name="ContentStudio.Deselect Contents Inbox">
<doc></doc>
<arguments>
</arguments>
<msg timestamp="20150917 20:20:24.265" level="TRACE">Arguments: [  ]</msg>
<msg timestamp="20150917 20:20:59.169" level="INFO">Successful deselection</msg>
<msg timestamp="20150917 20:20:59.170" level="TRACE">Return: None</msg>
<status status="PASS" endtime="20150917 20:20:59.170" starttime="20150917 20:20:24.264"></status>
</kw>
<kw type="kw" name="ContentStudioClipboard.Check If Not Exists">
<doc></doc>
<arguments>
<arg>InboxItemSelected</arg>
</arguments>
<msg timestamp="20150917 20:20:59.172" level="TRACE">Arguments: [ u'InboxItemSelected' ]</msg>
<msg timestamp="20150917 20:21:11.446" level="INFO">Exists</msg>
<msg timestamp="20150917 20:21:11.447" level="TRACE">Return: None</msg>
<status status="PASS" endtime="20150917 20:21:11.447" starttime="20150917 20:20:59.171"></status>
</kw>
<kw type="kw" name="ContentStudio.Select Contents Inbox">
<doc></doc>
<arguments>
</arguments>
<msg timestamp="20150917 20:21:11.448" level="TRACE">Arguments: [  ]</msg>
<msg timestamp="20150917 20:22:51.541" level="INFO">Inbox selection was successful</msg>
<msg timestamp="20150917 20:22:51.542" level="TRACE">Return: None</msg>
<status status="PASS" endtime="20150917 20:22:51.542" starttime="20150917 20:21:11.448"></status>
</kw>
<kw type="kw" name="ContentStudioClipboard.Check If Exists">
<doc></doc>
<arguments>
<arg>InboxItemSelected</arg>
</arguments>
<msg timestamp="20150917 20:22:51.544" level="TRACE">Arguments: [ u'InboxItemSelected' ]</msg>
<msg timestamp="20150917 20:23:00.962" level="INFO">Exists</msg>
<msg timestamp="20150917 20:23:00.963" level="TRACE">Return: None</msg>
<status status="PASS" endtime="20150917 20:23:00.963" starttime="20150917 20:22:51.543"></status>
</kw>
<doc></doc>
<tags>
</tags>
<status status="PASS" critical="yes" endtime="20150917 20:23:00.964" starttime="20150917 20:18:50.656"></status>
</test>
<doc>A test case for Selecting/Unselecting Content's inbox</doc>
<metadata>
</metadata>
<status status="PASS" endtime="20150917 20:23:00.968" starttime="20150917 20:18:50.631"></status>
</suite>
<suite source="C:\Jenkins\workspace\release-phase-4-3-ContentStudio-test\TestAutomation\ContentStudio\Tests\ContentEngine\1.2.3.SelectUnselectList.txt" id="s1-s4" name="1.2.3.SelectUnselectList">
<test id="s1-s4-t1" name="Select / Unselect the content's List">
<kw type="kw" name="ContentStudio.Close Allopen Tabs">
<doc></doc>
<arguments>
</arguments>
<msg timestamp="20150917 20:23:00.995" level="TRACE">Arguments: [  ]</msg>
<msg timestamp="20150917 20:23:11.694" level="INFO">[log] App.focus Escenic Content Studio (0) #0
[log] Alt+TYPE " "
[log] TYPE "x"
[log] CLICK on (1019,55)</msg>
<msg timestamp="20150917 20:23:11.696" level="TRACE">Return: None</msg>
<status status="PASS" endtime="20150917 20:23:11.695" starttime="20150917 20:23:00.995"></status>
</kw>
<kw type="kw" name="ContentStudio.Delete List">
<doc></doc>
<arguments>
<arg>NewArticles</arg>
<arg>NewsList</arg>
</arguments>
<msg timestamp="20150917 20:23:11.697" level="TRACE">Arguments: [ u'NewArticles' | u'NewsList' ]</msg>
<msg timestamp="20150917 20:23:40.931" level="INFO">Do nothing</msg>
<msg timestamp="20150917 20:23:40.933" level="TRACE">Return: None</msg>
<status status="PASS" endtime="20150917 20:23:40.933" starttime="20150917 20:23:11.696"></status>
</kw>
<kw type="kw" name="ContentStudio.Create New List">
<doc></doc>
<arguments>
<arg>NewArticles</arg>
<arg>NewsList</arg>
</arguments>
<msg timestamp="20150917 20:23:40.936" level="TRACE">Arguments: [ u'NewArticles' | u'NewsList' ]</msg>
<msg timestamp="20150917 20:24:22.506" level="INFO">Do nothing
Do nothing</msg>
<msg timestamp="20150917 20:24:22.507" level="TRACE">Return: None</msg>
<status status="PASS" endtime="20150917 20:24:22.507" starttime="20150917 20:23:40.935"></status>
</kw>
<kw type="kw" name="ContentStudio.Create Content In Section">
<doc></doc>
<arguments>
<arg>NewArticles</arg>
</arguments>
<msg timestamp="20150917 20:24:22.509" level="TRACE">Arguments: [ u'NewArticles' ]</msg>
<msg timestamp="20150917 20:25:21.898" level="INFO">Do nothing
Found
Found
Content was successfully created</msg>
<msg timestamp="20150917 20:25:21.900" level="TRACE">Return: None</msg>
<status status="PASS" endtime="20150917 20:25:21.899" starttime="20150917 20:24:22.508"></status>
</kw>
<kw type="kw" name="ContentStudio.Add Content To List">
<doc></doc>
<arguments>
<arg>NewArticles</arg>
</arguments>
<msg timestamp="20150917 20:25:21.903" level="TRACE">Arguments: [ u'NewArticles' ]</msg>
<msg timestamp="20150917 20:25:50.153" level="INFO">Select The content's list was successful</msg>
<msg timestamp="20150917 20:25:50.154" level="TRACE">Return: None</msg>
<status status="PASS" endtime="20150917 20:25:50.154" starttime="20150917 20:25:21.902"></status>
</kw>
<kw type="kw" name="ContentStudio.Clean Up List">
<doc></doc>
<arguments>
<arg>NewArticles</arg>
<arg>NewsList</arg>
</arguments>
<msg timestamp="20150917 20:25:50.156" level="TRACE">Arguments: [ u'NewArticles' | u'NewsList' ]</msg>
<msg timestamp="20150917 20:26:09.080" level="INFO">[log] DOUBLE CLICK on (57,50)
[log] CLICK on (111,82)
[log] CLICK on (151,227)
[log] DOUBLE CLICK on (76,248)
[log] CLICK on (852,136)
[log] TYPE ""</msg>
<msg timestamp="20150917 20:26:09.083" level="TRACE">Return: None</msg>
<status status="PASS" endtime="20150917 20:26:09.082" starttime="20150917 20:25:50.155"></status>
</kw>
<kw type="kw" name="ContentStudio.Delete List">
<doc></doc>
<arguments>
<arg>NewArticles</arg>
<arg>NewsList</arg>
</arguments>
<msg timestamp="20150917 20:26:09.086" level="TRACE">Arguments: [ u'NewArticles' | u'NewsList' ]</msg>
<msg timestamp="20150917 20:26:36.658" level="INFO">Do nothing</msg>
<msg timestamp="20150917 20:26:36.659" level="TRACE">Return: None</msg>
<status status="PASS" endtime="20150917 20:26:36.658" starttime="20150917 20:26:09.084"></status>
</kw>
<doc></doc>
<tags>
</tags>
<status status="PASS" critical="yes" endtime="20150917 20:26:36.660" starttime="20150917 20:23:00.993"></status>
</test>
<doc>A test case for Selecting/Unselecting Content's List</doc>
<metadata>
</metadata>
<status status="PASS" endtime="20150917 20:26:36.663" starttime="20150917 20:23:00.973"></status>
</suite>
<suite source="C:\Jenkins\workspace\release-phase-4-3-ContentStudio-test\TestAutomation\ContentStudio\Tests\ContentEngine\1.2.4.PreviewContent.txt" id="s1-s5" name="1.2.4.PreviewContent">
<test id="s1-s5-t1" name="Preview all types of contents">
<kw type="kw" name="ContentStudio.Close Allopen Tabs">
<doc></doc>
<arguments>
</arguments>
<msg timestamp="20150917 20:26:36.691" level="TRACE">Arguments: [  ]</msg>
<msg timestamp="20150917 20:26:55.490" level="INFO">[log] App.focus Escenic Content Studio (0) #0
[log] Alt+TYPE " "
[log] TYPE "x"
[log] CLICK on (1019,55)
[log] CLICK on (1019,55)
[log] CLICK on (1019,55)</msg>
<msg timestamp="20150917 20:26:55.492" level="TRACE">Return: None</msg>
<status status="PASS" endtime="20150917 20:26:55.491" starttime="20150917 20:26:36.691"></status>
</kw>
<kw type="kw" name="ContentStudio.Create Content In Section">
<doc></doc>
<arguments>
<arg>NewArticles</arg>
</arguments>
<msg timestamp="20150917 20:26:55.495" level="TRACE">Arguments: [ u'NewArticles' ]</msg>
<msg timestamp="20150917 20:27:55.026" level="INFO">Do nothing
Found
Found
Content was successfully created</msg>
<msg timestamp="20150917 20:27:55.028" level="TRACE">Return: None</msg>
<status status="PASS" endtime="20150917 20:27:55.027" starttime="20150917 20:26:55.494"></status>
</kw>
<kw type="kw" name="ContentStudio.Preview Content">
<doc></doc>
<arguments>
<arg>simple</arg>
</arguments>
<msg timestamp="20150917 20:27:55.030" level="TRACE">Arguments: [ u'simple' ]</msg>
<msg timestamp="20150917 20:28:25.130" level="INFO">Found
Found
Found</msg>
<msg timestamp="20150917 20:28:25.131" level="TRACE">Return: None</msg>
<status status="PASS" endtime="20150917 20:28:25.131" starttime="20150917 20:27:55.029"></status>
</kw>
<kw type="kw" name="ContentStudio.Create Image In Section">
<doc></doc>
<arguments>
<arg>NewArticles</arg>
</arguments>
<msg timestamp="20150917 20:28:25.133" level="TRACE">Arguments: [ u'NewArticles' ]</msg>
<msg timestamp="20150917 20:29:20.877" level="INFO">Do nothing
Content was successfully created</msg>
<msg timestamp="20150917 20:29:20.879" level="TRACE">Return: None</msg>
<status status="PASS" endtime="20150917 20:29:20.878" starttime="20150917 20:28:25.132"></status>
</kw>
<kw type="kw" name="ContentStudio.Preview Content">
<doc></doc>
<arguments>
<arg>simple</arg>
</arguments>
<msg timestamp="20150917 20:29:20.882" level="TRACE">Arguments: [ u'simple' ]</msg>
<msg timestamp="20150917 20:29:50.998" level="INFO">Found
Found
Found</msg>
<msg timestamp="20150917 20:29:51.000" level="TRACE">Return: None</msg>
<status status="PASS" endtime="20150917 20:29:50.999" starttime="20150917 20:29:20.880"></status>
</kw>
<kw type="kw" name="ContentStudio.Close Browser">
<doc></doc>
<arguments>
</arguments>
<msg timestamp="20150917 20:29:51.002" level="TRACE">Arguments: [  ]</msg>
<msg timestamp="20150917 20:30:06.010" level="INFO">[log] App.focus Mozilla Firefox(0) #0
[log] Alt+TYPE ""
[log] App.focus Firefox(0) #0
[log] CLICK on (795,547)</msg>
<msg timestamp="20150917 20:30:06.011" level="TRACE">Return: None</msg>
<status status="PASS" endtime="20150917 20:30:06.011" starttime="20150917 20:29:51.002"></status>
</kw>
<doc></doc>
<tags>
</tags>
<status status="PASS" critical="yes" endtime="20150917 20:30:06.012" starttime="20150917 20:26:36.689"></status>
</test>
<doc>A test case for Previewing all types of contents</doc>
<metadata>
</metadata>
<status status="PASS" endtime="20150917 20:30:06.014" starttime="20150917 20:26:36.668"></status>
</suite>
<suite source="C:\Jenkins\workspace\release-phase-4-3-ContentStudio-test\TestAutomation\ContentStudio\Tests\ContentEngine\1.2.5.PreviewAllContent.txt" id="s1-s6" name="1.2.5.PreviewAllContent">
<test id="s1-s6-t1" name="'Preview All' all types of contents">
<kw type="kw" name="ContentStudio.Close Allopen Tabs">
<doc></doc>
<arguments>
</arguments>
<msg timestamp="20150917 20:30:06.043" level="TRACE">Arguments: [  ]</msg>
<msg timestamp="20150917 20:30:20.741" level="INFO">[log] App.focus Escenic Content Studio (0) #0
[log] Alt+TYPE " "
[log] TYPE "x"
[log] CLICK on (376,55)
[log] CLICK on (213,55)</msg>
<msg timestamp="20150917 20:30:20.743" level="TRACE">Return: None</msg>
<status status="PASS" endtime="20150917 20:30:20.742" starttime="20150917 20:30:06.042"></status>
</kw>
<kw type="kw" name="ContentStudio.Create Content In Section">
<doc></doc>
<arguments>
<arg>NewArticles</arg>
</arguments>
<msg timestamp="20150917 20:30:20.745" level="TRACE">Arguments: [ u'NewArticles' ]</msg>
<msg timestamp="20150917 20:31:23.291" level="INFO">Do nothing
Found
Found
Content was successfully created</msg>
<msg timestamp="20150917 20:31:23.293" level="TRACE">Return: None</msg>
<status status="PASS" endtime="20150917 20:31:23.292" starttime="20150917 20:30:20.744"></status>
</kw>
<kw type="kw" name="ContentStudio.Preview Content">
<doc></doc>
<arguments>
<arg>All</arg>
</arguments>
<msg timestamp="20150917 20:31:23.295" level="TRACE">Arguments: [ u'All' ]</msg>
<msg timestamp="20150917 20:31:55.795" level="INFO">Found
Found
Found</msg>
<msg timestamp="20150917 20:31:55.797" level="TRACE">Return: None</msg>
<status status="PASS" endtime="20150917 20:31:55.796" starttime="20150917 20:31:23.294"></status>
</kw>
<kw type="kw" name="ContentStudio.Create Image In Section">
<doc></doc>
<arguments>
<arg>NewArticles</arg>
</arguments>
<msg timestamp="20150917 20:31:55.800" level="TRACE">Arguments: [ u'NewArticles' ]</msg>
<msg timestamp="20150917 20:32:51.439" level="INFO">Do nothing
Content was successfully created</msg>
<msg timestamp="20150917 20:32:51.440" level="TRACE">Return: None</msg>
<status status="PASS" endtime="20150917 20:32:51.440" starttime="20150917 20:31:55.798"></status>
</kw>
<kw type="kw" name="ContentStudio.Preview Content">
<doc></doc>
<arguments>
<arg>All</arg>
</arguments>
<msg timestamp="20150917 20:32:51.442" level="TRACE">Arguments: [ u'All' ]</msg>
<msg timestamp="20150917 20:33:23.878" level="INFO">Found
Found
Found</msg>
<msg timestamp="20150917 20:33:23.880" level="TRACE">Return: None</msg>
<status status="PASS" endtime="20150917 20:33:23.879" starttime="20150917 20:32:51.441"></status>
</kw>
<kw type="kw" name="ContentStudio.Close Browser">
<doc></doc>
<arguments>
</arguments>
<msg timestamp="20150917 20:33:23.881" level="TRACE">Arguments: [  ]</msg>
<msg timestamp="20150917 20:33:38.879" level="INFO">[log] App.focus Mozilla Firefox(0) #0
[log] Alt+TYPE ""
[log] App.focus Firefox(0) #0
[log] CLICK on (795,547)</msg>
<msg timestamp="20150917 20:33:38.880" level="TRACE">Return: None</msg>
<status status="PASS" endtime="20150917 20:33:38.879" starttime="20150917 20:33:23.880"></status>
</kw>
<doc></doc>
<tags>
</tags>
<status status="PASS" critical="yes" endtime="20150917 20:33:38.880" starttime="20150917 20:30:06.039"></status>
</test>
<doc>A test case for Preview All</doc>
<metadata>
</metadata>
<status status="PASS" endtime="20150917 20:33:38.883" starttime="20150917 20:30:06.019"></status>
</suite>
<suite source="C:\Jenkins\workspace\release-phase-4-3-ContentStudio-test\TestAutomation\ContentStudio\Tests\ContentEngine\1.3.ResearchPanels.txt" id="s1-s7" name="1.3.ResearchPanels">
<test id="s1-s7-t1" name="Configure and review RSS Feed panel">
<kw type="kw" name="ContentStudio.Remove Research Panel">
<doc></doc>
<arguments>
</arguments>
<msg timestamp="20150917 20:33:38.913" level="TRACE">Arguments: [  ]</msg>
<msg timestamp="20150917 20:33:43.612" level="INFO">[log] Ctrl+TYPE "8"
[log] CLICK on (957,750)</msg>
<msg timestamp="20150917 20:33:43.613" level="TRACE">Return: None</msg>
<status status="PASS" endtime="20150917 20:33:43.612" starttime="20150917 20:33:38.913"></status>
</kw>
<kw type="kw" name="ContentStudio.Create Rss Feedpanel">
<doc></doc>
<arguments>
</arguments>
<msg timestamp="20150917 20:33:43.614" level="TRACE">Arguments: [  ]</msg>
<msg timestamp="20150917 20:34:15.893" level="INFO">[log] App.focus Escenic Content Studio (0) #0
[log] Alt+TYPE " "
[log] TYPE "x"
[log] Ctrl+TYPE "8"
[log] CLICK on (505,281)
[log] CLICK on (801,400)
[log] CLICK on (952,562)
[log] Ctrl+TYPE "4"
[log] Ctrl+TYPE "4"</msg>
<msg timestamp="20150917 20:34:15.896" level="TRACE">Return: None</msg>
<status status="PASS" endtime="20150917 20:34:15.895" starttime="20150917 20:33:43.614"></status>
</kw>
<kw type="kw" name="ContentStudio.Verify Research Panel">
<doc></doc>
<arguments>
<arg>RSS/ATOM</arg>
</arguments>
<msg timestamp="20150917 20:34:15.898" level="TRACE">Arguments: [ u'RSS/ATOM' ]</msg>
<msg timestamp="20150917 20:34:30.092" level="INFO">PASS: BBC feed panel reviewd</msg>
<msg timestamp="20150917 20:34:30.095" level="TRACE">Return: None</msg>
<status status="PASS" endtime="20150917 20:34:30.094" starttime="20150917 20:34:15.897"></status>
</kw>
<kw type="kw" name="ContentStudio.Remove Research Panel">
<doc></doc>
<arguments>
</arguments>
<msg timestamp="20150917 20:34:30.098" level="TRACE">Arguments: [  ]</msg>
<msg timestamp="20150917 20:34:42.419" level="INFO">[log] Ctrl+TYPE "8"
[log] CLICK on (1130,407)
[log] CLICK on (960,844)</msg>
<msg timestamp="20150917 20:34:42.420" level="TRACE">Return: None</msg>
<status status="PASS" endtime="20150917 20:34:42.420" starttime="20150917 20:34:30.097"></status>
</kw>
<doc></doc>
<tags>
</tags>
<status status="PASS" critical="yes" endtime="20150917 20:34:42.421" starttime="20150917 20:33:38.910"></status>
</test>
<test id="s1-s7-t2" name="Configure and review Search Panel">
<kw type="kw" name="ContentStudio.Create Search Panel">
<doc></doc>
<arguments>
</arguments>
<msg timestamp="20150917 20:34:42.426" level="TRACE">Arguments: [  ]</msg>
<msg timestamp="20150917 20:35:11.634" level="INFO">[log] App.focus Escenic Content Studio (0) #0
[log] Alt+TYPE " "
[log] TYPE "x"
[log] Ctrl+TYPE "8"
[log] CLICK on (505,281)
[log] CLICK on (779,313)
[log] TYPE ""
[log] TYPE "
"
[log] CLICK on (952,590)</msg>
<msg timestamp="20150917 20:35:11.637" level="TRACE">Return: None</msg>
<status status="PASS" endtime="20150917 20:35:11.636" starttime="20150917 20:34:42.426"></status>
</kw>
<kw type="kw" name="ContentStudio.Verify Research Panel">
<doc></doc>
<arguments>
<arg>SEARCH</arg>
</arguments>
<msg timestamp="20150917 20:35:11.639" level="TRACE">Arguments: [ u'SEARCH' ]</msg>
<msg timestamp="20150917 20:35:29.285" level="INFO">PASS: Escenic Search Panel reviewed</msg>
<msg timestamp="20150917 20:35:29.286" level="TRACE">Return: None</msg>
<status status="PASS" endtime="20150917 20:35:29.285" starttime="20150917 20:35:11.638"></status>
</kw>
<kw type="kw" name="ContentStudio.Remove Research Panel">
<doc></doc>
<arguments>
</arguments>
<msg timestamp="20150917 20:35:29.287" level="TRACE">Arguments: [  ]</msg>
<msg timestamp="20150917 20:35:41.037" level="INFO">[log] Ctrl+TYPE "8"
[log] CLICK on (1130,407)
[log] CLICK on (960,844)</msg>
<msg timestamp="20150917 20:35:41.038" level="TRACE">Return: None</msg>
<status status="PASS" endtime="20150917 20:35:41.037" starttime="20150917 20:35:29.286"></status>
</kw>
<doc></doc>
<tags>
</tags>
<status status="PASS" critical="yes" endtime="20150917 20:35:41.039" starttime="20150917 20:34:42.422"></status>
</test>
<doc>A test case for Configuring and reviewing Research Panels</doc>
<metadata>
</metadata>
<status status="PASS" endtime="20150917 20:35:41.042" starttime="20150917 20:33:38.888"></status>
</suite>
<suite source="C:\Jenkins\workspace\release-phase-4-3-ContentStudio-test\TestAutomation\ContentStudio\Tests\ContentEngine\1.4.Clipboard.txt" id="s1-s8" name="1.4.Clipboard">
<test id="s1-s8-t1" name="Create A content and check if it's available on clipboard">
<kw type="kw" name="ContentStudio.Close Allopen Tabs">
<doc></doc>
<arguments>
</arguments>
<msg timestamp="20150917 20:35:41.072" level="TRACE">Arguments: [  ]</msg>
<msg timestamp="20150917 20:35:55.761" level="INFO">[log] App.focus Escenic Content Studio (0) #0
[log] Alt+TYPE " "
[log] TYPE "x"
[log] CLICK on (376,55)
[log] CLICK on (213,55)</msg>
<msg timestamp="20150917 20:35:55.763" level="TRACE">Return: None</msg>
<status status="PASS" endtime="20150917 20:35:55.762" starttime="20150917 20:35:41.072"></status>
</kw>
<kw type="kw" name="ContentStudioClipboard.Clean Up Clipboard">
<doc></doc>
<arguments>
</arguments>
<msg timestamp="20150917 20:35:55.764" level="TRACE">Arguments: [  ]</msg>
<msg timestamp="20150917 20:36:26.474" level="INFO">[log] App.focus Escenic Content Studio (0) #0
[log] App.focus Escenic Content Studio (0) #0
[log] CLICK on (14,122)
[log] CLICK on (41,97)
[log] TYPE ""
[log] CLICK on (41,97)
[log] TYPE ""
[log] CLICK on (41,97)
[log] TYPE ""
[log] CLICK on (41,97)
[log] TYPE ""
[log] CLICK on (41,97)
[log] TYPE ""
[log] CLICK on (41,97)
[log] TYPE ""
[log] CLICK on (41,97)
[log] TYPE ""
[log] CLICK on (41,97)
[log] TYPE ""
[log] CLICK on (41,97)</msg>
<msg timestamp="20150917 20:36:26.476" level="TRACE">Return: None</msg>
<status status="PASS" endtime="20150917 20:36:26.476" starttime="20150917 20:35:55.763"></status>
</kw>
<kw type="kw" name="ContentStudio.Create Content In Section">
<doc></doc>
<arguments>
<arg>Home</arg>
</arguments>
<msg timestamp="20150917 20:36:26.477" level="TRACE">Arguments: [ u'Home' ]</msg>
<msg timestamp="20150917 20:37:30.151" level="INFO">Do nothing
Found
Found
Content was successfully created</msg>
<msg timestamp="20150917 20:37:30.153" level="TRACE">Return: None</msg>
<status status="PASS" endtime="20150917 20:37:30.152" starttime="20150917 20:36:26.477"></status>
</kw>
<kw type="kw" name="ContentStudioClipboard.Check Clipboard">
<doc></doc>
<arguments>
</arguments>
<msg timestamp="20150917 20:37:30.154" level="TRACE">Arguments: [  ]</msg>
<msg timestamp="20150917 20:37:42.086" level="INFO">At least one content available in clipboard</msg>
<msg timestamp="20150917 20:37:43.115" level="INFO">[log] App.focus Escenic Content Studio (0) #0
[log] App.focus Escenic Content Studio (0) #0
[log] CLICK on (14,122)
[log] DOUBLE CLICK on (40,108)</msg>
<msg timestamp="20150917 20:37:43.117" level="TRACE">Return: None</msg>
<status status="PASS" endtime="20150917 20:37:43.116" starttime="20150917 20:37:30.153"></status>
</kw>
<doc></doc>
<tags>
</tags>
<status status="PASS" critical="yes" endtime="20150917 20:37:43.118" starttime="20150917 20:35:41.070"></status>
</test>
<test id="s1-s8-t2" name="Drag a story/picture to the list from Clipboard">
<kw type="kw" name="ContentStudio.Delete List">
<doc></doc>
<arguments>
<arg>NewArticles</arg>
<arg>NewsList</arg>
</arguments>
<msg timestamp="20150917 20:37:43.122" level="TRACE">Arguments: [ u'NewArticles' | u'NewsList' ]</msg>
<msg timestamp="20150917 20:38:21.655" level="INFO">Do nothing</msg>
<msg timestamp="20150917 20:38:21.656" level="TRACE">Return: None</msg>
<status status="PASS" endtime="20150917 20:38:21.656" starttime="20150917 20:37:43.121"></status>
</kw>
<kw type="kw" name="ContentStudio.Create New List">
<doc></doc>
<arguments>
<arg>NewArticles</arg>
<arg>NewsList</arg>
</arguments>
<msg timestamp="20150917 20:38:21.658" level="TRACE">Arguments: [ u'NewArticles' | u'NewsList' ]</msg>
<msg timestamp="20150917 20:39:03.170" level="INFO">Do nothing
Do nothing</msg>
<msg timestamp="20150917 20:39:03.172" level="TRACE">Return: None</msg>
<status status="PASS" endtime="20150917 20:39:03.171" starttime="20150917 20:38:21.657"></status>
</kw>
<kw type="kw" name="ContentStudio.Close Allopen Tabs">
<doc></doc>
<arguments>
</arguments>
<msg timestamp="20150917 20:39:03.174" level="TRACE">Arguments: [  ]</msg>
<msg timestamp="20150917 20:39:18.469" level="INFO">[log] App.focus Escenic Content Studio (0) #0
[log] Alt+TYPE " "
[log] TYPE "x"
[log] CLICK on (1182,55)
[log] CLICK on (1019,55)</msg>
<msg timestamp="20150917 20:39:18.471" level="TRACE">Return: None</msg>
<status status="PASS" endtime="20150917 20:39:18.470" starttime="20150917 20:39:03.173"></status>
</kw>
<kw type="kw" name="ContentStudioClipboard.Clean Up Clipboard">
<doc></doc>
<arguments>
</arguments>
<msg timestamp="20150917 20:39:18.472" level="TRACE">Arguments: [  ]</msg>
<msg timestamp="20150917 20:39:39.490" level="INFO">[log] App.focus Escenic Content Studio (0) #0
[log] App.focus Escenic Content Studio (0) #0
[log] CLICK on (14,122)
[log] CLICK on (41,97)
[log] TYPE ""
[log] CLICK on (41,97)</msg>
<msg timestamp="20150917 20:39:39.492" level="TRACE">Return: None</msg>
<status status="PASS" endtime="20150917 20:39:39.492" starttime="20150917 20:39:18.472"></status>
</kw>
<kw type="kw" name="ContentStudio.Create Content In Section">
<doc></doc>
<arguments>
<arg>NewArticles</arg>
</arguments>
<msg timestamp="20150917 20:39:39.495" level="TRACE">Arguments: [ u'NewArticles' ]</msg>
<msg timestamp="20150917 20:40:42.026" level="INFO">Do nothing
Found
Found
Content was successfully created</msg>
<msg timestamp="20150917 20:40:42.028" level="TRACE">Return: None</msg>
<status status="PASS" endtime="20150917 20:40:42.027" starttime="20150917 20:39:39.494"></status>
</kw>
<kw type="kw" name="ContentStudioClipboard.Drag Content">
<doc></doc>
<arguments>
<arg>clipboard_to_list</arg>
<arg>NewsList</arg>
</arguments>
<msg timestamp="20150917 20:40:42.031" level="TRACE">Arguments: [ u'clipboard_to_list' | u'NewsList' ]</msg>
<msg timestamp="20150917 20:41:03.233" level="INFO">Drag from clipboard to list was successful</msg>
<msg timestamp="20150917 20:41:03.234" level="TRACE">Return: None</msg>
<status status="PASS" endtime="20150917 20:41:03.234" starttime="20150917 20:40:42.029"></status>
</kw>
<doc></doc>
<tags>
</tags>
<status status="PASS" critical="yes" endtime="20150917 20:41:03.235" starttime="20150917 20:37:43.119"></status>
</test>
<test id="s1-s8-t3" name="Drag a story/picture from the list to the Clipboard.">
<kw type="kw" name="ContentStudio.Close Allopen Tabs">
<doc></doc>
<arguments>
</arguments>
<msg timestamp="20150917 20:41:03.239" level="TRACE">Arguments: [  ]</msg>
<msg timestamp="20150917 20:41:18.007" level="INFO">[log] App.focus Escenic Content Studio (0) #0
[log] Alt+TYPE " "
[log] TYPE "x"
[log] CLICK on (1182,55)
[log] CLICK on (1019,55)</msg>
<msg timestamp="20150917 20:41:18.010" level="TRACE">Return: None</msg>
<status status="PASS" endtime="20150917 20:41:18.009" starttime="20150917 20:41:03.238"></status>
</kw>
<kw type="kw" name="ContentStudio.Create Content In Section">
<doc></doc>
<arguments>
<arg>NewArticles</arg>
</arguments>
<msg timestamp="20150917 20:41:18.013" level="TRACE">Arguments: [ u'NewArticles' ]</msg>
<msg timestamp="20150917 20:42:26.376" level="INFO">Do nothing
Found
Found
Content was successfully created</msg>
<msg timestamp="20150917 20:42:26.379" level="TRACE">Return: None</msg>
<status status="PASS" endtime="20150917 20:42:26.378" starttime="20150917 20:41:18.011"></status>
</kw>
<kw type="kw" name="ContentStudio.Add Content To List">
<doc></doc>
<arguments>
<arg>NewArticles</arg>
</arguments>
<msg timestamp="20150917 20:42:26.382" level="TRACE">Arguments: [ u'NewArticles' ]</msg>
<msg timestamp="20150917 20:42:55.392" level="INFO">Select The content's list was successful</msg>
<msg timestamp="20150917 20:42:55.393" level="TRACE">Return: None</msg>
<status status="PASS" endtime="20150917 20:42:55.392" starttime="20150917 20:42:26.380"></status>
</kw>
<kw type="kw" name="ContentStudioClipboard.Clean Up Clipboard">
<doc></doc>
<arguments>
</arguments>
<msg timestamp="20150917 20:42:55.394" level="TRACE">Arguments: [  ]</msg>
<msg timestamp="20150917 20:43:17.851" level="INFO">[log] App.focus Escenic Content Studio (0) #0
[log] App.focus Escenic Content Studio (0) #0
[log] CLICK on (14,122)
[log] CLICK on (41,97)
[log] TYPE ""
[log] CLICK on (41,97)
[log] TYPE ""
[log] CLICK on (41,97)</msg>
<msg timestamp="20150917 20:43:17.854" level="TRACE">Return: None</msg>
<status status="PASS" endtime="20150917 20:43:17.853" starttime="20150917 20:42:55.393"></status>
</kw>
<kw type="kw" name="ContentStudioClipboard.Drag Content">
<doc></doc>
<arguments>
<arg>list_to_clipboard</arg>
<arg>NewsList</arg>
</arguments>
<msg timestamp="20150917 20:43:17.856" level="TRACE">Arguments: [ u'list_to_clipboard' | u'NewsList' ]</msg>
<msg timestamp="20150917 20:43:45.137" level="INFO">Do Nothing
Drag from clipboard to list was successful</msg>
<msg timestamp="20150917 20:43:45.139" level="TRACE">Return: None</msg>
<status status="PASS" endtime="20150917 20:43:45.138" starttime="20150917 20:43:17.855"></status>
</kw>
<kw type="kw" name="ContentStudio.Delete List">
<doc></doc>
<arguments>
<arg>NewArticles</arg>
<arg>NewsList</arg>
</arguments>
<msg timestamp="20150917 20:43:45.140" level="TRACE">Arguments: [ u'NewArticles' | u'NewsList' ]</msg>
<msg timestamp="20150917 20:44:21.705" level="INFO">Do nothing</msg>
<msg timestamp="20150917 20:44:21.706" level="TRACE">Return: None</msg>
<status status="PASS" endtime="20150917 20:44:21.706" starttime="20150917 20:43:45.139"></status>
</kw>
<doc></doc>
<tags>
</tags>
<status status="PASS" critical="yes" endtime="20150917 20:44:21.707" starttime="20150917 20:41:03.236"></status>
</test>
<test id="s1-s8-t4" name="Double click on a content of the clipboard">
<kw type="kw" name="ContentStudio.Close Allopen Tabs">
<doc></doc>
<arguments>
</arguments>
<msg timestamp="20150917 20:44:21.712" level="TRACE">Arguments: [  ]</msg>
<msg timestamp="20150917 20:44:32.502" level="INFO">[log] App.focus Escenic Content Studio (0) #0
[log] Alt+TYPE " "
[log] TYPE "x"
[log] CLICK on (1019,55)</msg>
<msg timestamp="20150917 20:44:32.503" level="TRACE">Return: None</msg>
<status status="PASS" endtime="20150917 20:44:32.503" starttime="20150917 20:44:21.710"></status>
</kw>
<kw type="kw" name="ContentStudioClipboard.Clean Up Clipboard">
<doc></doc>
<arguments>
</arguments>
<msg timestamp="20150917 20:44:32.505" level="TRACE">Arguments: [  ]</msg>
<msg timestamp="20150917 20:44:53.559" level="INFO">[log] App.focus Escenic Content Studio (0) #0
[log] App.focus Escenic Content Studio (0) #0
[log] CLICK on (14,122)
[log] CLICK on (41,97)
[log] TYPE ""
[log] CLICK on (41,97)</msg>
<msg timestamp="20150917 20:44:53.561" level="TRACE">Return: None</msg>
<status status="PASS" endtime="20150917 20:44:53.560" starttime="20150917 20:44:32.504"></status>
</kw>
<kw type="kw" name="ContentStudio.Create Content In Section">
<doc></doc>
<arguments>
<arg>Home</arg>
</arguments>
<msg timestamp="20150917 20:44:53.563" level="TRACE">Arguments: [ u'Home' ]</msg>
<msg timestamp="20150917 20:45:56.999" level="INFO">Do nothing
Found
Found
Content was successfully created</msg>
<msg timestamp="20150917 20:45:57.000" level="TRACE">Return: None</msg>
<status status="PASS" endtime="20150917 20:45:57.000" starttime="20150917 20:44:53.561"></status>
</kw>
<kw type="kw" name="ContentStudioClipboard.Check Clipboard">
<doc></doc>
<arguments>
</arguments>
<msg timestamp="20150917 20:45:57.002" level="TRACE">Arguments: [  ]</msg>
<msg timestamp="20150917 20:46:08.949" level="INFO">At least one content available in clipboard</msg>
<msg timestamp="20150917 20:46:09.979" level="INFO">[log] App.focus Escenic Content Studio (0) #0
[log] App.focus Escenic Content Studio (0) #0
[log] CLICK on (14,122)
[log] DOUBLE CLICK on (40,108)</msg>
<msg timestamp="20150917 20:46:09.980" level="TRACE">Return: None</msg>
<status status="PASS" endtime="20150917 20:46:09.980" starttime="20150917 20:45:57.001"></status>
</kw>
<kw type="kw" name="ContentStudioClipboard.Check If Exists">
<doc></doc>
<arguments>
<arg>PublishedContent</arg>
</arguments>
<msg timestamp="20150917 20:46:09.981" level="TRACE">Arguments: [ u'PublishedContent' ]</msg>
<msg timestamp="20150917 20:46:19.322" level="INFO">Exists</msg>
<msg timestamp="20150917 20:46:19.323" level="TRACE">Return: None</msg>
<status status="PASS" endtime="20150917 20:46:19.323" starttime="20150917 20:46:09.981"></status>
</kw>
<doc></doc>
<tags>
</tags>
<status status="PASS" critical="yes" endtime="20150917 20:46:19.324" starttime="20150917 20:44:21.708"></status>
</test>
<test id="s1-s8-t5" name="Remove content from the clipboard">
<kw type="kw" name="ContentStudio.Create Content In Section">
<doc></doc>
<arguments>
<arg>NewArticles</arg>
</arguments>
<msg timestamp="20150917 20:46:19.329" level="TRACE">Arguments: [ u'NewArticles' ]</msg>
<msg timestamp="20150917 20:47:28.606" level="INFO">Do nothing
Found
Found
Content was successfully created</msg>
<msg timestamp="20150917 20:47:28.608" level="TRACE">Return: None</msg>
<status status="PASS" endtime="20150917 20:47:28.607" starttime="20150917 20:46:19.327"></status>
</kw>
<kw type="kw" name="ContentStudioClipboard.Clean Up Clipboard">
<doc></doc>
<arguments>
</arguments>
<msg timestamp="20150917 20:47:28.610" level="TRACE">Arguments: [  ]</msg>
<msg timestamp="20150917 20:47:51.192" level="INFO">[log] App.focus Escenic Content Studio (0) #0
[log] App.focus Escenic Content Studio (0) #0
[log] CLICK on (14,122)
[log] CLICK on (41,97)
[log] TYPE ""
[log] CLICK on (41,97)
[log] TYPE ""
[log] CLICK on (41,97)</msg>
<msg timestamp="20150917 20:47:51.194" level="TRACE">Return: None</msg>
<status status="PASS" endtime="20150917 20:47:51.193" starttime="20150917 20:47:28.609"></status>
</kw>
<kw type="kw" name="ContentStudioClipboard.Check If Not Exists">
<doc></doc>
<arguments>
<arg>InboxItemSelected</arg>
</arguments>
<msg timestamp="20150917 20:47:51.195" level="TRACE">Arguments: [ u'InboxItemSelected' ]</msg>
<msg timestamp="20150917 20:48:03.559" level="INFO">Exists</msg>
<msg timestamp="20150917 20:48:03.560" level="TRACE">Return: None</msg>
<status status="PASS" endtime="20150917 20:48:03.559" starttime="20150917 20:47:51.194"></status>
</kw>
<doc></doc>
<tags>
</tags>
<status status="PASS" critical="yes" endtime="20150917 20:48:03.560" starttime="20150917 20:46:19.325"></status>
</test>
<test id="s1-s8-t6" name="Delete List">
<kw type="kw" name="ContentStudio.Delete List">
<doc></doc>
<arguments>
<arg>NewArticles</arg>
<arg>NewsList</arg>
</arguments>
<msg timestamp="20150917 20:48:03.567" level="TRACE">Arguments: [ u'NewArticles' | u'NewsList' ]</msg>
<msg timestamp="20150917 20:48:42.925" level="INFO">Do nothing</msg>
<msg timestamp="20150917 20:48:42.926" level="TRACE">Return: None</msg>
<status status="PASS" endtime="20150917 20:48:42.925" starttime="20150917 20:48:03.566"></status>
</kw>
<doc></doc>
<tags>
</tags>
<status status="PASS" critical="yes" endtime="20150917 20:48:42.927" starttime="20150917 20:48:03.562"></status>
</test>
<doc>Content Studio Clipboard Test cases</doc>
<metadata>
</metadata>
<status status="PASS" endtime="20150917 20:48:42.934" starttime="20150917 20:35:41.049"></status>
</suite>
<suite source="C:\Jenkins\workspace\release-phase-4-3-ContentStudio-test\TestAutomation\ContentStudio\Tests\ContentEngine\1.5.SearchContent.txt" id="s1-s9" name="1.5.SearchContent">
<test id="s1-s9-t1" name="Search for all content">
<kw type="kw" name="ContentStudio.Switch To Content Studio">
<doc></doc>
<arguments>
</arguments>
<msg timestamp="20150917 20:48:42.984" level="TRACE">Arguments: [  ]</msg>
<msg timestamp="20150917 20:48:46.561" level="INFO">[log] App.focus Escenic Content Studio (0) #0</msg>
<msg timestamp="20150917 20:48:46.562" level="TRACE">Return: None</msg>
<status status="PASS" endtime="20150917 20:48:46.562" starttime="20150917 20:48:42.984"></status>
</kw>
<kw type="kw" name="ContentStudio.Create Content In Section">
<doc></doc>
<arguments>
<arg>Home</arg>
</arguments>
<msg timestamp="20150917 20:48:46.564" level="TRACE">Arguments: [ u'Home' ]</msg>
<msg timestamp="20150917 20:49:47.776" level="INFO">Do nothing
Found
Found
Content was successfully created</msg>
<msg timestamp="20150917 20:49:47.778" level="TRACE">Return: None</msg>
<status status="PASS" endtime="20150917 20:49:47.777" starttime="20150917 20:48:46.563"></status>
</kw>
<kw type="kw" name="ContentStudio.Close Allopen Tabs">
<doc></doc>
<arguments>
</arguments>
<msg timestamp="20150917 20:49:47.780" level="TRACE">Arguments: [  ]</msg>
<msg timestamp="20150917 20:50:06.440" level="INFO">[log] App.focus Escenic Content Studio (0) #0
[log] Alt+TYPE " "
[log] TYPE "x"
[log] CLICK on (1345,55)
[log] CLICK on (1182,55)
[log] CLICK on (1019,55)</msg>
<msg timestamp="20150917 20:50:06.442" level="TRACE">Return: None</msg>
<status status="PASS" endtime="20150917 20:50:06.441" starttime="20150917 20:49:47.779"></status>
</kw>
<kw type="kw" name="SearchContent.Search">
<doc></doc>
<arguments>
<arg>simple</arg>
</arguments>
<msg timestamp="20150917 20:50:06.443" level="TRACE">Arguments: [ u'simple' ]</msg>
<msg timestamp="20150917 20:50:26.705" level="INFO">[log] App.focus Escenic Content Studio (0) #0
[log] CLICK on (13,57)
[log] CLICK on (141,54)</msg>
<msg timestamp="20150917 20:50:26.707" level="TRACE">Return: None</msg>
<status status="PASS" endtime="20150917 20:50:26.706" starttime="20150917 20:50:06.442"></status>
</kw>
<kw type="kw" name="SearchContent.Search">
<doc></doc>
<arguments>
<arg>Advanced</arg>
</arguments>
<msg timestamp="20150917 20:50:26.708" level="TRACE">Arguments: [ u'Advanced' ]</msg>
<msg timestamp="20150917 20:50:49.945" level="INFO">[log] App.focus Escenic Content Studio (0) #0
[log] CLICK on (780,112)
[log] CLICK on (76,211)
[log] CLICK on (141,54)
[log] CLICK on (76,212)
[log] CLICK on (780,112)</msg>
<msg timestamp="20150917 20:50:49.946" level="TRACE">Return: None</msg>
<status status="PASS" endtime="20150917 20:50:49.946" starttime="20150917 20:50:26.707"></status>
</kw>
<doc></doc>
<tags>
</tags>
<status status="PASS" critical="yes" endtime="20150917 20:50:49.947" starttime="20150917 20:48:42.982"></status>
</test>
<doc>Search for all content</doc>
<metadata>
</metadata>
<status status="PASS" endtime="20150917 20:50:49.949" starttime="20150917 20:48:42.948"></status>
</suite>
<suite source="C:\Jenkins\workspace\release-phase-4-3-ContentStudio-test\TestAutomation\ContentStudio\Tests\ContentEngine\1.6.UpdateContent.txt" id="s1-s10" name="1.6.UpdateContent">
<test id="s1-s10-t1" name="Update Article Content">
<kw type="kw" name="ContentStudio.Create Content In Section">
<doc></doc>
<arguments>
<arg>NewArticles</arg>
</arguments>
<msg timestamp="20150917 20:50:49.979" level="TRACE">Arguments: [ u'NewArticles' ]</msg>
<msg timestamp="20150917 20:51:58.485" level="INFO">Do nothing
Found
Found
Content was successfully created</msg>
<msg timestamp="20150917 20:51:58.486" level="TRACE">Return: None</msg>
<status status="PASS" endtime="20150917 20:51:58.486" starttime="20150917 20:50:49.978"></status>
</kw>
<kw type="kw" name="ContentStudio.Update Content">
<doc></doc>
<arguments>
<arg>article</arg>
</arguments>
<msg timestamp="20150917 20:51:58.488" level="TRACE">Arguments: [ u'article' ]</msg>
<msg timestamp="20150917 20:52:17.895" level="INFO">[log] App.focus Escenic Content Studio (0) #0
[log] CLICK on (151,227)
[info] Text Recognizer inited.
[log] CLICK on (976,181)
[log] Ctrl+TYPE "a"
[log] TYPE "Updated Content Title"
[log] CLICK on (1514,950)
[log] CLICK on (1409,652)</msg>
<msg timestamp="20150917 20:52:17.897" level="TRACE">Return: None</msg>
<status status="PASS" endtime="20150917 20:52:17.896" starttime="20150917 20:51:58.487"></status>
</kw>
<kw type="kw" name="ContentStudio.Preview Content">
<doc></doc>
<arguments>
<arg>Simple</arg>
</arguments>
<msg timestamp="20150917 20:52:17.898" level="TRACE">Arguments: [ u'Simple' ]</msg>
<msg timestamp="20150917 20:52:48.831" level="INFO">Found
Found
Found</msg>
<msg timestamp="20150917 20:52:48.833" level="TRACE">Return: None</msg>
<status status="PASS" endtime="20150917 20:52:48.832" starttime="20150917 20:52:17.898"></status>
</kw>
<doc></doc>
<tags>
</tags>
<status status="PASS" critical="yes" endtime="20150917 20:52:48.834" starttime="20150917 20:50:49.976"></status>
</test>
<test id="s1-s10-t2" name="Update Image Content">
<kw type="kw" name="ContentStudio.Create Image In Section">
<doc></doc>
<arguments>
<arg>Home</arg>
</arguments>
<msg timestamp="20150917 20:52:48.838" level="TRACE">Arguments: [ u'Home' ]</msg>
<msg timestamp="20150917 20:53:44.764" level="INFO">Do nothing
Content was successfully created</msg>
<msg timestamp="20150917 20:53:44.765" level="TRACE">Return: None</msg>
<status status="PASS" endtime="20150917 20:53:44.765" starttime="20150917 20:52:48.838"></status>
</kw>
<kw type="kw" name="ContentStudio.Update Content">
<doc></doc>
<arguments>
<arg>image</arg>
</arguments>
<msg timestamp="20150917 20:53:44.767" level="TRACE">Arguments: [ u'image' ]</msg>
<msg timestamp="20150917 20:53:59.406" level="INFO">[log] App.focus Escenic Content Studio (0) #0
[log] Ctrl+TYPE "a"
[log] TYPE "Updated Content Title"
[log] CLICK on (1514,950)
[log] CLICK on (1409,679)</msg>
<msg timestamp="20150917 20:53:59.408" level="TRACE">Return: None</msg>
<status status="PASS" endtime="20150917 20:53:59.407" starttime="20150917 20:53:44.766"></status>
</kw>
<kw type="kw" name="ContentStudio.Preview Content">
<doc></doc>
<arguments>
<arg>All</arg>
</arguments>
<msg timestamp="20150917 20:53:59.411" level="TRACE">Arguments: [ u'All' ]</msg>
<msg timestamp="20150917 20:54:31.035" level="INFO">Found
Found
Found</msg>
<msg timestamp="20150917 20:54:31.037" level="TRACE">Return: None</msg>
<status status="PASS" endtime="20150917 20:54:31.036" starttime="20150917 20:53:59.410"></status>
</kw>
<kw type="kw" name="ContentStudio.Close Browser">
<doc></doc>
<arguments>
</arguments>
<msg timestamp="20150917 20:54:31.038" level="TRACE">Arguments: [  ]</msg>
<msg timestamp="20150917 20:54:46.099" level="INFO">[log] App.focus Mozilla Firefox(0) #0
[log] Alt+TYPE ""
[log] App.focus Firefox(0) #0
[log] CLICK on (795,547)</msg>
<msg timestamp="20150917 20:54:46.100" level="TRACE">Return: None</msg>
<status status="PASS" endtime="20150917 20:54:46.099" starttime="20150917 20:54:31.038"></status>
</kw>
<doc></doc>
<tags>
</tags>
<status status="PASS" critical="yes" endtime="20150917 20:54:46.101" starttime="20150917 20:52:48.836"></status>
</test>
<doc>Update all types of contents</doc>
<metadata>
</metadata>
<status status="PASS" endtime="20150917 20:54:46.104" starttime="20150917 20:50:49.953"></status>
</suite>
<suite source="C:\Jenkins\workspace\release-phase-4-3-ContentStudio-test\TestAutomation\ContentStudio\Tests\ContentEngine\1.7.DeleteContent.txt" id="s1-s11" name="1.7.DeleteContent">
<test id="s1-s11-t1" name="Delete Article Contents">
<kw type="kw" name="ContentStudio.Create Content In Section">
<doc></doc>
<arguments>
<arg>NewArticles</arg>
</arguments>
<msg timestamp="20150917 20:54:46.141" level="TRACE">Arguments: [ u'NewArticles' ]</msg>
<msg timestamp="20150917 20:55:49.626" level="INFO">Do nothing
Found
Found
Content was successfully created</msg>
<msg timestamp="20150917 20:55:49.628" level="TRACE">Return: None</msg>
<status status="PASS" endtime="20150917 20:55:49.627" starttime="20150917 20:54:46.138"></status>
</kw>
<kw type="kw" name="ContentStudio.Delete Content">
<doc></doc>
<arguments>
</arguments>
<msg timestamp="20150917 20:55:49.630" level="TRACE">Arguments: [  ]</msg>
<msg timestamp="20150917 20:56:00.520" level="INFO">[log] App.focus Escenic Content Studio (0) #0
[log] CLICK on (1655,955)
[log] CLICK on (1611,1033)
[log] TYPE "
"</msg>
<msg timestamp="20150917 20:56:00.522" level="TRACE">Return: None</msg>
<status status="PASS" endtime="20150917 20:56:00.521" starttime="20150917 20:55:49.629"></status>
</kw>
<kw type="kw" name="ContentStudioClipboard.Check If Exists">
<doc></doc>
<arguments>
<arg>DeletedButton</arg>
</arguments>
<msg timestamp="20150917 20:56:00.525" level="TRACE">Arguments: [ u'DeletedButton' ]</msg>
<msg timestamp="20150917 20:56:09.791" level="INFO">Exists</msg>
<msg timestamp="20150917 20:56:09.792" level="TRACE">Return: None</msg>
<status status="PASS" endtime="20150917 20:56:09.792" starttime="20150917 20:56:00.523"></status>
</kw>
<kw type="kw" name="ContentStudioClipboard.Check If Not Exists">
<doc></doc>
<arguments>
<arg>PublishButton</arg>
</arguments>
<msg timestamp="20150917 20:56:09.794" level="TRACE">Arguments: [ u'PublishButton' ]</msg>
<msg timestamp="20150917 20:56:20.925" level="INFO">Exists</msg>
<msg timestamp="20150917 20:56:20.926" level="TRACE">Return: None</msg>
<status status="PASS" endtime="20150917 20:56:20.926" starttime="20150917 20:56:09.793"></status>
</kw>
<doc></doc>
<tags>
</tags>
<status status="PASS" critical="yes" endtime="20150917 20:56:20.927" starttime="20150917 20:54:46.136"></status>
</test>
<test id="s1-s11-t2" name="Delete Image Content">
<kw type="kw" name="ContentStudio.Create Image In Section">
<doc></doc>
<arguments>
<arg>NewArticles</arg>
</arguments>
<msg timestamp="20150917 20:56:20.930" level="TRACE">Arguments: [ u'NewArticles' ]</msg>
<msg timestamp="20150917 20:57:16.766" level="INFO">Do nothing
Content was successfully created</msg>
<msg timestamp="20150917 20:57:16.768" level="TRACE">Return: None</msg>
<status status="PASS" endtime="20150917 20:57:16.768" starttime="20150917 20:56:20.930"></status>
</kw>
<kw type="kw" name="ContentStudio.Delete Content">
<doc></doc>
<arguments>
</arguments>
<msg timestamp="20150917 20:57:16.771" level="TRACE">Arguments: [  ]</msg>
<msg timestamp="20150917 20:57:27.651" level="INFO">[log] App.focus Escenic Content Studio (0) #0
[log] CLICK on (1655,955)
[log] CLICK on (1611,1033)
[log] TYPE "
"</msg>
<msg timestamp="20150917 20:57:27.653" level="TRACE">Return: None</msg>
<status status="PASS" endtime="20150917 20:57:27.652" starttime="20150917 20:57:16.770"></status>
</kw>
<kw type="kw" name="ContentStudioClipboard.Check If Exists">
<doc></doc>
<arguments>
<arg>DeletedButton</arg>
</arguments>
<msg timestamp="20150917 20:57:27.655" level="TRACE">Arguments: [ u'DeletedButton' ]</msg>
<msg timestamp="20150917 20:57:36.907" level="INFO">Exists</msg>
<msg timestamp="20150917 20:57:36.909" level="TRACE">Return: None</msg>
<status status="PASS" endtime="20150917 20:57:36.908" starttime="20150917 20:57:27.655"></status>
</kw>
<kw type="kw" name="ContentStudioClipboard.Check If Not Exists">
<doc></doc>
<arguments>
<arg>PublishButton</arg>
</arguments>
<msg timestamp="20150917 20:57:36.911" level="TRACE">Arguments: [ u'PublishButton' ]</msg>
<msg timestamp="20150917 20:57:48.111" level="INFO">Exists</msg>
<msg timestamp="20150917 20:57:48.112" level="TRACE">Return: None</msg>
<status status="PASS" endtime="20150917 20:57:48.112" starttime="20150917 20:57:36.910"></status>
</kw>
<doc></doc>
<tags>
</tags>
<status status="PASS" critical="yes" endtime="20150917 20:57:48.113" starttime="20150917 20:56:20.928"></status>
</test>
<doc>Delete all types of contents</doc>
<metadata>
</metadata>
<status status="PASS" endtime="20150917 20:57:48.116" starttime="20150917 20:54:46.110"></status>
</suite>
<suite source="C:\Jenkins\workspace\release-phase-4-3-ContentStudio-test\TestAutomation\ContentStudio\Tests\ContentEngine\1.8.MoreClipboard.txt" id="s1-s12" name="1.8.MoreClipboard">
<test id="s1-s12-t1" name="Drag article into clipboard">
<kw type="kw" name="ContentStudio.Close Allopen Tabs">
<doc></doc>
<arguments>
</arguments>
<msg timestamp="20150917 20:57:48.145" level="TRACE">Arguments: [  ]</msg>
<msg timestamp="20150917 20:58:10.679" level="INFO">[log] App.focus Escenic Content Studio (0) #0
[log] Alt+TYPE " "
[log] TYPE "x"
[log] CLICK on (702,55)
[log] CLICK on (539,55)
[log] CLICK on (376,55)
[log] CLICK on (213,55)</msg>
<msg timestamp="20150917 20:58:10.681" level="TRACE">Return: None</msg>
<status status="PASS" endtime="20150917 20:58:10.680" starttime="20150917 20:57:48.145"></status>
</kw>
<kw type="kw" name="ContentStudio.Create Content In Section">
<doc></doc>
<arguments>
<arg>NewArticles</arg>
</arguments>
<msg timestamp="20150917 20:58:10.683" level="TRACE">Arguments: [ u'NewArticles' ]</msg>
<msg timestamp="20150917 20:59:13.200" level="INFO">Do nothing
Found
Found
Content was successfully created</msg>
<msg timestamp="20150917 20:59:13.201" level="TRACE">Return: None</msg>
<status status="PASS" endtime="20150917 20:59:13.201" starttime="20150917 20:58:10.682"></status>
</kw>
<kw type="kw" name="ContentStudioClipboard.Clean Up Clipboard">
<doc></doc>
<arguments>
</arguments>
<msg timestamp="20150917 20:59:13.203" level="TRACE">Arguments: [  ]</msg>
<msg timestamp="20150917 20:59:41.105" level="INFO">[log] App.focus Escenic Content Studio (0) #0
[log] App.focus Escenic Content Studio (0) #0
[log] CLICK on (14,122)
[log] CLICK on (41,97)
[log] TYPE ""
[log] CLICK on (41,97)
[log] TYPE ""
[log] CLICK on (41,97)
[log] TYPE ""
[log] CLICK on (41,97)
[log] TYPE ""
[log] CLICK on (41,97)
[log] TYPE ""
[log] CLICK on (41,97)
[log] TYPE ""
[log] CLICK on (41,97)</msg>
<msg timestamp="20150917 20:59:41.108" level="TRACE">Return: None</msg>
<status status="PASS" endtime="20150917 20:59:41.108" starttime="20150917 20:59:13.202"></status>
</kw>
<kw type="kw" name="ContentStudioClipboard.Drag">
<doc></doc>
<arguments>
<arg>CurrentTab</arg>
<arg>EmptyClipboard</arg>
</arguments>
<msg timestamp="20150917 20:59:41.111" level="TRACE">Arguments: [ u'CurrentTab' | u'EmptyClipboard' ]</msg>
<msg timestamp="20150917 20:59:47.641" level="INFO">[log] DRAG (883,57) to (43,101)
[log] CLICK on (41,97)</msg>
<msg timestamp="20150917 20:59:47.643" level="TRACE">Return: None</msg>
<status status="PASS" endtime="20150917 20:59:47.642" starttime="20150917 20:59:41.110"></status>
</kw>
<kw type="kw" name="ContentStudioClipboard.Check If Exists">
<doc></doc>
<arguments>
<arg>InboxItemSelected</arg>
</arguments>
<msg timestamp="20150917 20:59:47.646" level="TRACE">Arguments: [ u'InboxItemSelected' ]</msg>
<msg timestamp="20150917 20:59:57.122" level="INFO">Exists</msg>
<msg timestamp="20150917 20:59:57.123" level="TRACE">Return: None</msg>
<status status="PASS" endtime="20150917 20:59:57.123" starttime="20150917 20:59:47.644"></status>
</kw>
<kw type="kw" name="ContentStudio.Close Browser">
<doc></doc>
<arguments>
</arguments>
<msg timestamp="20150917 20:59:57.124" level="TRACE">Arguments: [  ]</msg>
<msg timestamp="20150917 21:00:12.147" level="INFO">[log] App.focus Mozilla Firefox(0) #0
[log] Alt+TYPE ""
[log] App.focus Firefox(0) #0
[log] CLICK on (795,547)</msg>
<msg timestamp="20150917 21:00:12.148" level="TRACE">Return: None</msg>
<status status="PASS" endtime="20150917 21:00:12.147" starttime="20150917 20:59:57.124"></status>
</kw>
<doc></doc>
<tags>
</tags>
<status status="PASS" critical="yes" endtime="20150917 21:00:12.149" starttime="20150917 20:57:48.143"></status>
</test>
<test id="s1-s12-t2" name="Use Open Selected">
<kw type="kw" name="ContentStudioClipboard.Clean Up Clipboard">
<doc></doc>
<arguments>
</arguments>
<msg timestamp="20150917 21:00:12.152" level="TRACE">Arguments: [  ]</msg>
<msg timestamp="20150917 21:00:37.651" level="INFO">[log] App.focus Escenic Content Studio (0) #0
[log] App.focus Escenic Content Studio (0) #0
[log] CLICK on (16,90)
[log] CLICK on (14,122)
[log] CLICK on (41,97)
[log] TYPE ""
[log] CLICK on (41,97)</msg>
<msg timestamp="20150917 21:00:37.652" level="TRACE">Return: None</msg>
<status status="PASS" endtime="20150917 21:00:37.652" starttime="20150917 21:00:12.152"></status>
</kw>
<kw type="kw" name="ContentStudio.Create Content In Section">
<doc></doc>
<arguments>
<arg>NewArticles</arg>
</arguments>
<msg timestamp="20150917 21:00:37.654" level="TRACE">Arguments: [ u'NewArticles' ]</msg>
<msg timestamp="20150917 21:01:40.335" level="INFO">Do nothing
Found
Found
Content was successfully created</msg>
<msg timestamp="20150917 21:01:40.336" level="TRACE">Return: None</msg>
<status status="PASS" endtime="20150917 21:01:40.336" starttime="20150917 21:00:37.653"></status>
</kw>
<kw type="kw" name="ContentStudioClipboard.Go To Clipboard">
<doc></doc>
<arguments>
</arguments>
<msg timestamp="20150917 21:01:40.337" level="TRACE">Arguments: [  ]</msg>
<msg timestamp="20150917 21:01:45.842" level="INFO">[log] App.focus Escenic Content Studio (0) #0
[log] CLICK on (14,122)</msg>
<msg timestamp="20150917 21:01:45.843" level="TRACE">Return: None</msg>
<status status="PASS" endtime="20150917 21:01:45.842" starttime="20150917 21:01:40.337"></status>
</kw>
<kw type="kw" name="ContentStudio.Close Allopen Tabs">
<doc></doc>
<arguments>
</arguments>
<msg timestamp="20150917 21:01:45.844" level="TRACE">Arguments: [  ]</msg>
<msg timestamp="20150917 21:02:00.672" level="INFO">[log] App.focus Escenic Content Studio (0) #0
[log] Alt+TYPE " "
[log] TYPE "x"
[log] CLICK on (1182,55)
[log] CLICK on (1019,55)</msg>
<msg timestamp="20150917 21:02:00.673" level="TRACE">Return: None</msg>
<status status="PASS" endtime="20150917 21:02:00.673" starttime="20150917 21:01:45.843"></status>
</kw>
<kw type="kw" name="ContentStudioClipboard.Select Item From Clipboard">
<doc></doc>
<arguments>
</arguments>
<msg timestamp="20150917 21:02:00.675" level="TRACE">Arguments: [  ]</msg>
<msg timestamp="20150917 21:02:05.178" level="INFO">[log] CLICK on (41,97)</msg>
<msg timestamp="20150917 21:02:05.180" level="TRACE">Return: None</msg>
<status status="PASS" endtime="20150917 21:02:05.179" starttime="20150917 21:02:00.674"></status>
</kw>
<kw type="kw" name="ContentStudioClipboard.Open Selected">
<doc></doc>
<arguments>
</arguments>
<msg timestamp="20150917 21:02:05.182" level="TRACE">Arguments: [  ]</msg>
<msg timestamp="20150917 21:02:06.359" level="INFO">[log] RIGHT CLICK on (40,105)
[log] TYPE ""
[log] TYPE "
"</msg>
<msg timestamp="20150917 21:02:06.360" level="TRACE">Return: None</msg>
<status status="PASS" endtime="20150917 21:02:06.360" starttime="20150917 21:02:05.181"></status>
</kw>
<kw type="kw" name="ContentStudioClipboard.Check If Exists">
<doc></doc>
<arguments>
<arg>PublishedContent</arg>
</arguments>
<msg timestamp="20150917 21:02:06.362" level="TRACE">Arguments: [ u'PublishedContent' ]</msg>
<msg timestamp="20150917 21:02:15.693" level="INFO">Exists</msg>
<msg timestamp="20150917 21:02:15.695" level="TRACE">Return: None</msg>
<status status="PASS" endtime="20150917 21:02:15.694" starttime="20150917 21:02:06.361"></status>
</kw>
<doc></doc>
<tags>
</tags>
<status status="PASS" critical="yes" endtime="20150917 21:02:15.696" starttime="20150917 21:00:12.150"></status>
</test>
<test id="s1-s12-t3" name="Undo and Redo">
<kw type="kw" name="ContentStudioClipboard.Clean Up Clipboard">
<doc></doc>
<arguments>
</arguments>
<msg timestamp="20150917 21:02:15.702" level="TRACE">Arguments: [  ]</msg>
<msg timestamp="20150917 21:02:41.041" level="INFO">[log] App.focus Escenic Content Studio (0) #0
[log] App.focus Escenic Content Studio (0) #0
[log] CLICK on (16,90)
[log] CLICK on (14,122)
[log] CLICK on (41,97)
[log] TYPE ""
[log] CLICK on (41,97)</msg>
<msg timestamp="20150917 21:02:41.042" level="TRACE">Return: None</msg>
<status status="PASS" endtime="20150917 21:02:41.042" starttime="20150917 21:02:15.701"></status>
</kw>
<kw type="kw" name="ContentStudio.Create Content In Section">
<doc></doc>
<arguments>
<arg>NewArticles</arg>
</arguments>
<msg timestamp="20150917 21:02:41.044" level="TRACE">Arguments: [ u'NewArticles' ]</msg>
<msg timestamp="20150917 21:03:44.400" level="INFO">Do nothing
Found
Found
Content was successfully created</msg>
<msg timestamp="20150917 21:03:44.402" level="TRACE">Return: None</msg>
<status status="PASS" endtime="20150917 21:03:44.401" starttime="20150917 21:02:41.043"></status>
</kw>
<kw type="kw" name="ContentStudioClipboard.Go To Clipboard">
<doc></doc>
<arguments>
</arguments>
<msg timestamp="20150917 21:03:44.404" level="TRACE">Arguments: [  ]</msg>
<msg timestamp="20150917 21:03:49.217" level="INFO">[log] App.focus Escenic Content Studio (0) #0
[log] CLICK on (14,122)</msg>
<msg timestamp="20150917 21:03:49.218" level="TRACE">Return: None</msg>
<status status="PASS" endtime="20150917 21:03:49.218" starttime="20150917 21:03:44.404"></status>
</kw>
<kw type="kw" name="ContentStudioClipboard.Select Item From Clipboard">
<doc></doc>
<arguments>
</arguments>
<msg timestamp="20150917 21:03:49.219" level="TRACE">Arguments: [  ]</msg>
<msg timestamp="20150917 21:03:53.911" level="INFO">[log] CLICK on (41,97)</msg>
<msg timestamp="20150917 21:03:53.913" level="TRACE">Return: None</msg>
<status status="PASS" endtime="20150917 21:03:53.912" starttime="20150917 21:03:49.219"></status>
</kw>
<kw type="kw" name="ContentStudioClipboard.Clean Up Clipboard">
<doc></doc>
<arguments>
</arguments>
<msg timestamp="20150917 21:03:53.914" level="TRACE">Arguments: [  ]</msg>
<msg timestamp="20150917 21:04:19.451" level="INFO">[log] App.focus Escenic Content Studio (0) #0
[log] App.focus Escenic Content Studio (0) #0
[log] CLICK on (16,90)
[log] CLICK on (14,122)
[log] CLICK on (41,97)
[log] TYPE ""
[log] CLICK on (41,97)</msg>
<msg timestamp="20150917 21:04:19.453" level="TRACE">Return: None</msg>
<status status="PASS" endtime="20150917 21:04:19.452" starttime="20150917 21:03:53.914"></status>
</kw>
<kw type="kw" name="ContentStudio.Undo From Menu">
<doc></doc>
<arguments>
</arguments>
<msg timestamp="20150917 21:04:19.454" level="TRACE">Arguments: [  ]</msg>
<msg timestamp="20150917 21:04:19.617" level="INFO">[log] TYPE "
"</msg>
<msg timestamp="20150917 21:04:19.617" level="TRACE">Return: None</msg>
<status status="PASS" endtime="20150917 21:04:19.617" starttime="20150917 21:04:19.454"></status>
</kw>
<kw type="kw" name="ContentStudioClipboard.Select Item From Clipboard">
<doc></doc>
<arguments>
</arguments>
<msg timestamp="20150917 21:04:19.618" level="TRACE">Arguments: [  ]</msg>
<msg timestamp="20150917 21:04:24.195" level="INFO">[log] CLICK on (41,97)</msg>
<msg timestamp="20150917 21:04:24.196" level="TRACE">Return: None</msg>
<status status="PASS" endtime="20150917 21:04:24.196" starttime="20150917 21:04:19.618"></status>
</kw>
<kw type="kw" name="ContentStudioClipboard.Check If Exists">
<doc></doc>
<arguments>
<arg>InboxItemSelected</arg>
</arguments>
<msg timestamp="20150917 21:04:24.198" level="TRACE">Arguments: [ u'InboxItemSelected' ]</msg>
<msg timestamp="20150917 21:04:33.652" level="INFO">Exists</msg>
<msg timestamp="20150917 21:04:33.653" level="TRACE">Return: None</msg>
<status status="PASS" endtime="20150917 21:04:33.653" starttime="20150917 21:04:24.197"></status>
</kw>
<kw type="kw" name="ContentStudio.Redo From Menu">
<doc></doc>
<arguments>
</arguments>
<msg timestamp="20150917 21:04:33.654" level="TRACE">Arguments: [  ]</msg>
<msg timestamp="20150917 21:04:33.855" level="INFO">[log] TYPE "
"</msg>
<msg timestamp="20150917 21:04:33.856" level="TRACE">Return: None</msg>
<status status="PASS" endtime="20150917 21:04:33.856" starttime="20150917 21:04:33.654"></status>
</kw>
<kw type="kw" name="ContentStudioClipboard.Check If Exists">
<doc></doc>
<arguments>
<arg>EmptyClipboard</arg>
</arguments>
<msg timestamp="20150917 21:04:33.857" level="TRACE">Arguments: [ u'EmptyClipboard' ]</msg>
<msg timestamp="20150917 21:04:43.166" level="INFO">Exists</msg>
<msg timestamp="20150917 21:04:43.168" level="TRACE">Return: None</msg>
<status status="PASS" endtime="20150917 21:04:43.167" starttime="20150917 21:04:33.857"></status>
</kw>
<doc></doc>
<tags>
</tags>
<status status="PASS" critical="yes" endtime="20150917 21:04:43.169" starttime="20150917 21:02:15.698"></status>
</test>
<test id="s1-s12-t4" name="Copy, Paste, Cut">
<kw type="kw" name="ContentStudioClipboard.Clean Up Clipboard">
<doc></doc>
<arguments>
</arguments>
<msg timestamp="20150917 21:04:43.175" level="TRACE">Arguments: [  ]</msg>
<msg timestamp="20150917 21:05:07.344" level="INFO">[log] App.focus Escenic Content Studio (0) #0
[log] App.focus Escenic Content Studio (0) #0
[log] CLICK on (16,90)
[log] CLICK on (14,122)
[log] CLICK on (41,97)</msg>
<msg timestamp="20150917 21:05:07.345" level="TRACE">Return: None</msg>
<status status="PASS" endtime="20150917 21:05:07.345" starttime="20150917 21:04:43.174"></status>
</kw>
<kw type="kw" name="ContentStudio.Create Content In Section">
<doc></doc>
<arguments>
<arg>NewArticles</arg>
</arguments>
<msg timestamp="20150917 21:05:07.347" level="TRACE">Arguments: [ u'NewArticles' ]</msg>
<msg timestamp="20150917 21:06:10.096" level="INFO">Do nothing
Found
Found
Content was successfully created</msg>
<msg timestamp="20150917 21:06:10.097" level="TRACE">Return: None</msg>
<status status="PASS" endtime="20150917 21:06:10.097" starttime="20150917 21:05:07.346"></status>
</kw>
<kw type="kw" name="ContentStudioClipboard.Go To Clipboard">
<doc></doc>
<arguments>
</arguments>
<msg timestamp="20150917 21:06:10.098" level="TRACE">Arguments: [  ]</msg>
<msg timestamp="20150917 21:06:15.600" level="INFO">[log] App.focus Escenic Content Studio (0) #0
[log] CLICK on (14,122)</msg>
<msg timestamp="20150917 21:06:15.602" level="TRACE">Return: None</msg>
<status status="PASS" endtime="20150917 21:06:15.602" starttime="20150917 21:06:10.098"></status>
</kw>
<kw type="kw" name="ContentStudioClipboard.Select Item From Clipboard">
<doc></doc>
<arguments>
</arguments>
<msg timestamp="20150917 21:06:15.605" level="TRACE">Arguments: [  ]</msg>
<msg timestamp="20150917 21:06:20.229" level="INFO">[log] CLICK on (41,97)</msg>
<msg timestamp="20150917 21:06:20.230" level="TRACE">Return: None</msg>
<status status="PASS" endtime="20150917 21:06:20.229" starttime="20150917 21:06:15.604"></status>
</kw>
<kw type="kw" name="ContentStudio.Copy From Menu">
<doc></doc>
<arguments>
</arguments>
<msg timestamp="20150917 21:06:20.231" level="TRACE">Arguments: [  ]</msg>
<msg timestamp="20150917 21:06:20.511" level="INFO">[log] TYPE "
"</msg>
<msg timestamp="20150917 21:06:20.512" level="TRACE">Return: None</msg>
<status status="PASS" endtime="20150917 21:06:20.512" starttime="20150917 21:06:20.230"></status>
</kw>
<kw type="kw" name="ContentStudioClipboard.Clean Up Clipboard">
<doc></doc>
<arguments>
</arguments>
<msg timestamp="20150917 21:06:20.515" level="TRACE">Arguments: [  ]</msg>
<msg timestamp="20150917 21:06:45.877" level="INFO">[log] App.focus Escenic Content Studio (0) #0
[log] App.focus Escenic Content Studio (0) #0
[log] CLICK on (16,90)
[log] CLICK on (14,122)
[log] CLICK on (41,97)
[log] TYPE ""
[log] CLICK on (41,97)</msg>
<msg timestamp="20150917 21:06:45.879" level="TRACE">Return: None</msg>
<status status="PASS" endtime="20150917 21:06:45.879" starttime="20150917 21:06:20.514"></status>
</kw>
<kw type="kw" name="ContentStudio.Paste From Menu">
<doc></doc>
<arguments>
</arguments>
<msg timestamp="20150917 21:06:45.881" level="TRACE">Arguments: [  ]</msg>
<msg timestamp="20150917 21:06:46.203" level="INFO">[log] TYPE "
"</msg>
<msg timestamp="20150917 21:06:46.205" level="TRACE">Return: None</msg>
<status status="PASS" endtime="20150917 21:06:46.204" starttime="20150917 21:06:45.880"></status>
</kw>
<kw type="kw" name="ContentStudioClipboard.Check If Exists">
<doc></doc>
<arguments>
<arg>InboxItemSelected</arg>
</arguments>
<msg timestamp="20150917 21:06:46.207" level="TRACE">Arguments: [ u'InboxItemSelected' ]</msg>
<msg timestamp="20150917 21:06:55.643" level="INFO">Exists</msg>
<msg timestamp="20150917 21:06:55.645" level="TRACE">Return: None</msg>
<status status="PASS" endtime="20150917 21:06:55.644" starttime="20150917 21:06:46.206"></status>
</kw>
<kw type="kw" name="ContentStudio.Cut From Menu">
<doc></doc>
<arguments>
</arguments>
<msg timestamp="20150917 21:06:55.647" level="TRACE">Arguments: [  ]</msg>
<msg timestamp="20150917 21:06:55.889" level="INFO">[log] TYPE "
"</msg>
<msg timestamp="20150917 21:06:55.889" level="TRACE">Return: None</msg>
<status status="PASS" endtime="20150917 21:06:55.889" starttime="20150917 21:06:55.646"></status>
</kw>
<kw type="kw" name="ContentStudio.Paste From Menu">
<doc></doc>
<arguments>
</arguments>
<msg timestamp="20150917 21:06:55.890" level="TRACE">Arguments: [  ]</msg>
<msg timestamp="20150917 21:06:56.211" level="INFO">[log] TYPE "
"</msg>
<msg timestamp="20150917 21:06:56.213" level="TRACE">Return: None</msg>
<status status="PASS" endtime="20150917 21:06:56.212" starttime="20150917 21:06:55.890"></status>
</kw>
<doc></doc>
<tags>
</tags>
<status status="PASS" critical="yes" endtime="20150917 21:06:56.214" starttime="20150917 21:04:43.170"></status>
</test>
<doc>More Clipboard TC from ET</doc>
<metadata>
</metadata>
<status status="PASS" endtime="20150917 21:06:56.225" starttime="20150917 20:57:48.123"></status>
</suite>
<suite source="C:\Jenkins\workspace\release-phase-4-3-ContentStudio-test\TestAutomation\ContentStudio\Tests\ContentEngine\1.9.1.0.VF-5864-OpenSearch.txt" id="s1-s13" name="1.9.1.0.VF-5864-OpenSearch">
<test id="s1-s13-t1" name="Testcase for custom search link provided by opensearch">
<kw type="kw" name="ContentStudio.Switch To Content Studio">
<doc></doc>
<arguments>
</arguments>
<msg timestamp="20150917 21:06:56.379" level="TRACE">Arguments: [  ]</msg>
<msg timestamp="20150917 21:06:59.923" level="INFO">[log] App.focus Escenic Content Studio (0) #0</msg>
<msg timestamp="20150917 21:06:59.924" level="TRACE">Return: None</msg>
<status status="PASS" endtime="20150917 21:06:59.924" starttime="20150917 21:06:56.379"></status>
</kw>
<kw type="kw" name="ContentStudio.Close Allopen Tabs">
<doc></doc>
<arguments>
</arguments>
<msg timestamp="20150917 21:06:59.927" level="TRACE">Arguments: [  ]</msg>
<msg timestamp="20150917 21:07:18.557" level="INFO">[log] App.focus Escenic Content Studio (0) #0
[log] Alt+TYPE " "
[log] TYPE "x"
[log] CLICK on (1345,55)
[log] CLICK on (1182,55)
[log] CLICK on (1019,55)</msg>
<msg timestamp="20150917 21:07:18.559" level="TRACE">Return: None</msg>
<status status="PASS" endtime="20150917 21:07:18.558" starttime="20150917 21:06:59.926"></status>
</kw>
<kw type="kw" name="ContentStudioClipboard.Check If Not Exists">
<doc></doc>
<arguments>
<arg>ContentUrl</arg>
</arguments>
<msg timestamp="20150917 21:07:18.561" level="TRACE">Arguments: [ u'ContentUrl' ]</msg>
<msg timestamp="20150917 21:07:29.705" level="INFO">Exists</msg>
<msg timestamp="20150917 21:07:29.707" level="TRACE">Return: None</msg>
<status status="PASS" endtime="20150917 21:07:29.707" starttime="20150917 21:07:18.560"></status>
</kw>
<kw type="kw" name="eceSikuli.Click Element If Exists">
<doc></doc>
<arguments>
<arg>SearchTab</arg>
<arg>SearchTab</arg>
</arguments>
<msg timestamp="20150917 21:07:29.711" level="TRACE">Arguments: [ u'SearchTab' | u'SearchTab' ]</msg>
<msg timestamp="20150917 21:07:40.256" level="INFO">[log] CLICK on (13,57)</msg>
<msg timestamp="20150917 21:07:40.257" level="TRACE">Return: None</msg>
<status status="PASS" endtime="20150917 21:07:40.257" starttime="20150917 21:07:29.709"></status>
</kw>
<kw type="kw" name="SikuliCS.Wait For">
<doc></doc>
<arguments>
<arg>1</arg>
</arguments>
<msg timestamp="20150917 21:07:40.260" level="TRACE">Arguments: [ u'1' ]</msg>
<msg timestamp="20150917 21:07:41.262" level="TRACE">Return: None</msg>
<status status="PASS" endtime="20150917 21:07:41.261" starttime="20150917 21:07:40.259"></status>
</kw>
<kw type="kw" name="eceSikuli.Click Element">
<doc></doc>
<arguments>
<arg>FindTextBox</arg>
<arg>20</arg>
<arg>0</arg>
</arguments>
<msg timestamp="20150917 21:07:41.265" level="TRACE">Arguments: [ u'FindTextBox' | u'20' | u'0' ]</msg>
<msg timestamp="20150917 21:07:50.169" level="INFO">[log] CLICK on (67,86)</msg>
<msg timestamp="20150917 21:07:50.171" level="TRACE">Return: None</msg>
<status status="PASS" endtime="20150917 21:07:50.170" starttime="20150917 21:07:41.264"></status>
</kw>
<kw type="kw" name="SearchContent.Clear Search">
<doc></doc>
<arguments>
</arguments>
<msg timestamp="20150917 21:07:50.173" level="TRACE">Arguments: [  ]</msg>
<msg timestamp="20150917 21:07:52.235" level="INFO">[log] TYPE ""</msg>
<msg timestamp="20150917 21:07:52.236" level="TRACE">Return: None</msg>
<status status="PASS" endtime="20150917 21:07:52.236" starttime="20150917 21:07:50.172"></status>
</kw>
<kw type="kw" name="eceSikuli.Click Element">
<doc></doc>
<arguments>
<arg>ExternalECEContent</arg>
</arguments>
<msg timestamp="20150917 21:07:52.238" level="TRACE">Arguments: [ u'ExternalECEContent' ]</msg>
<msg timestamp="20150917 21:08:00.475" level="INFO">[log] CLICK on (166,149)</msg>
<msg timestamp="20150917 21:08:00.477" level="TRACE">Return: None</msg>
<status status="PASS" endtime="20150917 21:08:00.476" starttime="20150917 21:07:52.237"></status>
</kw>
<kw type="kw" name="SikuliCS.Wait For">
<doc></doc>
<arguments>
<arg>Hit</arg>
<arg>100</arg>
</arguments>
<msg timestamp="20150917 21:08:00.480" level="TRACE">Arguments: [ u'Hit' | u'100' ]</msg>
<msg timestamp="20150917 21:08:01.313" level="INFO">Found</msg>
<msg timestamp="20150917 21:08:01.314" level="TRACE">Return: None</msg>
<status status="PASS" endtime="20150917 21:08:01.314" starttime="20150917 21:08:00.478"></status>
</kw>
<kw type="kw" name="eceSikuli.Click Element">
<doc></doc>
<arguments>
<arg>Hit</arg>
<arg>-15</arg>
<arg>30</arg>
</arguments>
<msg timestamp="20150917 21:08:01.316" level="TRACE">Arguments: [ u'Hit' | u'-15' | u'30' ]</msg>
<msg timestamp="20150917 21:08:09.758" level="INFO">[log] CLICK on (75,243)</msg>
<msg timestamp="20150917 21:08:09.759" level="TRACE">Return: None</msg>
<status status="PASS" endtime="20150917 21:08:09.759" starttime="20150917 21:08:01.315"></status>
</kw>
<kw type="kw" name="eceSikuli.Type Key">
<doc></doc>
<arguments>
<arg>ENTER</arg>
</arguments>
<msg timestamp="20150917 21:08:09.762" level="TRACE">Arguments: [ u'ENTER' ]</msg>
<msg timestamp="20150917 21:08:09.805" level="INFO">[log] TYPE "
"</msg>
<msg timestamp="20150917 21:08:09.805" level="TRACE">Return: None</msg>
<status status="PASS" endtime="20150917 21:08:09.805" starttime="20150917 21:08:09.761"></status>
</kw>
<kw type="kw" name="SikuliCS.Wait For">
<doc></doc>
<arguments>
<arg>ContentUrl</arg>
<arg>100</arg>
</arguments>
<msg timestamp="20150917 21:08:09.806" level="TRACE">Arguments: [ u'ContentUrl' | u'100' ]</msg>
<msg timestamp="20150917 21:08:11.262" level="INFO">Found</msg>
<msg timestamp="20150917 21:08:11.263" level="TRACE">Return: None</msg>
<status status="PASS" endtime="20150917 21:08:11.263" starttime="20150917 21:08:09.806"></status>
</kw>
<kw type="kw" name="ContentStudioClipboard.Check If Exists">
<doc></doc>
<arguments>
<arg>ContentUrl</arg>
</arguments>
<msg timestamp="20150917 21:08:11.265" level="TRACE">Arguments: [ u'ContentUrl' ]</msg>
<msg timestamp="20150917 21:08:20.463" level="INFO">Exists</msg>
<msg timestamp="20150917 21:08:20.464" level="TRACE">Return: None</msg>
<status status="PASS" endtime="20150917 21:08:20.464" starttime="20150917 21:08:11.264"></status>
</kw>
<doc></doc>
<tags>
</tags>
<status status="PASS" critical="yes" endtime="20150917 21:08:20.465" starttime="20150917 21:06:56.377"></status>
</test>
<doc>Testcase for custom search link provided by opensearch</doc>
<metadata>
</metadata>
<status status="PASS" endtime="20150917 21:08:20.469" starttime="20150917 21:06:56.234"></status>
</suite>
<suite source="C:\Jenkins\workspace\release-phase-4-3-ContentStudio-test\TestAutomation\ContentStudio\Tests\ContentEngine\1.9.1.1.Locking.txt" id="s1-s14" name="1.9.1.1.Locking">
<test id="s1-s14-t1" name="Locking">
<kw type="kw" name="ContentStudio.Close Allopen Tabs">
<doc></doc>
<arguments>
</arguments>
<msg timestamp="20150917 21:08:20.502" level="TRACE">Arguments: [  ]</msg>
<msg timestamp="20150917 21:08:33.803" level="INFO">[log] App.focus Escenic Content Studio (0) #0
[log] Alt+TYPE " "
[log] TYPE "x"
[log] CLICK on (1019,55)
[log] CLICK on (1377,569)</msg>
<msg timestamp="20150917 21:08:33.805" level="TRACE">Return: None</msg>
[...]
</kw>
<kw type="kw" name="eceSikuli.Click Element">
<doc></doc>
<arguments>
<arg>SportsSection</arg>
</arguments>
<msg timestamp="20150917 21:44:56.241" level="TRACE">Arguments: [ u'SportsSection' ]</msg>
<msg timestamp="20150917 21:45:04.558" level="INFO">[log] CLICK on (112,178)</msg>
<msg timestamp="20150917 21:45:04.559" level="TRACE">Return: None</msg>
<status status="PASS" endtime="20150917 21:45:04.559" starttime="20150917 21:44:56.239"></status>
</kw>
<kw type="kw" name="eceSikuli.Click Element">
<doc></doc>
<arguments>
<arg>HomeSection</arg>
</arguments>
<msg timestamp="20150917 21:45:04.560" level="TRACE">Arguments: [ u'HomeSection' ]</msg>
<msg timestamp="20150917 21:45:13.020" level="INFO">[log] CLICK on (57,50)</msg>
<msg timestamp="20150917 21:45:13.021" level="TRACE">Return: None</msg>
<status status="PASS" endtime="20150917 21:45:13.021" starttime="20150917 21:45:04.560"></status>
</kw>
<kw type="kw" name="eceSikuli.Click Element If Exists">
<doc></doc>
<arguments>
<arg>ExpansionIcon</arg>
<arg>ExpansionIcon</arg>
</arguments>
<msg timestamp="20150917 21:45:13.024" level="TRACE">Arguments: [ u'ExpansionIcon' | u'ExpansionIcon' ]</msg>
<msg timestamp="20150917 21:45:18.258" level="TRACE">Return: None</msg>
<status status="PASS" endtime="20150917 21:45:18.257" starttime="20150917 21:45:13.023"></status>
</kw>
<kw type="kw" name="eceSikuli.Click Element If Exists">
<doc></doc>
<arguments>
<arg>ExpansionIcon</arg>
<arg>ExpansionIcon</arg>
</arguments>
<msg timestamp="20150917 21:45:18.261" level="TRACE">Arguments: [ u'ExpansionIcon' | u'ExpansionIcon' ]</msg>
<msg timestamp="20150917 21:45:23.588" level="TRACE">Return: None</msg>
<status status="PASS" endtime="20150917 21:45:23.588" starttime="20150917 21:45:18.260"></status>
</kw>
<kw type="kw" name="eceSikuli.Click Element If Exists">
<doc></doc>
<arguments>
<arg>ExpansionIcon</arg>
<arg>ExpansionIcon</arg>
</arguments>
<msg timestamp="20150917 21:45:23.590" level="TRACE">Arguments: [ u'ExpansionIcon' | u'ExpansionIcon' ]</msg>
<msg timestamp="20150917 21:45:28.933" level="TRACE">Return: None</msg>
<status status="PASS" endtime="20150917 21:45:28.932" starttime="20150917 21:45:23.590"></status>
</kw>
<kw type="kw" name="eceSikuli.Click Element If Exists">
<doc></doc>
<arguments>
<arg>ExpansionIcon</arg>
<arg>ExpansionIcon</arg>
</arguments>
<msg timestamp="20150917 21:45:28.937" level="TRACE">Arguments: [ u'ExpansionIcon' | u'ExpansionIcon' ]</msg>
<msg timestamp="20150917 21:45:34.169" level="TRACE">Return: None</msg>
<status status="PASS" endtime="20150917 21:45:34.169" starttime="20150917 21:45:28.935"></status>
</kw>
<kw type="kw" name="ContentStudio.Right Click Section">
<doc></doc>
<arguments>
<arg>${SectionName}</arg>
</arguments>
<msg timestamp="20150917 21:45:34.172" level="TRACE">Arguments: [ u'FrontPageTemplate' ]</msg>
<msg timestamp="20150917 21:45:50.508" level="INFO">Do nothing</msg>
<msg timestamp="20150917 21:45:50.509" level="TRACE">Return: None</msg>
<status status="PASS" endtime="20150917 21:45:50.509" starttime="20150917 21:45:34.170"></status>
</kw>
<kw type="kw" name="eceSikuli.Type Key">
<doc></doc>
<arguments>
<arg>ENTER</arg>
</arguments>
<msg timestamp="20150917 21:45:50.512" level="TRACE">Arguments: [ u'ENTER' ]</msg>
<msg timestamp="20150917 21:45:50.554" level="INFO">[log] TYPE "
"</msg>
<msg timestamp="20150917 21:45:50.554" level="TRACE">Return: None</msg>
<status status="PASS" endtime="20150917 21:45:50.554" starttime="20150917 21:45:50.511"></status>
</kw>
<kw type="kw" name="SikuliCS.Wait For">
<doc></doc>
<arguments>
<arg>5</arg>
</arguments>
<msg timestamp="20150917 21:45:50.557" level="TRACE">Arguments: [ u'5' ]</msg>
<msg timestamp="20150917 21:45:55.560" level="TRACE">Return: None</msg>
<status status="PASS" endtime="20150917 21:45:55.559" starttime="20150917 21:45:50.556"></status>
</kw>
<msg timestamp="20150917 21:45:55.562" level="TRACE">Return: None</msg>
<status status="PASS" endtime="20150917 21:45:55.561" starttime="20150917 21:44:51.070"></status>
</kw>
<kw type="kw" name="SikuliCS.Wait For">
<doc></doc>
<arguments>
<arg>5</arg>
</arguments>
<msg timestamp="20150917 21:45:55.564" level="TRACE">Arguments: [ u'5' ]</msg>
<msg timestamp="20150917 21:46:00.566" level="TRACE">Return: None</msg>
<status status="PASS" endtime="20150917 21:46:00.565" starttime="20150917 21:45:55.563"></status>
</kw>
<kw type="kw" name="eceSikuli.Click Element If Exists">
<doc></doc>
<arguments>
<arg>WidgetListView</arg>
<arg>WidgetListView</arg>
</arguments>
<msg timestamp="20150917 21:46:00.569" level="TRACE">Arguments: [ u'WidgetListView' | u'WidgetListView' ]</msg>
<msg timestamp="20150917 21:46:10.981" level="INFO">[log] CLICK on (934,408)</msg>
<msg timestamp="20150917 21:46:10.982" level="TRACE">Return: None</msg>
<status status="PASS" endtime="20150917 21:46:10.982" starttime="20150917 21:46:00.568"></status>
</kw>
<kw type="kw" name="eceSikuli.Type Key">
<doc></doc>
<arguments>
<arg>DELETE</arg>
</arguments>
<msg timestamp="20150917 21:46:10.985" level="TRACE">Arguments: [ u'DELETE' ]</msg>
<msg timestamp="20150917 21:46:11.027" level="INFO">[log] TYPE ""</msg>
<msg timestamp="20150917 21:46:11.028" level="TRACE">Return: None</msg>
<status status="PASS" endtime="20150917 21:46:11.027" starttime="20150917 21:46:10.984"></status>
</kw>
<kw type="kw" name="eceSikuli.Click Element If Exists">
<doc></doc>
<arguments>
<arg>NavbarAreaOpen</arg>
<arg>NavbarAreaOpen</arg>
<arg>-11</arg>
<arg>-21</arg>
</arguments>
<msg timestamp="20150917 21:46:11.031" level="TRACE">Arguments: [ u'NavbarAreaOpen' | u'NavbarAreaOpen' | u'-11' | u'-21' ]</msg>
<msg timestamp="20150917 21:46:16.596" level="TRACE">Return: None</msg>
<status status="PASS" endtime="20150917 21:46:16.595" starttime="20150917 21:46:11.030"></status>
</kw>
<kw type="kw" name="eceSikuli.Click Element">
<doc></doc>
<arguments>
<arg>PublishButtonSimple</arg>
</arguments>
<msg timestamp="20150917 21:46:16.599" level="TRACE">Arguments: [ u'PublishButtonSimple' ]</msg>
<msg timestamp="20150917 21:46:24.970" level="INFO">[log] CLICK on (1412,951)</msg>
<msg timestamp="20150917 21:46:24.972" level="TRACE">Return: None</msg>
<status status="PASS" endtime="20150917 21:46:24.971" starttime="20150917 21:46:16.598"></status>
</kw>
<doc></doc>
<tags>
<tag>non-critical</tag>
</tags>
<status status="PASS" critical="no" endtime="20150917 21:46:24.973" starttime="20150917 21:44:35.802"></status>
</test>
<doc>Create a Teaser Widget with Data source query by section</doc>
<metadata>
</metadata>
<status status="PASS" endtime="20150917 21:46:24.981" starttime="20150917 21:35:37.768"></status>
</suite>
<suite source="C:\Jenkins\workspace\release-phase-4-3-ContentStudio-test\TestAutomation\ContentStudio\Tests\ContentEngine\2.4.UrlRedirection.txt" id="s1-s24" name="2.4.UrlRedirection">
<test id="s1-s24-t1" name="Check if section url redirection works properly">
<kw type="kw" name="BuiltIn.Set Tags">
<doc>Adds given `tags` for the current test or all tests in a suite.</doc>
<arguments>
<arg>non-critical</arg>
</arguments>
<msg timestamp="20150917 21:46:25.046" level="TRACE">Arguments: [ u'non-critical' ]</msg>
<msg timestamp="20150917 21:46:25.047" level="INFO">Set tag 'non-critical'.</msg>
<msg timestamp="20150917 21:46:25.050" level="TRACE">Return: None</msg>
<status status="PASS" endtime="20150917 21:46:25.050" starttime="20150917 21:46:25.045"></status>
</kw>
<kw type="kw" name="eceSikuli.Open Browser To Publication">
<doc></doc>
<arguments>
<arg>sports</arg>
</arguments>
<msg timestamp="20150917 21:46:25.051" level="TRACE">Arguments: [ u'sports' ]</msg>
<msg timestamp="20150917 21:46:55.860" level="INFO">[log] App.open C:\Program Files\Mozilla Firefox\firefox.exe(3488)
[log] App.focus Mozilla Firefox(0) #0
[log] Ctrl+TYPE "l"
[log] TYPE "
"
[log] Alt+TYPE " "
[log] TYPE "x"</msg>
<msg timestamp="20150917 21:46:55.862" level="TRACE">Return: None</msg>
<status status="PASS" endtime="20150917 21:46:55.862" starttime="20150917 21:46:25.051"></status>
</kw>
<kw type="kw" name="ContentStudioClipboard.Check If Exists">
<doc></doc>
<arguments>
<arg>SectionUrlRedirectionAssertion</arg>
</arguments>
<msg timestamp="20150917 21:46:55.864" level="TRACE">Arguments: [ u'SectionUrlRedirectionAssertion' ]</msg>
<msg timestamp="20150917 21:47:05.124" level="INFO">Exists</msg>
<msg timestamp="20150917 21:47:05.125" level="TRACE">Return: None</msg>
<status status="PASS" endtime="20150917 21:47:05.124" starttime="20150917 21:46:55.863"></status>
</kw>
<kw type="kw" name="ContentStudio.Close Browser">
<doc></doc>
<arguments>
</arguments>
<msg timestamp="20150917 21:47:05.126" level="TRACE">Arguments: [  ]</msg>
<msg timestamp="20150917 21:47:22.209" level="INFO">[log] App.focus Mozilla Firefox(0) #0
[log] Alt+TYPE ""</msg>
<msg timestamp="20150917 21:47:22.211" level="TRACE">Return: None</msg>
<status status="PASS" endtime="20150917 21:47:22.210" starttime="20150917 21:47:05.125"></status>
</kw>
<doc></doc>
<tags>
<tag>non-critical</tag>
</tags>
<status status="PASS" critical="no" endtime="20150917 21:47:22.212" starttime="20150917 21:46:25.043"></status>
</test>
<test id="s1-s24-t2" name="Check if redirection works with special character in pretty url">
<kw type="kw" name="BuiltIn.Set Tags">
<doc>Adds given `tags` for the current test or all tests in a suite.</doc>
<arguments>
<arg>non-critical</arg>
</arguments>
<msg timestamp="20150917 21:47:22.222" level="TRACE">Arguments: [ u'non-critical' ]</msg>
<msg timestamp="20150917 21:47:22.223" level="INFO">Set tag 'non-critical'.</msg>
<msg timestamp="20150917 21:47:22.223" level="TRACE">Return: None</msg>
<status status="PASS" endtime="20150917 21:47:22.223" starttime="20150917 21:47:22.221"></status>
</kw>
<kw type="kw" name="ContentStudio.Switch To Content Studio">
<doc></doc>
<arguments>
</arguments>
<msg timestamp="20150917 21:47:22.224" level="TRACE">Arguments: [  ]</msg>
<msg timestamp="20150917 21:47:25.857" level="INFO">[log] App.focus Escenic Content Studio (0) #0</msg>
<msg timestamp="20150917 21:47:25.858" level="TRACE">Return: None</msg>
<status status="PASS" endtime="20150917 21:47:25.858" starttime="20150917 21:47:22.224"></status>
</kw>
<kw type="kw" name="SikuliCS.Wait For">
<doc></doc>
<arguments>
<arg>5</arg>
</arguments>
<msg timestamp="20150917 21:47:25.860" level="TRACE">Arguments: [ u'5' ]</msg>
<msg timestamp="20150917 21:47:30.860" level="TRACE">Return: None</msg>
<status status="PASS" endtime="20150917 21:47:30.860" starttime="20150917 21:47:25.859"></status>
</kw>
<kw type="kw" name="eceSikuli.Change Input Language">
<doc></doc>
<arguments>
</arguments>
<msg timestamp="20150917 21:47:30.861" level="TRACE">Arguments: [  ]</msg>
<msg timestamp="20150917 21:47:32.922" level="INFO">[log] Alt+TYPE ""</msg>
<msg timestamp="20150917 21:47:32.923" level="TRACE">Return: None</msg>
<status status="PASS" endtime="20150917 21:47:32.923" starttime="20150917 21:47:30.861"></status>
</kw>
<kw type="kw" name="SikuliCS.Wait For">
<doc></doc>
<arguments>
<arg>5</arg>
</arguments>
<msg timestamp="20150917 21:47:32.926" level="TRACE">Arguments: [ u'5' ]</msg>
<msg timestamp="20150917 21:47:37.927" level="TRACE">Return: None</msg>
<status status="PASS" endtime="20150917 21:47:37.927" starttime="20150917 21:47:32.925"></status>
</kw>
<kw type="kw" name="eceSikuli.Change Input Language">
<doc></doc>
<arguments>
</arguments>
<msg timestamp="20150917 21:47:37.928" level="TRACE">Arguments: [  ]</msg>
<msg timestamp="20150917 21:47:39.989" level="INFO">[log] Alt+TYPE ""</msg>
<msg timestamp="20150917 21:47:39.990" level="TRACE">Return: None</msg>
<status status="PASS" endtime="20150917 21:47:39.989" starttime="20150917 21:47:37.928"></status>
</kw>
<kw type="kw" name="ContentStudio.Create Content In Section">
<doc></doc>
<arguments>
<arg>News</arg>
<arg>Test ']'</arg>
</arguments>
<msg timestamp="20150917 21:47:39.991" level="TRACE">Arguments: [ u'News' | u"Test ']'" ]</msg>
<msg timestamp="20150917 21:48:28.162" level="INFO">Found
Found
Content was successfully created</msg>
<msg timestamp="20150917 21:48:28.163" level="TRACE">Return: None</msg>
<status status="PASS" endtime="20150917 21:48:28.163" starttime="20150917 21:47:39.990"></status>
</kw>
<kw type="kw" name="SikuliCS.Wait For">
<doc></doc>
<arguments>
<arg>120</arg>
</arguments>
<msg timestamp="20150917 21:48:28.165" level="TRACE">Arguments: [ u'120' ]</msg>
<msg timestamp="20150917 21:50:28.167" level="TRACE">Return: None</msg>
<status status="PASS" endtime="20150917 21:50:28.166" starttime="20150917 21:48:28.164"></status>
</kw>
<kw type="kw" name="ContentStudio.Switch To Content Studio">
<doc></doc>
<arguments>
</arguments>
<msg timestamp="20150917 21:50:28.170" level="TRACE">Arguments: [  ]</msg>
<msg timestamp="20150917 21:50:31.822" level="INFO">[log] App.focus Escenic Content Studio (0) #0</msg>
<msg timestamp="20150917 21:50:31.824" level="TRACE">Return: None</msg>
<status status="PASS" endtime="20150917 21:50:31.823" starttime="20150917 21:50:28.170"></status>
</kw>
<kw type="kw" name="${contentID} = eceSikuli.Get Content Id">
<doc></doc>
<arguments>
</arguments>
<msg timestamp="20150917 21:50:31.825" level="TRACE">Arguments: [  ]</msg>
<msg timestamp="20150917 21:50:42.551" level="INFO">[log] App.focus Escenic Content Studio (0) #0
[log] DOUBLE CLICK on (1484,362)
[log] Ctrl+TYPE "c"</msg>
<msg timestamp="20150917 21:50:42.553" level="TRACE">Return: u'1543'</msg>
<msg timestamp="20150917 21:50:42.553" level="INFO">${contentID} = 1543</msg>
<status status="PASS" endtime="20150917 21:50:42.552" starttime="20150917 21:50:31.824"></status>
</kw>
<kw type="kw" name="eceSikuli.Open Browser To Publication">
<doc></doc>
<arguments>
<arg>news/article${contentID}.ece</arg>
</arguments>
<msg timestamp="20150917 21:50:42.555" level="TRACE">Arguments: [ u'news/article1543.ece' ]</msg>
<msg timestamp="20150917 21:51:13.392" level="INFO">[log] App.open C:\Program Files\Mozilla Firefox\firefox.exe(3844)
[log] App.focus Mozilla Firefox(0) #0
[log] Ctrl+TYPE "l"
[log] TYPE "
"
[log] Alt+TYPE " "
[log] TYPE "x"</msg>
<msg timestamp="20150917 21:51:13.394" level="TRACE">Return: None</msg>
<status status="PASS" endtime="20150917 21:51:13.394" starttime="20150917 21:50:42.554"></status>
</kw>
<kw type="kw" name="ContentStudioClipboard.Check If Exists">
<doc></doc>
<arguments>
<arg>ArticleUrlRedirectionAssertion</arg>
</arguments>
<msg timestamp="20150917 21:51:13.397" level="TRACE">Arguments: [ u'ArticleUrlRedirectionAssertion' ]</msg>
<msg timestamp="20150917 21:51:22.819" level="INFO">Exists</msg>
<msg timestamp="20150917 21:51:22.820" level="TRACE">Return: None</msg>
<status status="PASS" endtime="20150917 21:51:22.819" starttime="20150917 21:51:13.396"></status>
</kw>
<kw type="kw" name="ContentStudio.Close Browser">
<doc></doc>
<arguments>
</arguments>
<msg timestamp="20150917 21:51:22.821" level="TRACE">Arguments: [  ]</msg>
<msg timestamp="20150917 21:51:39.951" level="INFO">[log] App.focus Mozilla Firefox(0) #0
[log] Alt+TYPE ""</msg>
<msg timestamp="20150917 21:51:39.953" level="TRACE">Return: None</msg>
<status status="PASS" endtime="20150917 21:51:39.952" starttime="20150917 21:51:22.820"></status>
</kw>
<kw type="kw" name="ContentStudio.Switch To Content Studio">
<doc></doc>
<arguments>
</arguments>
<msg timestamp="20150917 21:51:39.955" level="TRACE">Arguments: [  ]</msg>
<msg timestamp="20150917 21:51:43.580" level="INFO">[log] App.focus Escenic Content Studio (0) #0</msg>
<msg timestamp="20150917 21:51:43.582" level="TRACE">Return: None</msg>
<status status="PASS" endtime="20150917 21:51:43.581" starttime="20150917 21:51:39.954"></status>
</kw>
<kw type="kw" name="ContentStudio.Close Allopen Tabs">
<doc></doc>
<arguments>
</arguments>
<msg timestamp="20150917 21:51:43.584" level="TRACE">Arguments: [  ]</msg>
<msg timestamp="20150917 21:51:58.208" level="INFO">[log] App.focus Escenic Content Studio (0) #0
[log] Alt+TYPE " "
[log] TYPE "x"
[log] CLICK on (1182,55)
[log] CLICK on (1019,55)</msg>
<msg timestamp="20150917 21:51:58.209" level="TRACE">Return: None</msg>
<status status="PASS" endtime="20150917 21:51:58.209" starttime="20150917 21:51:43.584"></status>
</kw>
<kw type="kw" name="eceSikuli.Change Input Language">
<doc></doc>
<arguments>
</arguments>
<msg timestamp="20150917 21:51:58.210" level="TRACE">Arguments: [  ]</msg>
<msg timestamp="20150917 21:52:00.271" level="INFO">[log] Alt+TYPE ""</msg>
<msg timestamp="20150917 21:52:00.273" level="TRACE">Return: None</msg>
<status status="PASS" endtime="20150917 21:52:00.272" starttime="20150917 21:51:58.210"></status>
</kw>
<doc></doc>
<tags>
<tag>non-critical</tag>
</tags>
<status status="PASS" critical="no" endtime="20150917 21:52:00.274" starttime="20150917 21:47:22.215"></status>
</test>
<doc>Check if url redirection works properly</doc>
<metadata>
</metadata>
<status status="PASS" endtime="20150917 21:52:00.279" starttime="20150917 21:46:24.986"></status>
</suite>
<doc></doc>
<metadata>
</metadata>
<status status="PASS" endtime="20150917 21:52:00.320" starttime="20150917 19:54:34.106"></status>
</suite>
<statistics>
<total>
<stat pass="37" fail="0">Critical Tests</stat>
<stat pass="41" fail="1">All Tests</stat>
</total>
<tag>
<stat pass="4" info="non-critical" doc="" combined="" fail="1" links="">non-critical</stat>
</tag>
<suite>
<stat pass="41" id="s1" fail="1" name="ContentEngine">ContentEngine</stat>
<stat pass="1" id="s1-s1" fail="0" name="1.1.Login">ContentEngine.1.1.Login</stat>
<stat pass="2" id="s1-s2" fail="0" name="1.2.1.AddRemoveContent">ContentEngine.1.2.1.AddRemoveContent</stat>
<stat pass="1" id="s1-s3" fail="0" name="1.2.2.SelectUnselectInbox">ContentEngine.1.2.2.SelectUnselectInbox</stat>
<stat pass="1" id="s1-s4" fail="0" name="1.2.3.SelectUnselectList">ContentEngine.1.2.3.SelectUnselectList</stat>
<stat pass="1" id="s1-s5" fail="0" name="1.2.4.PreviewContent">ContentEngine.1.2.4.PreviewContent</stat>
<stat pass="1" id="s1-s6" fail="0" name="1.2.5.PreviewAllContent">ContentEngine.1.2.5.PreviewAllContent</stat>
<stat pass="2" id="s1-s7" fail="0" name="1.3.ResearchPanels">ContentEngine.1.3.ResearchPanels</stat>
<stat pass="6" id="s1-s8" fail="0" name="1.4.Clipboard">ContentEngine.1.4.Clipboard</stat>
<stat pass="1" id="s1-s9" fail="0" name="1.5.SearchContent">ContentEngine.1.5.SearchContent</stat>
<stat pass="2" id="s1-s10" fail="0" name="1.6.UpdateContent">ContentEngine.1.6.UpdateContent</stat>
<stat pass="2" id="s1-s11" fail="0" name="1.7.DeleteContent">ContentEngine.1.7.DeleteContent</stat>
<stat pass="4" id="s1-s12" fail="0" name="1.8.MoreClipboard">ContentEngine.1.8.MoreClipboard</stat>
<stat pass="1" id="s1-s13" fail="0" name="1.9.1.0.VF-5864-OpenSearch">ContentEngine.1.9.1.0.VF-5864-OpenSearch</stat>
<stat pass="1" id="s1-s14" fail="0" name="1.9.1.1.Locking">ContentEngine.1.9.1.1.Locking</stat>
<stat pass="1" id="s1-s15" fail="0" name="1.9.2.NewUser">ContentEngine.1.9.2.NewUser</stat>
<stat pass="2" id="s1-s16" fail="0" name="1.9.3.UTF-8">ContentEngine.1.9.3.UTF-8</stat>
<stat pass="1" id="s1-s17" fail="0" name="1.9.4.LanguageNO">ContentEngine.1.9.4.LanguageNO</stat>
<stat pass="1" id="s1-s18" fail="0" name="1.9.5.VF-5854">ContentEngine.1.9.5.VF-5854</stat>
<stat pass="1" id="s1-s19" fail="0" name="1.9.8.CreateTag">ContentEngine.1.9.8.CreateTag</stat>
<stat pass="4" id="s1-s20" fail="0" name="1.9.9.1.CreateSectionCS">ContentEngine.1.9.9.1.CreateSectionCS</stat>
<stat pass="1" id="s1-s21" fail="0" name="1.9.9.SectionPages">ContentEngine.1.9.9.SectionPages</stat>
<stat pass="0" id="s1-s22" fail="1" name="2.1.0.CreateArticle">ContentEngine.2.1.0.CreateArticle</stat>
<stat pass="2" id="s1-s23" fail="0" name="2.3.TeaserWidgetDSBySection">ContentEngine.2.3.TeaserWidgetDSBySection</stat>
<stat pass="2" id="s1-s24" fail="0" name="2.4.UrlRedirection">ContentEngine.2.4.UrlRedirection</stat>
</suite>
</statistics>
<errors>
</errors>
</robot>
