<?xml version="1.0" encoding="UTF-8"?>
<robot generator="Robot 2.8.1 (Jython 2.5.3 on java1.7.0_51)" generated="20140416 07:15:30.324">
<suite id="s1" name="2.1.DataSourceBySection &amp; 2.3.TeaserWidgetDSBySection &amp; 2.4.TeaserWidgetDSBySectionPageGroup">
<suite source="C:\Test-automation\ContentStudio\Tests\WidgetFramework\2.1.DataSourceBySection.txt" id="s1-s1" name="2.1.DataSourceBySection">
<test id="s1-s1-t1" name="Create an External Data source">
<kw type="kw" name="eceSikuli.Type Key">
<doc></doc>
<arguments>
<arg>ESC</arg>
</arguments>
<msg timestamp="20140416 07:15:31.859" level="TRACE">Arguments: [ u'ESC' ]</msg>
<msg timestamp="20140416 07:15:31.976" level="INFO">[log] TYPE ""</msg>
<msg timestamp="20140416 07:15:31.977" level="TRACE">Return: None</msg>
<status status="PASS" endtime="20140416 07:15:31.977" starttime="20140416 07:15:31.857"></status>
</kw>
<kw type="kw" name="2.1.1.WFKeywordResource.Create New Other Content Type">
<doc></doc>
<arguments>
<arg>DataSourceContent</arg>
</arguments>
<msg timestamp="20140416 07:15:31.982" level="TRACE">Arguments: [ ${ContentType}=u'DataSourceContent' ]</msg>
<kw type="kw" name="ContentStudio.Right Click Section">
<doc></doc>
<arguments>
<arg>Config</arg>
</arguments>
<msg timestamp="20140416 07:15:31.984" level="TRACE">Arguments: [ u'Config' ]</msg>
<msg timestamp="20140416 07:15:43.507" level="INFO">[log] App.focus Escenic Content Studio 5.7.0.149872(0) #0
[log] Alt+TYPE " "
[log] TYPE "x"
[log] CLICK on (58,82)
[log] CLICK on (57,50)
[log] RIGHT CLICK on (96,194)</msg>
<msg timestamp="20140416 07:15:43.511" level="TRACE">Return: None</msg>
<status status="PASS" endtime="20140416 07:15:43.510" starttime="20140416 07:15:31.983"></status>
</kw>
<kw type="kw" name="eceSikuli.Click Element">
<doc></doc>
<arguments>
<arg>NewContent</arg>
<arg>100</arg>
<arg>0</arg>
</arguments>
<msg timestamp="20140416 07:15:43.514" level="TRACE">Arguments: [ u'NewContent' | u'100' | u'0' ]</msg>
<msg timestamp="20140416 07:15:51.299" level="INFO">[log] CLICK on (307,207)</msg>
<msg timestamp="20140416 07:15:51.300" level="TRACE">Return: None</msg>
<status status="PASS" endtime="20140416 07:15:51.300" starttime="20140416 07:15:43.513"></status>
</kw>
<kw type="kw" name="eceSikuli.Click Element">
<doc></doc>
<arguments>
<arg>OthersContent</arg>
<arg>-45</arg>
<arg>0</arg>
</arguments>
<msg timestamp="20140416 07:15:51.303" level="TRACE">Arguments: [ u'OthersContent' | u'-45' | u'0' ]</msg>
<msg timestamp="20140416 07:15:56.999" level="INFO">[log] CLICK on (324,468)</msg>
<msg timestamp="20140416 07:15:57.000" level="TRACE">Return: None</msg>
<status status="PASS" endtime="20140416 07:15:57.000" starttime="20140416 07:15:51.302"></status>
</kw>
<kw type="kw" name="eceSikuli.Click Element">
<doc></doc>
<arguments>
<arg>${ContentType}</arg>
</arguments>
<msg timestamp="20140416 07:15:57.003" level="TRACE">Arguments: [ u'DataSourceContent' ]</msg>
<msg timestamp="20140416 07:16:02.839" level="INFO">[log] CLICK on (375,438)</msg>
<msg timestamp="20140416 07:16:02.840" level="TRACE">Return: None</msg>
<status status="PASS" endtime="20140416 07:16:02.840" starttime="20140416 07:15:57.002"></status>
</kw>
<kw type="kw" name="SikuliCS.Wait For">
<doc></doc>
<arguments>
<arg>2</arg>
</arguments>
<msg timestamp="20140416 07:16:02.842" level="TRACE">Arguments: [ u'2' ]</msg>
<msg timestamp="20140416 07:16:04.843" level="TRACE">Return: None</msg>
<status status="PASS" endtime="20140416 07:16:04.843" starttime="20140416 07:16:02.841"></status>
</kw>
<msg timestamp="20140416 07:16:04.845" level="TRACE">Return: None</msg>
<status status="PASS" endtime="20140416 07:16:04.845" starttime="20140416 07:15:31.979"></status>
</kw>
<kw type="kw" name="eceSikuli.Type Text">
<doc></doc>
<arguments>
<arg>DataSource created by automated test</arg>
</arguments>
<msg timestamp="20140416 07:16:04.847" level="TRACE">Arguments: [ u'DataSource created by automated test' ]</msg>
<msg timestamp="20140416 07:16:06.764" level="INFO">[log] TYPE "DataSource created by automated test"</msg>
<msg timestamp="20140416 07:16:06.765" level="TRACE">Return: None</msg>
<status status="PASS" endtime="20140416 07:16:06.764" starttime="20140416 07:16:04.846"></status>
</kw>
<kw type="kw" name="eceSikuli.Click Element">
<doc></doc>
<arguments>
<arg>Add</arg>
</arguments>
<msg timestamp="20140416 07:16:06.770" level="TRACE">Arguments: [ u'Add' ]</msg>
<msg timestamp="20140416 07:16:13.173" level="INFO">[log] App.focus Java Console - Content Studio(0) #0
[log] Alt+TYPE " "
[log] TYPE "x"
[log] App.focus Escenic Content Studio 5.7.0.149872(0) #0</msg>
<msg timestamp="20140416 07:16:13.178" level="FAIL">Add does not exist. Screenshot: 42.April-16-07-16-12.png</msg>
<msg timestamp="20140416 07:16:13.179" level="DEBUG">Traceback (most recent call last):
  File "C:\Test-automation\ContentStudio\content-studio.sikuli\eceSikuli.py", line 34, in click_element
    raise AssertionError(uiElement+' does not exist. Screenshot: '+ScreenShot)</msg>
<status status="FAIL" endtime="20140416 07:16:13.182" starttime="20140416 07:16:06.766"></status>
</kw>
<doc></doc>
<tags>
</tags>
<status status="FAIL" critical="yes" endtime="20140416 07:16:13.184" starttime="20140416 07:15:31.850">Add does not exist. Screenshot: 42.April-16-07-16-12.png</status>
</test>
<doc>Create a Data source</doc>
<metadata>
</metadata>
<status status="FAIL" endtime="20140416 07:16:13.193" starttime="20140416 07:15:30.705"></status>
</suite>
<suite source="C:\Test-automation\ContentStudio\Tests\WidgetFramework\2.3.TeaserWidgetDSBySection.txt" id="s1-s2" name="2.3.TeaserWidgetDSBySection">
<test id="s1-s2-t1" name="Create a Teaser Widget with Data source query by section">
<kw type="kw" name="ContentStudio.Switch To Content Studio">
<doc></doc>
<arguments>
</arguments>
<msg timestamp="20140416 07:16:13.338" level="TRACE">Arguments: [  ]</msg>
<msg timestamp="20140416 07:16:13.341" level="INFO">[log] App.focus Escenic Content Studio 5.7.0.149872(0) #0</msg>
<msg timestamp="20140416 07:16:13.342" level="TRACE">Return: None</msg>
<status status="PASS" endtime="20140416 07:16:13.342" starttime="20140416 07:16:13.337"></status>
</kw>
<kw type="kw" name="ContentStudio.Close Allopen Tabs">
<doc></doc>
<arguments>
</arguments>
<msg timestamp="20140416 07:16:13.345" level="TRACE">Arguments: [  ]</msg>
<msg timestamp="20140416 07:16:34.240" level="INFO">[log] App.focus Escenic Content Studio 5.7.0.149872(0) #0
[log] Alt+TYPE " "
[log] TYPE "x"
[log] CLICK on (1345,55)
[log] CLICK on (1497,515)
[log] CLICK on (1182,55)
[log] CLICK on (1019,55)</msg>
<msg timestamp="20140416 07:16:34.242" level="TRACE">Return: None</msg>
<status status="PASS" endtime="20140416 07:16:34.241" starttime="20140416 07:16:13.344"></status>
</kw>
<kw type="kw" name="2.1.1.WFKeywordResource.Create Widget Content Type">
<doc></doc>
<arguments>
<arg>TeaserWidgetContent</arg>
</arguments>
<msg timestamp="20140416 07:16:34.248" level="TRACE">Arguments: [ ${ContentType}=u'TeaserWidgetContent' ]</msg>
<kw type="kw" name="ContentStudio.Right Click Section">
<doc></doc>
<arguments>
<arg>Config</arg>
</arguments>
<msg timestamp="20140416 07:16:34.250" level="TRACE">Arguments: [ u'Config' ]</msg>
<msg timestamp="20140416 07:16:44.883" level="INFO">[log] App.focus Escenic Content Studio 5.7.0.149872(0) #0
[log] Alt+TYPE " "
[log] TYPE "x"
[log] CLICK on (58,194)
[log] CLICK on (57,50)
[log] RIGHT CLICK on (96,194)</msg>
<msg timestamp="20140416 07:16:44.885" level="TRACE">Return: None</msg>
<status status="PASS" endtime="20140416 07:16:44.885" starttime="20140416 07:16:34.249"></status>
</kw>
<kw type="kw" name="eceSikuli.Click Element">
<doc></doc>
<arguments>
<arg>NewContent</arg>
<arg>100</arg>
<arg>0</arg>
</arguments>
<msg timestamp="20140416 07:16:44.888" level="TRACE">Arguments: [ u'NewContent' | u'100' | u'0' ]</msg>
<msg timestamp="20140416 07:16:52.806" level="INFO">[log] CLICK on (307,207)</msg>
<msg timestamp="20140416 07:16:52.807" level="TRACE">Return: None</msg>
<status status="PASS" endtime="20140416 07:16:52.807" starttime="20140416 07:16:44.886"></status>
</kw>
<kw type="kw" name="eceSikuli.Click Element">
<doc></doc>
<arguments>
<arg>WidgetsContent</arg>
<arg>80</arg>
<arg>0</arg>
</arguments>
<msg timestamp="20140416 07:16:52.813" level="TRACE">Arguments: [ u'WidgetsContent' | u'80' | u'0' ]</msg>
<msg timestamp="20140416 07:16:58.554" level="INFO">[log] CLICK on (443,415)</msg>
<msg timestamp="20140416 07:16:58.555" level="TRACE">Return: None</msg>
<status status="PASS" endtime="20140416 07:16:58.554" starttime="20140416 07:16:52.810"></status>
</kw>
<kw type="kw" name="eceSikuli.Click Element">
<doc></doc>
<arguments>
<arg>${ContentType}</arg>
</arguments>
<msg timestamp="20140416 07:16:58.561" level="TRACE">Arguments: [ u'TeaserWidgetContent' ]</msg>
<msg timestamp="20140416 07:17:04.737" level="INFO">[log] App.focus Java Console - Content Studio(0) #0
[log] Alt+TYPE " "
[log] TYPE "x"
[log] App.focus Escenic Content Studio 5.7.0.149872(0) #0</msg>
<msg timestamp="20140416 07:17:04.739" level="FAIL">TeaserWidgetContent does not exist. Screenshot: 42.April-16-07-17-03.png</msg>
<msg timestamp="20140416 07:17:04.739" level="DEBUG">Traceback (most recent call last):
  File "C:\Test-automation\ContentStudio\content-studio.sikuli\eceSikuli.py", line 34, in click_element
    raise AssertionError(uiElement+' does not exist. Screenshot: '+ScreenShot)</msg>
<status status="FAIL" endtime="20140416 07:17:04.740" starttime="20140416 07:16:58.556"></status>
</kw>
<status status="FAIL" endtime="20140416 07:17:04.749" starttime="20140416 07:16:34.243"></status>
</kw>
<doc></doc>
<tags>
</tags>
<status status="FAIL" critical="yes" endtime="20140416 07:17:04.750" starttime="20140416 07:16:13.328">TeaserWidgetContent does not exist. Screenshot: 42.April-16-07-17-03.png</status>
</test>
<doc>Create a Teaser Widget with Data source query by section</doc>
<metadata>
</metadata>
<status status="FAIL" endtime="20140416 07:17:04.755" starttime="20140416 07:16:13.204"></status>
</suite>
<suite source="C:\Test-automation\ContentStudio\Tests\WidgetFramework\2.4.TeaserWidgetDSBySectionPageGroup.txt" id="s1-s3" name="2.4.TeaserWidgetDSBySectionPageGroup">
<test id="s1-s3-t1" name="Create a Teaser Widget with Data source query by section page group">
<kw type="kw" name="ContentStudio.Switch To Content Studio">
<doc></doc>
<arguments>
</arguments>
<msg timestamp="20140416 07:17:04.904" level="TRACE">Arguments: [  ]</msg>
<msg timestamp="20140416 07:17:04.906" level="INFO">[log] App.focus Escenic Content Studio 5.7.0.149872(0) #0</msg>
<msg timestamp="20140416 07:17:04.906" level="TRACE">Return: None</msg>
<status status="PASS" endtime="20140416 07:17:04.906" starttime="20140416 07:17:04.904"></status>
</kw>
<kw type="kw" name="ContentStudio.Close Allopen Tabs">
<doc></doc>
<arguments>
</arguments>
<msg timestamp="20140416 07:17:04.908" level="TRACE">Arguments: [  ]</msg>
<msg timestamp="20140416 07:17:08.688" level="INFO">[log] App.focus Escenic Content Studio 5.7.0.149872(0) #0
[log] Alt+TYPE " "
[log] TYPE "x"</msg>
<msg timestamp="20140416 07:17:08.690" level="TRACE">Return: None</msg>
<status status="PASS" endtime="20140416 07:17:08.689" starttime="20140416 07:17:04.908"></status>
</kw>
<kw type="kw" name="ContentStudio.Clean Up Inbox">
<doc></doc>
<arguments>
<arg>News</arg>
</arguments>
<msg timestamp="20140416 07:17:08.694" level="TRACE">Arguments: [ u'News' ]</msg>
<msg timestamp="20140416 07:17:33.040" level="INFO">[log] App.focus Escenic Content Studio 5.7.0.149872(0) #0
[log] Alt+TYPE " "
[log] TYPE "x"
[log] CLICK on (77,210)
[log] CLICK on (57,50)
[log] CLICK on (97,83)
[log] CLICK on (64,665)
[log] App.focus Escenic Content Studio 5.7.0.149872(0) #0
[log] Alt+TYPE " "
[log] TYPE "x"
[log] CLICK on (49,756)</msg>
<msg timestamp="20140416 07:17:33.046" level="TRACE">Return: None</msg>
<status status="PASS" endtime="20140416 07:17:33.045" starttime="20140416 07:17:08.693"></status>
</kw>
<kw type="kw" name="ContentStudio.Create Content In Section">
<doc></doc>
<arguments>
<arg>News</arg>
</arguments>
<msg timestamp="20140416 07:17:33.051" level="TRACE">Arguments: [ u'News' ]</msg>
<msg timestamp="20140416 07:18:29.219" level="INFO">[log] App.focus Escenic Content Studio 5.7.0.149872(0) #0
[log] App.focus Escenic Content Studio 5.7.0.149872(0) #0
[log] Alt+TYPE " "
[log] TYPE "x"
[log] CLICK on (96,274)
[log] CLICK on (57,50)
[log] RIGHT CLICK on (97,83)
[log] CLICK on (308,96)
[log] CLICK on (368,239)
[log] TYPE "This is the Title of an Article -- By Automated smoke tests"
[log] TYPE "	"
[log] TYPE "This is the Summary of an Article -- By Automated smoke tests"
[log] TYPE "	"
[log] TYPE "This is the Body of an Article -- By Automated smoke tests"
[log] CLICK on (1662,842)</msg>
<msg timestamp="20140416 07:18:29.341" level="FAIL">FindFailed: can not find Pattern("ContentStatesList.png").similar(0.7).targetOffset(65,0) on the screen.</msg>
<msg timestamp="20140416 07:18:29.341" level="DEBUG">FindFailed: 
Line ?, in File ?
	at org.sikuli.script.Region.handleFindFailed(Region.java:420)
	at org.sikuli.script.Region.wait(Region.java:511)
	at sikuli.Region$py.wait$5(C:\Program Files\Sikuli X\sikuli-script.jar\Lib\sikuli\Region.py:102)
	at sikuli.Region$py.call_function(C:\Program Files\Sikuli X\sikuli-script.jar\Lib\sikuli\Region.py)
	at org.sikuli.script.Region.find(Region.java:381)
	at org.sikuli.script.Region.getLocationFromPSRML(Region.java:1129)
	at org.sikuli.script.Region.click(Region.java:606)
	at org.sikuli.script.Region.click(Region.java:593)
	at ContentStudio$py.create_content_in_section$11(C:\Test-automation\ContentStudio\content-studio.sikuli\ContentStudio.py:311)
	at ContentStudio$py.call_function(C:\Test-automation\ContentStudio\content-studio.sikuli\ContentStudio.py)
	at robot.model.testcase$py.visit$7(C:\workspace\robotframework\tmp-jar-dir\Lib\robot\model\testcase.py:65)
	at robot.model.testcase$py.call_function(C:\workspace\robotframework\tmp-jar-dir\Lib\robot\model\testcase.py)
	at robot.model.itemlist$py.visit$9(C:\workspace\robotframework\tmp-jar-dir\Lib\robot\model\itemlist.py:54)
	at robot.model.itemlist$py.call_function(C:\workspace\robotframework\tmp-jar-dir\Lib\robot\model\itemlist.py)
	at robot.model.visitor$py.visit_suite$2(C:\workspace\robotframework\tmp-jar-dir\Lib\robot\model\visitor.py:22)
	at robot.model.visitor$py.call_function(C:\workspace\robotframework\tmp-jar-dir\Lib\robot\model\visitor.py)
	at robot.model.testsuite$py.visit$19(C:\workspace\robotframework\tmp-jar-dir\Lib\robot\model\testsuite.py:152)
	at robot.model.testsuite$py.call_function(C:\workspace\robotframework\tmp-jar-dir\Lib\robot\model\testsuite.py)
	at robot.model.itemlist$py.visit$9(C:\workspace\robotframework\tmp-jar-dir\Lib\robot\model\itemlist.py:54)
	at robot.model.itemlist$py.call_function(C:\workspace\robotframework\tmp-jar-dir\Lib\robot\model\itemlist.py)
	at robot.model.visitor$py.visit_suite$2(C:\workspace\robotframework\tmp-jar-dir\Lib\robot\model\visitor.py:22)
	at robot.model.visitor$py.call_function(C:\workspace\robotframework\tmp-jar-dir\Lib\robot\model\visitor.py)
	at robot.model.testsuite$py.visit$19(C:\workspace\robotframework\tmp-jar-dir\Lib\robot\model\testsuite.py:152)
	at robot.model.testsuite$py.call_function(C:\workspace\robotframework\tmp-jar-dir\Lib\robot\model\testsuite.py)
	at robot.run$py.main$3(C:\workspace\robotframework\tmp-jar-dir\Lib\robot\run.py:391)
	at robot.run$py.call_function(C:\workspace\robotframework\tmp-jar-dir\Lib\robot\run.py)
	at robot.utils.application$py._execute$10(C:\workspace\robotframework\tmp-jar-dir\Lib\robot\utils\application.py:88)
	at robot.utils.application$py.call_function(C:\workspace\robotframework\tmp-jar-dir\Lib\robot\utils\application.py)
	at robot.utils.application$py.execute_cli$5(C:\workspace\robotframework\tmp-jar-dir\Lib\robot\utils\application.py:45)
	at robot.utils.application$py.call_function(C:\workspace\robotframework\tmp-jar-dir\Lib\robot\utils\application.py)
	at robot.run$py.run_cli$7(C:\workspace\robotframework\tmp-jar-dir\Lib\robot\run.py:415)
	at robot.run$py.call_function(C:\workspace\robotframework\tmp-jar-dir\Lib\robot\run.py)
	at robot.jarrunner$py._run$3(C:\workspace\robotframework\tmp-jar-dir\Lib\robot\jarrunner.py:60)
	at robot.jarrunner$py.call_function(C:\workspace\robotframework\tmp-jar-dir\Lib\robot\jarrunner.py)
	at robot.jarrunner$py.run$2(C:\workspace\robotframework\tmp-jar-dir\Lib\robot\jarrunner.py:53)
	at robot.jarrunner$py.call_function(C:\workspace\robotframework\tmp-jar-dir\Lib\robot\jarrunner.py)
	at org.robotframework.RobotFramework.run(RobotFramework.java:62)
	at org.robotframework.RobotFramework.main(RobotFramework.java:37)</msg>
<status status="FAIL" endtime="20140416 07:18:29.355" starttime="20140416 07:17:33.049"></status>
</kw>
<doc></doc>
<tags>
</tags>
<status status="FAIL" critical="yes" endtime="20140416 07:18:29.363" starttime="20140416 07:17:04.894">FindFailed: can not find Pattern("ContentStatesList.png").similar(0.7).targetOffset(65,0) on the screen.</status>
</test>
<doc>Create a Teaser Widget with Data source query by section page group</doc>
<metadata>
</metadata>
<status status="FAIL" endtime="20140416 07:18:29.368" starttime="20140416 07:17:04.765"></status>
</suite>
<doc></doc>
<metadata>
</metadata>
<status status="FAIL" endtime="20140416 07:18:29.388" starttime="20140416 07:15:30.328"></status>
</suite>
<statistics>
<total>
<stat pass="0" fail="3">Critical Tests</stat>
<stat pass="0" fail="3">All Tests</stat>
</total>
<tag>
</tag>
<suite>
<stat pass="0" id="s1" fail="3" name="2.1.DataSourceBySection &amp; 2.3.TeaserWidgetDSBySection &amp; 2.4.TeaserWidgetDSBySectionPageGroup">2.1.DataSourceBySection &amp; 2.3.TeaserWidgetDSBySection &amp; 2.4.TeaserWidgetDSBySectionPageGroup</stat>
<stat pass="0" id="s1-s1" fail="1" name="2.1.DataSourceBySection">2.1.DataSourceBySection &amp; 2.3.TeaserWidgetDSBySection &amp; 2.4.TeaserWidgetDSBySectionPageGroup.2.1.DataSourceBySection</stat>
<stat pass="0" id="s1-s2" fail="1" name="2.3.TeaserWidgetDSBySection">2.1.DataSourceBySection &amp; 2.3.TeaserWidgetDSBySection &amp; 2.4.TeaserWidgetDSBySectionPageGroup.2.3.TeaserWidgetDSBySection</stat>
<stat pass="0" id="s1-s3" fail="1" name="2.4.TeaserWidgetDSBySectionPageGroup">2.1.DataSourceBySection &amp; 2.3.TeaserWidgetDSBySection &amp; 2.4.TeaserWidgetDSBySectionPageGroup.2.4.TeaserWidgetDSBySectionPageGroup</stat>
</suite>
</statistics>
<errors>
</errors>
</robot>
