<?xml version="1.0" encoding="UTF-8"?>
<robot generator="Robot 2.8.1 (Jython 2.5.3 on java1.6.0_45)" generated="20150915 01:03:04.739">
<suite source="C:\Jenkins\workspace\release-phase-4-3-ContentStudio-test\TestAutomation\ContentStudio\Tests\ContentEngine" id="s1" name="ContentEngine">
<suite source="C:\Jenkins\workspace\release-phase-4-3-ContentStudio-test\TestAutomation\ContentStudio\Tests\ContentEngine\1.1.Login.txt" id="s1-s1" name="1.1.Login">
<test id="s1-s1-t1" name="Start content studio and log in">
<kw type="kw" name="ContentStudio.Start Content Studio">
<doc></doc>
<arguments>
</arguments>
<msg timestamp="20150915 01:03:05.509" level="TRACE">Arguments: [  ]</msg>
<msg timestamp="20150915 01:04:20.258" level="INFO">http://qa-ophelia:8080/studio/Studio.jnlp
Found
Log in successful</msg>
<msg timestamp="20150915 01:04:20.261" level="TRACE">Return: None</msg>
<status status="PASS" endtime="20150915 01:04:20.259" starttime="20150915 01:03:05.508"></status>
</kw>
<kw type="kw" name="ContentStudio.Close Allopen Tabs">
<doc></doc>
<arguments>
</arguments>
<msg timestamp="20150915 01:04:20.262" level="TRACE">Arguments: [  ]</msg>
<msg timestamp="20150915 01:04:26.891" level="INFO">[log] App.focus Escenic Content Studio (0) #0
[log] Alt+TYPE " "
[log] TYPE "x"</msg>
<msg timestamp="20150915 01:04:26.892" level="TRACE">Return: None</msg>
<status status="PASS" endtime="20150915 01:04:26.892" starttime="20150915 01:04:20.261"></status>
</kw>
<kw type="kw" name="SikuliCS.Print Version">
<doc></doc>
<arguments>
</arguments>
<msg timestamp="20150915 01:04:26.894" level="TRACE">Arguments: [  ]</msg>
<msg timestamp="20150915 01:04:26.894" level="INFO">Testing Content Studio on : qa-ophelia. RC Version: 5.7.56.171569</msg>
<msg timestamp="20150915 01:04:26.895" level="TRACE">Return: None</msg>
<status status="PASS" endtime="20150915 01:04:26.895" starttime="20150915 01:04:26.893"></status>
</kw>
<doc></doc>
<tags>
</tags>
<status status="PASS" critical="yes" endtime="20150915 01:04:26.896" starttime="20150915 01:03:05.505"></status>
</test>
<doc>A test case for Start and Logging into ContentStudio</doc>
<metadata>
</metadata>
<status status="PASS" endtime="20150915 01:04:26.899" starttime="20150915 01:03:04.886"></status>
</suite>
<suite source="C:\Jenkins\workspace\release-phase-4-3-ContentStudio-test\TestAutomation\ContentStudio\Tests\ContentEngine\1.2.1.AddRemoveContent.txt" id="s1-s2" name="1.2.1.AddRemoveContent">
<test id="s1-s2-t1" name="Add a content to different/multiple sections">
<kw type="kw" name="ContentStudio.Create Content In Section">
<doc></doc>
<arguments>
<arg>NewArticles</arg>
</arguments>
<msg timestamp="20150915 01:04:26.951" level="TRACE">Arguments: [ u'NewArticles' ]</msg>
<msg timestamp="20150915 01:05:27.966" level="INFO">Found
Found
Content was successfully created</msg>
<msg timestamp="20150915 01:05:27.967" level="TRACE">Return: None</msg>
<status status="PASS" endtime="20150915 01:05:27.967" starttime="20150915 01:04:26.951"></status>
</kw>
<kw type="kw" name="ContentStudio.Create Content In Section">
<doc></doc>
<arguments>
<arg>Home</arg>
</arguments>
<msg timestamp="20150915 01:05:27.969" level="TRACE">Arguments: [ u'Home' ]</msg>
<msg timestamp="20150915 01:06:23.748" level="INFO">Found
Found
Content was successfully created</msg>
<msg timestamp="20150915 01:06:23.749" level="TRACE">Return: None</msg>
<status status="PASS" endtime="20150915 01:06:23.749" starttime="20150915 01:05:27.968"></status>
</kw>
<kw type="kw" name="ContentStudio.Add Content To Section">
<doc></doc>
<arguments>
<arg>NewArticles</arg>
<arg>Home</arg>
</arguments>
<msg timestamp="20150915 01:06:23.751" level="TRACE">Arguments: [ u'NewArticles' | u'Home' ]</msg>
<msg timestamp="20150915 01:07:05.270" level="INFO">Do nothing</msg>
<msg timestamp="20150915 01:07:05.271" level="TRACE">Return: None</msg>
<status status="PASS" endtime="20150915 01:07:05.271" starttime="20150915 01:06:23.750"></status>
</kw>
<kw type="kw" name="ContentStudio.Preview Content">
<doc></doc>
<arguments>
<arg>Simple</arg>
</arguments>
<msg timestamp="20150915 01:07:05.273" level="TRACE">Arguments: [ u'Simple' ]</msg>
<msg timestamp="20150915 01:07:38.814" level="INFO">Found
Found
Found</msg>
<msg timestamp="20150915 01:07:38.815" level="TRACE">Return: None</msg>
<status status="PASS" endtime="20150915 01:07:38.815" starttime="20150915 01:07:05.272"></status>
</kw>
<kw type="kw" name="ContentStudio.Add Content To Section">
<doc></doc>
<arguments>
<arg>Home</arg>
<arg>NewArticles</arg>
</arguments>
<msg timestamp="20150915 01:07:38.817" level="TRACE">Arguments: [ u'Home' | u'NewArticles' ]</msg>
<msg timestamp="20150915 01:08:20.194" level="INFO">Do nothing</msg>
<msg timestamp="20150915 01:08:20.195" level="TRACE">Return: None</msg>
<status status="PASS" endtime="20150915 01:08:20.195" starttime="20150915 01:07:38.816"></status>
</kw>
<kw type="kw" name="ContentStudio.Preview Content">
<doc></doc>
<arguments>
<arg>Simple</arg>
</arguments>
<msg timestamp="20150915 01:08:20.197" level="TRACE">Arguments: [ u'Simple' ]</msg>
<msg timestamp="20150915 01:08:53.100" level="INFO">Found
Found
Found</msg>
<msg timestamp="20150915 01:08:53.101" level="TRACE">Return: None</msg>
<status status="PASS" endtime="20150915 01:08:53.101" starttime="20150915 01:08:20.196"></status>
</kw>
<doc></doc>
<tags>
</tags>
<status status="PASS" critical="yes" endtime="20150915 01:08:53.102" starttime="20150915 01:04:26.948"></status>
</test>
<test id="s1-s2-t2" name="Remove content from a section">
<kw type="kw" name="ContentStudio.Remove Content From Section">
<doc></doc>
<arguments>
<arg>NewArticles</arg>
</arguments>
<msg timestamp="20150915 01:08:53.106" level="TRACE">Arguments: [ u'NewArticles' ]</msg>
<msg timestamp="20150915 01:09:31.779" level="INFO">[log] App.focus Escenic Content Studio (0) #0
[log] Alt+TYPE " "
[log] TYPE "x"
[log] CLICK on (57,50)
[log] DOUBLE CLICK on (111,82)
[log] TYPE ""
[log] TYPE ""
[log] CLICK on (1412,951)</msg>
<msg timestamp="20150915 01:09:31.780" level="TRACE">Return: None</msg>
<status status="PASS" endtime="20150915 01:09:31.780" starttime="20150915 01:08:53.105"></status>
</kw>
<kw type="kw" name="ContentStudio.Remove Content From Section">
<doc></doc>
<arguments>
<arg>Home</arg>
</arguments>
<msg timestamp="20150915 01:09:31.781" level="TRACE">Arguments: [ u'Home' ]</msg>
<msg timestamp="20150915 01:10:11.187" level="INFO">[log] App.focus Escenic Content Studio (0) #0
[log] Alt+TYPE " "
[log] TYPE "x"
[log] CLICK on (57,50)
[log] DOUBLE CLICK on (57,50)
[log] TYPE ""
[log] TYPE ""
[log] CLICK on (1412,951)</msg>
<msg timestamp="20150915 01:10:11.188" level="TRACE">Return: None</msg>
<status status="PASS" endtime="20150915 01:10:11.188" starttime="20150915 01:09:31.781"></status>
</kw>
<kw type="kw" name="ContentStudio.Close Allopen Tabs">
<doc></doc>
<arguments>
</arguments>
<msg timestamp="20150915 01:10:11.189" level="TRACE">Arguments: [  ]</msg>
<msg timestamp="20150915 01:10:33.606" level="INFO">[log] App.focus Escenic Content Studio (0) #0
[log] Alt+TYPE " "
[log] TYPE "x"
[log] CLICK on (1345,55)
[log] CLICK on (1182,55)
[log] CLICK on (1019,55)
[log] CLICK on (1019,55)</msg>
<msg timestamp="20150915 01:10:33.608" level="TRACE">Return: None</msg>
<status status="PASS" endtime="20150915 01:10:33.607" starttime="20150915 01:10:11.189"></status>
</kw>
<kw type="kw" name="ContentStudio.Close Browser">
<doc></doc>
<arguments>
</arguments>
<msg timestamp="20150915 01:10:33.609" level="TRACE">Arguments: [  ]</msg>
<msg timestamp="20150915 01:10:48.537" level="INFO">[log] App.focus Mozilla Firefox(0) #0
[log] Alt+TYPE ""
[log] App.focus Firefox(0) #0
[log] CLICK on (795,547)</msg>
<msg timestamp="20150915 01:10:48.538" level="TRACE">Return: None</msg>
<status status="PASS" endtime="20150915 01:10:48.538" starttime="20150915 01:10:33.608"></status>
</kw>
<doc></doc>
<tags>
</tags>
<status status="PASS" critical="yes" endtime="20150915 01:10:48.539" starttime="20150915 01:08:53.103"></status>
</test>
<doc>A test case for Adding a content to different/multiple sections</doc>
<metadata>
</metadata>
<status status="PASS" endtime="20150915 01:10:48.543" starttime="20150915 01:04:26.904"></status>
</suite>
<suite source="C:\Jenkins\workspace\release-phase-4-3-ContentStudio-test\TestAutomation\ContentStudio\Tests\ContentEngine\1.2.2.SelectUnselectInbox.txt" id="s1-s3" name="1.2.2.SelectUnselectInbox">
<test id="s1-s3-t1" name="Select / Unselect the content's inbox">
<kw type="kw" name="ContentStudio.Clean Up Inbox">
<doc></doc>
<arguments>
<arg>NewArticles</arg>
</arguments>
<msg timestamp="20150915 01:10:48.575" level="TRACE">Arguments: [ u'NewArticles' ]</msg>
<msg timestamp="20150915 01:11:17.293" level="INFO">[log] App.focus Escenic Content Studio (0) #0
[log] Alt+TYPE " "
[log] TYPE "x"
[log] CLICK on (58,98)
[log] CLICK on (57,50)
[log] CLICK on (57,50)
[log] CLICK on (111,82)
[log] CLICK on (64,226)
[log] App.focus Escenic Content Studio (0) #0
[log] Alt+TYPE " "
[log] TYPE "x"
[log] CLICK on (49,317)
[log] TYPE ""
[log] TYPE ""
[log] TYPE ""</msg>
<msg timestamp="20150915 01:11:17.297" level="TRACE">Return: None</msg>
<status status="PASS" endtime="20150915 01:11:17.296" starttime="20150915 01:10:48.574"></status>
</kw>
<kw type="kw" name="ContentStudio.Close Allopen Tabs">
<doc></doc>
<arguments>
</arguments>
<msg timestamp="20150915 01:11:17.299" level="TRACE">Arguments: [  ]</msg>
<msg timestamp="20150915 01:11:23.999" level="INFO">[log] App.focus Escenic Content Studio (0) #0
[log] Alt+TYPE " "
[log] TYPE "x"</msg>
<msg timestamp="20150915 01:11:24.000" level="TRACE">Return: None</msg>
<status status="PASS" endtime="20150915 01:11:24.000" starttime="20150915 01:11:17.298"></status>
</kw>
<kw type="kw" name="ContentStudio.Create Content In Section">
<doc></doc>
<arguments>
<arg>NewArticles</arg>
</arguments>
<msg timestamp="20150915 01:11:24.002" level="TRACE">Arguments: [ u'NewArticles' ]</msg>
<msg timestamp="20150915 01:12:22.287" level="INFO">Do nothing
Found
Found
Content was successfully created</msg>
<msg timestamp="20150915 01:12:22.288" level="TRACE">Return: None</msg>
<status status="PASS" endtime="20150915 01:12:22.288" starttime="20150915 01:11:24.001"></status>
</kw>
<kw type="kw" name="ContentStudio.Deselect Contents Inbox">
<doc></doc>
<arguments>
</arguments>
<msg timestamp="20150915 01:12:22.290" level="TRACE">Arguments: [  ]</msg>
<msg timestamp="20150915 01:12:56.834" level="INFO">Successful deselection</msg>
<msg timestamp="20150915 01:12:56.835" level="TRACE">Return: None</msg>
<status status="PASS" endtime="20150915 01:12:56.835" starttime="20150915 01:12:22.289"></status>
</kw>
<kw type="kw" name="ContentStudioClipboard.Check If Not Exists">
<doc></doc>
<arguments>
<arg>InboxItemSelected</arg>
</arguments>
<msg timestamp="20150915 01:12:56.837" level="TRACE">Arguments: [ u'InboxItemSelected' ]</msg>
<msg timestamp="20150915 01:13:09.136" level="INFO">Exists</msg>
<msg timestamp="20150915 01:13:09.137" level="TRACE">Return: None</msg>
<status status="PASS" endtime="20150915 01:13:09.137" starttime="20150915 01:12:56.836"></status>
</kw>
<kw type="kw" name="ContentStudio.Select Contents Inbox">
<doc></doc>
<arguments>
</arguments>
<msg timestamp="20150915 01:13:09.138" level="TRACE">Arguments: [  ]</msg>
<msg timestamp="20150915 01:14:49.705" level="INFO">Inbox selection was successful</msg>
<msg timestamp="20150915 01:14:49.706" level="TRACE">Return: None</msg>
<status status="PASS" endtime="20150915 01:14:49.706" starttime="20150915 01:13:09.138"></status>
</kw>
<kw type="kw" name="ContentStudioClipboard.Check If Exists">
<doc></doc>
<arguments>
<arg>InboxItemSelected</arg>
</arguments>
<msg timestamp="20150915 01:14:49.707" level="TRACE">Arguments: [ u'InboxItemSelected' ]</msg>
<msg timestamp="20150915 01:14:59.130" level="INFO">Exists</msg>
<msg timestamp="20150915 01:14:59.131" level="TRACE">Return: None</msg>
<status status="PASS" endtime="20150915 01:14:59.131" starttime="20150915 01:14:49.707"></status>
</kw>
<doc></doc>
<tags>
</tags>
<status status="PASS" critical="yes" endtime="20150915 01:14:59.132" starttime="20150915 01:10:48.572"></status>
</test>
<doc>A test case for Selecting/Unselecting Content's inbox</doc>
<metadata>
</metadata>
<status status="PASS" endtime="20150915 01:14:59.134" starttime="20150915 01:10:48.549"></status>
</suite>
<suite source="C:\Jenkins\workspace\release-phase-4-3-ContentStudio-test\TestAutomation\ContentStudio\Tests\ContentEngine\1.2.3.SelectUnselectList.txt" id="s1-s4" name="1.2.3.SelectUnselectList">
<test id="s1-s4-t1" name="Select / Unselect the content's List">
<kw type="kw" name="ContentStudio.Close Allopen Tabs">
<doc></doc>
<arguments>
</arguments>
<msg timestamp="20150915 01:14:59.161" level="TRACE">Arguments: [  ]</msg>
<msg timestamp="20150915 01:15:09.830" level="INFO">[log] App.focus Escenic Content Studio (0) #0
[log] Alt+TYPE " "
[log] TYPE "x"
[log] CLICK on (1019,55)</msg>
<msg timestamp="20150915 01:15:09.831" level="TRACE">Return: None</msg>
<status status="PASS" endtime="20150915 01:15:09.831" starttime="20150915 01:14:59.161"></status>
</kw>
<kw type="kw" name="ContentStudio.Delete List">
<doc></doc>
<arguments>
<arg>NewArticles</arg>
<arg>NewsList</arg>
</arguments>
<msg timestamp="20150915 01:15:09.833" level="TRACE">Arguments: [ u'NewArticles' | u'NewsList' ]</msg>
<msg timestamp="20150915 01:15:36.771" level="INFO">Do nothing</msg>
<msg timestamp="20150915 01:15:36.772" level="TRACE">Return: None</msg>
<status status="PASS" endtime="20150915 01:15:36.771" starttime="20150915 01:15:09.832"></status>
</kw>
<kw type="kw" name="ContentStudio.Create New List">
<doc></doc>
<arguments>
<arg>NewArticles</arg>
<arg>NewsList</arg>
</arguments>
<msg timestamp="20150915 01:15:36.773" level="TRACE">Arguments: [ u'NewArticles' | u'NewsList' ]</msg>
<msg timestamp="20150915 01:16:17.791" level="INFO">Do nothing
Do nothing</msg>
<msg timestamp="20150915 01:16:17.792" level="TRACE">Return: None</msg>
<status status="PASS" endtime="20150915 01:16:17.792" starttime="20150915 01:15:36.773"></status>
</kw>
<kw type="kw" name="ContentStudio.Create Content In Section">
<doc></doc>
<arguments>
<arg>NewArticles</arg>
</arguments>
<msg timestamp="20150915 01:16:17.794" level="TRACE">Arguments: [ u'NewArticles' ]</msg>
<msg timestamp="20150915 01:17:16.420" level="INFO">Do nothing
Found
Found
Content was successfully created</msg>
<msg timestamp="20150915 01:17:16.421" level="TRACE">Return: None</msg>
<status status="PASS" endtime="20150915 01:17:16.421" starttime="20150915 01:16:17.793"></status>
</kw>
<kw type="kw" name="ContentStudio.Add Content To List">
<doc></doc>
<arguments>
<arg>NewArticles</arg>
</arguments>
<msg timestamp="20150915 01:17:16.423" level="TRACE">Arguments: [ u'NewArticles' ]</msg>
<msg timestamp="20150915 01:17:44.508" level="INFO">Select The content's list was successful</msg>
<msg timestamp="20150915 01:17:44.509" level="TRACE">Return: None</msg>
<status status="PASS" endtime="20150915 01:17:44.509" starttime="20150915 01:17:16.422"></status>
</kw>
<kw type="kw" name="ContentStudio.Clean Up List">
<doc></doc>
<arguments>
<arg>NewArticles</arg>
<arg>NewsList</arg>
</arguments>
<msg timestamp="20150915 01:17:44.510" level="TRACE">Arguments: [ u'NewArticles' | u'NewsList' ]</msg>
<msg timestamp="20150915 01:18:03.245" level="INFO">[log] DOUBLE CLICK on (57,50)
[log] CLICK on (111,82)
[log] CLICK on (151,227)
[log] DOUBLE CLICK on (76,248)
[log] CLICK on (852,136)
[log] TYPE ""</msg>
<msg timestamp="20150915 01:18:03.247" level="TRACE">Return: None</msg>
<status status="PASS" endtime="20150915 01:18:03.246" starttime="20150915 01:17:44.510"></status>
</kw>
<kw type="kw" name="ContentStudio.Delete List">
<doc></doc>
<arguments>
<arg>NewArticles</arg>
<arg>NewsList</arg>
</arguments>
<msg timestamp="20150915 01:18:03.250" level="TRACE">Arguments: [ u'NewArticles' | u'NewsList' ]</msg>
<msg timestamp="20150915 01:18:30.624" level="INFO">Do nothing</msg>
<msg timestamp="20150915 01:18:30.625" level="TRACE">Return: None</msg>
<status status="PASS" endtime="20150915 01:18:30.625" starttime="20150915 01:18:03.249"></status>
</kw>
<doc></doc>
<tags>
</tags>
<status status="PASS" critical="yes" endtime="20150915 01:18:30.626" starttime="20150915 01:14:59.159"></status>
</test>
<doc>A test case for Selecting/Unselecting Content's List</doc>
<metadata>
</metadata>
<status status="PASS" endtime="20150915 01:18:30.628" starttime="20150915 01:14:59.139"></status>
</suite>
<suite source="C:\Jenkins\workspace\release-phase-4-3-ContentStudio-test\TestAutomation\ContentStudio\Tests\ContentEngine\1.2.4.PreviewContent.txt" id="s1-s5" name="1.2.4.PreviewContent">
<test id="s1-s5-t1" name="Preview all types of contents">
<kw type="kw" name="ContentStudio.Close Allopen Tabs">
<doc></doc>
<arguments>
</arguments>
<msg timestamp="20150915 01:18:30.655" level="TRACE">Arguments: [  ]</msg>
<msg timestamp="20150915 01:18:45.165" level="INFO">[log] App.focus Escenic Content Studio (0) #0
[log] Alt+TYPE " "
[log] TYPE "x"
[log] CLICK on (1019,55)
[log] CLICK on (1019,55)</msg>
<msg timestamp="20150915 01:18:45.166" level="TRACE">Return: None</msg>
<status status="PASS" endtime="20150915 01:18:45.166" starttime="20150915 01:18:30.654"></status>
</kw>
<kw type="kw" name="ContentStudio.Create Content In Section">
<doc></doc>
<arguments>
<arg>NewArticles</arg>
</arguments>
<msg timestamp="20150915 01:18:45.168" level="TRACE">Arguments: [ u'NewArticles' ]</msg>
<msg timestamp="20150915 01:19:44.219" level="INFO">Do nothing
Found
Found
Content was successfully created</msg>
<msg timestamp="20150915 01:19:44.220" level="TRACE">Return: None</msg>
<status status="PASS" endtime="20150915 01:19:44.220" starttime="20150915 01:18:45.167"></status>
</kw>
<kw type="kw" name="ContentStudio.Preview Content">
<doc></doc>
<arguments>
<arg>simple</arg>
</arguments>
<msg timestamp="20150915 01:19:44.222" level="TRACE">Arguments: [ u'simple' ]</msg>
<msg timestamp="20150915 01:20:14.134" level="INFO">Found
Found
Found</msg>
<msg timestamp="20150915 01:20:14.135" level="TRACE">Return: None</msg>
<status status="PASS" endtime="20150915 01:20:14.135" starttime="20150915 01:19:44.221"></status>
</kw>
<kw type="kw" name="ContentStudio.Create Image In Section">
<doc></doc>
<arguments>
<arg>NewArticles</arg>
</arguments>
<msg timestamp="20150915 01:20:14.137" level="TRACE">Arguments: [ u'NewArticles' ]</msg>
<msg timestamp="20150915 01:21:09.607" level="INFO">Do nothing
Content was successfully created</msg>
<msg timestamp="20150915 01:21:09.608" level="TRACE">Return: None</msg>
<status status="PASS" endtime="20150915 01:21:09.608" starttime="20150915 01:20:14.136"></status>
</kw>
<kw type="kw" name="ContentStudio.Preview Content">
<doc></doc>
<arguments>
<arg>simple</arg>
</arguments>
<msg timestamp="20150915 01:21:09.610" level="TRACE">Arguments: [ u'simple' ]</msg>
<msg timestamp="20150915 01:21:39.527" level="INFO">Found
Found
Found</msg>
<msg timestamp="20150915 01:21:39.528" level="TRACE">Return: None</msg>
<status status="PASS" endtime="20150915 01:21:39.528" starttime="20150915 01:21:09.609"></status>
</kw>
<kw type="kw" name="ContentStudio.Close Browser">
<doc></doc>
<arguments>
</arguments>
<msg timestamp="20150915 01:21:39.529" level="TRACE">Arguments: [  ]</msg>
<msg timestamp="20150915 01:21:54.455" level="INFO">[log] App.focus Mozilla Firefox(0) #0
[log] Alt+TYPE ""
[log] App.focus Firefox(0) #0
[log] CLICK on (795,547)</msg>
<msg timestamp="20150915 01:21:54.456" level="TRACE">Return: None</msg>
<status status="PASS" endtime="20150915 01:21:54.455" starttime="20150915 01:21:39.529"></status>
</kw>
<doc></doc>
<tags>
</tags>
<status status="PASS" critical="yes" endtime="20150915 01:21:54.456" starttime="20150915 01:18:30.652"></status>
</test>
<doc>A test case for Previewing all types of contents</doc>
<metadata>
</metadata>
<status status="PASS" endtime="20150915 01:21:54.459" starttime="20150915 01:18:30.632"></status>
</suite>
<suite source="C:\Jenkins\workspace\release-phase-4-3-ContentStudio-test\TestAutomation\ContentStudio\Tests\ContentEngine\1.2.5.PreviewAllContent.txt" id="s1-s6" name="1.2.5.PreviewAllContent">
<test id="s1-s6-t1" name="'Preview All' all types of contents">
<kw type="kw" name="ContentStudio.Close Allopen Tabs">
<doc></doc>
<arguments>
</arguments>
<msg timestamp="20150915 01:21:54.487" level="TRACE">Arguments: [  ]</msg>
<msg timestamp="20150915 01:22:09.053" level="INFO">[log] App.focus Escenic Content Studio (0) #0
[log] Alt+TYPE " "
[log] TYPE "x"
[log] CLICK on (376,55)
[log] CLICK on (213,55)</msg>
<msg timestamp="20150915 01:22:09.054" level="TRACE">Return: None</msg>
<status status="PASS" endtime="20150915 01:22:09.054" starttime="20150915 01:21:54.486"></status>
</kw>
<kw type="kw" name="ContentStudio.Create Content In Section">
<doc></doc>
<arguments>
<arg>NewArticles</arg>
</arguments>
<msg timestamp="20150915 01:22:09.056" level="TRACE">Arguments: [ u'NewArticles' ]</msg>
<msg timestamp="20150915 01:23:11.885" level="INFO">Do nothing
Found
Found
Content was successfully created</msg>
<msg timestamp="20150915 01:23:11.886" level="TRACE">Return: None</msg>
<status status="PASS" endtime="20150915 01:23:11.886" starttime="20150915 01:22:09.055"></status>
</kw>
<kw type="kw" name="ContentStudio.Preview Content">
<doc></doc>
<arguments>
<arg>All</arg>
</arguments>
<msg timestamp="20150915 01:23:11.888" level="TRACE">Arguments: [ u'All' ]</msg>
<msg timestamp="20150915 01:23:44.027" level="INFO">Found
Found
Found</msg>
<msg timestamp="20150915 01:23:44.028" level="TRACE">Return: None</msg>
<status status="PASS" endtime="20150915 01:23:44.028" starttime="20150915 01:23:11.887"></status>
</kw>
<kw type="kw" name="ContentStudio.Create Image In Section">
<doc></doc>
<arguments>
<arg>NewArticles</arg>
</arguments>
<msg timestamp="20150915 01:23:44.030" level="TRACE">Arguments: [ u'NewArticles' ]</msg>
<msg timestamp="20150915 01:24:39.393" level="INFO">Do nothing
Content was successfully created</msg>
<msg timestamp="20150915 01:24:39.394" level="TRACE">Return: None</msg>
<status status="PASS" endtime="20150915 01:24:39.394" starttime="20150915 01:23:44.029"></status>
</kw>
<kw type="kw" name="ContentStudio.Preview Content">
<doc></doc>
<arguments>
<arg>All</arg>
</arguments>
<msg timestamp="20150915 01:24:39.396" level="TRACE">Arguments: [ u'All' ]</msg>
<msg timestamp="20150915 01:25:11.523" level="INFO">Found
Found
Found</msg>
<msg timestamp="20150915 01:25:11.524" level="TRACE">Return: None</msg>
<status status="PASS" endtime="20150915 01:25:11.524" starttime="20150915 01:24:39.395"></status>
</kw>
<kw type="kw" name="ContentStudio.Close Browser">
<doc></doc>
<arguments>
</arguments>
<msg timestamp="20150915 01:25:11.525" level="TRACE">Arguments: [  ]</msg>
<msg timestamp="20150915 01:25:26.453" level="INFO">[log] App.focus Mozilla Firefox(0) #0
[log] Alt+TYPE ""
[log] App.focus Firefox(0) #0
[log] CLICK on (795,547)</msg>
<msg timestamp="20150915 01:25:26.454" level="TRACE">Return: None</msg>
<status status="PASS" endtime="20150915 01:25:26.453" starttime="20150915 01:25:11.525"></status>
</kw>
<doc></doc>
<tags>
</tags>
<status status="PASS" critical="yes" endtime="20150915 01:25:26.454" starttime="20150915 01:21:54.484"></status>
</test>
<doc>A test case for Preview All</doc>
<metadata>
</metadata>
<status status="PASS" endtime="20150915 01:25:26.457" starttime="20150915 01:21:54.464"></status>
</suite>
<suite source="C:\Jenkins\workspace\release-phase-4-3-ContentStudio-test\TestAutomation\ContentStudio\Tests\ContentEngine\1.3.ResearchPanels.txt" id="s1-s7" name="1.3.ResearchPanels">
<test id="s1-s7-t1" name="Configure and review RSS Feed panel">
<kw type="kw" name="ContentStudio.Remove Research Panel">
<doc></doc>
<arguments>
</arguments>
<msg timestamp="20150915 01:25:26.486" level="TRACE">Arguments: [  ]</msg>
<msg timestamp="20150915 01:25:31.095" level="INFO">[log] Ctrl+TYPE "8"
[log] CLICK on (957,750)</msg>
<msg timestamp="20150915 01:25:31.096" level="TRACE">Return: None</msg>
<status status="PASS" endtime="20150915 01:25:31.095" starttime="20150915 01:25:26.486"></status>
</kw>
<kw type="kw" name="ContentStudio.Create Rss Feedpanel">
<doc></doc>
<arguments>
</arguments>
<msg timestamp="20150915 01:25:31.097" level="TRACE">Arguments: [  ]</msg>
<msg timestamp="20150915 01:26:03.282" level="INFO">[log] App.focus Escenic Content Studio (0) #0
[log] Alt+TYPE " "
[log] TYPE "x"
[log] Ctrl+TYPE "8"
[log] CLICK on (505,281)
[log] CLICK on (801,400)
[log] CLICK on (952,562)
[log] Ctrl+TYPE "4"
[log] Ctrl+TYPE "4"</msg>
<msg timestamp="20150915 01:26:03.283" level="TRACE">Return: None</msg>
<status status="PASS" endtime="20150915 01:26:03.283" starttime="20150915 01:25:31.097"></status>
</kw>
<kw type="kw" name="ContentStudio.Verify Research Panel">
<doc></doc>
<arguments>
<arg>RSS/ATOM</arg>
</arguments>
<msg timestamp="20150915 01:26:03.285" level="TRACE">Arguments: [ u'RSS/ATOM' ]</msg>
<msg timestamp="20150915 01:26:17.425" level="INFO">PASS: BBC feed panel reviewd</msg>
<msg timestamp="20150915 01:26:17.426" level="TRACE">Return: None</msg>
<status status="PASS" endtime="20150915 01:26:17.425" starttime="20150915 01:26:03.284"></status>
</kw>
<kw type="kw" name="ContentStudio.Remove Research Panel">
<doc></doc>
<arguments>
</arguments>
<msg timestamp="20150915 01:26:17.427" level="TRACE">Arguments: [  ]</msg>
<msg timestamp="20150915 01:26:29.704" level="INFO">[log] Ctrl+TYPE "8"
[log] CLICK on (1130,407)
[log] CLICK on (960,844)</msg>
<msg timestamp="20150915 01:26:29.705" level="TRACE">Return: None</msg>
<status status="PASS" endtime="20150915 01:26:29.704" starttime="20150915 01:26:17.426"></status>
</kw>
<doc></doc>
<tags>
</tags>
<status status="PASS" critical="yes" endtime="20150915 01:26:29.706" starttime="20150915 01:25:26.484"></status>
</test>
<test id="s1-s7-t2" name="Configure and review Search Panel">
<kw type="kw" name="ContentStudio.Create Search Panel">
<doc></doc>
<arguments>
</arguments>
<msg timestamp="20150915 01:26:29.709" level="TRACE">Arguments: [  ]</msg>
<msg timestamp="20150915 01:26:58.812" level="INFO">[log] App.focus Escenic Content Studio (0) #0
[log] Alt+TYPE " "
[log] TYPE "x"
[log] Ctrl+TYPE "8"
[log] CLICK on (505,281)
[log] CLICK on (779,313)
[log] TYPE ""
[log] TYPE "
"
[log] CLICK on (952,590)</msg>
<msg timestamp="20150915 01:26:58.814" level="TRACE">Return: None</msg>
<status status="PASS" endtime="20150915 01:26:58.813" starttime="20150915 01:26:29.708"></status>
</kw>
<kw type="kw" name="ContentStudio.Verify Research Panel">
<doc></doc>
<arguments>
<arg>SEARCH</arg>
</arguments>
<msg timestamp="20150915 01:26:58.815" level="TRACE">Arguments: [ u'SEARCH' ]</msg>
<msg timestamp="20150915 01:27:16.311" level="INFO">PASS: Escenic Search Panel reviewed</msg>
<msg timestamp="20150915 01:27:16.312" level="TRACE">Return: None</msg>
<status status="PASS" endtime="20150915 01:27:16.311" starttime="20150915 01:26:58.814"></status>
</kw>
<kw type="kw" name="ContentStudio.Remove Research Panel">
<doc></doc>
<arguments>
</arguments>
<msg timestamp="20150915 01:27:16.313" level="TRACE">Arguments: [  ]</msg>
<msg timestamp="20150915 01:27:27.946" level="INFO">[log] Ctrl+TYPE "8"
[log] CLICK on (1130,407)
[log] CLICK on (960,844)</msg>
<msg timestamp="20150915 01:27:27.947" level="TRACE">Return: None</msg>
<status status="PASS" endtime="20150915 01:27:27.946" starttime="20150915 01:27:16.312"></status>
</kw>
<doc></doc>
<tags>
</tags>
<status status="PASS" critical="yes" endtime="20150915 01:27:27.948" starttime="20150915 01:26:29.707"></status>
</test>
<doc>A test case for Configuring and reviewing Research Panels</doc>
<metadata>
</metadata>
<status status="PASS" endtime="20150915 01:27:27.951" starttime="20150915 01:25:26.463"></status>
</suite>
<suite source="C:\Jenkins\workspace\release-phase-4-3-ContentStudio-test\TestAutomation\ContentStudio\Tests\ContentEngine\1.4.Clipboard.txt" id="s1-s8" name="1.4.Clipboard">
<test id="s1-s8-t1" name="Create A content and check if it's available on clipboard">
<kw type="kw" name="ContentStudio.Close Allopen Tabs">
<doc></doc>
<arguments>
</arguments>
<msg timestamp="20150915 01:27:27.982" level="TRACE">Arguments: [  ]</msg>
<msg timestamp="20150915 01:27:43.055" level="INFO">[log] App.focus Escenic Content Studio (0) #0
[log] Alt+TYPE " "
[log] TYPE "x"
[log] CLICK on (376,55)
[log] CLICK on (213,55)</msg>
<msg timestamp="20150915 01:27:43.057" level="TRACE">Return: None</msg>
<status status="PASS" endtime="20150915 01:27:43.056" starttime="20150915 01:27:27.981"></status>
</kw>
<kw type="kw" name="ContentStudioClipboard.Clean Up Clipboard">
<doc></doc>
<arguments>
</arguments>
<msg timestamp="20150915 01:27:43.058" level="TRACE">Arguments: [  ]</msg>
<msg timestamp="20150915 01:28:22.555" level="INFO">[log] App.focus Escenic Content Studio (0) #0
[log] App.focus Escenic Content Studio (0) #0
[log] CLICK on (14,122)
[log] CLICK on (41,97)
[log] TYPE ""
[log] CLICK on (41,97)
[log] TYPE ""
[log] CLICK on (41,97)
[log] TYPE ""
[log] CLICK on (41,97)
[log] TYPE ""
[log] CLICK on (41,97)
[log] TYPE ""
[log] CLICK on (41,97)
[log] TYPE ""
[log] CLICK on (41,97)
[log] TYPE ""
[log] CLICK on (41,97)
[log] TYPE ""
[log] CLICK on (41,97)
[log] TYPE ""
[log] CLICK on (41,97)
[log] TYPE ""
[log] CLICK on (41,97)
[log] TYPE ""
[log] CLICK on (41,97)
[log] TYPE ""
[log] CLICK on (41,97)
[log] TYPE ""
[log] CLICK on (41,97)
[log] TYPE ""
[log] CLICK on (41,97)
[log] TYPE ""
[log] CLICK on (41,97)</msg>
<msg timestamp="20150915 01:28:22.557" level="TRACE">Return: None</msg>
<status status="PASS" endtime="20150915 01:28:22.557" starttime="20150915 01:27:43.057"></status>
</kw>
<kw type="kw" name="ContentStudio.Create Content In Section">
<doc></doc>
<arguments>
<arg>Home</arg>
</arguments>
<msg timestamp="20150915 01:28:22.559" level="TRACE">Arguments: [ u'Home' ]</msg>
<msg timestamp="20150915 01:29:25.098" level="INFO">Do nothing
Found
Found
Content was successfully created</msg>
<msg timestamp="20150915 01:29:25.099" level="TRACE">Return: None</msg>
<status status="PASS" endtime="20150915 01:29:25.099" starttime="20150915 01:28:22.558"></status>
</kw>
<kw type="kw" name="ContentStudioClipboard.Check Clipboard">
<doc></doc>
<arguments>
</arguments>
<msg timestamp="20150915 01:29:25.101" level="TRACE">Arguments: [  ]</msg>
<msg timestamp="20150915 01:29:36.855" level="INFO">At least one content available in clipboard</msg>
<msg timestamp="20150915 01:29:37.872" level="INFO">[log] App.focus Escenic Content Studio (0) #0
[log] App.focus Escenic Content Studio (0) #0
[log] CLICK on (14,122)
[log] DOUBLE CLICK on (40,105)</msg>
<msg timestamp="20150915 01:29:37.873" level="TRACE">Return: None</msg>
<status status="PASS" endtime="20150915 01:29:37.873" starttime="20150915 01:29:25.100"></status>
</kw>
<doc></doc>
<tags>
</tags>
<status status="PASS" critical="yes" endtime="20150915 01:29:37.875" starttime="20150915 01:27:27.979"></status>
</test>
<test id="s1-s8-t2" name="Drag a story/picture to the list from Clipboard">
<kw type="kw" name="ContentStudio.Delete List">
<doc></doc>
<arguments>
<arg>NewArticles</arg>
<arg>NewsList</arg>
</arguments>
<msg timestamp="20150915 01:29:37.879" level="TRACE">Arguments: [ u'NewArticles' | u'NewsList' ]</msg>
<msg timestamp="20150915 01:30:16.785" level="INFO">Do nothing</msg>
<msg timestamp="20150915 01:30:16.786" level="TRACE">Return: None</msg>
<status status="PASS" endtime="20150915 01:30:16.785" starttime="20150915 01:29:37.879"></status>
</kw>
<kw type="kw" name="ContentStudio.Create New List">
<doc></doc>
<arguments>
<arg>NewArticles</arg>
<arg>NewsList</arg>
</arguments>
<msg timestamp="20150915 01:30:16.789" level="TRACE">Arguments: [ u'NewArticles' | u'NewsList' ]</msg>
<msg timestamp="20150915 01:30:57.907" level="INFO">Do nothing
Do nothing</msg>
<msg timestamp="20150915 01:30:57.908" level="TRACE">Return: None</msg>
<status status="PASS" endtime="20150915 01:30:57.908" starttime="20150915 01:30:16.787"></status>
</kw>
<kw type="kw" name="ContentStudio.Close Allopen Tabs">
<doc></doc>
<arguments>
</arguments>
<msg timestamp="20150915 01:30:57.910" level="TRACE">Arguments: [  ]</msg>
<msg timestamp="20150915 01:31:13.054" level="INFO">[log] App.focus Escenic Content Studio (0) #0
[log] Alt+TYPE " "
[log] TYPE "x"
[log] CLICK on (1182,55)
[log] CLICK on (1019,55)</msg>
<msg timestamp="20150915 01:31:13.055" level="TRACE">Return: None</msg>
<status status="PASS" endtime="20150915 01:31:13.055" starttime="20150915 01:30:57.909"></status>
</kw>
<kw type="kw" name="ContentStudioClipboard.Clean Up Clipboard">
<doc></doc>
<arguments>
</arguments>
<msg timestamp="20150915 01:31:13.057" level="TRACE">Arguments: [  ]</msg>
<msg timestamp="20150915 01:31:33.816" level="INFO">[log] App.focus Escenic Content Studio (0) #0
[log] App.focus Escenic Content Studio (0) #0
[log] CLICK on (14,122)
[log] CLICK on (41,97)
[log] TYPE ""
[log] CLICK on (41,97)</msg>
<msg timestamp="20150915 01:31:33.818" level="TRACE">Return: None</msg>
<status status="PASS" endtime="20150915 01:31:33.818" starttime="20150915 01:31:13.056"></status>
</kw>
<kw type="kw" name="ContentStudio.Create Content In Section">
<doc></doc>
<arguments>
<arg>NewArticles</arg>
</arguments>
<msg timestamp="20150915 01:31:33.821" level="TRACE">Arguments: [ u'NewArticles' ]</msg>
<msg timestamp="20150915 01:32:36.130" level="INFO">Do nothing
Found
Found
Content was successfully created</msg>
<msg timestamp="20150915 01:32:36.131" level="TRACE">Return: None</msg>
<status status="PASS" endtime="20150915 01:32:36.131" starttime="20150915 01:31:33.820"></status>
</kw>
<kw type="kw" name="ContentStudioClipboard.Drag Content">
<doc></doc>
<arguments>
<arg>clipboard_to_list</arg>
<arg>NewsList</arg>
</arguments>
<msg timestamp="20150915 01:32:36.133" level="TRACE">Arguments: [ u'clipboard_to_list' | u'NewsList' ]</msg>
<msg timestamp="20150915 01:32:57.096" level="INFO">Drag from clipboard to list was successful</msg>
<msg timestamp="20150915 01:32:57.097" level="TRACE">Return: None</msg>
<status status="PASS" endtime="20150915 01:32:57.097" starttime="20150915 01:32:36.132"></status>
</kw>
<doc></doc>
<tags>
</tags>
<status status="PASS" critical="yes" endtime="20150915 01:32:57.098" starttime="20150915 01:29:37.877"></status>
</test>
<test id="s1-s8-t3" name="Drag a story/picture from the list to the Clipboard.">
<kw type="kw" name="ContentStudio.Close Allopen Tabs">
<doc></doc>
<arguments>
</arguments>
<msg timestamp="20150915 01:32:57.101" level="TRACE">Arguments: [  ]</msg>
<msg timestamp="20150915 01:33:11.645" level="INFO">[log] App.focus Escenic Content Studio (0) #0
[log] Alt+TYPE " "
[log] TYPE "x"
[log] CLICK on (1182,55)
[log] CLICK on (1019,55)</msg>
<msg timestamp="20150915 01:33:11.646" level="TRACE">Return: None</msg>
<status status="PASS" endtime="20150915 01:33:11.646" starttime="20150915 01:32:57.101"></status>
</kw>
<kw type="kw" name="ContentStudio.Create Content In Section">
<doc></doc>
<arguments>
<arg>NewArticles</arg>
</arguments>
<msg timestamp="20150915 01:33:11.648" level="TRACE">Arguments: [ u'NewArticles' ]</msg>
<msg timestamp="20150915 01:34:20.199" level="INFO">Do nothing
Found
Found
Content was successfully created</msg>
<msg timestamp="20150915 01:34:20.200" level="TRACE">Return: None</msg>
<status status="PASS" endtime="20150915 01:34:20.200" starttime="20150915 01:33:11.647"></status>
</kw>
<kw type="kw" name="ContentStudio.Add Content To List">
<doc></doc>
<arguments>
<arg>NewArticles</arg>
</arguments>
<msg timestamp="20150915 01:34:20.202" level="TRACE">Arguments: [ u'NewArticles' ]</msg>
<msg timestamp="20150915 01:34:49.088" level="INFO">Select The content's list was successful</msg>
<msg timestamp="20150915 01:34:49.089" level="TRACE">Return: None</msg>
<status status="PASS" endtime="20150915 01:34:49.089" starttime="20150915 01:34:20.201"></status>
</kw>
<kw type="kw" name="ContentStudioClipboard.Clean Up Clipboard">
<doc></doc>
<arguments>
</arguments>
<msg timestamp="20150915 01:34:49.090" level="TRACE">Arguments: [  ]</msg>
<msg timestamp="20150915 01:35:11.283" level="INFO">[log] App.focus Escenic Content Studio (0) #0
[log] App.focus Escenic Content Studio (0) #0
[log] CLICK on (14,122)
[log] CLICK on (41,97)
[log] TYPE ""
[log] CLICK on (41,97)
[log] TYPE ""
[log] CLICK on (41,97)</msg>
<msg timestamp="20150915 01:35:11.285" level="TRACE">Return: None</msg>
<status status="PASS" endtime="20150915 01:35:11.284" starttime="20150915 01:34:49.090"></status>
</kw>
<kw type="kw" name="ContentStudioClipboard.Drag Content">
<doc></doc>
<arguments>
<arg>list_to_clipboard</arg>
<arg>NewsList</arg>
</arguments>
<msg timestamp="20150915 01:35:11.286" level="TRACE">Arguments: [ u'list_to_clipboard' | u'NewsList' ]</msg>
<msg timestamp="20150915 01:35:38.303" level="INFO">Do Nothing
Drag from clipboard to list was successful</msg>
<msg timestamp="20150915 01:35:38.304" level="TRACE">Return: None</msg>
<status status="PASS" endtime="20150915 01:35:38.304" starttime="20150915 01:35:11.285"></status>
</kw>
<kw type="kw" name="ContentStudio.Delete List">
<doc></doc>
<arguments>
<arg>NewArticles</arg>
<arg>NewsList</arg>
</arguments>
<msg timestamp="20150915 01:35:38.306" level="TRACE">Arguments: [ u'NewArticles' | u'NewsList' ]</msg>
<msg timestamp="20150915 01:36:15.098" level="INFO">Do nothing</msg>
<msg timestamp="20150915 01:36:15.099" level="TRACE">Return: None</msg>
<status status="PASS" endtime="20150915 01:36:15.099" starttime="20150915 01:35:38.305"></status>
</kw>
<doc></doc>
<tags>
</tags>
<status status="PASS" critical="yes" endtime="20150915 01:36:15.100" starttime="20150915 01:32:57.099"></status>
</test>
<test id="s1-s8-t4" name="Double click on a content of the clipboard">
<kw type="kw" name="ContentStudio.Close Allopen Tabs">
<doc></doc>
<arguments>
</arguments>
<msg timestamp="20150915 01:36:15.103" level="TRACE">Arguments: [  ]</msg>
<msg timestamp="20150915 01:36:25.756" level="INFO">[log] App.focus Escenic Content Studio (0) #0
[log] Alt+TYPE " "
[log] TYPE "x"
[log] CLICK on (1019,55)</msg>
<msg timestamp="20150915 01:36:25.757" level="TRACE">Return: None</msg>
<status status="PASS" endtime="20150915 01:36:25.757" starttime="20150915 01:36:15.103"></status>
</kw>
<kw type="kw" name="ContentStudioClipboard.Clean Up Clipboard">
<doc></doc>
<arguments>
</arguments>
<msg timestamp="20150915 01:36:25.758" level="TRACE">Arguments: [  ]</msg>
<msg timestamp="20150915 01:36:46.572" level="INFO">[log] App.focus Escenic Content Studio (0) #0
[log] App.focus Escenic Content Studio (0) #0
[log] CLICK on (14,122)
[log] CLICK on (41,97)
[log] TYPE ""
[log] CLICK on (41,97)</msg>
<msg timestamp="20150915 01:36:46.573" level="TRACE">Return: None</msg>
<status status="PASS" endtime="20150915 01:36:46.573" starttime="20150915 01:36:25.758"></status>
</kw>
<kw type="kw" name="ContentStudio.Create Content In Section">
<doc></doc>
<arguments>
<arg>Home</arg>
</arguments>
<msg timestamp="20150915 01:36:46.575" level="TRACE">Arguments: [ u'Home' ]</msg>
<msg timestamp="20150915 01:37:48.840" level="INFO">Do nothing
Found
Found
Content was successfully created</msg>
<msg timestamp="20150915 01:37:48.841" level="TRACE">Return: None</msg>
<status status="PASS" endtime="20150915 01:37:48.841" starttime="20150915 01:36:46.574"></status>
</kw>
<kw type="kw" name="ContentStudioClipboard.Check Clipboard">
<doc></doc>
<arguments>
</arguments>
<msg timestamp="20150915 01:37:48.843" level="TRACE">Arguments: [  ]</msg>
<msg timestamp="20150915 01:38:00.634" level="INFO">At least one content available in clipboard</msg>
<msg timestamp="20150915 01:38:01.654" level="INFO">[log] App.focus Escenic Content Studio (0) #0
[log] App.focus Escenic Content Studio (0) #0
[log] CLICK on (14,122)
[log] DOUBLE CLICK on (40,105)</msg>
<msg timestamp="20150915 01:38:01.655" level="TRACE">Return: None</msg>
<status status="PASS" endtime="20150915 01:38:01.655" starttime="20150915 01:37:48.842"></status>
</kw>
<kw type="kw" name="ContentStudioClipboard.Check If Exists">
<doc></doc>
<arguments>
<arg>PublishedContent</arg>
</arguments>
<msg timestamp="20150915 01:38:01.656" level="TRACE">Arguments: [ u'PublishedContent' ]</msg>
<msg timestamp="20150915 01:38:10.879" level="INFO">Exists</msg>
<msg timestamp="20150915 01:38:10.880" level="TRACE">Return: None</msg>
<status status="PASS" endtime="20150915 01:38:10.880" starttime="20150915 01:38:01.656"></status>
</kw>
<doc></doc>
<tags>
</tags>
<status status="PASS" critical="yes" endtime="20150915 01:38:10.881" starttime="20150915 01:36:15.101"></status>
</test>
<test id="s1-s8-t5" name="Remove content from the clipboard">
<kw type="kw" name="ContentStudio.Create Content In Section">
<doc></doc>
<arguments>
<arg>NewArticles</arg>
</arguments>
<msg timestamp="20150915 01:38:10.885" level="TRACE">Arguments: [ u'NewArticles' ]</msg>
<msg timestamp="20150915 01:39:19.142" level="INFO">Do nothing
Found
Found
Content was successfully created</msg>
<msg timestamp="20150915 01:39:19.143" level="TRACE">Return: None</msg>
<status status="PASS" endtime="20150915 01:39:19.143" starttime="20150915 01:38:10.884"></status>
</kw>
<kw type="kw" name="ContentStudioClipboard.Clean Up Clipboard">
<doc></doc>
<arguments>
</arguments>
<msg timestamp="20150915 01:39:19.144" level="TRACE">Arguments: [  ]</msg>
<msg timestamp="20150915 01:39:41.336" level="INFO">[log] App.focus Escenic Content Studio (0) #0
[log] App.focus Escenic Content Studio (0) #0
[log] CLICK on (14,122)
[log] CLICK on (41,97)
[log] TYPE ""
[log] CLICK on (41,97)
[log] TYPE ""
[log] CLICK on (41,97)</msg>
<msg timestamp="20150915 01:39:41.338" level="TRACE">Return: None</msg>
<status status="PASS" endtime="20150915 01:39:41.337" starttime="20150915 01:39:19.144"></status>
</kw>
<kw type="kw" name="ContentStudioClipboard.Check If Not Exists">
<doc></doc>
<arguments>
<arg>InboxItemSelected</arg>
</arguments>
<msg timestamp="20150915 01:39:41.339" level="TRACE">Arguments: [ u'InboxItemSelected' ]</msg>
<msg timestamp="20150915 01:39:53.551" level="INFO">Exists</msg>
<msg timestamp="20150915 01:39:53.552" level="TRACE">Return: None</msg>
<status status="PASS" endtime="20150915 01:39:53.552" starttime="20150915 01:39:41.338"></status>
</kw>
<doc></doc>
<tags>
</tags>
<status status="PASS" critical="yes" endtime="20150915 01:39:53.553" starttime="20150915 01:38:10.882"></status>
</test>
<test id="s1-s8-t6" name="Delete List">
<kw type="kw" name="ContentStudio.Delete List">
<doc></doc>
<arguments>
<arg>NewArticles</arg>
<arg>NewsList</arg>
</arguments>
<msg timestamp="20150915 01:39:53.556" level="TRACE">Arguments: [ u'NewArticles' | u'NewsList' ]</msg>
<msg timestamp="20150915 01:40:32.498" level="INFO">Do nothing</msg>
<msg timestamp="20150915 01:40:32.499" level="TRACE">Return: None</msg>
<status status="PASS" endtime="20150915 01:40:32.498" starttime="20150915 01:39:53.556"></status>
</kw>
<doc></doc>
<tags>
</tags>
<status status="PASS" critical="yes" endtime="20150915 01:40:32.499" starttime="20150915 01:39:53.554"></status>
</test>
<doc>Content Studio Clipboard Test cases</doc>
<metadata>
</metadata>
<status status="PASS" endtime="20150915 01:40:32.507" starttime="20150915 01:27:27.959"></status>
</suite>
<suite source="C:\Jenkins\workspace\release-phase-4-3-ContentStudio-test\TestAutomation\ContentStudio\Tests\ContentEngine\1.5.SearchContent.txt" id="s1-s9" name="1.5.SearchContent">
<test id="s1-s9-t1" name="Search for all content">
<kw type="kw" name="ContentStudio.Switch To Content Studio">
<doc></doc>
<arguments>
</arguments>
<msg timestamp="20150915 01:40:32.568" level="TRACE">Arguments: [  ]</msg>
<msg timestamp="20150915 01:40:36.190" level="INFO">[log] App.focus Escenic Content Studio (0) #0</msg>
<msg timestamp="20150915 01:40:36.191" level="TRACE">Return: None</msg>
<status status="PASS" endtime="20150915 01:40:36.191" starttime="20150915 01:40:32.568"></status>
</kw>
<kw type="kw" name="ContentStudio.Create Content In Section">
<doc></doc>
<arguments>
<arg>Home</arg>
</arguments>
<msg timestamp="20150915 01:40:36.193" level="TRACE">Arguments: [ u'Home' ]</msg>
<msg timestamp="20150915 01:41:35.264" level="INFO">Do nothing
Found
Found
Content was successfully created</msg>
<msg timestamp="20150915 01:41:35.265" level="TRACE">Return: None</msg>
<status status="PASS" endtime="20150915 01:41:35.265" starttime="20150915 01:40:36.192"></status>
</kw>
<kw type="kw" name="ContentStudio.Close Allopen Tabs">
<doc></doc>
<arguments>
</arguments>
<msg timestamp="20150915 01:41:35.267" level="TRACE">Arguments: [  ]</msg>
<msg timestamp="20150915 01:41:54.378" level="INFO">[log] App.focus Escenic Content Studio (0) #0
[log] Alt+TYPE " "
[log] TYPE "x"
[log] CLICK on (1345,55)
[log] CLICK on (1182,55)
[log] CLICK on (1019,55)</msg>
<msg timestamp="20150915 01:41:54.379" level="TRACE">Return: None</msg>
<status status="PASS" endtime="20150915 01:41:54.379" starttime="20150915 01:41:35.266"></status>
</kw>
<kw type="kw" name="SearchContent.Search">
<doc></doc>
<arguments>
<arg>simple</arg>
</arguments>
<msg timestamp="20150915 01:41:54.381" level="TRACE">Arguments: [ u'simple' ]</msg>
<msg timestamp="20150915 01:42:14.436" level="INFO">[log] App.focus Escenic Content Studio (0) #0
[log] CLICK on (13,57)
[log] CLICK on (141,54)</msg>
<msg timestamp="20150915 01:42:14.437" level="TRACE">Return: None</msg>
<status status="PASS" endtime="20150915 01:42:14.436" starttime="20150915 01:41:54.380"></status>
</kw>
<kw type="kw" name="SearchContent.Search">
<doc></doc>
<arguments>
<arg>Advanced</arg>
</arguments>
<msg timestamp="20150915 01:42:14.438" level="TRACE">Arguments: [ u'Advanced' ]</msg>
<msg timestamp="20150915 01:42:37.536" level="INFO">[log] App.focus Escenic Content Studio (0) #0
[log] CLICK on (780,112)
[log] CLICK on (76,211)
[log] CLICK on (141,54)
[log] CLICK on (76,212)
[log] CLICK on (780,112)</msg>
<msg timestamp="20150915 01:42:37.537" level="TRACE">Return: None</msg>
<status status="PASS" endtime="20150915 01:42:37.537" starttime="20150915 01:42:14.437"></status>
</kw>
<doc></doc>
<tags>
</tags>
<status status="PASS" critical="yes" endtime="20150915 01:42:37.538" starttime="20150915 01:40:32.566"></status>
</test>
<doc>Search for all content</doc>
<metadata>
</metadata>
<status status="PASS" endtime="20150915 01:42:37.540" starttime="20150915 01:40:32.518"></status>
</suite>
<suite source="C:\Jenkins\workspace\release-phase-4-3-ContentStudio-test\TestAutomation\ContentStudio\Tests\ContentEngine\1.6.UpdateContent.txt" id="s1-s10" name="1.6.UpdateContent">
<test id="s1-s10-t1" name="Update Article Content">
<kw type="kw" name="ContentStudio.Create Content In Section">
<doc></doc>
<arguments>
<arg>NewArticles</arg>
</arguments>
<msg timestamp="20150915 01:42:37.568" level="TRACE">Arguments: [ u'NewArticles' ]</msg>
<msg timestamp="20150915 01:43:46.788" level="INFO">Do nothing
Found
Found
Content was successfully created</msg>
<msg timestamp="20150915 01:43:46.789" level="TRACE">Return: None</msg>
<status status="PASS" endtime="20150915 01:43:46.789" starttime="20150915 01:42:37.567"></status>
</kw>
<kw type="kw" name="ContentStudio.Update Content">
<doc></doc>
<arguments>
<arg>article</arg>
</arguments>
<msg timestamp="20150915 01:43:46.791" level="TRACE">Arguments: [ u'article' ]</msg>
<msg timestamp="20150915 01:44:05.954" level="INFO">[log] App.focus Escenic Content Studio (0) #0
[log] CLICK on (151,227)
[info] Text Recognizer inited.
[log] CLICK on (976,181)
[log] Ctrl+TYPE "a"
[log] TYPE "Updated Content Title"
[log] CLICK on (1514,950)
[log] CLICK on (1409,652)</msg>
<msg timestamp="20150915 01:44:05.956" level="TRACE">Return: None</msg>
<status status="PASS" endtime="20150915 01:44:05.955" starttime="20150915 01:43:46.790"></status>
</kw>
<kw type="kw" name="ContentStudio.Preview Content">
<doc></doc>
<arguments>
<arg>Simple</arg>
</arguments>
<msg timestamp="20150915 01:44:05.957" level="TRACE">Arguments: [ u'Simple' ]</msg>
<msg timestamp="20150915 01:44:35.861" level="INFO">Found
Found
Found</msg>
<msg timestamp="20150915 01:44:35.862" level="TRACE">Return: None</msg>
<status status="PASS" endtime="20150915 01:44:35.862" starttime="20150915 01:44:05.957"></status>
</kw>
<doc></doc>
<tags>
</tags>
<status status="PASS" critical="yes" endtime="20150915 01:44:35.863" starttime="20150915 01:42:37.565"></status>
</test>
<test id="s1-s10-t2" name="Update Image Content">
<kw type="kw" name="ContentStudio.Create Image In Section">
<doc></doc>
<arguments>
<arg>Home</arg>
</arguments>
<msg timestamp="20150915 01:44:35.866" level="TRACE">Arguments: [ u'Home' ]</msg>
<msg timestamp="20150915 01:45:31.333" level="INFO">Do nothing
Content was successfully created</msg>
<msg timestamp="20150915 01:45:31.334" level="TRACE">Return: None</msg>
<status status="PASS" endtime="20150915 01:45:31.334" starttime="20150915 01:44:35.866"></status>
</kw>
<kw type="kw" name="ContentStudio.Update Content">
<doc></doc>
<arguments>
<arg>image</arg>
</arguments>
<msg timestamp="20150915 01:45:31.336" level="TRACE">Arguments: [ u'image' ]</msg>
<msg timestamp="20150915 01:45:45.838" level="INFO">[log] App.focus Escenic Content Studio (0) #0
[log] Ctrl+TYPE "a"
[log] TYPE "Updated Content Title"
[log] CLICK on (1514,950)
[log] CLICK on (1409,679)</msg>
<msg timestamp="20150915 01:45:45.840" level="TRACE">Return: None</msg>
<status status="PASS" endtime="20150915 01:45:45.840" starttime="20150915 01:45:31.335"></status>
</kw>
<kw type="kw" name="ContentStudio.Preview Content">
<doc></doc>
<arguments>
<arg>All</arg>
</arguments>
<msg timestamp="20150915 01:45:45.843" level="TRACE">Arguments: [ u'All' ]</msg>
<msg timestamp="20150915 01:46:17.256" level="INFO">Found
Found
Found</msg>
<msg timestamp="20150915 01:46:17.257" level="TRACE">Return: None</msg>
<status status="PASS" endtime="20150915 01:46:17.257" starttime="20150915 01:45:45.842"></status>
</kw>
<kw type="kw" name="ContentStudio.Close Browser">
<doc></doc>
<arguments>
</arguments>
<msg timestamp="20150915 01:46:17.258" level="TRACE">Arguments: [  ]</msg>
<msg timestamp="20150915 01:46:32.198" level="INFO">[log] App.focus Mozilla Firefox(0) #0
[log] Alt+TYPE ""
[log] App.focus Firefox(0) #0
[log] CLICK on (795,547)</msg>
<msg timestamp="20150915 01:46:32.199" level="TRACE">Return: None</msg>
<status status="PASS" endtime="20150915 01:46:32.198" starttime="20150915 01:46:17.258"></status>
</kw>
<doc></doc>
<tags>
</tags>
<status status="PASS" critical="yes" endtime="20150915 01:46:32.200" starttime="20150915 01:44:35.864"></status>
</test>
<doc>Update all types of contents</doc>
<metadata>
</metadata>
<status status="PASS" endtime="20150915 01:46:32.203" starttime="20150915 01:42:37.544"></status>
</suite>
<suite source="C:\Jenkins\workspace\release-phase-4-3-ContentStudio-test\TestAutomation\ContentStudio\Tests\ContentEngine\1.7.DeleteContent.txt" id="s1-s11" name="1.7.DeleteContent">
<test id="s1-s11-t1" name="Delete Article Contents">
<kw type="kw" name="ContentStudio.Create Content In Section">
<doc></doc>
<arguments>
<arg>NewArticles</arg>
</arguments>
<msg timestamp="20150915 01:46:32.232" level="TRACE">Arguments: [ u'NewArticles' ]</msg>
<msg timestamp="20150915 01:47:35.813" level="INFO">Do nothing
Found
Found
Content was successfully created</msg>
<msg timestamp="20150915 01:47:35.814" level="TRACE">Return: None</msg>
<status status="PASS" endtime="20150915 01:47:35.814" starttime="20150915 01:46:32.232"></status>
</kw>
<kw type="kw" name="ContentStudio.Delete Content">
<doc></doc>
<arguments>
</arguments>
<msg timestamp="20150915 01:47:35.815" level="TRACE">Arguments: [  ]</msg>
<msg timestamp="20150915 01:47:46.611" level="INFO">[log] App.focus Escenic Content Studio (0) #0
[log] CLICK on (1655,955)
[log] CLICK on (1611,1033)
[log] TYPE "
"</msg>
<msg timestamp="20150915 01:47:46.612" level="TRACE">Return: None</msg>
<status status="PASS" endtime="20150915 01:47:46.612" starttime="20150915 01:47:35.815"></status>
</kw>
<kw type="kw" name="ContentStudioClipboard.Check If Exists">
<doc></doc>
<arguments>
<arg>DeletedButton</arg>
</arguments>
<msg timestamp="20150915 01:47:46.614" level="TRACE">Arguments: [ u'DeletedButton' ]</msg>
<msg timestamp="20150915 01:47:55.805" level="INFO">Exists</msg>
<msg timestamp="20150915 01:47:55.806" level="TRACE">Return: None</msg>
<status status="PASS" endtime="20150915 01:47:55.806" starttime="20150915 01:47:46.613"></status>
</kw>
<kw type="kw" name="ContentStudioClipboard.Check If Not Exists">
<doc></doc>
<arguments>
<arg>PublishButton</arg>
</arguments>
<msg timestamp="20150915 01:47:55.808" level="TRACE">Arguments: [ u'PublishButton' ]</msg>
<msg timestamp="20150915 01:48:06.934" level="INFO">Exists</msg>
<msg timestamp="20150915 01:48:06.935" level="TRACE">Return: None</msg>
<status status="PASS" endtime="20150915 01:48:06.935" starttime="20150915 01:47:55.807"></status>
</kw>
<doc></doc>
<tags>
</tags>
<status status="PASS" critical="yes" endtime="20150915 01:48:06.936" starttime="20150915 01:46:32.229"></status>
</test>
<test id="s1-s11-t2" name="Delete Image Content">
<kw type="kw" name="ContentStudio.Create Image In Section">
<doc></doc>
<arguments>
<arg>NewArticles</arg>
</arguments>
<msg timestamp="20150915 01:48:06.939" level="TRACE">Arguments: [ u'NewArticles' ]</msg>
<msg timestamp="20150915 01:49:02.453" level="INFO">Do nothing
Content was successfully created</msg>
<msg timestamp="20150915 01:49:02.455" level="TRACE">Return: None</msg>
<status status="PASS" endtime="20150915 01:49:02.454" starttime="20150915 01:48:06.939"></status>
</kw>
<kw type="kw" name="ContentStudio.Delete Content">
<doc></doc>
<arguments>
</arguments>
<msg timestamp="20150915 01:49:02.457" level="TRACE">Arguments: [  ]</msg>
<msg timestamp="20150915 01:49:13.276" level="INFO">[log] App.focus Escenic Content Studio (0) #0
[log] CLICK on (1655,955)
[log] CLICK on (1611,1033)
[log] TYPE "
"</msg>
<msg timestamp="20150915 01:49:13.277" level="TRACE">Return: None</msg>
<status status="PASS" endtime="20150915 01:49:13.277" starttime="20150915 01:49:02.457"></status>
</kw>
<kw type="kw" name="ContentStudioClipboard.Check If Exists">
<doc></doc>
<arguments>
<arg>DeletedButton</arg>
</arguments>
<msg timestamp="20150915 01:49:13.279" level="TRACE">Arguments: [ u'DeletedButton' ]</msg>
<msg timestamp="20150915 01:49:22.460" level="INFO">Exists</msg>
<msg timestamp="20150915 01:49:22.461" level="TRACE">Return: None</msg>
<status status="PASS" endtime="20150915 01:49:22.461" starttime="20150915 01:49:13.278"></status>
</kw>
<kw type="kw" name="ContentStudioClipboard.Check If Not Exists">
<doc></doc>
<arguments>
<arg>PublishButton</arg>
</arguments>
<msg timestamp="20150915 01:49:22.463" level="TRACE">Arguments: [ u'PublishButton' ]</msg>
<msg timestamp="20150915 01:49:33.491" level="INFO">Exists</msg>
<msg timestamp="20150915 01:49:33.492" level="TRACE">Return: None</msg>
<status status="PASS" endtime="20150915 01:49:33.492" starttime="20150915 01:49:22.462"></status>
</kw>
<doc></doc>
<tags>
</tags>
<status status="PASS" critical="yes" endtime="20150915 01:49:33.493" starttime="20150915 01:48:06.937"></status>
</test>
<doc>Delete all types of contents</doc>
<metadata>
</metadata>
<status status="PASS" endtime="20150915 01:49:33.496" starttime="20150915 01:46:32.208"></status>
</suite>
<suite source="C:\Jenkins\workspace\release-phase-4-3-ContentStudio-test\TestAutomation\ContentStudio\Tests\ContentEngine\1.8.MoreClipboard.txt" id="s1-s12" name="1.8.MoreClipboard">
<test id="s1-s12-t1" name="Drag article into clipboard">
<kw type="kw" name="ContentStudio.Close Allopen Tabs">
<doc></doc>
<arguments>
</arguments>
<msg timestamp="20150915 01:49:33.523" level="TRACE">Arguments: [  ]</msg>
<msg timestamp="20150915 01:49:55.996" level="INFO">[log] App.focus Escenic Content Studio (0) #0
[log] Alt+TYPE " "
[log] TYPE "x"
[log] CLICK on (702,55)
[log] CLICK on (539,55)
[log] CLICK on (376,55)
[log] CLICK on (213,55)</msg>
<msg timestamp="20150915 01:49:55.998" level="TRACE">Return: None</msg>
<status status="PASS" endtime="20150915 01:49:55.997" starttime="20150915 01:49:33.523"></status>
</kw>
<kw type="kw" name="ContentStudio.Create Content In Section">
<doc></doc>
<arguments>
<arg>NewArticles</arg>
</arguments>
<msg timestamp="20150915 01:49:55.999" level="TRACE">Arguments: [ u'NewArticles' ]</msg>
<msg timestamp="20150915 01:50:59.603" level="INFO">Do nothing
Found
Found
Content was successfully created</msg>
<msg timestamp="20150915 01:50:59.605" level="TRACE">Return: None</msg>
<status status="PASS" endtime="20150915 01:50:59.604" starttime="20150915 01:49:55.998"></status>
</kw>
<kw type="kw" name="ContentStudioClipboard.Clean Up Clipboard">
<doc></doc>
<arguments>
</arguments>
<msg timestamp="20150915 01:50:59.606" level="TRACE">Arguments: [  ]</msg>
<msg timestamp="20150915 01:51:27.140" level="INFO">[log] App.focus Escenic Content Studio (0) #0
[log] App.focus Escenic Content Studio (0) #0
[log] CLICK on (14,122)
[log] CLICK on (41,97)
[log] TYPE ""
[log] CLICK on (41,97)
[log] TYPE ""
[log] CLICK on (41,97)
[log] TYPE ""
[log] CLICK on (41,97)
[log] TYPE ""
[log] CLICK on (41,97)
[log] TYPE ""
[log] CLICK on (41,97)
[log] TYPE ""
[log] CLICK on (41,97)</msg>
<msg timestamp="20150915 01:51:27.142" level="TRACE">Return: None</msg>
<status status="PASS" endtime="20150915 01:51:27.141" starttime="20150915 01:50:59.605"></status>
</kw>
<kw type="kw" name="ContentStudioClipboard.Drag">
<doc></doc>
<arguments>
<arg>CurrentTab</arg>
<arg>EmptyClipboard</arg>
</arguments>
<msg timestamp="20150915 01:51:27.143" level="TRACE">Arguments: [ u'CurrentTab' | u'EmptyClipboard' ]</msg>
<msg timestamp="20150915 01:51:33.605" level="INFO">[log] DRAG (883,57) to (43,101)
[log] CLICK on (41,97)</msg>
<msg timestamp="20150915 01:51:33.606" level="TRACE">Return: None</msg>
<status status="PASS" endtime="20150915 01:51:33.606" starttime="20150915 01:51:27.142"></status>
</kw>
<kw type="kw" name="ContentStudioClipboard.Check If Exists">
<doc></doc>
<arguments>
<arg>InboxItemSelected</arg>
</arguments>
<msg timestamp="20150915 01:51:33.608" level="TRACE">Arguments: [ u'InboxItemSelected' ]</msg>
<msg timestamp="20150915 01:51:42.968" level="INFO">Exists</msg>
<msg timestamp="20150915 01:51:42.969" level="TRACE">Return: None</msg>
<status status="PASS" endtime="20150915 01:51:42.969" starttime="20150915 01:51:33.607"></status>
</kw>
<kw type="kw" name="ContentStudio.Close Browser">
<doc></doc>
<arguments>
</arguments>
<msg timestamp="20150915 01:51:42.970" level="TRACE">Arguments: [  ]</msg>
<msg timestamp="20150915 01:51:57.881" level="INFO">[log] App.focus Mozilla Firefox(0) #0
[log] Alt+TYPE ""
[log] App.focus Firefox(0) #0
[log] CLICK on (795,547)</msg>
<msg timestamp="20150915 01:51:57.882" level="TRACE">Return: None</msg>
<status status="PASS" endtime="20150915 01:51:57.881" starttime="20150915 01:51:42.970"></status>
</kw>
<doc></doc>
<tags>
</tags>
<status status="PASS" critical="yes" endtime="20150915 01:51:57.882" starttime="20150915 01:49:33.521"></status>
</test>
<test id="s1-s12-t2" name="Use Open Selected">
<kw type="kw" name="ContentStudioClipboard.Clean Up Clipboard">
<doc></doc>
<arguments>
</arguments>
<msg timestamp="20150915 01:51:57.886" level="TRACE">Arguments: [  ]</msg>
<msg timestamp="20150915 01:52:23.652" level="INFO">[log] App.focus Escenic Content Studio (0) #0
[log] App.focus Escenic Content Studio (0) #0
[log] CLICK on (16,90)
[log] CLICK on (14,122)
[log] CLICK on (41,97)
[log] TYPE ""
[log] CLICK on (41,97)</msg>
<msg timestamp="20150915 01:52:23.653" level="TRACE">Return: None</msg>
<status status="PASS" endtime="20150915 01:52:23.653" starttime="20150915 01:51:57.885"></status>
</kw>
<kw type="kw" name="ContentStudio.Create Content In Section">
<doc></doc>
<arguments>
<arg>NewArticles</arg>
</arguments>
<msg timestamp="20150915 01:52:23.655" level="TRACE">Arguments: [ u'NewArticles' ]</msg>
<msg timestamp="20150915 01:53:26.542" level="INFO">Do nothing
Found
Found
Content was successfully created</msg>
<msg timestamp="20150915 01:53:26.543" level="TRACE">Return: None</msg>
<status status="PASS" endtime="20150915 01:53:26.543" starttime="20150915 01:52:23.654"></status>
</kw>
<kw type="kw" name="ContentStudioClipboard.Go To Clipboard">
<doc></doc>
<arguments>
</arguments>
<msg timestamp="20150915 01:53:26.544" level="TRACE">Arguments: [  ]</msg>
<msg timestamp="20150915 01:53:31.927" level="INFO">[log] App.focus Escenic Content Studio (0) #0
[log] CLICK on (14,122)</msg>
<msg timestamp="20150915 01:53:31.928" level="TRACE">Return: None</msg>
<status status="PASS" endtime="20150915 01:53:31.927" starttime="20150915 01:53:26.544"></status>
</kw>
<kw type="kw" name="ContentStudio.Close Allopen Tabs">
<doc></doc>
<arguments>
</arguments>
<msg timestamp="20150915 01:53:31.929" level="TRACE">Arguments: [  ]</msg>
<msg timestamp="20150915 01:53:46.480" level="INFO">[log] App.focus Escenic Content Studio (0) #0
[log] Alt+TYPE " "
[log] TYPE "x"
[log] CLICK on (1182,55)
[log] CLICK on (1019,55)</msg>
<msg timestamp="20150915 01:53:46.481" level="TRACE">Return: None</msg>
<status status="PASS" endtime="20150915 01:53:46.481" starttime="20150915 01:53:31.928"></status>
</kw>
<kw type="kw" name="ContentStudioClipboard.Select Item From Clipboard">
<doc></doc>
<arguments>
</arguments>
<msg timestamp="20150915 01:53:46.483" level="TRACE">Arguments: [  ]</msg>
<msg timestamp="20150915 01:53:50.943" level="INFO">[log] CLICK on (41,97)</msg>
<msg timestamp="20150915 01:53:50.944" level="TRACE">Return: None</msg>
<status status="PASS" endtime="20150915 01:53:50.943" starttime="20150915 01:53:46.482"></status>
</kw>
<kw type="kw" name="ContentStudioClipboard.Open Selected">
<doc></doc>
<arguments>
</arguments>
<msg timestamp="20150915 01:53:50.945" level="TRACE">Arguments: [  ]</msg>
<msg timestamp="20150915 01:53:52.120" level="INFO">[log] RIGHT CLICK on (40,105)
[log] TYPE ""
[log] TYPE "
"</msg>
<msg timestamp="20150915 01:53:52.121" level="TRACE">Return: None</msg>
<status status="PASS" endtime="20150915 01:53:52.121" starttime="20150915 01:53:50.944"></status>
</kw>
<kw type="kw" name="ContentStudioClipboard.Check If Exists">
<doc></doc>
<arguments>
<arg>PublishedContent</arg>
</arguments>
<msg timestamp="20150915 01:53:52.123" level="TRACE">Arguments: [ u'PublishedContent' ]</msg>
<msg timestamp="20150915 01:54:01.349" level="INFO">Exists</msg>
<msg timestamp="20150915 01:54:01.350" level="TRACE">Return: None</msg>
<status status="PASS" endtime="20150915 01:54:01.350" starttime="20150915 01:53:52.122"></status>
</kw>
<doc></doc>
<tags>
</tags>
<status status="PASS" critical="yes" endtime="20150915 01:54:01.351" starttime="20150915 01:51:57.883"></status>
</test>
<test id="s1-s12-t3" name="Undo and Redo">
<kw type="kw" name="ContentStudioClipboard.Clean Up Clipboard">
<doc></doc>
<arguments>
</arguments>
<msg timestamp="20150915 01:54:01.354" level="TRACE">Arguments: [  ]</msg>
<msg timestamp="20150915 01:54:26.339" level="INFO">[log] App.focus Escenic Content Studio (0) #0
[log] App.focus Escenic Content Studio (0) #0
[log] CLICK on (16,90)
[log] CLICK on (14,122)
[log] CLICK on (41,97)
[log] TYPE ""
[log] CLICK on (41,97)</msg>
<msg timestamp="20150915 01:54:26.341" level="TRACE">Return: None</msg>
<status status="PASS" endtime="20150915 01:54:26.340" starttime="20150915 01:54:01.354"></status>
</kw>
<kw type="kw" name="ContentStudio.Create Content In Section">
<doc></doc>
<arguments>
<arg>NewArticles</arg>
</arguments>
<msg timestamp="20150915 01:54:26.342" level="TRACE">Arguments: [ u'NewArticles' ]</msg>
<msg timestamp="20150915 01:55:28.775" level="INFO">Do nothing
Found
Found
Content was successfully created</msg>
<msg timestamp="20150915 01:55:28.777" level="TRACE">Return: None</msg>
<status status="PASS" endtime="20150915 01:55:28.776" starttime="20150915 01:54:26.341"></status>
</kw>
<kw type="kw" name="ContentStudioClipboard.Go To Clipboard">
<doc></doc>
<arguments>
</arguments>
<msg timestamp="20150915 01:55:28.779" level="TRACE">Arguments: [  ]</msg>
<msg timestamp="20150915 01:55:33.522" level="INFO">[log] App.focus Escenic Content Studio (0) #0
[log] CLICK on (14,122)</msg>
<msg timestamp="20150915 01:55:33.523" level="TRACE">Return: None</msg>
<status status="PASS" endtime="20150915 01:55:33.522" starttime="20150915 01:55:28.779"></status>
</kw>
<kw type="kw" name="ContentStudioClipboard.Select Item From Clipboard">
<doc></doc>
<arguments>
</arguments>
<msg timestamp="20150915 01:55:33.524" level="TRACE">Arguments: [  ]</msg>
<msg timestamp="20150915 01:55:38.092" level="INFO">[log] CLICK on (41,97)</msg>
<msg timestamp="20150915 01:55:38.093" level="TRACE">Return: None</msg>
<status status="PASS" endtime="20150915 01:55:38.093" starttime="20150915 01:55:33.523"></status>
</kw>
<kw type="kw" name="ContentStudioClipboard.Clean Up Clipboard">
<doc></doc>
<arguments>
</arguments>
<msg timestamp="20150915 01:55:38.094" level="TRACE">Arguments: [  ]</msg>
<msg timestamp="20150915 01:56:03.147" level="INFO">[log] App.focus Escenic Content Studio (0) #0
[log] App.focus Escenic Content Studio (0) #0
[log] CLICK on (16,90)
[log] CLICK on (14,122)
[log] CLICK on (41,97)
[log] TYPE ""
[log] CLICK on (41,97)</msg>
<msg timestamp="20150915 01:56:03.148" level="TRACE">Return: None</msg>
<status status="PASS" endtime="20150915 01:56:03.148" starttime="20150915 01:55:38.094"></status>
</kw>
<kw type="kw" name="ContentStudio.Undo From Menu">
<doc></doc>
<arguments>
</arguments>
<msg timestamp="20150915 01:56:03.150" level="TRACE">Arguments: [  ]</msg>
<msg timestamp="20150915 01:56:03.310" level="INFO">[log] TYPE "
"</msg>
<msg timestamp="20150915 01:56:03.311" level="TRACE">Return: None</msg>
<status status="PASS" endtime="20150915 01:56:03.310" starttime="20150915 01:56:03.149"></status>
</kw>
<kw type="kw" name="ContentStudioClipboard.Select Item From Clipboard">
<doc></doc>
<arguments>
</arguments>
<msg timestamp="20150915 01:56:03.312" level="TRACE">Arguments: [  ]</msg>
<msg timestamp="20150915 01:56:07.784" level="INFO">[log] CLICK on (41,97)</msg>
<msg timestamp="20150915 01:56:07.785" level="TRACE">Return: None</msg>
<status status="PASS" endtime="20150915 01:56:07.785" starttime="20150915 01:56:03.311"></status>
</kw>
<kw type="kw" name="ContentStudioClipboard.Check If Exists">
<doc></doc>
<arguments>
<arg>InboxItemSelected</arg>
</arguments>
<msg timestamp="20150915 01:56:07.787" level="TRACE">Arguments: [ u'InboxItemSelected' ]</msg>
<msg timestamp="20150915 01:56:17.162" level="INFO">Exists</msg>
<msg timestamp="20150915 01:56:17.163" level="TRACE">Return: None</msg>
<status status="PASS" endtime="20150915 01:56:17.163" starttime="20150915 01:56:07.786"></status>
</kw>
<kw type="kw" name="ContentStudio.Redo From Menu">
<doc></doc>
<arguments>
</arguments>
<msg timestamp="20150915 01:56:17.164" level="TRACE">Arguments: [  ]</msg>
<msg timestamp="20150915 01:56:17.366" level="INFO">[log] TYPE "
"</msg>
<msg timestamp="20150915 01:56:17.367" level="TRACE">Return: None</msg>
<status status="PASS" endtime="20150915 01:56:17.367" starttime="20150915 01:56:17.164"></status>
</kw>
<kw type="kw" name="ContentStudioClipboard.Check If Exists">
<doc></doc>
<arguments>
<arg>EmptyClipboard</arg>
</arguments>
<msg timestamp="20150915 01:56:17.368" level="TRACE">Arguments: [ u'EmptyClipboard' ]</msg>
<msg timestamp="20150915 01:56:26.602" level="INFO">Exists</msg>
<msg timestamp="20150915 01:56:26.603" level="TRACE">Return: None</msg>
<status status="PASS" endtime="20150915 01:56:26.603" starttime="20150915 01:56:17.368"></status>
</kw>
<doc></doc>
<tags>
</tags>
<status status="PASS" critical="yes" endtime="20150915 01:56:26.604" starttime="20150915 01:54:01.352"></status>
</test>
<test id="s1-s12-t4" name="Copy, Paste, Cut">
<kw type="kw" name="ContentStudioClipboard.Clean Up Clipboard">
<doc></doc>
<arguments>
</arguments>
<msg timestamp="20150915 01:56:26.607" level="TRACE">Arguments: [  ]</msg>
<msg timestamp="20150915 01:56:50.294" level="INFO">[log] App.focus Escenic Content Studio (0) #0
[log] App.focus Escenic Content Studio (0) #0
[log] CLICK on (16,90)
[log] CLICK on (14,122)
[log] CLICK on (41,97)</msg>
<msg timestamp="20150915 01:56:50.295" level="TRACE">Return: None</msg>
<status status="PASS" endtime="20150915 01:56:50.295" starttime="20150915 01:56:26.607"></status>
</kw>
<kw type="kw" name="ContentStudio.Create Content In Section">
<doc></doc>
<arguments>
<arg>NewArticles</arg>
</arguments>
<msg timestamp="20150915 01:56:50.297" level="TRACE">Arguments: [ u'NewArticles' ]</msg>
<msg timestamp="20150915 01:57:53.221" level="INFO">Do nothing
Found
Found
Content was successfully created</msg>
<msg timestamp="20150915 01:57:53.222" level="TRACE">Return: None</msg>
<status status="PASS" endtime="20150915 01:57:53.222" starttime="20150915 01:56:50.296"></status>
</kw>
<kw type="kw" name="ContentStudioClipboard.Go To Clipboard">
<doc></doc>
<arguments>
</arguments>
<msg timestamp="20150915 01:57:53.224" level="TRACE">Arguments: [  ]</msg>
<msg timestamp="20150915 01:57:57.981" level="INFO">[log] App.focus Escenic Content Studio (0) #0
[log] CLICK on (14,122)</msg>
<msg timestamp="20150915 01:57:57.982" level="TRACE">Return: None</msg>
<status status="PASS" endtime="20150915 01:57:57.981" starttime="20150915 01:57:53.223"></status>
</kw>
<kw type="kw" name="ContentStudioClipboard.Select Item From Clipboard">
<doc></doc>
<arguments>
</arguments>
<msg timestamp="20150915 01:57:57.983" level="TRACE">Arguments: [  ]</msg>
<msg timestamp="20150915 01:58:02.566" level="INFO">[log] CLICK on (41,97)</msg>
<msg timestamp="20150915 01:58:02.567" level="TRACE">Return: None</msg>
<status status="PASS" endtime="20150915 01:58:02.567" starttime="20150915 01:57:57.983"></status>
</kw>
<kw type="kw" name="ContentStudio.Copy From Menu">
<doc></doc>
<arguments>
</arguments>
<msg timestamp="20150915 01:58:02.568" level="TRACE">Arguments: [  ]</msg>
<msg timestamp="20150915 01:58:02.849" level="INFO">[log] TYPE "
"</msg>
<msg timestamp="20150915 01:58:02.849" level="TRACE">Return: None</msg>
<status status="PASS" endtime="20150915 01:58:02.849" starttime="20150915 01:58:02.568"></status>
</kw>
<kw type="kw" name="ContentStudioClipboard.Clean Up Clipboard">
<doc></doc>
<arguments>
</arguments>
<msg timestamp="20150915 01:58:02.851" level="TRACE">Arguments: [  ]</msg>
<msg timestamp="20150915 01:58:27.908" level="INFO">[log] App.focus Escenic Content Studio (0) #0
[log] App.focus Escenic Content Studio (0) #0
[log] CLICK on (16,90)
[log] CLICK on (14,122)
[log] CLICK on (41,97)
[log] TYPE ""
[log] CLICK on (41,97)</msg>
<msg timestamp="20150915 01:58:27.909" level="TRACE">Return: None</msg>
<status status="PASS" endtime="20150915 01:58:27.909" starttime="20150915 01:58:02.850"></status>
</kw>
<kw type="kw" name="ContentStudio.Paste From Menu">
<doc></doc>
<arguments>
</arguments>
<msg timestamp="20150915 01:58:27.911" level="TRACE">Arguments: [  ]</msg>
<msg timestamp="20150915 01:58:28.232" level="INFO">[log] TYPE "
"</msg>
<msg timestamp="20150915 01:58:28.232" level="TRACE">Return: None</msg>
<status status="PASS" endtime="20150915 01:58:28.232" starttime="20150915 01:58:27.910"></status>
</kw>
<kw type="kw" name="ContentStudioClipboard.Check If Exists">
<doc></doc>
<arguments>
<arg>InboxItemSelected</arg>
</arguments>
<msg timestamp="20150915 01:58:28.236" level="TRACE">Arguments: [ u'InboxItemSelected' ]</msg>
<msg timestamp="20150915 01:58:37.575" level="INFO">Exists</msg>
<msg timestamp="20150915 01:58:37.576" level="TRACE">Return: None</msg>
<status status="PASS" endtime="20150915 01:58:37.576" starttime="20150915 01:58:28.235"></status>
</kw>
<kw type="kw" name="ContentStudio.Cut From Menu">
<doc></doc>
<arguments>
</arguments>
<msg timestamp="20150915 01:58:37.578" level="TRACE">Arguments: [  ]</msg>
<msg timestamp="20150915 01:58:37.818" level="INFO">[log] TYPE "
"</msg>
<msg timestamp="20150915 01:58:37.819" level="TRACE">Return: None</msg>
<status status="PASS" endtime="20150915 01:58:37.819" starttime="20150915 01:58:37.577"></status>
</kw>
<kw type="kw" name="ContentStudio.Paste From Menu">
<doc></doc>
<arguments>
</arguments>
<msg timestamp="20150915 01:58:37.820" level="TRACE">Arguments: [  ]</msg>
<msg timestamp="20150915 01:58:38.142" level="INFO">[log] TYPE "
"</msg>
<msg timestamp="20150915 01:58:38.143" level="TRACE">Return: None</msg>
<status status="PASS" endtime="20150915 01:58:38.143" starttime="20150915 01:58:37.820"></status>
</kw>
<doc></doc>
<tags>
</tags>
<status status="PASS" critical="yes" endtime="20150915 01:58:38.144" starttime="20150915 01:56:26.605"></status>
</test>
<doc>More Clipboard TC from ET</doc>
<metadata>
</metadata>
<status status="PASS" endtime="20150915 01:58:38.149" starttime="20150915 01:49:33.501"></status>
</suite>
<suite source="C:\Jenkins\workspace\release-phase-4-3-ContentStudio-test\TestAutomation\ContentStudio\Tests\ContentEngine\1.9.1.0.VF-5864-OpenSearch.txt" id="s1-s13" name="1.9.1.0.VF-5864-OpenSearch">
<test id="s1-s13-t1" name="Testcase for custom search link provided by opensearch">
<kw type="kw" name="ContentStudio.Switch To Content Studio">
<doc></doc>
<arguments>
</arguments>
<msg timestamp="20150915 01:58:38.274" level="TRACE">Arguments: [  ]</msg>
<msg timestamp="20150915 01:58:41.776" level="INFO">[log] App.focus Escenic Content Studio (0) #0</msg>
<msg timestamp="20150915 01:58:41.777" level="TRACE">Return: None</msg>
<status status="PASS" endtime="20150915 01:58:41.777" starttime="20150915 01:58:38.274"></status>
</kw>
<kw type="kw" name="ContentStudio.Close Allopen Tabs">
<doc></doc>
<arguments>
</arguments>
<msg timestamp="20150915 01:58:41.779" level="TRACE">Arguments: [  ]</msg>
<msg timestamp="20150915 01:59:00.883" level="INFO">[log] App.focus Escenic Content Studio (0) #0
[log] Alt+TYPE " "
[log] TYPE "x"
[log] CLICK on (1345,55)
[log] CLICK on (1182,55)
[log] CLICK on (1019,55)</msg>
<msg timestamp="20150915 01:59:00.884" level="TRACE">Return: None</msg>
<status status="PASS" endtime="20150915 01:59:00.884" starttime="20150915 01:58:41.778"></status>
</kw>
<kw type="kw" name="ContentStudioClipboard.Check If Not Exists">
<doc></doc>
<arguments>
<arg>ContentUrl</arg>
</arguments>
<msg timestamp="20150915 01:59:00.886" level="TRACE">Arguments: [ u'ContentUrl' ]</msg>
<msg timestamp="20150915 01:59:12.685" level="INFO">Exists</msg>
<msg timestamp="20150915 01:59:12.686" level="TRACE">Return: None</msg>
<status status="PASS" endtime="20150915 01:59:12.686" starttime="20150915 01:59:00.885"></status>
</kw>
<kw type="kw" name="eceSikuli.Click Element If Exists">
<doc></doc>
<arguments>
<arg>SearchTab</arg>
<arg>SearchTab</arg>
</arguments>
<msg timestamp="20150915 01:59:12.688" level="TRACE">Arguments: [ u'SearchTab' | u'SearchTab' ]</msg>
<msg timestamp="20150915 01:59:23.222" level="INFO">[log] CLICK on (13,57)</msg>
<msg timestamp="20150915 01:59:23.223" level="TRACE">Return: None</msg>
<status status="PASS" endtime="20150915 01:59:23.223" starttime="20150915 01:59:12.687"></status>
</kw>
<kw type="kw" name="SikuliCS.Wait For">
<doc></doc>
<arguments>
<arg>1</arg>
</arguments>
<msg timestamp="20150915 01:59:23.225" level="TRACE">Arguments: [ u'1' ]</msg>
<msg timestamp="20150915 01:59:24.225" level="TRACE">Return: None</msg>
<status status="PASS" endtime="20150915 01:59:24.225" starttime="20150915 01:59:23.224"></status>
</kw>
<kw type="kw" name="eceSikuli.Click Element">
<doc></doc>
<arguments>
<arg>FindTextBox</arg>
<arg>20</arg>
<arg>0</arg>
</arguments>
<msg timestamp="20150915 01:59:24.227" level="TRACE">Arguments: [ u'FindTextBox' | u'20' | u'0' ]</msg>
<msg timestamp="20150915 01:59:33.015" level="INFO">[log] CLICK on (67,86)</msg>
<msg timestamp="20150915 01:59:33.016" level="TRACE">Return: None</msg>
<status status="PASS" endtime="20150915 01:59:33.016" starttime="20150915 01:59:24.226"></status>
</kw>
<kw type="kw" name="SearchContent.Clear Search">
<doc></doc>
<arguments>
</arguments>
<msg timestamp="20150915 01:59:33.017" level="TRACE">Arguments: [  ]</msg>
<msg timestamp="20150915 01:59:35.078" level="INFO">[log] TYPE ""</msg>
<msg timestamp="20150915 01:59:35.079" level="TRACE">Return: None</msg>
<status status="PASS" endtime="20150915 01:59:35.078" starttime="20150915 01:59:33.017"></status>
</kw>
<kw type="kw" name="eceSikuli.Click Element">
<doc></doc>
<arguments>
<arg>ExternalECEContent</arg>
</arguments>
<msg timestamp="20150915 01:59:35.080" level="TRACE">Arguments: [ u'ExternalECEContent' ]</msg>
<msg timestamp="20150915 01:59:43.405" level="INFO">[log] CLICK on (166,149)</msg>
<msg timestamp="20150915 01:59:43.406" level="TRACE">Return: None</msg>
<status status="PASS" endtime="20150915 01:59:43.406" starttime="20150915 01:59:35.080"></status>
</kw>
<kw type="kw" name="SikuliCS.Wait For">
<doc></doc>
<arguments>
<arg>Hit</arg>
<arg>100</arg>
</arguments>
<msg timestamp="20150915 01:59:43.408" level="TRACE">Arguments: [ u'Hit' | u'100' ]</msg>
<msg timestamp="20150915 01:59:44.220" level="INFO">Found</msg>
<msg timestamp="20150915 01:59:44.221" level="TRACE">Return: None</msg>
<status status="PASS" endtime="20150915 01:59:44.221" starttime="20150915 01:59:43.407"></status>
</kw>
<kw type="kw" name="eceSikuli.Click Element">
<doc></doc>
<arguments>
<arg>Hit</arg>
<arg>-15</arg>
<arg>30</arg>
</arguments>
<msg timestamp="20150915 01:59:44.223" level="TRACE">Arguments: [ u'Hit' | u'-15' | u'30' ]</msg>
<msg timestamp="20150915 01:59:52.558" level="INFO">[log] CLICK on (75,243)</msg>
<msg timestamp="20150915 01:59:52.559" level="TRACE">Return: None</msg>
<status status="PASS" endtime="20150915 01:59:52.559" starttime="20150915 01:59:44.222"></status>
</kw>
<kw type="kw" name="eceSikuli.Type Key">
<doc></doc>
<arguments>
<arg>ENTER</arg>
</arguments>
<msg timestamp="20150915 01:59:52.560" level="TRACE">Arguments: [ u'ENTER' ]</msg>
<msg timestamp="20150915 01:59:52.601" level="INFO">[log] TYPE "
"</msg>
<msg timestamp="20150915 01:59:52.602" level="TRACE">Return: None</msg>
<status status="PASS" endtime="20150915 01:59:52.602" starttime="20150915 01:59:52.560"></status>
</kw>
<kw type="kw" name="SikuliCS.Wait For">
<doc></doc>
<arguments>
<arg>ContentUrl</arg>
<arg>100</arg>
</arguments>
<msg timestamp="20150915 01:59:52.603" level="TRACE">Arguments: [ u'ContentUrl' | u'100' ]</msg>
<msg timestamp="20150915 01:59:53.957" level="INFO">Found</msg>
<msg timestamp="20150915 01:59:53.958" level="TRACE">Return: None</msg>
<status status="PASS" endtime="20150915 01:59:53.958" starttime="20150915 01:59:52.602"></status>
</kw>
<kw type="kw" name="ContentStudioClipboard.Check If Exists">
<doc></doc>
<arguments>
<arg>ContentUrl</arg>
</arguments>
<msg timestamp="20150915 01:59:53.960" level="TRACE">Arguments: [ u'ContentUrl' ]</msg>
<msg timestamp="20150915 02:00:03.080" level="INFO">Exists</msg>
<msg timestamp="20150915 02:00:03.081" level="TRACE">Return: None</msg>
<status status="PASS" endtime="20150915 02:00:03.081" starttime="20150915 01:59:53.959"></status>
</kw>
<doc></doc>
<tags>
</tags>
<status status="PASS" critical="yes" endtime="20150915 02:00:03.082" starttime="20150915 01:58:38.271"></status>
</test>
<doc>Testcase for custom search link provided by opensearch</doc>
<metadata>
</metadata>
<status status="PASS" endtime="20150915 02:00:03.084" starttime="20150915 01:58:38.157"></status>
</suite>
<suite source="C:\Jenkins\workspace\release-phase-4-3-ContentStudio-test\TestAutomation\ContentStudio\Tests\ContentEngine\1.9.1.1.Locking.txt" id="s1-s14" name="1.9.1.1.Locking">
<test id="s1-s14-t1" name="Locking">
<kw type="kw" name="ContentStudio.Close Allopen Tabs">
<doc></doc>
<arguments>
</arguments>
<msg timestamp="20150915 02:00:03.115" level="TRACE">Arguments: [  ]</msg>
[...]
</kw>
<kw type="kw" name="eceSikuli.Click Element">
<doc></doc>
<arguments>
<arg>SportsSection</arg>
</arguments>
<msg timestamp="20150915 02:36:24.261" level="TRACE">Arguments: [ u'SportsSection' ]</msg>
<msg timestamp="20150915 02:36:32.567" level="INFO">[log] CLICK on (112,178)</msg>
<msg timestamp="20150915 02:36:32.568" level="TRACE">Return: None</msg>
<status status="PASS" endtime="20150915 02:36:32.568" starttime="20150915 02:36:24.260"></status>
</kw>
<kw type="kw" name="eceSikuli.Click Element">
<doc></doc>
<arguments>
<arg>HomeSection</arg>
</arguments>
<msg timestamp="20150915 02:36:32.569" level="TRACE">Arguments: [ u'HomeSection' ]</msg>
<msg timestamp="20150915 02:36:41.017" level="INFO">[log] CLICK on (57,50)</msg>
<msg timestamp="20150915 02:36:41.018" level="TRACE">Return: None</msg>
<status status="PASS" endtime="20150915 02:36:41.018" starttime="20150915 02:36:32.569"></status>
</kw>
<kw type="kw" name="eceSikuli.Click Element If Exists">
<doc></doc>
<arguments>
<arg>ExpansionIcon</arg>
<arg>ExpansionIcon</arg>
</arguments>
<msg timestamp="20150915 02:36:41.020" level="TRACE">Arguments: [ u'ExpansionIcon' | u'ExpansionIcon' ]</msg>
<msg timestamp="20150915 02:36:46.205" level="TRACE">Return: None</msg>
<status status="PASS" endtime="20150915 02:36:46.205" starttime="20150915 02:36:41.019"></status>
</kw>
<kw type="kw" name="eceSikuli.Click Element If Exists">
<doc></doc>
<arguments>
<arg>ExpansionIcon</arg>
<arg>ExpansionIcon</arg>
</arguments>
<msg timestamp="20150915 02:36:46.207" level="TRACE">Arguments: [ u'ExpansionIcon' | u'ExpansionIcon' ]</msg>
<msg timestamp="20150915 02:36:51.516" level="TRACE">Return: None</msg>
<status status="PASS" endtime="20150915 02:36:51.516" starttime="20150915 02:36:46.206"></status>
</kw>
<kw type="kw" name="eceSikuli.Click Element If Exists">
<doc></doc>
<arguments>
<arg>ExpansionIcon</arg>
<arg>ExpansionIcon</arg>
</arguments>
<msg timestamp="20150915 02:36:51.518" level="TRACE">Arguments: [ u'ExpansionIcon' | u'ExpansionIcon' ]</msg>
<msg timestamp="20150915 02:36:56.803" level="TRACE">Return: None</msg>
<status status="PASS" endtime="20150915 02:36:56.803" starttime="20150915 02:36:51.517"></status>
</kw>
<kw type="kw" name="eceSikuli.Click Element If Exists">
<doc></doc>
<arguments>
<arg>ExpansionIcon</arg>
<arg>ExpansionIcon</arg>
</arguments>
<msg timestamp="20150915 02:36:56.805" level="TRACE">Arguments: [ u'ExpansionIcon' | u'ExpansionIcon' ]</msg>
<msg timestamp="20150915 02:37:02.011" level="TRACE">Return: None</msg>
<status status="PASS" endtime="20150915 02:37:02.011" starttime="20150915 02:36:56.804"></status>
</kw>
<kw type="kw" name="ContentStudio.Right Click Section">
<doc></doc>
<arguments>
<arg>${SectionName}</arg>
</arguments>
<msg timestamp="20150915 02:37:02.014" level="TRACE">Arguments: [ u'FrontPageTemplate' ]</msg>
<msg timestamp="20150915 02:37:18.258" level="INFO">Do nothing</msg>
<msg timestamp="20150915 02:37:18.259" level="TRACE">Return: None</msg>
<status status="PASS" endtime="20150915 02:37:18.259" starttime="20150915 02:37:02.013"></status>
</kw>
<kw type="kw" name="eceSikuli.Type Key">
<doc></doc>
<arguments>
<arg>ENTER</arg>
</arguments>
<msg timestamp="20150915 02:37:18.260" level="TRACE">Arguments: [ u'ENTER' ]</msg>
<msg timestamp="20150915 02:37:18.301" level="INFO">[log] TYPE "
"</msg>
<msg timestamp="20150915 02:37:18.302" level="TRACE">Return: None</msg>
<status status="PASS" endtime="20150915 02:37:18.302" starttime="20150915 02:37:18.260"></status>
</kw>
<kw type="kw" name="SikuliCS.Wait For">
<doc></doc>
<arguments>
<arg>5</arg>
</arguments>
<msg timestamp="20150915 02:37:18.303" level="TRACE">Arguments: [ u'5' ]</msg>
<msg timestamp="20150915 02:37:23.303" level="TRACE">Return: None</msg>
<status status="PASS" endtime="20150915 02:37:23.303" starttime="20150915 02:37:18.302"></status>
</kw>
<msg timestamp="20150915 02:37:23.304" level="TRACE">Return: None</msg>
<status status="PASS" endtime="20150915 02:37:23.304" starttime="20150915 02:36:19.123"></status>
</kw>
<kw type="kw" name="SikuliCS.Wait For">
<doc></doc>
<arguments>
<arg>5</arg>
</arguments>
<msg timestamp="20150915 02:37:23.305" level="TRACE">Arguments: [ u'5' ]</msg>
<msg timestamp="20150915 02:37:28.307" level="TRACE">Return: None</msg>
<status status="PASS" endtime="20150915 02:37:28.307" starttime="20150915 02:37:23.305"></status>
</kw>
<kw type="kw" name="eceSikuli.Click Element If Exists">
<doc></doc>
<arguments>
<arg>WidgetListView</arg>
<arg>WidgetListView</arg>
</arguments>
<msg timestamp="20150915 02:37:28.309" level="TRACE">Arguments: [ u'WidgetListView' | u'WidgetListView' ]</msg>
<msg timestamp="20150915 02:37:38.717" level="INFO">[log] CLICK on (934,408)</msg>
<msg timestamp="20150915 02:37:38.718" level="TRACE">Return: None</msg>
<status status="PASS" endtime="20150915 02:37:38.718" starttime="20150915 02:37:28.308"></status>
</kw>
<kw type="kw" name="eceSikuli.Type Key">
<doc></doc>
<arguments>
<arg>DELETE</arg>
</arguments>
<msg timestamp="20150915 02:37:38.719" level="TRACE">Arguments: [ u'DELETE' ]</msg>
<msg timestamp="20150915 02:37:38.760" level="INFO">[log] TYPE ""</msg>
<msg timestamp="20150915 02:37:38.761" level="TRACE">Return: None</msg>
<status status="PASS" endtime="20150915 02:37:38.761" starttime="20150915 02:37:38.719"></status>
</kw>
<kw type="kw" name="eceSikuli.Click Element If Exists">
<doc></doc>
<arguments>
<arg>NavbarAreaOpen</arg>
<arg>NavbarAreaOpen</arg>
<arg>-11</arg>
<arg>-21</arg>
</arguments>
<msg timestamp="20150915 02:37:38.762" level="TRACE">Arguments: [ u'NavbarAreaOpen' | u'NavbarAreaOpen' | u'-11' | u'-21' ]</msg>
<msg timestamp="20150915 02:37:44.202" level="TRACE">Return: None</msg>
<status status="PASS" endtime="20150915 02:37:44.202" starttime="20150915 02:37:38.761"></status>
</kw>
<kw type="kw" name="eceSikuli.Click Element">
<doc></doc>
<arguments>
<arg>PublishButtonSimple</arg>
</arguments>
<msg timestamp="20150915 02:37:44.204" level="TRACE">Arguments: [ u'PublishButtonSimple' ]</msg>
<msg timestamp="20150915 02:37:52.560" level="INFO">[log] CLICK on (1412,951)</msg>
<msg timestamp="20150915 02:37:52.561" level="TRACE">Return: None</msg>
<status status="PASS" endtime="20150915 02:37:52.561" starttime="20150915 02:37:44.203"></status>
</kw>
<doc></doc>
<tags>
<tag>non-critical</tag>
</tags>
<status status="PASS" critical="no" endtime="20150915 02:37:52.562" starttime="20150915 02:36:04.525"></status>
</test>
<doc>Create a Teaser Widget with Data source query by section</doc>
<metadata>
</metadata>
<status status="PASS" endtime="20150915 02:37:52.565" starttime="20150915 02:27:08.078"></status>
</suite>
<suite source="C:\Jenkins\workspace\release-phase-4-3-ContentStudio-test\TestAutomation\ContentStudio\Tests\ContentEngine\2.4.UrlRedirection.txt" id="s1-s24" name="2.4.UrlRedirection">
<test id="s1-s24-t1" name="Check if section url redirection works properly">
<kw type="kw" name="BuiltIn.Set Tags">
<doc>Adds given `tags` for the current test or all tests in a suite.</doc>
<arguments>
<arg>non-critical</arg>
</arguments>
<msg timestamp="20150915 02:37:52.625" level="TRACE">Arguments: [ u'non-critical' ]</msg>
<msg timestamp="20150915 02:37:52.626" level="INFO">Set tag 'non-critical'.</msg>
<msg timestamp="20150915 02:37:52.626" level="TRACE">Return: None</msg>
<status status="PASS" endtime="20150915 02:37:52.626" starttime="20150915 02:37:52.624"></status>
</kw>
<kw type="kw" name="eceSikuli.Open Browser To Publication">
<doc></doc>
<arguments>
<arg>sports</arg>
</arguments>
<msg timestamp="20150915 02:37:52.627" level="TRACE">Arguments: [ u'sports' ]</msg>
<msg timestamp="20150915 02:38:23.406" level="INFO">[log] App.open C:\Program Files\Mozilla Firefox\firefox.exe(3444)
[log] App.focus Mozilla Firefox(0) #0
[log] Ctrl+TYPE "l"
[log] TYPE "
"
[log] Alt+TYPE " "
[log] TYPE "x"</msg>
<msg timestamp="20150915 02:38:23.408" level="TRACE">Return: None</msg>
<status status="PASS" endtime="20150915 02:38:23.407" starttime="20150915 02:37:52.627"></status>
</kw>
<kw type="kw" name="ContentStudioClipboard.Check If Exists">
<doc></doc>
<arguments>
<arg>SectionUrlRedirectionAssertion</arg>
</arguments>
<msg timestamp="20150915 02:38:23.409" level="TRACE">Arguments: [ u'SectionUrlRedirectionAssertion' ]</msg>
<msg timestamp="20150915 02:38:32.604" level="INFO">Exists</msg>
<msg timestamp="20150915 02:38:32.604" level="TRACE">Return: None</msg>
<status status="PASS" endtime="20150915 02:38:32.604" starttime="20150915 02:38:23.408"></status>
</kw>
<kw type="kw" name="ContentStudio.Close Browser">
<doc></doc>
<arguments>
</arguments>
<msg timestamp="20150915 02:38:32.606" level="TRACE">Arguments: [  ]</msg>
<msg timestamp="20150915 02:38:49.629" level="INFO">[log] App.focus Mozilla Firefox(0) #0
[log] Alt+TYPE ""</msg>
<msg timestamp="20150915 02:38:49.630" level="TRACE">Return: None</msg>
<status status="PASS" endtime="20150915 02:38:49.630" starttime="20150915 02:38:32.605"></status>
</kw>
<doc></doc>
<tags>
<tag>non-critical</tag>
</tags>
<status status="PASS" critical="no" endtime="20150915 02:38:49.631" starttime="20150915 02:37:52.622"></status>
</test>
<test id="s1-s24-t2" name="Check if redirection works with special character in pretty url">
<kw type="kw" name="BuiltIn.Set Tags">
<doc>Adds given `tags` for the current test or all tests in a suite.</doc>
<arguments>
<arg>non-critical</arg>
</arguments>
<msg timestamp="20150915 02:38:49.635" level="TRACE">Arguments: [ u'non-critical' ]</msg>
<msg timestamp="20150915 02:38:49.636" level="INFO">Set tag 'non-critical'.</msg>
<msg timestamp="20150915 02:38:49.637" level="TRACE">Return: None</msg>
<status status="PASS" endtime="20150915 02:38:49.636" starttime="20150915 02:38:49.635"></status>
</kw>
<kw type="kw" name="ContentStudio.Switch To Content Studio">
<doc></doc>
<arguments>
</arguments>
<msg timestamp="20150915 02:38:49.638" level="TRACE">Arguments: [  ]</msg>
<msg timestamp="20150915 02:38:53.229" level="INFO">[log] App.focus Escenic Content Studio (0) #0</msg>
<msg timestamp="20150915 02:38:53.230" level="TRACE">Return: None</msg>
<status status="PASS" endtime="20150915 02:38:53.230" starttime="20150915 02:38:49.637"></status>
</kw>
<kw type="kw" name="SikuliCS.Wait For">
<doc></doc>
<arguments>
<arg>5</arg>
</arguments>
<msg timestamp="20150915 02:38:53.232" level="TRACE">Arguments: [ u'5' ]</msg>
<msg timestamp="20150915 02:38:58.232" level="TRACE">Return: None</msg>
<status status="PASS" endtime="20150915 02:38:58.232" starttime="20150915 02:38:53.231"></status>
</kw>
<kw type="kw" name="eceSikuli.Change Input Language">
<doc></doc>
<arguments>
</arguments>
<msg timestamp="20150915 02:38:58.234" level="TRACE">Arguments: [  ]</msg>
<msg timestamp="20150915 02:39:00.294" level="INFO">[log] Alt+TYPE ""</msg>
<msg timestamp="20150915 02:39:00.295" level="TRACE">Return: None</msg>
<status status="PASS" endtime="20150915 02:39:00.294" starttime="20150915 02:38:58.233"></status>
</kw>
<kw type="kw" name="SikuliCS.Wait For">
<doc></doc>
<arguments>
<arg>5</arg>
</arguments>
<msg timestamp="20150915 02:39:00.296" level="TRACE">Arguments: [ u'5' ]</msg>
<msg timestamp="20150915 02:39:05.296" level="TRACE">Return: None</msg>
<status status="PASS" endtime="20150915 02:39:05.296" starttime="20150915 02:39:00.295"></status>
</kw>
<kw type="kw" name="eceSikuli.Change Input Language">
<doc></doc>
<arguments>
</arguments>
<msg timestamp="20150915 02:39:05.298" level="TRACE">Arguments: [  ]</msg>
<msg timestamp="20150915 02:39:07.358" level="INFO">[log] Alt+TYPE ""</msg>
<msg timestamp="20150915 02:39:07.359" level="TRACE">Return: None</msg>
<status status="PASS" endtime="20150915 02:39:07.358" starttime="20150915 02:39:05.297"></status>
</kw>
<kw type="kw" name="ContentStudio.Create Content In Section">
<doc></doc>
<arguments>
<arg>News</arg>
<arg>Test ']'</arg>
</arguments>
<msg timestamp="20150915 02:39:07.360" level="TRACE">Arguments: [ u'News' | u"Test ']'" ]</msg>
<msg timestamp="20150915 02:39:55.778" level="INFO">Found
Found
Content was successfully created</msg>
<msg timestamp="20150915 02:39:55.779" level="TRACE">Return: None</msg>
<status status="PASS" endtime="20150915 02:39:55.779" starttime="20150915 02:39:07.360"></status>
</kw>
<kw type="kw" name="SikuliCS.Wait For">
<doc></doc>
<arguments>
<arg>120</arg>
</arguments>
<msg timestamp="20150915 02:39:55.781" level="TRACE">Arguments: [ u'120' ]</msg>
<msg timestamp="20150915 02:41:55.783" level="TRACE">Return: None</msg>
<status status="PASS" endtime="20150915 02:41:55.782" starttime="20150915 02:39:55.780"></status>
</kw>
<kw type="kw" name="ContentStudio.Switch To Content Studio">
<doc></doc>
<arguments>
</arguments>
<msg timestamp="20150915 02:41:55.784" level="TRACE">Arguments: [  ]</msg>
<msg timestamp="20150915 02:41:59.416" level="INFO">[log] App.focus Escenic Content Studio (0) #0</msg>
<msg timestamp="20150915 02:41:59.417" level="TRACE">Return: None</msg>
<status status="PASS" endtime="20150915 02:41:59.417" starttime="20150915 02:41:55.784"></status>
</kw>
<kw type="kw" name="${contentID} = eceSikuli.Get Content Id">
<doc></doc>
<arguments>
</arguments>
<msg timestamp="20150915 02:41:59.419" level="TRACE">Arguments: [  ]</msg>
<msg timestamp="20150915 02:42:09.959" level="INFO">[log] App.focus Escenic Content Studio (0) #0
[log] DOUBLE CLICK on (1484,362)
[log] Ctrl+TYPE "c"</msg>
<msg timestamp="20150915 02:42:09.961" level="TRACE">Return: u'3382'</msg>
<msg timestamp="20150915 02:42:09.962" level="INFO">${contentID} = 3382</msg>
<status status="PASS" endtime="20150915 02:42:09.961" starttime="20150915 02:41:59.418"></status>
</kw>
<kw type="kw" name="eceSikuli.Open Browser To Publication">
<doc></doc>
<arguments>
<arg>news/article${contentID}.ece</arg>
</arguments>
<msg timestamp="20150915 02:42:09.964" level="TRACE">Arguments: [ u'news/article3382.ece' ]</msg>
<msg timestamp="20150915 02:42:40.847" level="INFO">[log] App.open C:\Program Files\Mozilla Firefox\firefox.exe(4008)
[log] App.focus Mozilla Firefox(0) #0
[log] Ctrl+TYPE "l"
[log] TYPE "
"
[log] Alt+TYPE " "
[log] TYPE "x"</msg>
<msg timestamp="20150915 02:42:40.848" level="TRACE">Return: None</msg>
<status status="PASS" endtime="20150915 02:42:40.848" starttime="20150915 02:42:09.963"></status>
</kw>
<kw type="kw" name="ContentStudioClipboard.Check If Exists">
<doc></doc>
<arguments>
<arg>ArticleUrlRedirectionAssertion</arg>
</arguments>
<msg timestamp="20150915 02:42:40.850" level="TRACE">Arguments: [ u'ArticleUrlRedirectionAssertion' ]</msg>
<msg timestamp="20150915 02:42:50.215" level="INFO">Exists</msg>
<msg timestamp="20150915 02:42:50.215" level="TRACE">Return: None</msg>
<status status="PASS" endtime="20150915 02:42:50.215" starttime="20150915 02:42:40.849"></status>
</kw>
<kw type="kw" name="ContentStudio.Close Browser">
<doc></doc>
<arguments>
</arguments>
<msg timestamp="20150915 02:42:50.217" level="TRACE">Arguments: [  ]</msg>
<msg timestamp="20150915 02:43:07.260" level="INFO">[log] App.focus Mozilla Firefox(0) #0
[log] Alt+TYPE ""</msg>
<msg timestamp="20150915 02:43:07.261" level="TRACE">Return: None</msg>
<status status="PASS" endtime="20150915 02:43:07.261" starttime="20150915 02:42:50.216"></status>
</kw>
<kw type="kw" name="ContentStudio.Switch To Content Studio">
<doc></doc>
<arguments>
</arguments>
<msg timestamp="20150915 02:43:07.262" level="TRACE">Arguments: [  ]</msg>
<msg timestamp="20150915 02:43:10.751" level="INFO">[log] App.focus Escenic Content Studio (0) #0</msg>
<msg timestamp="20150915 02:43:10.752" level="TRACE">Return: None</msg>
<status status="PASS" endtime="20150915 02:43:10.752" starttime="20150915 02:43:07.262"></status>
</kw>
<kw type="kw" name="ContentStudio.Close Allopen Tabs">
<doc></doc>
<arguments>
</arguments>
<msg timestamp="20150915 02:43:10.753" level="TRACE">Arguments: [  ]</msg>
<msg timestamp="20150915 02:43:25.355" level="INFO">[log] App.focus Escenic Content Studio (0) #0
[log] Alt+TYPE " "
[log] TYPE "x"
[log] CLICK on (1182,55)
[log] CLICK on (1019,55)</msg>
<msg timestamp="20150915 02:43:25.356" level="TRACE">Return: None</msg>
<status status="PASS" endtime="20150915 02:43:25.356" starttime="20150915 02:43:10.753"></status>
</kw>
<kw type="kw" name="eceSikuli.Change Input Language">
<doc></doc>
<arguments>
</arguments>
<msg timestamp="20150915 02:43:25.358" level="TRACE">Arguments: [  ]</msg>
<msg timestamp="20150915 02:43:27.418" level="INFO">[log] Alt+TYPE ""</msg>
<msg timestamp="20150915 02:43:27.419" level="TRACE">Return: None</msg>
<status status="PASS" endtime="20150915 02:43:27.418" starttime="20150915 02:43:25.357"></status>
</kw>
<doc></doc>
<tags>
<tag>non-critical</tag>
</tags>
<status status="PASS" critical="no" endtime="20150915 02:43:27.419" starttime="20150915 02:38:49.632"></status>
</test>
<doc>Check if url redirection works properly</doc>
<metadata>
</metadata>
<status status="PASS" endtime="20150915 02:43:27.422" starttime="20150915 02:37:52.570"></status>
</suite>
<doc></doc>
<metadata>
</metadata>
<status status="PASS" endtime="20150915 02:43:27.463" starttime="20150915 01:03:04.741"></status>
</suite>
<statistics>
<total>
<stat pass="37" fail="0">Critical Tests</stat>
<stat pass="41" fail="1">All Tests</stat>
</total>
<tag>
<stat pass="4" info="non-critical" doc="" combined="" fail="1" links="">non-critical</stat>
</tag>
<suite>
<stat pass="41" id="s1" fail="1" name="ContentEngine">ContentEngine</stat>
<stat pass="1" id="s1-s1" fail="0" name="1.1.Login">ContentEngine.1.1.Login</stat>
<stat pass="2" id="s1-s2" fail="0" name="1.2.1.AddRemoveContent">ContentEngine.1.2.1.AddRemoveContent</stat>
<stat pass="1" id="s1-s3" fail="0" name="1.2.2.SelectUnselectInbox">ContentEngine.1.2.2.SelectUnselectInbox</stat>
<stat pass="1" id="s1-s4" fail="0" name="1.2.3.SelectUnselectList">ContentEngine.1.2.3.SelectUnselectList</stat>
<stat pass="1" id="s1-s5" fail="0" name="1.2.4.PreviewContent">ContentEngine.1.2.4.PreviewContent</stat>
<stat pass="1" id="s1-s6" fail="0" name="1.2.5.PreviewAllContent">ContentEngine.1.2.5.PreviewAllContent</stat>
<stat pass="2" id="s1-s7" fail="0" name="1.3.ResearchPanels">ContentEngine.1.3.ResearchPanels</stat>
<stat pass="6" id="s1-s8" fail="0" name="1.4.Clipboard">ContentEngine.1.4.Clipboard</stat>
<stat pass="1" id="s1-s9" fail="0" name="1.5.SearchContent">ContentEngine.1.5.SearchContent</stat>
<stat pass="2" id="s1-s10" fail="0" name="1.6.UpdateContent">ContentEngine.1.6.UpdateContent</stat>
<stat pass="2" id="s1-s11" fail="0" name="1.7.DeleteContent">ContentEngine.1.7.DeleteContent</stat>
<stat pass="4" id="s1-s12" fail="0" name="1.8.MoreClipboard">ContentEngine.1.8.MoreClipboard</stat>
<stat pass="1" id="s1-s13" fail="0" name="1.9.1.0.VF-5864-OpenSearch">ContentEngine.1.9.1.0.VF-5864-OpenSearch</stat>
<stat pass="1" id="s1-s14" fail="0" name="1.9.1.1.Locking">ContentEngine.1.9.1.1.Locking</stat>
<stat pass="1" id="s1-s15" fail="0" name="1.9.2.NewUser">ContentEngine.1.9.2.NewUser</stat>
<stat pass="2" id="s1-s16" fail="0" name="1.9.3.UTF-8">ContentEngine.1.9.3.UTF-8</stat>
<stat pass="1" id="s1-s17" fail="0" name="1.9.4.LanguageNO">ContentEngine.1.9.4.LanguageNO</stat>
<stat pass="1" id="s1-s18" fail="0" name="1.9.5.VF-5854">ContentEngine.1.9.5.VF-5854</stat>
<stat pass="1" id="s1-s19" fail="0" name="1.9.8.CreateTag">ContentEngine.1.9.8.CreateTag</stat>
<stat pass="4" id="s1-s20" fail="0" name="1.9.9.1.CreateSectionCS">ContentEngine.1.9.9.1.CreateSectionCS</stat>
<stat pass="1" id="s1-s21" fail="0" name="1.9.9.SectionPages">ContentEngine.1.9.9.SectionPages</stat>
<stat pass="0" id="s1-s22" fail="1" name="2.1.0.CreateArticle">ContentEngine.2.1.0.CreateArticle</stat>
<stat pass="2" id="s1-s23" fail="0" name="2.3.TeaserWidgetDSBySection">ContentEngine.2.3.TeaserWidgetDSBySection</stat>
<stat pass="2" id="s1-s24" fail="0" name="2.4.UrlRedirection">ContentEngine.2.4.UrlRedirection</stat>
</suite>
</statistics>
<errors>
</errors>
</robot>
