<?xml version="1.0" encoding="UTF-8"?>
<robot generator="Robot 2.8.1 (Jython 2.5.3 on java1.7.0_45)" generated="20131127 13:08:34.094">
<suite source="C:\Test-automation\ContentStudio\Tests\demo.txt" id="s1" name="Demo">
<test id="s1-t1" name="demo">
<kw type="kw" name="ContentStudio.Delete List">
<doc></doc>
<arguments>
<arg>NewArticles</arg>
<arg>NewsList</arg>
</arguments>
<msg timestamp="20131127 13:08:36.226" level="TRACE">Arguments: [ u'NewArticles' | u'NewsList' ]</msg>
<msg timestamp="20131127 13:09:04.954" level="INFO">Do nothing</msg>
<msg timestamp="20131127 13:09:04.959" level="TRACE">Return: None</msg>
<status status="PASS" endtime="20131127 13:09:04.956" starttime="20131127 13:08:36.221"></status>
</kw>
<kw type="kw" name="ContentStudio.Create New List">
<doc></doc>
<arguments>
<arg>NewArticles</arg>
<arg>NewsList</arg>
</arguments>
<msg timestamp="20131127 13:09:04.966" level="TRACE">Arguments: [ u'NewArticles' | u'NewsList' ]</msg>
<msg timestamp="20131127 13:09:50.018" level="INFO">Do nothing
Do nothing</msg>
<msg timestamp="20131127 13:09:50.021" level="TRACE">Return: None</msg>
<status status="PASS" endtime="20131127 13:09:50.020" starttime="20131127 13:09:04.963"></status>
</kw>
<kw type="kw" name="ContentStudio.Close Allopen Tabs">
<doc></doc>
<arguments>
</arguments>
<msg timestamp="20131127 13:09:50.025" level="TRACE">Arguments: [  ]</msg>
<msg timestamp="20131127 13:10:01.134" level="INFO">[log] App.focus Escenic Content Studio trunk-SNAPSHOT(0) #0
[log] Alt+TYPE " "
[log] TYPE "x"
[log] CLICK on (482,55)</msg>
<msg timestamp="20131127 13:10:01.139" level="TRACE">Return: None</msg>
<status status="PASS" endtime="20131127 13:10:01.138" starttime="20131127 13:09:50.024"></status>
</kw>
<kw type="kw" name="ContentStudioClipboard.Clean Up Clipboard">
<doc></doc>
<arguments>
</arguments>
<msg timestamp="20131127 13:10:01.143" level="TRACE">Arguments: [  ]</msg>
<msg timestamp="20131127 13:10:26.720" level="INFO">[log] App.focus Escenic Content Studio trunk-SNAPSHOT(0) #0
[log] App.focus Escenic Content Studio trunk-SNAPSHOT(0) #0
[log] CLICK on (14,122)
[log] CLICK on (41,97)
[log] TYPE ""
[log] CLICK on (41,97)
[log] TYPE ""
[log] CLICK on (41,97)</msg>
<msg timestamp="20131127 13:10:26.724" level="TRACE">Return: None</msg>
<status status="PASS" endtime="20131127 13:10:26.723" starttime="20131127 13:10:01.142"></status>
</kw>
<kw type="kw" name="ContentStudio.Create Content In Section">
<doc></doc>
<arguments>
<arg>NewArticles</arg>
</arguments>
<msg timestamp="20131127 13:10:26.729" level="TRACE">Arguments: [ u'NewArticles' ]</msg>
<msg timestamp="20131127 13:11:45.115" level="INFO">Do nothing
Content was successfully created</msg>
<msg timestamp="20131127 13:11:45.117" level="TRACE">Return: None</msg>
<status status="PASS" endtime="20131127 13:11:45.117" starttime="20131127 13:10:26.727"></status>
</kw>
<kw type="kw" name="ContentStudioClipboard.Drag Content">
<doc></doc>
<arguments>
<arg>clipboard_to_list</arg>
<arg>NewsList</arg>
</arguments>
<msg timestamp="20131127 13:11:45.121" level="TRACE">Arguments: [ u'clipboard_to_list' | u'NewsList' ]</msg>
<msg timestamp="20131127 13:12:13.074" level="INFO">Drag from clipboard to list was successful</msg>
<msg timestamp="20131127 13:12:13.077" level="TRACE">Return: None</msg>
<status status="PASS" endtime="20131127 13:12:13.076" starttime="20131127 13:11:45.120"></status>
</kw>
<doc></doc>
<tags>
</tags>
<status status="PASS" critical="yes" endtime="20131127 13:12:13.080" starttime="20131127 13:08:36.211"></status>
</test>
<test id="s1-t2" name="Drag a story/picture from the list to the Clipboard.">
<kw type="kw" name="ContentStudio.Close Allopen Tabs">
<doc></doc>
<arguments>
</arguments>
<msg timestamp="20131127 13:12:13.100" level="TRACE">Arguments: [  ]</msg>
<msg timestamp="20131127 13:12:31.030" level="INFO">[log] App.focus Escenic Content Studio trunk-SNAPSHOT(0) #0
[log] Alt+TYPE " "
[log] TYPE "x"
[log] CLICK on (645,55)
[log] CLICK on (482,55)</msg>
<msg timestamp="20131127 13:12:31.033" level="TRACE">Return: None</msg>
<status status="PASS" endtime="20131127 13:12:31.032" starttime="20131127 13:12:13.098"></status>
</kw>
<kw type="kw" name="ContentStudio.Create Content In Section">
<doc></doc>
<arguments>
<arg>NewArticles</arg>
</arguments>
<msg timestamp="20131127 13:12:31.037" level="TRACE">Arguments: [ u'NewArticles' ]</msg>
<msg timestamp="20131127 13:13:49.679" level="INFO">Do nothing
Content was successfully created</msg>
<msg timestamp="20131127 13:13:49.681" level="TRACE">Return: None</msg>
<status status="PASS" endtime="20131127 13:13:49.680" starttime="20131127 13:12:31.036"></status>
</kw>
<kw type="kw" name="ContentStudio.Add Content To List">
<doc></doc>
<arguments>
<arg>NewArticles</arg>
</arguments>
<msg timestamp="20131127 13:13:49.684" level="TRACE">Arguments: [ u'NewArticles' ]</msg>
<msg timestamp="20131127 13:14:26.620" level="INFO">Select The content's list was successful</msg>
<msg timestamp="20131127 13:14:26.622" level="TRACE">Return: None</msg>
<status status="PASS" endtime="20131127 13:14:26.621" starttime="20131127 13:13:49.683"></status>
</kw>
<kw type="kw" name="ContentStudioClipboard.Clean Up Clipboard">
<doc></doc>
<arguments>
</arguments>
<msg timestamp="20131127 13:14:26.626" level="TRACE">Arguments: [  ]</msg>
<msg timestamp="20131127 13:14:50.759" level="INFO">[log] App.focus Escenic Content Studio trunk-SNAPSHOT(0) #0
[log] App.focus Escenic Content Studio trunk-SNAPSHOT(0) #0
[log] CLICK on (14,122)
[log] CLICK on (41,97)
[log] TYPE ""
[log] CLICK on (41,97)
[log] TYPE ""
[log] CLICK on (41,97)</msg>
<msg timestamp="20131127 13:14:50.765" level="TRACE">Return: None</msg>
<status status="PASS" endtime="20131127 13:14:50.764" starttime="20131127 13:14:26.625"></status>
</kw>
<kw type="kw" name="ContentStudioClipboard.Drag Content">
<doc></doc>
<arguments>
<arg>list_to_clipboard</arg>
<arg>NewsList</arg>
</arguments>
<msg timestamp="20131127 13:14:50.771" level="TRACE">Arguments: [ u'list_to_clipboard' | u'NewsList' ]</msg>
<msg timestamp="20131127 13:15:28.408" level="INFO">Do Nothing
Drag from clipboard to list was successful</msg>
<msg timestamp="20131127 13:15:28.412" level="TRACE">Return: None</msg>
<status status="PASS" endtime="20131127 13:15:28.411" starttime="20131127 13:14:50.769"></status>
</kw>
<kw type="kw" name="ContentStudio.Delete List">
<doc></doc>
<arguments>
<arg>NewArticles</arg>
<arg>NewsList</arg>
</arguments>
<msg timestamp="20131127 13:15:28.417" level="TRACE">Arguments: [ u'NewArticles' | u'NewsList' ]</msg>
<msg timestamp="20131127 13:16:07.040" level="INFO">Do nothing</msg>
<msg timestamp="20131127 13:16:07.042" level="TRACE">Return: None</msg>
<status status="PASS" endtime="20131127 13:16:07.041" starttime="20131127 13:15:28.414"></status>
</kw>
<doc></doc>
<tags>
</tags>
<status status="PASS" critical="yes" endtime="20131127 13:16:07.045" starttime="20131127 13:12:13.085"></status>
</test>
<doc>A test case for Adding a content to different/multiple sections</doc>
<metadata>
</metadata>
<status status="PASS" endtime="20131127 13:16:07.060" starttime="20131127 13:08:34.104"></status>
</suite>
<statistics>
<total>
<stat pass="2" fail="0">Critical Tests</stat>
<stat pass="2" fail="0">All Tests</stat>
</total>
<tag>
</tag>
<suite>
<stat pass="2" id="s1" fail="0" name="Demo">Demo</stat>
</suite>
</statistics>
<errors>
</errors>
</robot>
